This file contains any messages produced by compilers while
running configure, to aid debugging if configure makes a mistake.

It was created by can-utils configure trunk, which was
generated by GNU Autoconf 2.71.  Invocation command line was

  $ ./configure --target=arm-buildroot-linux-gnueabi --host=arm-buildroot-linux-gnueabi --build=x86_64-pc-linux-gnu --prefix=/usr --exec-prefix=/usr --sysconfdir=/etc --localstatedir=/var --program-prefix= --disable-gtk-doc --disable-gtk-doc-html --disable-doc --disable-docs --disable-documentation --with-xmlto=no --with-fop=no --disable-dependency-tracking --enable-ipv6 --disable-nls --disable-static --enable-shared

## --------- ##
## Platform. ##
## --------- ##

hostname = LIB-CO-HQKXZZ2
uname -m = x86_64
uname -r = 5.10.102.1-microsoft-standard-WSL2
uname -s = Linux
uname -v = #1 SMP Wed Mar 2 00:30:59 UTC 2022

/usr/bin/uname -p = x86_64
/bin/uname -X     = unknown

/bin/arch              = x86_64
/usr/bin/arch -k       = unknown
/usr/convex/getsysinfo = unknown
/usr/bin/hostinfo      = unknown
/bin/machine           = unknown
/usr/bin/oslevel       = unknown
/bin/universe          = unknown

PATH: /home/ajender/QemuV1/Docker/buildroot-2023.02.4/output/host/bin/
PATH: /home/ajender/QemuV1/Docker/buildroot-2023.02.4/output/host/sbin/
PATH: /home/ajender/.vscode-server/bin/6c3e3dba23e8fadc360aed75ce363ba185c49794/bin/remote-cli/
PATH: /usr/local/sbin/
PATH: /usr/local/bin/
PATH: /usr/sbin/
PATH: /usr/bin/
PATH: /sbin/
PATH: /bin/
PATH: /usr/games/
PATH: /usr/local/games/
PATH: /usr/lib/wsl/lib/


## ----------- ##
## Core tests. ##
## ----------- ##

configure:2574: looking for aux files: missing install-sh ltmain.sh compile config.guess config.sub
configure:2587:  trying ./config/autoconf/
configure:2616:   ./config/autoconf/missing found
configure:2598:   ./config/autoconf/install-sh found
configure:2616:   ./config/autoconf/ltmain.sh found
configure:2616:   ./config/autoconf/compile found
configure:2616:   ./config/autoconf/config.guess found
configure:2616:   ./config/autoconf/config.sub found
configure:2737: checking build system type
configure:2752: result: x86_64-pc-linux-gnu
configure:2772: checking host system type
configure:2786: result: arm-buildroot-linux-gnueabi
configure:2831: checking for arm-buildroot-linux-gnueabi-gcc
configure:2863: result: /home/ajender/QemuV1/Docker/buildroot-2023.02.4/output/host/bin/arm-buildroot-linux-gnueabi-gcc
configure:3261: checking for C compiler version
configure:3270: /home/ajender/QemuV1/Docker/buildroot-2023.02.4/output/host/bin/arm-buildroot-linux-gnueabi-gcc --version >&5
arm-buildroot-linux-gnueabi-gcc.br_real (Buildroot -ga6cd16e-dirty) 11.4.0
Copyright (C) 2021 Free Software Foundation, Inc.
This is free software; see the source for copying conditions.  There is NO
warranty; not even for MERCHANTABILITY or FITNESS FOR A PARTICULAR PURPOSE.

configure:3281: $? = 0
configure:3270: /home/ajender/QemuV1/Docker/buildroot-2023.02.4/output/host/bin/arm-buildroot-linux-gnueabi-gcc -v >&5
Using built-in specs.
COLLECT_GCC=/home/ajender/QemuV1/Docker/buildroot-2023.02.4/output/host/bin/arm-buildroot-linux-gnueabi-gcc.br_real
COLLECT_LTO_WRAPPER=/home/ajender/QemuV1/Docker/buildroot-2023.02.4/output/host/libexec/gcc/arm-buildroot-linux-gnueabi/11.4.0/lto-wrapper
Target: arm-buildroot-linux-gnueabi
Configured with: ./configure --prefix=/home/ajender/QemuV1/Docker/buildroot-2023.02.4/output/host --sysconfdir=/home/ajender/QemuV1/Docker/buildroot-2023.02.4/output/host/etc --enable-static --target=arm-buildroot-linux-gnueabi --with-sysroot=/home/ajender/QemuV1/Docker/buildroot-2023.02.4/output/host/arm-buildroot-linux-gnueabi/sysroot --enable-__cxa_atexit --with-gnu-ld --disable-libssp --disable-multilib --disable-decimal-float --enable-plugins --enable-lto --with-gmp=/home/ajender/QemuV1/Docker/buildroot-2023.02.4/output/host --with-mpc=/home/ajender/QemuV1/Docker/buildroot-2023.02.4/output/host --with-mpfr=/home/ajender/QemuV1/Docker/buildroot-2023.02.4/output/host --with-pkgversion='Buildroot -ga6cd16e-dirty' --with-bugurl=http://bugs.buildroot.net/ --without-zstd --disable-libquadmath --disable-libquadmath-support --enable-tls --enable-threads --without-isl --without-cloog --with-float=soft --with-abi=aapcs-linux --with-cpu=arm926ej-s --with-float=soft --with-mode=arm --enable-languages=c --with-build-time-tools=/home/ajender/QemuV1/Docker/buildroot-2023.02.4/output/host/arm-buildroot-linux-gnueabi/bin --enable-shared --disable-libgomp
Thread model: posix
Supported LTO compression algorithms: zlib
gcc version 11.4.0 (Buildroot -ga6cd16e-dirty) 
COMPILER_PATH=/home/ajender/QemuV1/Docker/buildroot-2023.02.4/output/host/libexec/gcc/arm-buildroot-linux-gnueabi/11.4.0/:/home/ajender/QemuV1/Docker/buildroot-2023.02.4/output/host/libexec/gcc/arm-buildroot-linux-gnueabi/11.4.0/:/home/ajender/QemuV1/Docker/buildroot-2023.02.4/output/host/libexec/gcc/arm-buildroot-linux-gnueabi/:/home/ajender/QemuV1/Docker/buildroot-2023.02.4/output/host/lib/gcc/arm-buildroot-linux-gnueabi/11.4.0/:/home/ajender/QemuV1/Docker/buildroot-2023.02.4/output/host/lib/gcc/arm-buildroot-linux-gnueabi/:/home/ajender/QemuV1/Docker/buildroot-2023.02.4/output/host/lib/gcc/arm-buildroot-linux-gnueabi/11.4.0/../../../../arm-buildroot-linux-gnueabi/bin/
LIBRARY_PATH=/home/ajender/QemuV1/Docker/buildroot-2023.02.4/output/host/lib/gcc/arm-buildroot-linux-gnueabi/11.4.0/:/home/ajender/QemuV1/Docker/buildroot-2023.02.4/output/host/lib/gcc/arm-buildroot-linux-gnueabi/11.4.0/../../../../arm-buildroot-linux-gnueabi/lib/:/home/ajender/QemuV1/Docker/buildroot-2023.02.4/output/host/arm-buildroot-linux-gnueabi/sysroot/lib/:/home/ajender/QemuV1/Docker/buildroot-2023.02.4/output/host/arm-buildroot-linux-gnueabi/sysroot/usr/lib/
... rest of stderr output deleted ...
configure:3281: $? = 1
configure:3270: /home/ajender/QemuV1/Docker/buildroot-2023.02.4/output/host/bin/arm-buildroot-linux-gnueabi-gcc -V >&5
arm-buildroot-linux-gnueabi-gcc.br_real: error: unrecognized command-line option '-V'
configure:3281: $? = 1
configure:3270: /home/ajender/QemuV1/Docker/buildroot-2023.02.4/output/host/bin/arm-buildroot-linux-gnueabi-gcc -qversion >&5
arm-buildroot-linux-gnueabi-gcc.br_real: error: unrecognized command-line option '-qversion'; did you mean '--version'?
configure:3281: $? = 1
configure:3270: /home/ajender/QemuV1/Docker/buildroot-2023.02.4/output/host/bin/arm-buildroot-linux-gnueabi-gcc -version >&5
arm-buildroot-linux-gnueabi-gcc.br_real: error: unrecognized command-line option '-version'
configure:3281: $? = 1
configure:3301: checking whether the C compiler works
configure:3323: /home/ajender/QemuV1/Docker/buildroot-2023.02.4/output/host/bin/arm-buildroot-linux-gnueabi-gcc -D_LARGEFILE_SOURCE -D_LARGEFILE64_SOURCE -D_FILE_OFFSET_BITS=64  -Os -g0 -D_FORTIFY_SOURCE=1 -Wall -D_LARGEFILE_SOURCE -D_LARGEFILE64_SOURCE -D_FILE_OFFSET_BITS=64  conftest.c  >&5
configure:3327: $? = 0
configure:3377: result: yes
configure:3380: checking for C compiler default output file name
configure:3382: result: a.out
configure:3388: checking for suffix of executables
configure:3395: /home/ajender/QemuV1/Docker/buildroot-2023.02.4/output/host/bin/arm-buildroot-linux-gnueabi-gcc -o conftest -D_LARGEFILE_SOURCE -D_LARGEFILE64_SOURCE -D_FILE_OFFSET_BITS=64  -Os -g0 -D_FORTIFY_SOURCE=1 -Wall -D_LARGEFILE_SOURCE -D_LARGEFILE64_SOURCE -D_FILE_OFFSET_BITS=64  conftest.c  >&5
configure:3399: $? = 0
configure:3422: result: 
configure:3444: checking whether we are cross compiling
configure:3482: result: yes
configure:3487: checking for suffix of object files
configure:3510: /home/ajender/QemuV1/Docker/buildroot-2023.02.4/output/host/bin/arm-buildroot-linux-gnueabi-gcc -c -D_LARGEFILE_SOURCE -D_LARGEFILE64_SOURCE -D_FILE_OFFSET_BITS=64  -Os -g0 -D_FORTIFY_SOURCE=1 -Wall -D_LARGEFILE_SOURCE -D_LARGEFILE64_SOURCE -D_FILE_OFFSET_BITS=64 conftest.c >&5
configure:3514: $? = 0
configure:3536: result: o
configure:3540: checking whether the compiler supports GNU C
configure:3560: /home/ajender/QemuV1/Docker/buildroot-2023.02.4/output/host/bin/arm-buildroot-linux-gnueabi-gcc -c -D_LARGEFILE_SOURCE -D_LARGEFILE64_SOURCE -D_FILE_OFFSET_BITS=64  -Os -g0 -D_FORTIFY_SOURCE=1 -Wall -D_LARGEFILE_SOURCE -D_LARGEFILE64_SOURCE -D_FILE_OFFSET_BITS=64 conftest.c >&5
configure:3560: $? = 0
configure:3570: result: yes
configure:3581: checking whether /home/ajender/QemuV1/Docker/buildroot-2023.02.4/output/host/bin/arm-buildroot-linux-gnueabi-gcc accepts -g
configure:3602: /home/ajender/QemuV1/Docker/buildroot-2023.02.4/output/host/bin/arm-buildroot-linux-gnueabi-gcc -c -g -D_LARGEFILE_SOURCE -D_LARGEFILE64_SOURCE -D_FILE_OFFSET_BITS=64 conftest.c >&5
configure:3602: $? = 0
configure:3646: result: yes
configure:3666: checking for /home/ajender/QemuV1/Docker/buildroot-2023.02.4/output/host/bin/arm-buildroot-linux-gnueabi-gcc option to enable C11 features
configure:3681: /home/ajender/QemuV1/Docker/buildroot-2023.02.4/output/host/bin/arm-buildroot-linux-gnueabi-gcc  -c -D_LARGEFILE_SOURCE -D_LARGEFILE64_SOURCE -D_FILE_OFFSET_BITS=64  -Os -g0 -D_FORTIFY_SOURCE=1 -Wall -D_LARGEFILE_SOURCE -D_LARGEFILE64_SOURCE -D_FILE_OFFSET_BITS=64 conftest.c >&5
configure:3681: $? = 0
configure:3699: result: none needed
configure:3819: checking whether /home/ajender/QemuV1/Docker/buildroot-2023.02.4/output/host/bin/arm-buildroot-linux-gnueabi-gcc understands -c and -o together
configure:3842: /home/ajender/QemuV1/Docker/buildroot-2023.02.4/output/host/bin/arm-buildroot-linux-gnueabi-gcc -c conftest.c -o conftest2.o
configure:3845: $? = 0
configure:3842: /home/ajender/QemuV1/Docker/buildroot-2023.02.4/output/host/bin/arm-buildroot-linux-gnueabi-gcc -c conftest.c -o conftest2.o
configure:3845: $? = 0
configure:3857: result: yes
configure:3921: checking how to print strings
configure:3948: result: printf
configure:3969: checking for a sed that does not truncate output
configure:4039: result: /usr/bin/sed
configure:4057: checking for grep that handles long lines and -e
configure:4121: result: /usr/bin/grep
configure:4126: checking for egrep
configure:4194: result: /usr/bin/grep -E
configure:4199: checking for fgrep
configure:4267: result: /usr/bin/grep -F
configure:4303: checking for ld used by /home/ajender/QemuV1/Docker/buildroot-2023.02.4/output/host/bin/arm-buildroot-linux-gnueabi-gcc
configure:4371: result: /home/ajender/QemuV1/Docker/buildroot-2023.02.4/output/host/bin/arm-buildroot-linux-gnueabi-ld
configure:4378: checking if the linker (/home/ajender/QemuV1/Docker/buildroot-2023.02.4/output/host/bin/arm-buildroot-linux-gnueabi-ld) is GNU ld
configure:4394: result: yes
configure:4406: checking for BSD- or MS-compatible name lister (nm)
configure:4461: result: /home/ajender/QemuV1/Docker/buildroot-2023.02.4/output/host/bin/arm-buildroot-linux-gnueabi-gcc-nm
configure:4601: checking the name lister (/home/ajender/QemuV1/Docker/buildroot-2023.02.4/output/host/bin/arm-buildroot-linux-gnueabi-gcc-nm) interface
configure:4609: /home/ajender/QemuV1/Docker/buildroot-2023.02.4/output/host/bin/arm-buildroot-linux-gnueabi-gcc -c -D_LARGEFILE_SOURCE -D_LARGEFILE64_SOURCE -D_FILE_OFFSET_BITS=64  -Os -g0 -D_FORTIFY_SOURCE=1 -Wall -D_LARGEFILE_SOURCE -D_LARGEFILE64_SOURCE -D_FILE_OFFSET_BITS=64 conftest.c >&5
configure:4612: /home/ajender/QemuV1/Docker/buildroot-2023.02.4/output/host/bin/arm-buildroot-linux-gnueabi-gcc-nm "conftest.o"
configure:4615: output
00000000 B some_variable
configure:4622: result: BSD nm
configure:4625: checking whether ln -s works
configure:4629: result: yes
configure:4637: checking the maximum length of command line arguments
configure:4769: result: 1572864
configure:4817: checking how to convert x86_64-pc-linux-gnu file names to arm-buildroot-linux-gnueabi format
configure:4858: result: func_convert_file_noop
configure:4865: checking how to convert x86_64-pc-linux-gnu file names to toolchain format
configure:4886: result: func_convert_file_noop
configure:4893: checking for /home/ajender/QemuV1/Docker/buildroot-2023.02.4/output/host/bin/arm-buildroot-linux-gnueabi-ld option to reload object files
configure:4901: result: -r
configure:4935: checking for arm-buildroot-linux-gnueabi-objdump
configure:4967: result: /home/ajender/QemuV1/Docker/buildroot-2023.02.4/output/host/bin/arm-buildroot-linux-gnueabi-objdump
configure:5041: checking how to recognize dependent libraries
configure:5242: result: pass_all
configure:5287: checking for arm-buildroot-linux-gnueabi-dlltool
configure:5322: result: no
configure:5332: checking for dlltool
configure:5367: result: no
configure:5394: checking how to associate runtime and link libraries
configure:5422: result: printf %s\n
configure:5439: checking for arm-buildroot-linux-gnueabi-ar
configure:5471: result: /home/ajender/QemuV1/Docker/buildroot-2023.02.4/output/host/bin/arm-buildroot-linux-gnueabi-gcc-ar
configure:5557: checking for archiver @FILE support
configure:5575: /home/ajender/QemuV1/Docker/buildroot-2023.02.4/output/host/bin/arm-buildroot-linux-gnueabi-gcc -c -D_LARGEFILE_SOURCE -D_LARGEFILE64_SOURCE -D_FILE_OFFSET_BITS=64  -Os -g0 -D_FORTIFY_SOURCE=1 -Wall -D_LARGEFILE_SOURCE -D_LARGEFILE64_SOURCE -D_FILE_OFFSET_BITS=64 conftest.c >&5
configure:5575: $? = 0
configure:5579: /home/ajender/QemuV1/Docker/buildroot-2023.02.4/output/host/bin/arm-buildroot-linux-gnueabi-gcc-ar cru libconftest.a @conftest.lst >&5
configure:5582: $? = 0
configure:5587: /home/ajender/QemuV1/Docker/buildroot-2023.02.4/output/host/bin/arm-buildroot-linux-gnueabi-gcc-ar cru libconftest.a @conftest.lst >&5
/home/ajender/QemuV1/Docker/buildroot-2023.02.4/output/host/lib/gcc/arm-buildroot-linux-gnueabi/11.4.0/../../../../arm-buildroot-linux-gnueabi/bin/ar: conftest.o: No such file or directory
configure:5590: $? = 1
configure:5602: result: @
configure:5620: checking for arm-buildroot-linux-gnueabi-strip
configure:5652: result: /home/ajender/QemuV1/Docker/buildroot-2023.02.4/output/host/bin/arm-buildroot-linux-gnueabi-strip
configure:5729: checking for arm-buildroot-linux-gnueabi-ranlib
configure:5761: result: /home/ajender/QemuV1/Docker/buildroot-2023.02.4/output/host/bin/arm-buildroot-linux-gnueabi-gcc-ranlib
configure:5883: checking for gawk
configure:5904: found /home/ajender/QemuV1/Docker/buildroot-2023.02.4/output/host/bin/gawk
configure:5915: result: gawk
configure:5955: checking command to parse /home/ajender/QemuV1/Docker/buildroot-2023.02.4/output/host/bin/arm-buildroot-linux-gnueabi-gcc-nm output from /home/ajender/QemuV1/Docker/buildroot-2023.02.4/output/host/bin/arm-buildroot-linux-gnueabi-gcc object
configure:6109: /home/ajender/QemuV1/Docker/buildroot-2023.02.4/output/host/bin/arm-buildroot-linux-gnueabi-gcc -c -D_LARGEFILE_SOURCE -D_LARGEFILE64_SOURCE -D_FILE_OFFSET_BITS=64  -Os -g0 -D_FORTIFY_SOURCE=1 -Wall -D_LARGEFILE_SOURCE -D_LARGEFILE64_SOURCE -D_FILE_OFFSET_BITS=64 conftest.c >&5
configure:6112: $? = 0
configure:6116: /home/ajender/QemuV1/Docker/buildroot-2023.02.4/output/host/bin/arm-buildroot-linux-gnueabi-gcc-nm conftest.o \| sed -n -e 's/^.*[ ]\([ABCDGIRSTW][ABCDGIRSTW]*\)[ ][ ]*\([_A-Za-z][_A-Za-z0-9]*\)$/\1 \2 \2/p' | sed '/ __gnu_lto/d' \> conftest.nm
configure:6119: $? = 0
configure:6185: /home/ajender/QemuV1/Docker/buildroot-2023.02.4/output/host/bin/arm-buildroot-linux-gnueabi-gcc -o conftest -D_LARGEFILE_SOURCE -D_LARGEFILE64_SOURCE -D_FILE_OFFSET_BITS=64  -Os -g0 -D_FORTIFY_SOURCE=1 -Wall -D_LARGEFILE_SOURCE -D_LARGEFILE64_SOURCE -D_FILE_OFFSET_BITS=64  conftest.c conftstm.o >&5
configure:6188: $? = 0
configure:6226: result: ok
configure:6273: checking for sysroot
configure:6304: result: no
configure:6311: checking for a working dd
configure:6355: result: /usr/bin/dd
configure:6359: checking how to truncate binary pipes
configure:6375: result: /usr/bin/dd bs=4096 count=1
configure:6667: checking for arm-buildroot-linux-gnueabi-mt
configure:6702: result: no
configure:6712: checking for mt
configure:6733: found /usr/bin/mt
configure:6744: result: mt
configure:6756: WARNING: using cross tools not prefixed with host triplet
configure:6767: checking if mt is a manifest tool
configure:6774: mt '-?'
configure:6782: result: no
configure:7512: checking for stdio.h
configure:7512: /home/ajender/QemuV1/Docker/buildroot-2023.02.4/output/host/bin/arm-buildroot-linux-gnueabi-gcc -c -D_LARGEFILE_SOURCE -D_LARGEFILE64_SOURCE -D_FILE_OFFSET_BITS=64  -Os -g0 -D_FORTIFY_SOURCE=1 -Wall -D_LARGEFILE_SOURCE -D_LARGEFILE64_SOURCE -D_FILE_OFFSET_BITS=64 conftest.c >&5
configure:7512: $? = 0
configure:7512: result: yes
configure:7512: checking for stdlib.h
configure:7512: /home/ajender/QemuV1/Docker/buildroot-2023.02.4/output/host/bin/arm-buildroot-linux-gnueabi-gcc -c -D_LARGEFILE_SOURCE -D_LARGEFILE64_SOURCE -D_FILE_OFFSET_BITS=64  -Os -g0 -D_FORTIFY_SOURCE=1 -Wall -D_LARGEFILE_SOURCE -D_LARGEFILE64_SOURCE -D_FILE_OFFSET_BITS=64 conftest.c >&5
configure:7512: $? = 0
configure:7512: result: yes
configure:7512: checking for string.h
configure:7512: /home/ajender/QemuV1/Docker/buildroot-2023.02.4/output/host/bin/arm-buildroot-linux-gnueabi-gcc -c -D_LARGEFILE_SOURCE -D_LARGEFILE64_SOURCE -D_FILE_OFFSET_BITS=64  -Os -g0 -D_FORTIFY_SOURCE=1 -Wall -D_LARGEFILE_SOURCE -D_LARGEFILE64_SOURCE -D_FILE_OFFSET_BITS=64 conftest.c >&5
configure:7512: $? = 0
configure:7512: result: yes
configure:7512: checking for inttypes.h
configure:7512: /home/ajender/QemuV1/Docker/buildroot-2023.02.4/output/host/bin/arm-buildroot-linux-gnueabi-gcc -c -D_LARGEFILE_SOURCE -D_LARGEFILE64_SOURCE -D_FILE_OFFSET_BITS=64  -Os -g0 -D_FORTIFY_SOURCE=1 -Wall -D_LARGEFILE_SOURCE -D_LARGEFILE64_SOURCE -D_FILE_OFFSET_BITS=64 conftest.c >&5
configure:7512: $? = 0
configure:7512: result: yes
configure:7512: checking for stdint.h
configure:7512: /home/ajender/QemuV1/Docker/buildroot-2023.02.4/output/host/bin/arm-buildroot-linux-gnueabi-gcc -c -D_LARGEFILE_SOURCE -D_LARGEFILE64_SOURCE -D_FILE_OFFSET_BITS=64  -Os -g0 -D_FORTIFY_SOURCE=1 -Wall -D_LARGEFILE_SOURCE -D_LARGEFILE64_SOURCE -D_FILE_OFFSET_BITS=64 conftest.c >&5
configure:7512: $? = 0
configure:7512: result: yes
configure:7512: checking for strings.h
configure:7512: /home/ajender/QemuV1/Docker/buildroot-2023.02.4/output/host/bin/arm-buildroot-linux-gnueabi-gcc -c -D_LARGEFILE_SOURCE -D_LARGEFILE64_SOURCE -D_FILE_OFFSET_BITS=64  -Os -g0 -D_FORTIFY_SOURCE=1 -Wall -D_LARGEFILE_SOURCE -D_LARGEFILE64_SOURCE -D_FILE_OFFSET_BITS=64 conftest.c >&5
configure:7512: $? = 0
configure:7512: result: yes
configure:7512: checking for sys/stat.h
configure:7512: /home/ajender/QemuV1/Docker/buildroot-2023.02.4/output/host/bin/arm-buildroot-linux-gnueabi-gcc -c -D_LARGEFILE_SOURCE -D_LARGEFILE64_SOURCE -D_FILE_OFFSET_BITS=64  -Os -g0 -D_FORTIFY_SOURCE=1 -Wall -D_LARGEFILE_SOURCE -D_LARGEFILE64_SOURCE -D_FILE_OFFSET_BITS=64 conftest.c >&5
configure:7512: $? = 0
configure:7512: result: yes
configure:7512: checking for sys/types.h
configure:7512: /home/ajender/QemuV1/Docker/buildroot-2023.02.4/output/host/bin/arm-buildroot-linux-gnueabi-gcc -c -D_LARGEFILE_SOURCE -D_LARGEFILE64_SOURCE -D_FILE_OFFSET_BITS=64  -Os -g0 -D_FORTIFY_SOURCE=1 -Wall -D_LARGEFILE_SOURCE -D_LARGEFILE64_SOURCE -D_FILE_OFFSET_BITS=64 conftest.c >&5
configure:7512: $? = 0
configure:7512: result: yes
configure:7512: checking for unistd.h
configure:7512: /home/ajender/QemuV1/Docker/buildroot-2023.02.4/output/host/bin/arm-buildroot-linux-gnueabi-gcc -c -D_LARGEFILE_SOURCE -D_LARGEFILE64_SOURCE -D_FILE_OFFSET_BITS=64  -Os -g0 -D_FORTIFY_SOURCE=1 -Wall -D_LARGEFILE_SOURCE -D_LARGEFILE64_SOURCE -D_FILE_OFFSET_BITS=64 conftest.c >&5
configure:7512: $? = 0
configure:7512: result: yes
configure:7512: checking for vfork.h
configure:7512: /home/ajender/QemuV1/Docker/buildroot-2023.02.4/output/host/bin/arm-buildroot-linux-gnueabi-gcc -c -D_LARGEFILE_SOURCE -D_LARGEFILE64_SOURCE -D_FILE_OFFSET_BITS=64  -Os -g0 -D_FORTIFY_SOURCE=1 -Wall -D_LARGEFILE_SOURCE -D_LARGEFILE64_SOURCE -D_FILE_OFFSET_BITS=64 conftest.c >&5
conftest.c:46:10: fatal error: vfork.h: No such file or directory
   46 | #include <vfork.h>
      |          ^~~~~~~~~
compilation terminated.
configure:7512: $? = 1
configure: failed program was:
| /* confdefs.h */
| #define PACKAGE_NAME "can-utils"
| #define PACKAGE_TARNAME "can-utils"
| #define PACKAGE_VERSION "trunk"
| #define PACKAGE_STRING "can-utils trunk"
| #define PACKAGE_BUGREPORT "linux-can@vger.kernel.org"
| #define PACKAGE_URL ""
| #define HAVE_STDIO_H 1
| #define HAVE_STDLIB_H 1
| #define HAVE_STRING_H 1
| #define HAVE_INTTYPES_H 1
| #define HAVE_STDINT_H 1
| #define HAVE_STRINGS_H 1
| #define HAVE_SYS_STAT_H 1
| #define HAVE_SYS_TYPES_H 1
| #define HAVE_UNISTD_H 1
| /* end confdefs.h.  */
| #include <stddef.h>
| #ifdef HAVE_STDIO_H
| # include <stdio.h>
| #endif
| #ifdef HAVE_STDLIB_H
| # include <stdlib.h>
| #endif
| #ifdef HAVE_STRING_H
| # include <string.h>
| #endif
| #ifdef HAVE_INTTYPES_H
| # include <inttypes.h>
| #endif
| #ifdef HAVE_STDINT_H
| # include <stdint.h>
| #endif
| #ifdef HAVE_STRINGS_H
| # include <strings.h>
| #endif
| #ifdef HAVE_SYS_TYPES_H
| # include <sys/types.h>
| #endif
| #ifdef HAVE_SYS_STAT_H
| # include <sys/stat.h>
| #endif
| #ifdef HAVE_UNISTD_H
| # include <unistd.h>
| #endif
| #include <vfork.h>
configure:7512: result: no
configure:7512: checking for sys/time.h
configure:7512: /home/ajender/QemuV1/Docker/buildroot-2023.02.4/output/host/bin/arm-buildroot-linux-gnueabi-gcc -c -D_LARGEFILE_SOURCE -D_LARGEFILE64_SOURCE -D_FILE_OFFSET_BITS=64  -Os -g0 -D_FORTIFY_SOURCE=1 -Wall -D_LARGEFILE_SOURCE -D_LARGEFILE64_SOURCE -D_FILE_OFFSET_BITS=64 conftest.c >&5
configure:7512: $? = 0
configure:7512: result: yes
configure:7537: checking for dlfcn.h
configure:7537: /home/ajender/QemuV1/Docker/buildroot-2023.02.4/output/host/bin/arm-buildroot-linux-gnueabi-gcc -c -D_LARGEFILE_SOURCE -D_LARGEFILE64_SOURCE -D_FILE_OFFSET_BITS=64  -Os -g0 -D_FORTIFY_SOURCE=1 -Wall -D_LARGEFILE_SOURCE -D_LARGEFILE64_SOURCE -D_FILE_OFFSET_BITS=64 conftest.c >&5
configure:7537: $? = 0
configure:7537: result: yes
configure:8124: checking for objdir
configure:8140: result: .libs
configure:8404: checking if /home/ajender/QemuV1/Docker/buildroot-2023.02.4/output/host/bin/arm-buildroot-linux-gnueabi-gcc supports -fno-rtti -fno-exceptions
configure:8423: /home/ajender/QemuV1/Docker/buildroot-2023.02.4/output/host/bin/arm-buildroot-linux-gnueabi-gcc -c -D_LARGEFILE_SOURCE -D_LARGEFILE64_SOURCE -D_FILE_OFFSET_BITS=64  -Os -g0 -D_FORTIFY_SOURCE=1 -Wall -D_LARGEFILE_SOURCE -D_LARGEFILE64_SOURCE -D_FILE_OFFSET_BITS=64 -fno-rtti -fno-exceptions conftest.c >&5
cc1: warning: command-line option '-fno-rtti' is valid for C++/D/ObjC++ but not for C
configure:8427: $? = 0
configure:8440: result: no
configure:8798: checking for /home/ajender/QemuV1/Docker/buildroot-2023.02.4/output/host/bin/arm-buildroot-linux-gnueabi-gcc option to produce PIC
configure:8806: result: -fPIC -DPIC
configure:8814: checking if /home/ajender/QemuV1/Docker/buildroot-2023.02.4/output/host/bin/arm-buildroot-linux-gnueabi-gcc PIC flag -fPIC -DPIC works
configure:8833: /home/ajender/QemuV1/Docker/buildroot-2023.02.4/output/host/bin/arm-buildroot-linux-gnueabi-gcc -c -D_LARGEFILE_SOURCE -D_LARGEFILE64_SOURCE -D_FILE_OFFSET_BITS=64  -Os -g0 -D_FORTIFY_SOURCE=1 -Wall -D_LARGEFILE_SOURCE -D_LARGEFILE64_SOURCE -D_FILE_OFFSET_BITS=64 -fPIC -DPIC -DPIC conftest.c >&5
configure:8837: $? = 0
configure:8850: result: yes
configure:8879: checking if /home/ajender/QemuV1/Docker/buildroot-2023.02.4/output/host/bin/arm-buildroot-linux-gnueabi-gcc static flag -static works
configure:8908: result: yes
configure:8923: checking if /home/ajender/QemuV1/Docker/buildroot-2023.02.4/output/host/bin/arm-buildroot-linux-gnueabi-gcc supports -c -o file.o
configure:8945: /home/ajender/QemuV1/Docker/buildroot-2023.02.4/output/host/bin/arm-buildroot-linux-gnueabi-gcc -c -D_LARGEFILE_SOURCE -D_LARGEFILE64_SOURCE -D_FILE_OFFSET_BITS=64  -Os -g0 -D_FORTIFY_SOURCE=1 -Wall -D_LARGEFILE_SOURCE -D_LARGEFILE64_SOURCE -D_FILE_OFFSET_BITS=64 -o out/conftest2.o conftest.c >&5
configure:8949: $? = 0
configure:8971: result: yes
configure:8979: checking if /home/ajender/QemuV1/Docker/buildroot-2023.02.4/output/host/bin/arm-buildroot-linux-gnueabi-gcc supports -c -o file.o
configure:9027: result: yes
configure:9060: checking whether the /home/ajender/QemuV1/Docker/buildroot-2023.02.4/output/host/bin/arm-buildroot-linux-gnueabi-gcc linker (/home/ajender/QemuV1/Docker/buildroot-2023.02.4/output/host/bin/arm-buildroot-linux-gnueabi-ld) supports shared libraries
configure:10326: result: yes
configure:10363: checking whether -lc should be explicitly linked in
configure:10372: /home/ajender/QemuV1/Docker/buildroot-2023.02.4/output/host/bin/arm-buildroot-linux-gnueabi-gcc -c -D_LARGEFILE_SOURCE -D_LARGEFILE64_SOURCE -D_FILE_OFFSET_BITS=64  -Os -g0 -D_FORTIFY_SOURCE=1 -Wall -D_LARGEFILE_SOURCE -D_LARGEFILE64_SOURCE -D_FILE_OFFSET_BITS=64 conftest.c >&5
configure:10375: $? = 0
configure:10390: /home/ajender/QemuV1/Docker/buildroot-2023.02.4/output/host/bin/arm-buildroot-linux-gnueabi-gcc -shared  -fPIC -DPIC conftest.o  -v -Wl,-soname -Wl,conftest -o conftest 2\>\&1 \| /usr/bin/grep  -lc  \>/dev/null 2\>\&1
configure:10393: $? = 0
configure:10407: result: no
configure:10567: checking dynamic linker characteristics
configure:11149: /home/ajender/QemuV1/Docker/buildroot-2023.02.4/output/host/bin/arm-buildroot-linux-gnueabi-gcc -o conftest -D_LARGEFILE_SOURCE -D_LARGEFILE64_SOURCE -D_FILE_OFFSET_BITS=64  -Os -g0 -D_FORTIFY_SOURCE=1 -Wall -D_LARGEFILE_SOURCE -D_LARGEFILE64_SOURCE -D_FILE_OFFSET_BITS=64  -Wl,-rpath -Wl,/foo conftest.c  >&5
configure:11149: $? = 0
configure:11388: result: GNU/Linux ld.so
configure:11510: checking how to hardcode library paths into programs
configure:11535: result: immediate
configure:12087: checking whether stripping libraries is possible
configure:12092: result: yes
configure:12127: checking if libtool supports shared libraries
configure:12129: result: yes
configure:12132: checking whether to build shared libraries
configure:12157: result: yes
configure:12160: checking whether to build static libraries
configure:12164: result: no
configure:12219: checking for a BSD-compatible install
configure:12292: result: /usr/bin/install -c
configure:12303: checking whether build environment is sane
configure:12358: result: yes
configure:12410: checking for arm-buildroot-linux-gnueabi-strip
configure:12442: result: /home/ajender/QemuV1/Docker/buildroot-2023.02.4/output/host/bin/arm-buildroot-linux-gnueabi-strip
configure:12513: checking for a race-free mkdir -p
configure:12557: result: /usr/bin/mkdir -p
configure:12560: checking whether make sets $(MAKE)
configure:12583: result: yes
configure:12605: checking whether make supports the include directive
configure:12620: make -f confmf.GNU && cat confinc.out
make[1]: Entering directory '/home/ajender/QemuV1/Docker/buildroot-2023.02.4/output/build/can-utils-2021.08.0'
make[1]: Leaving directory '/home/ajender/QemuV1/Docker/buildroot-2023.02.4/output/build/can-utils-2021.08.0'
this is the am__doit target
configure:12623: $? = 0
configure:12642: result: yes (GNU style)
configure:12677: checking whether make supports nested variables
configure:12695: result: yes
configure:12776: checking dependency style of /home/ajender/QemuV1/Docker/buildroot-2023.02.4/output/host/bin/arm-buildroot-linux-gnueabi-gcc
configure:12888: result: none
configure:12972: checking whether make supports nested variables
configure:12990: result: yes
configure:13005: checking for fcntl.h
configure:13005: /home/ajender/QemuV1/Docker/buildroot-2023.02.4/output/host/bin/arm-buildroot-linux-gnueabi-gcc -c -D_LARGEFILE_SOURCE -D_LARGEFILE64_SOURCE -D_FILE_OFFSET_BITS=64  -Os -g0 -D_FORTIFY_SOURCE=1 -Wall -D_LARGEFILE_SOURCE -D_LARGEFILE64_SOURCE -D_FILE_OFFSET_BITS=64 conftest.c >&5
configure:13005: $? = 0
configure:13005: result: yes
configure:13011: checking for limits.h
configure:13011: /home/ajender/QemuV1/Docker/buildroot-2023.02.4/output/host/bin/arm-buildroot-linux-gnueabi-gcc -c -D_LARGEFILE_SOURCE -D_LARGEFILE64_SOURCE -D_FILE_OFFSET_BITS=64  -Os -g0 -D_FORTIFY_SOURCE=1 -Wall -D_LARGEFILE_SOURCE -D_LARGEFILE64_SOURCE -D_FILE_OFFSET_BITS=64 conftest.c >&5
configure:13011: $? = 0
configure:13011: result: yes
configure:13017: checking for locale.h
configure:13017: /home/ajender/QemuV1/Docker/buildroot-2023.02.4/output/host/bin/arm-buildroot-linux-gnueabi-gcc -c -D_LARGEFILE_SOURCE -D_LARGEFILE64_SOURCE -D_FILE_OFFSET_BITS=64  -Os -g0 -D_FORTIFY_SOURCE=1 -Wall -D_LARGEFILE_SOURCE -D_LARGEFILE64_SOURCE -D_FILE_OFFSET_BITS=64 conftest.c >&5
configure:13017: $? = 0
configure:13017: result: yes
configure:13023: checking for stdint.h
configure:13023: result: yes
configure:13029: checking for stdlib.h
configure:13029: result: yes
configure:13035: checking for string.h
configure:13035: result: yes
configure:13041: checking for syslog.h
configure:13041: /home/ajender/QemuV1/Docker/buildroot-2023.02.4/output/host/bin/arm-buildroot-linux-gnueabi-gcc -c -D_LARGEFILE_SOURCE -D_LARGEFILE64_SOURCE -D_FILE_OFFSET_BITS=64  -Os -g0 -D_FORTIFY_SOURCE=1 -Wall -D_LARGEFILE_SOURCE -D_LARGEFILE64_SOURCE -D_FILE_OFFSET_BITS=64 conftest.c >&5
configure:13041: $? = 0
configure:13041: result: yes
configure:13047: checking for termios.h
configure:13047: /home/ajender/QemuV1/Docker/buildroot-2023.02.4/output/host/bin/arm-buildroot-linux-gnueabi-gcc -c -D_LARGEFILE_SOURCE -D_LARGEFILE64_SOURCE -D_FILE_OFFSET_BITS=64  -Os -g0 -D_FORTIFY_SOURCE=1 -Wall -D_LARGEFILE_SOURCE -D_LARGEFILE64_SOURCE -D_FILE_OFFSET_BITS=64 conftest.c >&5
configure:13047: $? = 0
configure:13047: result: yes
configure:13053: checking for unistd.h
configure:13053: result: yes
configure:13059: checking for netinet/in.h
configure:13059: /home/ajender/QemuV1/Docker/buildroot-2023.02.4/output/host/bin/arm-buildroot-linux-gnueabi-gcc -c -D_LARGEFILE_SOURCE -D_LARGEFILE64_SOURCE -D_FILE_OFFSET_BITS=64  -Os -g0 -D_FORTIFY_SOURCE=1 -Wall -D_LARGEFILE_SOURCE -D_LARGEFILE64_SOURCE -D_FILE_OFFSET_BITS=64 conftest.c >&5
configure:13059: $? = 0
configure:13059: result: yes
configure:13065: checking for sys/ioctl.h
configure:13065: /home/ajender/QemuV1/Docker/buildroot-2023.02.4/output/host/bin/arm-buildroot-linux-gnueabi-gcc -c -D_LARGEFILE_SOURCE -D_LARGEFILE64_SOURCE -D_FILE_OFFSET_BITS=64  -Os -g0 -D_FORTIFY_SOURCE=1 -Wall -D_LARGEFILE_SOURCE -D_LARGEFILE64_SOURCE -D_FILE_OFFSET_BITS=64 conftest.c >&5
configure:13065: $? = 0
configure:13065: result: yes
configure:13071: checking for sys/socket.h
configure:13071: /home/ajender/QemuV1/Docker/buildroot-2023.02.4/output/host/bin/arm-buildroot-linux-gnueabi-gcc -c -D_LARGEFILE_SOURCE -D_LARGEFILE64_SOURCE -D_FILE_OFFSET_BITS=64  -Os -g0 -D_FORTIFY_SOURCE=1 -Wall -D_LARGEFILE_SOURCE -D_LARGEFILE64_SOURCE -D_FILE_OFFSET_BITS=64 conftest.c >&5
configure:13071: $? = 0
configure:13071: result: yes
configure:13077: checking for sys/time.h
configure:13077: result: yes
configure:13089: checking for inline
configure:13106: /home/ajender/QemuV1/Docker/buildroot-2023.02.4/output/host/bin/arm-buildroot-linux-gnueabi-gcc -c -D_LARGEFILE_SOURCE -D_LARGEFILE64_SOURCE -D_FILE_OFFSET_BITS=64  -Os -g0 -D_FORTIFY_SOURCE=1 -Wall -D_LARGEFILE_SOURCE -D_LARGEFILE64_SOURCE -D_FILE_OFFSET_BITS=64 conftest.c >&5
configure:13106: $? = 0
configure:13115: result: inline
configure:13141: checking for special C compiler options needed for large files
configure:13189: result: no
configure:13195: checking for _FILE_OFFSET_BITS value needed for large files
configure:13221: /home/ajender/QemuV1/Docker/buildroot-2023.02.4/output/host/bin/arm-buildroot-linux-gnueabi-gcc -c -D_LARGEFILE_SOURCE -D_LARGEFILE64_SOURCE -D_FILE_OFFSET_BITS=64  -Os -g0 -D_FORTIFY_SOURCE=1 -Wall -D_LARGEFILE_SOURCE -D_LARGEFILE64_SOURCE -D_FILE_OFFSET_BITS=64 conftest.c >&5
configure:13221: $? = 0
configure:13255: result: no
configure:13337: checking for off_t
configure:13337: /home/ajender/QemuV1/Docker/buildroot-2023.02.4/output/host/bin/arm-buildroot-linux-gnueabi-gcc -c -D_LARGEFILE_SOURCE -D_LARGEFILE64_SOURCE -D_FILE_OFFSET_BITS=64  -Os -g0 -D_FORTIFY_SOURCE=1 -Wall -D_LARGEFILE_SOURCE -D_LARGEFILE64_SOURCE -D_FILE_OFFSET_BITS=64 conftest.c >&5
configure:13337: $? = 0
configure:13337: /home/ajender/QemuV1/Docker/buildroot-2023.02.4/output/host/bin/arm-buildroot-linux-gnueabi-gcc -c -D_LARGEFILE_SOURCE -D_LARGEFILE64_SOURCE -D_FILE_OFFSET_BITS=64  -Os -g0 -D_FORTIFY_SOURCE=1 -Wall -D_LARGEFILE_SOURCE -D_LARGEFILE64_SOURCE -D_FILE_OFFSET_BITS=64 conftest.c >&5
conftest.c: In function 'main':
conftest.c:68:20: error: expected expression before ')' token
   68 | if (sizeof ((off_t)))
      |                    ^
configure:13337: $? = 1
configure: failed program was:
| /* confdefs.h */
| #define PACKAGE_NAME "can-utils"
| #define PACKAGE_TARNAME "can-utils"
| #define PACKAGE_VERSION "trunk"
| #define PACKAGE_STRING "can-utils trunk"
| #define PACKAGE_BUGREPORT "linux-can@vger.kernel.org"
| #define PACKAGE_URL ""
| #define HAVE_STDIO_H 1
| #define HAVE_STDLIB_H 1
| #define HAVE_STRING_H 1
| #define HAVE_INTTYPES_H 1
| #define HAVE_STDINT_H 1
| #define HAVE_STRINGS_H 1
| #define HAVE_SYS_STAT_H 1
| #define HAVE_SYS_TYPES_H 1
| #define HAVE_UNISTD_H 1
| #define HAVE_SYS_TIME_H 1
| #define STDC_HEADERS 1
| #define HAVE_DLFCN_H 1
| #define LT_OBJDIR ".libs/"
| #define PACKAGE "can-utils"
| #define VERSION "trunk"
| #define HAVE_FCNTL_H 1
| #define HAVE_LIMITS_H 1
| #define HAVE_LOCALE_H 1
| #define HAVE_STDINT_H 1
| #define HAVE_STDLIB_H 1
| #define HAVE_STRING_H 1
| #define HAVE_SYSLOG_H 1
| #define HAVE_TERMIOS_H 1
| #define HAVE_UNISTD_H 1
| #define HAVE_NETINET_IN_H 1
| #define HAVE_SYS_IOCTL_H 1
| #define HAVE_SYS_SOCKET_H 1
| #define HAVE_SYS_TIME_H 1
| /* end confdefs.h.  */
| #include <stddef.h>
| #ifdef HAVE_STDIO_H
| # include <stdio.h>
| #endif
| #ifdef HAVE_STDLIB_H
| # include <stdlib.h>
| #endif
| #ifdef HAVE_STRING_H
| # include <string.h>
| #endif
| #ifdef HAVE_INTTYPES_H
| # include <inttypes.h>
| #endif
| #ifdef HAVE_STDINT_H
| # include <stdint.h>
| #endif
| #ifdef HAVE_STRINGS_H
| # include <strings.h>
| #endif
| #ifdef HAVE_SYS_TYPES_H
| # include <sys/types.h>
| #endif
| #ifdef HAVE_SYS_STAT_H
| # include <sys/stat.h>
| #endif
| #ifdef HAVE_UNISTD_H
| # include <unistd.h>
| #endif
| int
| main (void)
| {
| if (sizeof ((off_t)))
| 	    return 0;
|   ;
|   return 0;
| }
configure:13337: result: yes
configure:13348: checking for pid_t
configure:13348: /home/ajender/QemuV1/Docker/buildroot-2023.02.4/output/host/bin/arm-buildroot-linux-gnueabi-gcc -c -D_LARGEFILE_SOURCE -D_LARGEFILE64_SOURCE -D_FILE_OFFSET_BITS=64  -Os -g0 -D_FORTIFY_SOURCE=1 -Wall -D_LARGEFILE_SOURCE -D_LARGEFILE64_SOURCE -D_FILE_OFFSET_BITS=64 conftest.c >&5
configure:13348: $? = 0
configure:13348: /home/ajender/QemuV1/Docker/buildroot-2023.02.4/output/host/bin/arm-buildroot-linux-gnueabi-gcc -c -D_LARGEFILE_SOURCE -D_LARGEFILE64_SOURCE -D_FILE_OFFSET_BITS=64  -Os -g0 -D_FORTIFY_SOURCE=1 -Wall -D_LARGEFILE_SOURCE -D_LARGEFILE64_SOURCE -D_FILE_OFFSET_BITS=64 conftest.c >&5
conftest.c: In function 'main':
conftest.c:69:20: error: expected expression before ')' token
   69 | if (sizeof ((pid_t)))
      |                    ^
configure:13348: $? = 1
configure: failed program was:
| /* confdefs.h */
| #define PACKAGE_NAME "can-utils"
| #define PACKAGE_TARNAME "can-utils"
| #define PACKAGE_VERSION "trunk"
| #define PACKAGE_STRING "can-utils trunk"
| #define PACKAGE_BUGREPORT "linux-can@vger.kernel.org"
| #define PACKAGE_URL ""
| #define HAVE_STDIO_H 1
| #define HAVE_STDLIB_H 1
| #define HAVE_STRING_H 1
| #define HAVE_INTTYPES_H 1
| #define HAVE_STDINT_H 1
| #define HAVE_STRINGS_H 1
| #define HAVE_SYS_STAT_H 1
| #define HAVE_SYS_TYPES_H 1
| #define HAVE_UNISTD_H 1
| #define HAVE_SYS_TIME_H 1
| #define STDC_HEADERS 1
| #define HAVE_DLFCN_H 1
| #define LT_OBJDIR ".libs/"
| #define PACKAGE "can-utils"
| #define VERSION "trunk"
| #define HAVE_FCNTL_H 1
| #define HAVE_LIMITS_H 1
| #define HAVE_LOCALE_H 1
| #define HAVE_STDINT_H 1
| #define HAVE_STDLIB_H 1
| #define HAVE_STRING_H 1
| #define HAVE_SYSLOG_H 1
| #define HAVE_TERMIOS_H 1
| #define HAVE_UNISTD_H 1
| #define HAVE_NETINET_IN_H 1
| #define HAVE_SYS_IOCTL_H 1
| #define HAVE_SYS_SOCKET_H 1
| #define HAVE_SYS_TIME_H 1
| /* end confdefs.h.  */
| #include <stddef.h>
| #ifdef HAVE_STDIO_H
| # include <stdio.h>
| #endif
| #ifdef HAVE_STDLIB_H
| # include <stdlib.h>
| #endif
| #ifdef HAVE_STRING_H
| # include <string.h>
| #endif
| #ifdef HAVE_INTTYPES_H
| # include <inttypes.h>
| #endif
| #ifdef HAVE_STDINT_H
| # include <stdint.h>
| #endif
| #ifdef HAVE_STRINGS_H
| # include <strings.h>
| #endif
| #ifdef HAVE_SYS_TYPES_H
| # include <sys/types.h>
| #endif
| #ifdef HAVE_SYS_STAT_H
| # include <sys/stat.h>
| #endif
| #ifdef HAVE_UNISTD_H
| # include <unistd.h>
| #endif
| 
| int
| main (void)
| {
| if (sizeof ((pid_t)))
| 	    return 0;
|   ;
|   return 0;
| }
configure:13348: result: yes
configure:13384: checking for uint64_t
configure:13384: /home/ajender/QemuV1/Docker/buildroot-2023.02.4/output/host/bin/arm-buildroot-linux-gnueabi-gcc -c -D_LARGEFILE_SOURCE -D_LARGEFILE64_SOURCE -D_FILE_OFFSET_BITS=64  -Os -g0 -D_FORTIFY_SOURCE=1 -Wall -D_LARGEFILE_SOURCE -D_LARGEFILE64_SOURCE -D_FILE_OFFSET_BITS=64 conftest.c >&5
configure:13384: $? = 0
configure:13384: result: yes
configure:13406: checking for fork
configure:13406: /home/ajender/QemuV1/Docker/buildroot-2023.02.4/output/host/bin/arm-buildroot-linux-gnueabi-gcc -o conftest -D_LARGEFILE_SOURCE -D_LARGEFILE64_SOURCE -D_FILE_OFFSET_BITS=64  -Os -g0 -D_FORTIFY_SOURCE=1 -Wall -D_LARGEFILE_SOURCE -D_LARGEFILE64_SOURCE -D_FILE_OFFSET_BITS=64  conftest.c  >&5
conftest.c:53:6: warning: conflicting types for built-in function 'fork'; expected 'int(void)' [-Wbuiltin-declaration-mismatch]
   53 | char fork ();
      |      ^~~~
configure:13406: $? = 0
configure:13406: result: yes
configure:13406: checking for vfork
configure:13406: /home/ajender/QemuV1/Docker/buildroot-2023.02.4/output/host/bin/arm-buildroot-linux-gnueabi-gcc -o conftest -D_LARGEFILE_SOURCE -D_LARGEFILE64_SOURCE -D_FILE_OFFSET_BITS=64  -Os -g0 -D_FORTIFY_SOURCE=1 -Wall -D_LARGEFILE_SOURCE -D_LARGEFILE64_SOURCE -D_FILE_OFFSET_BITS=64  conftest.c  >&5
configure:13406: $? = 0
configure:13406: result: yes
configure:13406: checking for alarm
configure:13406: /home/ajender/QemuV1/Docker/buildroot-2023.02.4/output/host/bin/arm-buildroot-linux-gnueabi-gcc -o conftest -D_LARGEFILE_SOURCE -D_LARGEFILE64_SOURCE -D_FILE_OFFSET_BITS=64  -Os -g0 -D_FORTIFY_SOURCE=1 -Wall -D_LARGEFILE_SOURCE -D_LARGEFILE64_SOURCE -D_FILE_OFFSET_BITS=64  conftest.c  >&5
configure:13406: $? = 0
configure:13406: result: yes
configure:13419: checking for working fork
configure:13454: result: cross
configure:13470: WARNING: result yes guessed because of cross compilation
configure:13475: checking for working vfork
configure:13604: result: yes
configure:13633: checking for working mktime
configure:13842: result: no
configure:13853: checking for alarm
configure:13853: result: yes
configure:13859: checking for gettimeofday
configure:13859: /home/ajender/QemuV1/Docker/buildroot-2023.02.4/output/host/bin/arm-buildroot-linux-gnueabi-gcc -o conftest -D_LARGEFILE_SOURCE -D_LARGEFILE64_SOURCE -D_FILE_OFFSET_BITS=64  -Os -g0 -D_FORTIFY_SOURCE=1 -Wall -D_LARGEFILE_SOURCE -D_LARGEFILE64_SOURCE -D_FILE_OFFSET_BITS=64  conftest.c  >&5
configure:13859: $? = 0
configure:13859: result: yes
configure:13865: checking for localtime_r
configure:13865: /home/ajender/QemuV1/Docker/buildroot-2023.02.4/output/host/bin/arm-buildroot-linux-gnueabi-gcc -o conftest -D_LARGEFILE_SOURCE -D_LARGEFILE64_SOURCE -D_FILE_OFFSET_BITS=64  -Os -g0 -D_FORTIFY_SOURCE=1 -Wall -D_LARGEFILE_SOURCE -D_LARGEFILE64_SOURCE -D_FILE_OFFSET_BITS=64  conftest.c  >&5
configure:13865: $? = 0
configure:13865: result: yes
configure:13871: checking for memset
configure:13871: /home/ajender/QemuV1/Docker/buildroot-2023.02.4/output/host/bin/arm-buildroot-linux-gnueabi-gcc -o conftest -D_LARGEFILE_SOURCE -D_LARGEFILE64_SOURCE -D_FILE_OFFSET_BITS=64  -Os -g0 -D_FORTIFY_SOURCE=1 -Wall -D_LARGEFILE_SOURCE -D_LARGEFILE64_SOURCE -D_FILE_OFFSET_BITS=64  conftest.c  >&5
conftest.c:61:6: warning: conflicting types for built-in function 'memset'; expected 'void *(void *, int,  unsigned int)' [-Wbuiltin-declaration-mismatch]
   61 | char memset ();
      |      ^~~~~~
conftest.c:53:1: note: 'memset' is declared in header '<string.h>'
   52 | #include <limits.h>
   53 | #undef memset
configure:13871: $? = 0
configure:13871: result: yes
configure:13877: checking for select
configure:13877: /home/ajender/QemuV1/Docker/buildroot-2023.02.4/output/host/bin/arm-buildroot-linux-gnueabi-gcc -o conftest -D_LARGEFILE_SOURCE -D_LARGEFILE64_SOURCE -D_FILE_OFFSET_BITS=64  -Os -g0 -D_FORTIFY_SOURCE=1 -Wall -D_LARGEFILE_SOURCE -D_LARGEFILE64_SOURCE -D_FILE_OFFSET_BITS=64  conftest.c  >&5
configure:13877: $? = 0
configure:13877: result: yes
configure:13883: checking for setlocale
configure:13883: /home/ajender/QemuV1/Docker/buildroot-2023.02.4/output/host/bin/arm-buildroot-linux-gnueabi-gcc -o conftest -D_LARGEFILE_SOURCE -D_LARGEFILE64_SOURCE -D_FILE_OFFSET_BITS=64  -Os -g0 -D_FORTIFY_SOURCE=1 -Wall -D_LARGEFILE_SOURCE -D_LARGEFILE64_SOURCE -D_FILE_OFFSET_BITS=64  conftest.c  >&5
configure:13883: $? = 0
configure:13883: result: yes
configure:13889: checking for socket
configure:13889: /home/ajender/QemuV1/Docker/buildroot-2023.02.4/output/host/bin/arm-buildroot-linux-gnueabi-gcc -o conftest -D_LARGEFILE_SOURCE -D_LARGEFILE64_SOURCE -D_FILE_OFFSET_BITS=64  -Os -g0 -D_FORTIFY_SOURCE=1 -Wall -D_LARGEFILE_SOURCE -D_LARGEFILE64_SOURCE -D_FILE_OFFSET_BITS=64  conftest.c  >&5
configure:13889: $? = 0
configure:13889: result: yes
configure:13895: checking for strchr
configure:13895: /home/ajender/QemuV1/Docker/buildroot-2023.02.4/output/host/bin/arm-buildroot-linux-gnueabi-gcc -o conftest -D_LARGEFILE_SOURCE -D_LARGEFILE64_SOURCE -D_FILE_OFFSET_BITS=64  -Os -g0 -D_FORTIFY_SOURCE=1 -Wall -D_LARGEFILE_SOURCE -D_LARGEFILE64_SOURCE -D_FILE_OFFSET_BITS=64  conftest.c  >&5
conftest.c:65:6: warning: conflicting types for built-in function 'strchr'; expected 'char *(const char *, int)' [-Wbuiltin-declaration-mismatch]
   65 | char strchr ();
      |      ^~~~~~
conftest.c:57:1: note: 'strchr' is declared in header '<string.h>'
   56 | #include <limits.h>
   57 | #undef strchr
configure:13895: $? = 0
configure:13895: result: yes
configure:13901: checking for strerror
configure:13901: /home/ajender/QemuV1/Docker/buildroot-2023.02.4/output/host/bin/arm-buildroot-linux-gnueabi-gcc -o conftest -D_LARGEFILE_SOURCE -D_LARGEFILE64_SOURCE -D_FILE_OFFSET_BITS=64  -Os -g0 -D_FORTIFY_SOURCE=1 -Wall -D_LARGEFILE_SOURCE -D_LARGEFILE64_SOURCE -D_FILE_OFFSET_BITS=64  conftest.c  >&5
configure:13901: $? = 0
configure:13901: result: yes
configure:13907: checking for strstr
configure:13907: /home/ajender/QemuV1/Docker/buildroot-2023.02.4/output/host/bin/arm-buildroot-linux-gnueabi-gcc -o conftest -D_LARGEFILE_SOURCE -D_LARGEFILE64_SOURCE -D_FILE_OFFSET_BITS=64  -Os -g0 -D_FORTIFY_SOURCE=1 -Wall -D_LARGEFILE_SOURCE -D_LARGEFILE64_SOURCE -D_FILE_OFFSET_BITS=64  conftest.c  >&5
conftest.c:67:6: warning: conflicting types for built-in function 'strstr'; expected 'char *(const char *, const char *)' [-Wbuiltin-declaration-mismatch]
   67 | char strstr ();
      |      ^~~~~~
conftest.c:59:1: note: 'strstr' is declared in header '<string.h>'
   58 | #include <limits.h>
   59 | #undef strstr
configure:13907: $? = 0
configure:13907: result: yes
configure:13913: checking for strtoul
configure:13913: /home/ajender/QemuV1/Docker/buildroot-2023.02.4/output/host/bin/arm-buildroot-linux-gnueabi-gcc -o conftest -D_LARGEFILE_SOURCE -D_LARGEFILE64_SOURCE -D_FILE_OFFSET_BITS=64  -Os -g0 -D_FORTIFY_SOURCE=1 -Wall -D_LARGEFILE_SOURCE -D_LARGEFILE64_SOURCE -D_FILE_OFFSET_BITS=64  conftest.c  >&5
configure:13913: $? = 0
configure:13913: result: yes
configure:13922: checking for library containing clock_nanosleep
configure:13952: /home/ajender/QemuV1/Docker/buildroot-2023.02.4/output/host/bin/arm-buildroot-linux-gnueabi-gcc -o conftest -D_LARGEFILE_SOURCE -D_LARGEFILE64_SOURCE -D_FILE_OFFSET_BITS=64  -Os -g0 -D_FORTIFY_SOURCE=1 -Wall -D_LARGEFILE_SOURCE -D_LARGEFILE64_SOURCE -D_FILE_OFFSET_BITS=64  conftest.c  >&5
configure:13952: $? = 0
configure:13972: result: none required
configure:13982: checking for /home/ajender/QemuV1/Docker/buildroot-2023.02.4/output/host/bin/arm-buildroot-linux-gnueabi-gcc options needed to detect all undeclared functions
configure:14004: /home/ajender/QemuV1/Docker/buildroot-2023.02.4/output/host/bin/arm-buildroot-linux-gnueabi-gcc -c -D_LARGEFILE_SOURCE -D_LARGEFILE64_SOURCE -D_FILE_OFFSET_BITS=64  -Os -g0 -D_FORTIFY_SOURCE=1 -Wall  -D_LARGEFILE_SOURCE -D_LARGEFILE64_SOURCE -D_FILE_OFFSET_BITS=64 conftest.c >&5
conftest.c: In function 'main':
conftest.c:57:8: error: 'strchr' undeclared (first use in this function)
   57 | (void) strchr;
      |        ^~~~~~
conftest.c:1:1: note: 'strchr' is defined in header '<string.h>'; did you forget to '#include <string.h>'?
    1 | /* confdefs.h */
conftest.c:57:8: note: each undeclared identifier is reported only once for each function it appears in
   57 | (void) strchr;
      |        ^~~~~~
configure:14004: $? = 1
configure: failed program was:
| /* confdefs.h */
| #define PACKAGE_NAME "can-utils"
| #define PACKAGE_TARNAME "can-utils"
| #define PACKAGE_VERSION "trunk"
| #define PACKAGE_STRING "can-utils trunk"
| #define PACKAGE_BUGREPORT "linux-can@vger.kernel.org"
| #define PACKAGE_URL ""
| #define HAVE_STDIO_H 1
| #define HAVE_STDLIB_H 1
| #define HAVE_STRING_H 1
| #define HAVE_INTTYPES_H 1
| #define HAVE_STDINT_H 1
| #define HAVE_STRINGS_H 1
| #define HAVE_SYS_STAT_H 1
| #define HAVE_SYS_TYPES_H 1
| #define HAVE_UNISTD_H 1
| #define HAVE_SYS_TIME_H 1
| #define STDC_HEADERS 1
| #define HAVE_DLFCN_H 1
| #define LT_OBJDIR ".libs/"
| #define PACKAGE "can-utils"
| #define VERSION "trunk"
| #define HAVE_FCNTL_H 1
| #define HAVE_LIMITS_H 1
| #define HAVE_LOCALE_H 1
| #define HAVE_STDINT_H 1
| #define HAVE_STDLIB_H 1
| #define HAVE_STRING_H 1
| #define HAVE_SYSLOG_H 1
| #define HAVE_TERMIOS_H 1
| #define HAVE_UNISTD_H 1
| #define HAVE_NETINET_IN_H 1
| #define HAVE_SYS_IOCTL_H 1
| #define HAVE_SYS_SOCKET_H 1
| #define HAVE_SYS_TIME_H 1
| #define HAVE_FORK 1
| #define HAVE_VFORK 1
| #define HAVE_ALARM 1
| #define HAVE_WORKING_VFORK 1
| #define HAVE_WORKING_FORK 1
| #define HAVE_ALARM 1
| #define HAVE_GETTIMEOFDAY 1
| #define HAVE_LOCALTIME_R 1
| #define HAVE_MEMSET 1
| #define HAVE_SELECT 1
| #define HAVE_SETLOCALE 1
| #define HAVE_SOCKET 1
| #define HAVE_STRCHR 1
| #define HAVE_STRERROR 1
| #define HAVE_STRSTR 1
| #define HAVE_STRTOUL 1
| /* end confdefs.h.  */
| 
| int
| main (void)
| {
| (void) strchr;
|   ;
|   return 0;
| }
configure:14031: /home/ajender/QemuV1/Docker/buildroot-2023.02.4/output/host/bin/arm-buildroot-linux-gnueabi-gcc -c -D_LARGEFILE_SOURCE -D_LARGEFILE64_SOURCE -D_FILE_OFFSET_BITS=64  -Os -g0 -D_FORTIFY_SOURCE=1 -Wall  -D_LARGEFILE_SOURCE -D_LARGEFILE64_SOURCE -D_FILE_OFFSET_BITS=64 conftest.c >&5
configure:14031: $? = 0
configure:14048: result: none needed
configure:14062: checking whether SO_RXQ_OVFL is declared
configure:14062: /home/ajender/QemuV1/Docker/buildroot-2023.02.4/output/host/bin/arm-buildroot-linux-gnueabi-gcc -c -D_LARGEFILE_SOURCE -D_LARGEFILE64_SOURCE -D_FILE_OFFSET_BITS=64  -Os -g0 -D_FORTIFY_SOURCE=1 -Wall  -D_LARGEFILE_SOURCE -D_LARGEFILE64_SOURCE -D_FILE_OFFSET_BITS=64 conftest.c >&5
conftest.c: In function 'main':
conftest.c:88:10: error: 'SO_RXQ_OVFL' undeclared (first use in this function)
   88 |   (void) SO_RXQ_OVFL;
      |          ^~~~~~~~~~~
conftest.c:88:10: note: each undeclared identifier is reported only once for each function it appears in
configure:14062: $? = 1
configure: failed program was:
| /* confdefs.h */
| #define PACKAGE_NAME "can-utils"
| #define PACKAGE_TARNAME "can-utils"
| #define PACKAGE_VERSION "trunk"
| #define PACKAGE_STRING "can-utils trunk"
| #define PACKAGE_BUGREPORT "linux-can@vger.kernel.org"
| #define PACKAGE_URL ""
| #define HAVE_STDIO_H 1
| #define HAVE_STDLIB_H 1
| #define HAVE_STRING_H 1
| #define HAVE_INTTYPES_H 1
| #define HAVE_STDINT_H 1
| #define HAVE_STRINGS_H 1
| #define HAVE_SYS_STAT_H 1
| #define HAVE_SYS_TYPES_H 1
| #define HAVE_UNISTD_H 1
| #define HAVE_SYS_TIME_H 1
| #define STDC_HEADERS 1
| #define HAVE_DLFCN_H 1
| #define LT_OBJDIR ".libs/"
| #define PACKAGE "can-utils"
| #define VERSION "trunk"
| #define HAVE_FCNTL_H 1
| #define HAVE_LIMITS_H 1
| #define HAVE_LOCALE_H 1
| #define HAVE_STDINT_H 1
| #define HAVE_STDLIB_H 1
| #define HAVE_STRING_H 1
| #define HAVE_SYSLOG_H 1
| #define HAVE_TERMIOS_H 1
| #define HAVE_UNISTD_H 1
| #define HAVE_NETINET_IN_H 1
| #define HAVE_SYS_IOCTL_H 1
| #define HAVE_SYS_SOCKET_H 1
| #define HAVE_SYS_TIME_H 1
| #define HAVE_FORK 1
| #define HAVE_VFORK 1
| #define HAVE_ALARM 1
| #define HAVE_WORKING_VFORK 1
| #define HAVE_WORKING_FORK 1
| #define HAVE_ALARM 1
| #define HAVE_GETTIMEOFDAY 1
| #define HAVE_LOCALTIME_R 1
| #define HAVE_MEMSET 1
| #define HAVE_SELECT 1
| #define HAVE_SETLOCALE 1
| #define HAVE_SOCKET 1
| #define HAVE_STRCHR 1
| #define HAVE_STRERROR 1
| #define HAVE_STRSTR 1
| #define HAVE_STRTOUL 1
| /* end confdefs.h.  */
| #include <stddef.h>
| #ifdef HAVE_STDIO_H
| # include <stdio.h>
| #endif
| #ifdef HAVE_STDLIB_H
| # include <stdlib.h>
| #endif
| #ifdef HAVE_STRING_H
| # include <string.h>
| #endif
| #ifdef HAVE_INTTYPES_H
| # include <inttypes.h>
| #endif
| #ifdef HAVE_STDINT_H
| # include <stdint.h>
| #endif
| #ifdef HAVE_STRINGS_H
| # include <strings.h>
| #endif
| #ifdef HAVE_SYS_TYPES_H
| # include <sys/types.h>
| #endif
| #ifdef HAVE_SYS_STAT_H
| # include <sys/stat.h>
| #endif
| #ifdef HAVE_UNISTD_H
| # include <unistd.h>
| #endif
| int
| main (void)
| {
| #ifndef SO_RXQ_OVFL
| #ifdef __cplusplus
|   (void) SO_RXQ_OVFL;
| #else
|   (void) SO_RXQ_OVFL;
| #endif
| #endif
| 
|   ;
|   return 0;
| }
configure:14062: result: no
configure:14072: checking whether PF_CAN is declared
configure:14072: /home/ajender/QemuV1/Docker/buildroot-2023.02.4/output/host/bin/arm-buildroot-linux-gnueabi-gcc -c -D_LARGEFILE_SOURCE -D_LARGEFILE64_SOURCE -D_FILE_OFFSET_BITS=64  -Os -g0 -D_FORTIFY_SOURCE=1 -Wall  -D_LARGEFILE_SOURCE -D_LARGEFILE64_SOURCE -D_FILE_OFFSET_BITS=64 conftest.c >&5
conftest.c: In function 'main':
conftest.c:89:10: error: 'PF_CAN' undeclared (first use in this function)
   89 |   (void) PF_CAN;
      |          ^~~~~~
conftest.c:89:10: note: each undeclared identifier is reported only once for each function it appears in
configure:14072: $? = 1
configure: failed program was:
| /* confdefs.h */
| #define PACKAGE_NAME "can-utils"
| #define PACKAGE_TARNAME "can-utils"
| #define PACKAGE_VERSION "trunk"
| #define PACKAGE_STRING "can-utils trunk"
| #define PACKAGE_BUGREPORT "linux-can@vger.kernel.org"
| #define PACKAGE_URL ""
| #define HAVE_STDIO_H 1
| #define HAVE_STDLIB_H 1
| #define HAVE_STRING_H 1
| #define HAVE_INTTYPES_H 1
| #define HAVE_STDINT_H 1
| #define HAVE_STRINGS_H 1
| #define HAVE_SYS_STAT_H 1
| #define HAVE_SYS_TYPES_H 1
| #define HAVE_UNISTD_H 1
| #define HAVE_SYS_TIME_H 1
| #define STDC_HEADERS 1
| #define HAVE_DLFCN_H 1
| #define LT_OBJDIR ".libs/"
| #define PACKAGE "can-utils"
| #define VERSION "trunk"
| #define HAVE_FCNTL_H 1
| #define HAVE_LIMITS_H 1
| #define HAVE_LOCALE_H 1
| #define HAVE_STDINT_H 1
| #define HAVE_STDLIB_H 1
| #define HAVE_STRING_H 1
| #define HAVE_SYSLOG_H 1
| #define HAVE_TERMIOS_H 1
| #define HAVE_UNISTD_H 1
| #define HAVE_NETINET_IN_H 1
| #define HAVE_SYS_IOCTL_H 1
| #define HAVE_SYS_SOCKET_H 1
| #define HAVE_SYS_TIME_H 1
| #define HAVE_FORK 1
| #define HAVE_VFORK 1
| #define HAVE_ALARM 1
| #define HAVE_WORKING_VFORK 1
| #define HAVE_WORKING_FORK 1
| #define HAVE_ALARM 1
| #define HAVE_GETTIMEOFDAY 1
| #define HAVE_LOCALTIME_R 1
| #define HAVE_MEMSET 1
| #define HAVE_SELECT 1
| #define HAVE_SETLOCALE 1
| #define HAVE_SOCKET 1
| #define HAVE_STRCHR 1
| #define HAVE_STRERROR 1
| #define HAVE_STRSTR 1
| #define HAVE_STRTOUL 1
| #define SO_RXQ_OVFL 40
| /* end confdefs.h.  */
| #include <stddef.h>
| #ifdef HAVE_STDIO_H
| # include <stdio.h>
| #endif
| #ifdef HAVE_STDLIB_H
| # include <stdlib.h>
| #endif
| #ifdef HAVE_STRING_H
| # include <string.h>
| #endif
| #ifdef HAVE_INTTYPES_H
| # include <inttypes.h>
| #endif
| #ifdef HAVE_STDINT_H
| # include <stdint.h>
| #endif
| #ifdef HAVE_STRINGS_H
| # include <strings.h>
| #endif
| #ifdef HAVE_SYS_TYPES_H
| # include <sys/types.h>
| #endif
| #ifdef HAVE_SYS_STAT_H
| # include <sys/stat.h>
| #endif
| #ifdef HAVE_UNISTD_H
| # include <unistd.h>
| #endif
| int
| main (void)
| {
| #ifndef PF_CAN
| #ifdef __cplusplus
|   (void) PF_CAN;
| #else
|   (void) PF_CAN;
| #endif
| #endif
| 
|   ;
|   return 0;
| }
configure:14072: result: no
configure:14082: checking whether AF_CAN is declared
configure:14082: /home/ajender/QemuV1/Docker/buildroot-2023.02.4/output/host/bin/arm-buildroot-linux-gnueabi-gcc -c -D_LARGEFILE_SOURCE -D_LARGEFILE64_SOURCE -D_FILE_OFFSET_BITS=64  -Os -g0 -D_FORTIFY_SOURCE=1 -Wall  -D_LARGEFILE_SOURCE -D_LARGEFILE64_SOURCE -D_FILE_OFFSET_BITS=64 conftest.c >&5
conftest.c: In function 'main':
conftest.c:90:10: error: 'AF_CAN' undeclared (first use in this function); did you mean 'PF_CAN'?
   90 |   (void) AF_CAN;
      |          ^~~~~~
      |          PF_CAN
conftest.c:90:10: note: each undeclared identifier is reported only once for each function it appears in
configure:14082: $? = 1
configure: failed program was:
| /* confdefs.h */
| #define PACKAGE_NAME "can-utils"
| #define PACKAGE_TARNAME "can-utils"
| #define PACKAGE_VERSION "trunk"
| #define PACKAGE_STRING "can-utils trunk"
| #define PACKAGE_BUGREPORT "linux-can@vger.kernel.org"
| #define PACKAGE_URL ""
| #define HAVE_STDIO_H 1
| #define HAVE_STDLIB_H 1
| #define HAVE_STRING_H 1
| #define HAVE_INTTYPES_H 1
| #define HAVE_STDINT_H 1
| #define HAVE_STRINGS_H 1
| #define HAVE_SYS_STAT_H 1
| #define HAVE_SYS_TYPES_H 1
| #define HAVE_UNISTD_H 1
| #define HAVE_SYS_TIME_H 1
| #define STDC_HEADERS 1
| #define HAVE_DLFCN_H 1
| #define LT_OBJDIR ".libs/"
| #define PACKAGE "can-utils"
| #define VERSION "trunk"
| #define HAVE_FCNTL_H 1
| #define HAVE_LIMITS_H 1
| #define HAVE_LOCALE_H 1
| #define HAVE_STDINT_H 1
| #define HAVE_STDLIB_H 1
| #define HAVE_STRING_H 1
| #define HAVE_SYSLOG_H 1
| #define HAVE_TERMIOS_H 1
| #define HAVE_UNISTD_H 1
| #define HAVE_NETINET_IN_H 1
| #define HAVE_SYS_IOCTL_H 1
| #define HAVE_SYS_SOCKET_H 1
| #define HAVE_SYS_TIME_H 1
| #define HAVE_FORK 1
| #define HAVE_VFORK 1
| #define HAVE_ALARM 1
| #define HAVE_WORKING_VFORK 1
| #define HAVE_WORKING_FORK 1
| #define HAVE_ALARM 1
| #define HAVE_GETTIMEOFDAY 1
| #define HAVE_LOCALTIME_R 1
| #define HAVE_MEMSET 1
| #define HAVE_SELECT 1
| #define HAVE_SETLOCALE 1
| #define HAVE_SOCKET 1
| #define HAVE_STRCHR 1
| #define HAVE_STRERROR 1
| #define HAVE_STRSTR 1
| #define HAVE_STRTOUL 1
| #define SO_RXQ_OVFL 40
| #define PF_CAN 29
| /* end confdefs.h.  */
| #include <stddef.h>
| #ifdef HAVE_STDIO_H
| # include <stdio.h>
| #endif
| #ifdef HAVE_STDLIB_H
| # include <stdlib.h>
| #endif
| #ifdef HAVE_STRING_H
| # include <string.h>
| #endif
| #ifdef HAVE_INTTYPES_H
| # include <inttypes.h>
| #endif
| #ifdef HAVE_STDINT_H
| # include <stdint.h>
| #endif
| #ifdef HAVE_STRINGS_H
| # include <strings.h>
| #endif
| #ifdef HAVE_SYS_TYPES_H
| # include <sys/types.h>
| #endif
| #ifdef HAVE_SYS_STAT_H
| # include <sys/stat.h>
| #endif
| #ifdef HAVE_UNISTD_H
| # include <unistd.h>
| #endif
| int
| main (void)
| {
| #ifndef AF_CAN
| #ifdef __cplusplus
|   (void) AF_CAN;
| #else
|   (void) AF_CAN;
| #endif
| #endif
| 
|   ;
|   return 0;
| }
configure:14082: result: no
configure:14092: checking whether N_SLCAN is declared
configure:14092: /home/ajender/QemuV1/Docker/buildroot-2023.02.4/output/host/bin/arm-buildroot-linux-gnueabi-gcc -c -D_LARGEFILE_SOURCE -D_LARGEFILE64_SOURCE -D_FILE_OFFSET_BITS=64  -Os -g0 -D_FORTIFY_SOURCE=1 -Wall  -D_LARGEFILE_SOURCE -D_LARGEFILE64_SOURCE -D_FILE_OFFSET_BITS=64 conftest.c >&5
conftest.c: In function 'main':
conftest.c:91:10: error: 'N_SLCAN' undeclared (first use in this function)
   91 |   (void) N_SLCAN;
      |          ^~~~~~~
conftest.c:91:10: note: each undeclared identifier is reported only once for each function it appears in
configure:14092: $? = 1
configure: failed program was:
| /* confdefs.h */
| #define PACKAGE_NAME "can-utils"
| #define PACKAGE_TARNAME "can-utils"
| #define PACKAGE_VERSION "trunk"
| #define PACKAGE_STRING "can-utils trunk"
| #define PACKAGE_BUGREPORT "linux-can@vger.kernel.org"
| #define PACKAGE_URL ""
| #define HAVE_STDIO_H 1
| #define HAVE_STDLIB_H 1
| #define HAVE_STRING_H 1
| #define HAVE_INTTYPES_H 1
| #define HAVE_STDINT_H 1
| #define HAVE_STRINGS_H 1
| #define HAVE_SYS_STAT_H 1
| #define HAVE_SYS_TYPES_H 1
| #define HAVE_UNISTD_H 1
| #define HAVE_SYS_TIME_H 1
| #define STDC_HEADERS 1
| #define HAVE_DLFCN_H 1
| #define LT_OBJDIR ".libs/"
| #define PACKAGE "can-utils"
| #define VERSION "trunk"
| #define HAVE_FCNTL_H 1
| #define HAVE_LIMITS_H 1
| #define HAVE_LOCALE_H 1
| #define HAVE_STDINT_H 1
| #define HAVE_STDLIB_H 1
| #define HAVE_STRING_H 1
| #define HAVE_SYSLOG_H 1
| #define HAVE_TERMIOS_H 1
| #define HAVE_UNISTD_H 1
| #define HAVE_NETINET_IN_H 1
| #define HAVE_SYS_IOCTL_H 1
| #define HAVE_SYS_SOCKET_H 1
| #define HAVE_SYS_TIME_H 1
| #define HAVE_FORK 1
| #define HAVE_VFORK 1
| #define HAVE_ALARM 1
| #define HAVE_WORKING_VFORK 1
| #define HAVE_WORKING_FORK 1
| #define HAVE_ALARM 1
| #define HAVE_GETTIMEOFDAY 1
| #define HAVE_LOCALTIME_R 1
| #define HAVE_MEMSET 1
| #define HAVE_SELECT 1
| #define HAVE_SETLOCALE 1
| #define HAVE_SOCKET 1
| #define HAVE_STRCHR 1
| #define HAVE_STRERROR 1
| #define HAVE_STRSTR 1
| #define HAVE_STRTOUL 1
| #define SO_RXQ_OVFL 40
| #define PF_CAN 29
| #define AF_CAN PF_CAN
| /* end confdefs.h.  */
| #include <stddef.h>
| #ifdef HAVE_STDIO_H
| # include <stdio.h>
| #endif
| #ifdef HAVE_STDLIB_H
| # include <stdlib.h>
| #endif
| #ifdef HAVE_STRING_H
| # include <string.h>
| #endif
| #ifdef HAVE_INTTYPES_H
| # include <inttypes.h>
| #endif
| #ifdef HAVE_STDINT_H
| # include <stdint.h>
| #endif
| #ifdef HAVE_STRINGS_H
| # include <strings.h>
| #endif
| #ifdef HAVE_SYS_TYPES_H
| # include <sys/types.h>
| #endif
| #ifdef HAVE_SYS_STAT_H
| # include <sys/stat.h>
| #endif
| #ifdef HAVE_UNISTD_H
| # include <unistd.h>
| #endif
| int
| main (void)
| {
| #ifndef N_SLCAN
| #ifdef __cplusplus
|   (void) N_SLCAN;
| #else
|   (void) N_SLCAN;
| #endif
| #endif
| 
|   ;
|   return 0;
| }
configure:14092: result: no
configure:14102: checking whether SCM_TIMESTAMPING_OPT_STATS is declared
configure:14102: /home/ajender/QemuV1/Docker/buildroot-2023.02.4/output/host/bin/arm-buildroot-linux-gnueabi-gcc -c -D_LARGEFILE_SOURCE -D_LARGEFILE64_SOURCE -D_FILE_OFFSET_BITS=64  -Os -g0 -D_FORTIFY_SOURCE=1 -Wall  -D_LARGEFILE_SOURCE -D_LARGEFILE64_SOURCE -D_FILE_OFFSET_BITS=64 conftest.c >&5
conftest.c: In function 'main':
conftest.c:92:10: error: 'SCM_TIMESTAMPING_OPT_STATS' undeclared (first use in this function)
   92 |   (void) SCM_TIMESTAMPING_OPT_STATS;
      |          ^~~~~~~~~~~~~~~~~~~~~~~~~~
conftest.c:92:10: note: each undeclared identifier is reported only once for each function it appears in
configure:14102: $? = 1
configure: failed program was:
| /* confdefs.h */
| #define PACKAGE_NAME "can-utils"
| #define PACKAGE_TARNAME "can-utils"
| #define PACKAGE_VERSION "trunk"
| #define PACKAGE_STRING "can-utils trunk"
| #define PACKAGE_BUGREPORT "linux-can@vger.kernel.org"
| #define PACKAGE_URL ""
| #define HAVE_STDIO_H 1
| #define HAVE_STDLIB_H 1
| #define HAVE_STRING_H 1
| #define HAVE_INTTYPES_H 1
| #define HAVE_STDINT_H 1
| #define HAVE_STRINGS_H 1
| #define HAVE_SYS_STAT_H 1
| #define HAVE_SYS_TYPES_H 1
| #define HAVE_UNISTD_H 1
| #define HAVE_SYS_TIME_H 1
| #define STDC_HEADERS 1
| #define HAVE_DLFCN_H 1
| #define LT_OBJDIR ".libs/"
| #define PACKAGE "can-utils"
| #define VERSION "trunk"
| #define HAVE_FCNTL_H 1
| #define HAVE_LIMITS_H 1
| #define HAVE_LOCALE_H 1
| #define HAVE_STDINT_H 1
| #define HAVE_STDLIB_H 1
| #define HAVE_STRING_H 1
| #define HAVE_SYSLOG_H 1
| #define HAVE_TERMIOS_H 1
| #define HAVE_UNISTD_H 1
| #define HAVE_NETINET_IN_H 1
| #define HAVE_SYS_IOCTL_H 1
| #define HAVE_SYS_SOCKET_H 1
| #define HAVE_SYS_TIME_H 1
| #define HAVE_FORK 1
| #define HAVE_VFORK 1
| #define HAVE_ALARM 1
| #define HAVE_WORKING_VFORK 1
| #define HAVE_WORKING_FORK 1
| #define HAVE_ALARM 1
| #define HAVE_GETTIMEOFDAY 1
| #define HAVE_LOCALTIME_R 1
| #define HAVE_MEMSET 1
| #define HAVE_SELECT 1
| #define HAVE_SETLOCALE 1
| #define HAVE_SOCKET 1
| #define HAVE_STRCHR 1
| #define HAVE_STRERROR 1
| #define HAVE_STRSTR 1
| #define HAVE_STRTOUL 1
| #define SO_RXQ_OVFL 40
| #define PF_CAN 29
| #define AF_CAN PF_CAN
| #define N_SLCAN 17
| /* end confdefs.h.  */
| #include <stddef.h>
| #ifdef HAVE_STDIO_H
| # include <stdio.h>
| #endif
| #ifdef HAVE_STDLIB_H
| # include <stdlib.h>
| #endif
| #ifdef HAVE_STRING_H
| # include <string.h>
| #endif
| #ifdef HAVE_INTTYPES_H
| # include <inttypes.h>
| #endif
| #ifdef HAVE_STDINT_H
| # include <stdint.h>
| #endif
| #ifdef HAVE_STRINGS_H
| # include <strings.h>
| #endif
| #ifdef HAVE_SYS_TYPES_H
| # include <sys/types.h>
| #endif
| #ifdef HAVE_SYS_STAT_H
| # include <sys/stat.h>
| #endif
| #ifdef HAVE_UNISTD_H
| # include <unistd.h>
| #endif
| int
| main (void)
| {
| #ifndef SCM_TIMESTAMPING_OPT_STATS
| #ifdef __cplusplus
|   (void) SCM_TIMESTAMPING_OPT_STATS;
| #else
|   (void) SCM_TIMESTAMPING_OPT_STATS;
| #endif
| #endif
| 
|   ;
|   return 0;
| }
configure:14102: result: no
configure:14119: checking whether to enable debugging
configure:14132: result: no
configure:14283: checking that generated files are newer than configure
configure:14289: result: done
configure:14312: creating ./config.status

## ---------------------- ##
## Running config.status. ##
## ---------------------- ##

This file was extended by can-utils config.status trunk, which was
generated by GNU Autoconf 2.71.  Invocation command line was

  CONFIG_FILES    = 
  CONFIG_HEADERS  = 
  CONFIG_LINKS    = 
  CONFIG_COMMANDS = 
  $ ./config.status 

on LIB-CO-HQKXZZ2

config.status:1008: creating GNUmakefile
config.status:1180: executing libtool commands
config.status:1180: executing depfiles commands
configure:16268: WARNING: unrecognized options: --disable-gtk-doc, --disable-gtk-doc-html, --disable-doc, --disable-docs, --disable-documentation, --with-xmlto, --with-fop, --enable-ipv6, --disable-nls

## ---------------- ##
## Cache variables. ##
## ---------------- ##

ac_cv_build=x86_64-pc-linux-gnu
ac_cv_c_bigendian=no
ac_cv_c_compiler_gnu=yes
ac_cv_c_inline=inline
ac_cv_c_uint64_t=yes
ac_cv_c_undeclared_builtin_options='none needed'
ac_cv_env_CC_set=set
ac_cv_env_CC_value=/home/ajender/QemuV1/Docker/buildroot-2023.02.4/output/host/bin/arm-buildroot-linux-gnueabi-gcc
ac_cv_env_CFLAGS_set=set
ac_cv_env_CFLAGS_value='-D_LARGEFILE_SOURCE -D_LARGEFILE64_SOURCE -D_FILE_OFFSET_BITS=64  -Os -g0 -D_FORTIFY_SOURCE=1'
ac_cv_env_CPPFLAGS_set=set
ac_cv_env_CPPFLAGS_value='-D_LARGEFILE_SOURCE -D_LARGEFILE64_SOURCE -D_FILE_OFFSET_BITS=64'
ac_cv_env_LDFLAGS_set=set
ac_cv_env_LDFLAGS_value=
ac_cv_env_LIBS_set=
ac_cv_env_LIBS_value=
ac_cv_env_LT_SYS_LIBRARY_PATH_set=
ac_cv_env_LT_SYS_LIBRARY_PATH_value=
ac_cv_env_build_alias_set=set
ac_cv_env_build_alias_value=x86_64-pc-linux-gnu
ac_cv_env_host_alias_set=set
ac_cv_env_host_alias_value=arm-buildroot-linux-gnueabi
ac_cv_env_target_alias_set=set
ac_cv_env_target_alias_value=arm-buildroot-linux-gnueabi
ac_cv_func_alarm=yes
ac_cv_func_calloc_0_nonnull=yes
ac_cv_func_fork=yes
ac_cv_func_fork_works=yes
ac_cv_func_gettimeofday=yes
ac_cv_func_localtime_r=yes
ac_cv_func_malloc_0_nonnull=yes
ac_cv_func_memcmp_working=yes
ac_cv_func_memset=yes
ac_cv_func_mmap_fixed_mapped=yes
ac_cv_func_realloc_0_nonnull=yes
ac_cv_func_select=yes
ac_cv_func_setlocale=yes
ac_cv_func_socket=yes
ac_cv_func_strchr=yes
ac_cv_func_strerror=yes
ac_cv_func_strstr=yes
ac_cv_func_strtoul=yes
ac_cv_func_vfork=yes
ac_cv_func_vfork_works=yes
ac_cv_func_working_mktime=no
ac_cv_have_decl_AF_CAN=no
ac_cv_have_decl_N_SLCAN=no
ac_cv_have_decl_PF_CAN=no
ac_cv_have_decl_SCM_TIMESTAMPING_OPT_STATS=no
ac_cv_have_decl_SO_RXQ_OVFL=no
ac_cv_have_decl_malloc=yes
ac_cv_header_dlfcn_h=yes
ac_cv_header_fcntl_h=yes
ac_cv_header_inttypes_h=yes
ac_cv_header_limits_h=yes
ac_cv_header_locale_h=yes
ac_cv_header_netinet_in_h=yes
ac_cv_header_stdint_h=yes
ac_cv_header_stdio_h=yes
ac_cv_header_stdlib_h=yes
ac_cv_header_string_h=yes
ac_cv_header_strings_h=yes
ac_cv_header_sys_ioctl_h=yes
ac_cv_header_sys_socket_h=yes
ac_cv_header_sys_stat_h=yes
ac_cv_header_sys_time_h=yes
ac_cv_header_sys_types_h=yes
ac_cv_header_syslog_h=yes
ac_cv_header_termios_h=yes
ac_cv_header_unistd_h=yes
ac_cv_header_vfork_h=no
ac_cv_host=arm-buildroot-linux-gnueabi
ac_cv_lbl_unaligned_fail=yes
ac_cv_objext=o
ac_cv_path_EGREP='/usr/bin/grep -E'
ac_cv_path_FGREP='/usr/bin/grep -F'
ac_cv_path_GREP=/usr/bin/grep
ac_cv_path_SED=/usr/bin/sed
ac_cv_path_install='/usr/bin/install -c'
ac_cv_path_lt_DD=/usr/bin/dd
ac_cv_path_mkdir=/usr/bin/mkdir
ac_cv_prog_AR=/home/ajender/QemuV1/Docker/buildroot-2023.02.4/output/host/bin/arm-buildroot-linux-gnueabi-gcc-ar
ac_cv_prog_AWK=gawk
ac_cv_prog_CC=/home/ajender/QemuV1/Docker/buildroot-2023.02.4/output/host/bin/arm-buildroot-linux-gnueabi-gcc
ac_cv_prog_OBJDUMP=/home/ajender/QemuV1/Docker/buildroot-2023.02.4/output/host/bin/arm-buildroot-linux-gnueabi-objdump
ac_cv_prog_RANLIB=/home/ajender/QemuV1/Docker/buildroot-2023.02.4/output/host/bin/arm-buildroot-linux-gnueabi-gcc-ranlib
ac_cv_prog_STRIP=/home/ajender/QemuV1/Docker/buildroot-2023.02.4/output/host/bin/arm-buildroot-linux-gnueabi-strip
ac_cv_prog_ac_ct_MANIFEST_TOOL=mt
ac_cv_prog_cc_c11=
ac_cv_prog_cc_g=yes
ac_cv_prog_cc_stdc=
ac_cv_prog_make_make_set=yes
ac_cv_search_clock_nanosleep='none required'
ac_cv_sys_file_offset_bits=no
ac_cv_sys_largefile_CC=no
ac_cv_type_off_t=yes
ac_cv_type_pid_t=yes
am_cv_CC_dependencies_compiler_type=none
am_cv_make_support_nested_variables=yes
am_cv_prog_cc_c_o=yes
gl_cv_func_malloc_0_nonnull=yes
lt_cv_ar_at_file=@
lt_cv_archive_cmds_need_lc=no
lt_cv_deplibs_check_method=pass_all
lt_cv_file_magic_cmd='$MAGIC_CMD'
lt_cv_file_magic_test_file=
lt_cv_ld_reload_flag=-r
lt_cv_nm_interface='BSD nm'
lt_cv_objdir=.libs
lt_cv_path_LD=/home/ajender/QemuV1/Docker/buildroot-2023.02.4/output/host/bin/arm-buildroot-linux-gnueabi-ld
lt_cv_path_NM=/home/ajender/QemuV1/Docker/buildroot-2023.02.4/output/host/bin/arm-buildroot-linux-gnueabi-gcc-nm
lt_cv_path_mainfest_tool=no
lt_cv_prog_compiler_c_o=yes
lt_cv_prog_compiler_pic='-fPIC -DPIC'
lt_cv_prog_compiler_pic_works=yes
lt_cv_prog_compiler_rtti_exceptions=no
lt_cv_prog_compiler_static_works=yes
lt_cv_prog_gnu_ld=yes
lt_cv_sharedlib_from_linklib_cmd='printf %s\n'
lt_cv_shlibpath_overrides_runpath=no
lt_cv_sys_global_symbol_pipe='sed -n -e '\''s/^.*[	 ]\([ABCDGIRSTW][ABCDGIRSTW]*\)[	 ][	 ]*\([_A-Za-z][_A-Za-z0-9]*\)$/\1 \2 \2/p'\'' | sed '\''/ __gnu_lto/d'\'''
lt_cv_sys_global_symbol_to_c_name_address='sed -n -e '\''s/^: \(.*\) .*$/  {"\1", (void *) 0},/p'\'' -e '\''s/^[ABCDGIRSTW][ABCDGIRSTW]* .* \(.*\)$/  {"\1", (void *) \&\1},/p'\'''
lt_cv_sys_global_symbol_to_c_name_address_lib_prefix='sed -n -e '\''s/^: \(.*\) .*$/  {"\1", (void *) 0},/p'\'' -e '\''s/^[ABCDGIRSTW][ABCDGIRSTW]* .* \(lib.*\)$/  {"\1", (void *) \&\1},/p'\'' -e '\''s/^[ABCDGIRSTW][ABCDGIRSTW]* .* \(.*\)$/  {"lib\1", (void *) \&\1},/p'\'''
lt_cv_sys_global_symbol_to_cdecl='sed -n -e '\''s/^T .* \(.*\)$/extern int \1();/p'\'' -e '\''s/^[ABCDGIRSTW][ABCDGIRSTW]* .* \(.*\)$/extern char \1;/p'\'''
lt_cv_sys_global_symbol_to_import=
lt_cv_sys_lib_search_path_spec=
lt_cv_sys_max_cmd_len=1572864
lt_cv_to_host_file_cmd=func_convert_file_noop
lt_cv_to_tool_file_cmd=func_convert_file_noop
lt_cv_truncate_bin='/usr/bin/dd bs=4096 count=1'

## ----------------- ##
## Output variables. ##
## ----------------- ##

ACLOCAL='${SHELL} '\''/home/ajender/QemuV1/Docker/buildroot-2023.02.4/output/build/can-utils-2021.08.0/config/autoconf/missing'\'' aclocal-1.16'
AMDEPBACKSLASH=''
AMDEP_FALSE=''
AMDEP_TRUE='#'
AMTAR='$${TAR-tar}'
AM_BACKSLASH='\'
AM_DEFAULT_V='$(AM_DEFAULT_VERBOSITY)'
AM_DEFAULT_VERBOSITY='0'
AM_V='$(V)'
AR='/home/ajender/QemuV1/Docker/buildroot-2023.02.4/output/host/bin/arm-buildroot-linux-gnueabi-gcc-ar'
AS='/home/ajender/QemuV1/Docker/buildroot-2023.02.4/output/host/bin/arm-buildroot-linux-gnueabi-as'
AUTOCONF='${SHELL} '\''/home/ajender/QemuV1/Docker/buildroot-2023.02.4/output/build/can-utils-2021.08.0/config/autoconf/missing'\'' autoconf'
AUTOHEADER='${SHELL} '\''/home/ajender/QemuV1/Docker/buildroot-2023.02.4/output/build/can-utils-2021.08.0/config/autoconf/missing'\'' autoheader'
AUTOMAKE='${SHELL} '\''/home/ajender/QemuV1/Docker/buildroot-2023.02.4/output/build/can-utils-2021.08.0/config/autoconf/missing'\'' automake-1.16'
AWK='gawk'
CC='/home/ajender/QemuV1/Docker/buildroot-2023.02.4/output/host/bin/arm-buildroot-linux-gnueabi-gcc'
CCDEPMODE='depmode=none'
CFLAGS='-D_LARGEFILE_SOURCE -D_LARGEFILE64_SOURCE -D_FILE_OFFSET_BITS=64  -Os -g0 -D_FORTIFY_SOURCE=1 -Wall -O2'
CPPFLAGS='-D_LARGEFILE_SOURCE -D_LARGEFILE64_SOURCE -D_FILE_OFFSET_BITS=64'
CSCOPE='cscope'
CTAGS='ctags'
CYGPATH_W='echo'
DEFS='-DPACKAGE_NAME=\"can-utils\" -DPACKAGE_TARNAME=\"can-utils\" -DPACKAGE_VERSION=\"trunk\" -DPACKAGE_STRING=\"can-utils\ trunk\" -DPACKAGE_BUGREPORT=\"linux-can@vger.kernel.org\" -DPACKAGE_URL=\"\" -DHAVE_STDIO_H=1 -DHAVE_STDLIB_H=1 -DHAVE_STRING_H=1 -DHAVE_INTTYPES_H=1 -DHAVE_STDINT_H=1 -DHAVE_STRINGS_H=1 -DHAVE_SYS_STAT_H=1 -DHAVE_SYS_TYPES_H=1 -DHAVE_UNISTD_H=1 -DHAVE_SYS_TIME_H=1 -DSTDC_HEADERS=1 -DHAVE_DLFCN_H=1 -DLT_OBJDIR=\".libs/\" -DPACKAGE=\"can-utils\" -DVERSION=\"trunk\" -DHAVE_FCNTL_H=1 -DHAVE_LIMITS_H=1 -DHAVE_LOCALE_H=1 -DHAVE_STDINT_H=1 -DHAVE_STDLIB_H=1 -DHAVE_STRING_H=1 -DHAVE_SYSLOG_H=1 -DHAVE_TERMIOS_H=1 -DHAVE_UNISTD_H=1 -DHAVE_NETINET_IN_H=1 -DHAVE_SYS_IOCTL_H=1 -DHAVE_SYS_SOCKET_H=1 -DHAVE_SYS_TIME_H=1 -DHAVE_FORK=1 -DHAVE_VFORK=1 -DHAVE_ALARM=1 -DHAVE_WORKING_VFORK=1 -DHAVE_WORKING_FORK=1 -DHAVE_ALARM=1 -DHAVE_GETTIMEOFDAY=1 -DHAVE_LOCALTIME_R=1 -DHAVE_MEMSET=1 -DHAVE_SELECT=1 -DHAVE_SETLOCALE=1 -DHAVE_SOCKET=1 -DHAVE_STRCHR=1 -DHAVE_STRERROR=1 -DHAVE_STRSTR=1 -DHAVE_STRTOUL=1 -DSO_RXQ_OVFL=40 -DPF_CAN=29 -DAF_CAN=PF_CAN -DN_SLCAN=17 -DSCM_TIMESTAMPING_OPT_STATS=54 -D_GNU_SOURCE=1'
DEPDIR='.deps'
DLLTOOL='false'
DSYMUTIL=''
DUMPBIN=''
ECHO_C=''
ECHO_N='-n'
ECHO_T=''
EGREP='/usr/bin/grep -E'
ETAGS='etags'
EXEEXT=''
FGREP='/usr/bin/grep -F'
GREP='/usr/bin/grep'
INSTALL_DATA='${INSTALL} -m 644'
INSTALL_PROGRAM='${INSTALL}'
INSTALL_SCRIPT='${INSTALL}'
INSTALL_STRIP_PROGRAM='$(install_sh) -c -s'
LD='/home/ajender/QemuV1/Docker/buildroot-2023.02.4/output/host/bin/arm-buildroot-linux-gnueabi-ld'
LDFLAGS=''
LIBOBJS=' ${LIBOBJDIR}mktime$U.o'
LIBS=''
LIBTOOL='$(SHELL) $(top_builddir)/libtool'
LIPO=''
LN_S='ln -s'
LTLIBOBJS=' ${LIBOBJDIR}mktime$U.lo'
LT_SYS_LIBRARY_PATH=''
MAKEINFO='${SHELL} '\''/home/ajender/QemuV1/Docker/buildroot-2023.02.4/output/build/can-utils-2021.08.0/config/autoconf/missing'\'' makeinfo'
MANIFEST_TOOL=':'
MKDIR_P='/usr/bin/mkdir -p'
NM='/home/ajender/QemuV1/Docker/buildroot-2023.02.4/output/host/bin/arm-buildroot-linux-gnueabi-gcc-nm'
NMEDIT=''
OBJDUMP='/home/ajender/QemuV1/Docker/buildroot-2023.02.4/output/host/bin/arm-buildroot-linux-gnueabi-objdump'
OBJEXT='o'
OTOOL64=''
OTOOL=''
PACKAGE='can-utils'
PACKAGE_BUGREPORT='linux-can@vger.kernel.org'
PACKAGE_NAME='can-utils'
PACKAGE_STRING='can-utils trunk'
PACKAGE_TARNAME='can-utils'
PACKAGE_URL=''
PACKAGE_VERSION='trunk'
PATH_SEPARATOR=':'
RANLIB='/home/ajender/QemuV1/Docker/buildroot-2023.02.4/output/host/bin/arm-buildroot-linux-gnueabi-gcc-ranlib'
SED='/usr/bin/sed'
SET_MAKE=''
SHELL='/bin/bash'
STRIP='/home/ajender/QemuV1/Docker/buildroot-2023.02.4/output/host/bin/arm-buildroot-linux-gnueabi-strip'
VERSION='trunk'
ac_ct_AR=''
ac_ct_CC=''
ac_ct_DUMPBIN=''
am__EXEEXT_FALSE=''
am__EXEEXT_TRUE='#'
am__fastdepCC_FALSE=''
am__fastdepCC_TRUE='#'
am__include='include'
am__isrc=''
am__leading_dot='.'
am__nodep=''
am__quote=''
am__tar='$${TAR-tar} chof - "$$tardir"'
am__untar='$${TAR-tar} xf -'
bindir='${exec_prefix}/bin'
build='x86_64-pc-linux-gnu'
build_alias='x86_64-pc-linux-gnu'
build_cpu='x86_64'
build_os='linux-gnu'
build_vendor='pc'
datadir='${datarootdir}'
datarootdir='${prefix}/share'
docdir='${datarootdir}/doc/${PACKAGE_TARNAME}'
dvidir='${docdir}'
exec_prefix='/usr'
host='arm-buildroot-linux-gnueabi'
host_alias='arm-buildroot-linux-gnueabi'
host_cpu='arm'
host_os='linux-gnueabi'
host_vendor='buildroot'
htmldir='${docdir}'
includedir='${prefix}/include'
infodir='${datarootdir}/info'
install_sh='${SHELL} /home/ajender/QemuV1/Docker/buildroot-2023.02.4/output/build/can-utils-2021.08.0/config/autoconf/install-sh'
libdir='${exec_prefix}/lib'
libexecdir='${exec_prefix}/libexec'
localedir='${datarootdir}/locale'
localstatedir='/var'
mandir='${datarootdir}/man'
mkdir_p='$(MKDIR_P)'
oldincludedir='/usr/include'
pdfdir='${docdir}'
prefix='/usr'
program_transform_name='s&^&&'
psdir='${docdir}'
runstatedir='${localstatedir}/run'
sbindir='${exec_prefix}/sbin'
sharedstatedir='${prefix}/com'
sysconfdir='/etc'
target_alias='arm-buildroot-linux-gnueabi'

## ----------- ##
## confdefs.h. ##
## ----------- ##

/* confdefs.h */
#define PACKAGE_NAME "can-utils"
#define PACKAGE_TARNAME "can-utils"
#define PACKAGE_VERSION "trunk"
#define PACKAGE_STRING "can-utils trunk"
#define PACKAGE_BUGREPORT "linux-can@vger.kernel.org"
#define PACKAGE_URL ""
#define HAVE_STDIO_H 1
#define HAVE_STDLIB_H 1
#define HAVE_STRING_H 1
#define HAVE_INTTYPES_H 1
#define HAVE_STDINT_H 1
#define HAVE_STRINGS_H 1
#define HAVE_SYS_STAT_H 1
#define HAVE_SYS_TYPES_H 1
#define HAVE_UNISTD_H 1
#define HAVE_SYS_TIME_H 1
#define STDC_HEADERS 1
#define HAVE_DLFCN_H 1
#define LT_OBJDIR ".libs/"
#define PACKAGE "can-utils"
#define VERSION "trunk"
#define HAVE_FCNTL_H 1
#define HAVE_LIMITS_H 1
#define HAVE_LOCALE_H 1
#define HAVE_STDINT_H 1
#define HAVE_STDLIB_H 1
#define HAVE_STRING_H 1
#define HAVE_SYSLOG_H 1
#define HAVE_TERMIOS_H 1
#define HAVE_UNISTD_H 1
#define HAVE_NETINET_IN_H 1
#define HAVE_SYS_IOCTL_H 1
#define HAVE_SYS_SOCKET_H 1
#define HAVE_SYS_TIME_H 1
#define HAVE_FORK 1
#define HAVE_VFORK 1
#define HAVE_ALARM 1
#define HAVE_WORKING_VFORK 1
#define HAVE_WORKING_FORK 1
#define HAVE_ALARM 1
#define HAVE_GETTIMEOFDAY 1
#define HAVE_LOCALTIME_R 1
#define HAVE_MEMSET 1
#define HAVE_SELECT 1
#define HAVE_SETLOCALE 1
#define HAVE_SOCKET 1
#define HAVE_STRCHR 1
#define HAVE_STRERROR 1
#define HAVE_STRSTR 1
#define HAVE_STRTOUL 1
#define SO_RXQ_OVFL 40
#define PF_CAN 29
#define AF_CAN PF_CAN
#define N_SLCAN 17
#define SCM_TIMESTAMPING_OPT_STATS 54
#define _GNU_SOURCE 1

configure: exit 0
