This file contains any messages produced by compilers while
running configure, to aid debugging if configure makes a mistake.

It was created by libsocketcan configure 0.0.12, which was
generated by GNU Autoconf 2.69.  Invocation command line was

  $ ./configure --target=arm-buildroot-linux-gnueabi --host=arm-buildroot-linux-gnueabi --build=x86_64-pc-linux-gnu --prefix=/usr --exec-prefix=/usr --sysconfdir=/etc --localstatedir=/var --program-prefix= --disable-gtk-doc --disable-gtk-doc-html --disable-doc --disable-docs --disable-documentation --with-xmlto=no --with-fop=no --disable-dependency-tracking --enable-ipv6 --disable-nls --disable-static --enable-shared

## --------- ##
## Platform. ##
## --------- ##

hostname = LIB-CO-HQKXZZ2
uname -m = x86_64
uname -r = 5.10.102.1-microsoft-standard-WSL2
uname -s = Linux
uname -v = #1 SMP Wed Mar 2 00:30:59 UTC 2022

/usr/bin/uname -p = x86_64
/bin/uname -X     = unknown

/bin/arch              = x86_64
/usr/bin/arch -k       = unknown
/usr/convex/getsysinfo = unknown
/usr/bin/hostinfo      = unknown
/bin/machine           = unknown
/usr/bin/oslevel       = unknown
/bin/universe          = unknown

PATH: /home/ajender/QemuV1/Docker/buildroot-2023.02.4/output/host/bin
PATH: /home/ajender/QemuV1/Docker/buildroot-2023.02.4/output/host/sbin
PATH: /home/ajender/.vscode-server/bin/6c3e3dba23e8fadc360aed75ce363ba185c49794/bin/remote-cli
PATH: /usr/local/sbin
PATH: /usr/local/bin
PATH: /usr/sbin
PATH: /usr/bin
PATH: /sbin
PATH: /bin
PATH: /usr/games
PATH: /usr/local/games
PATH: /usr/lib/wsl/lib


## ----------- ##
## Core tests. ##
## ----------- ##

configure:2326: checking build system type
configure:2340: result: x86_64-pc-linux-gnu
configure:2360: checking host system type
configure:2373: result: arm-buildroot-linux-gnueabi
configure:2422: checking for arm-buildroot-linux-gnueabi-gcc
configure:2449: result: /home/ajender/QemuV1/Docker/buildroot-2023.02.4/output/host/bin/arm-buildroot-linux-gnueabi-gcc
configure:2718: checking for C compiler version
configure:2727: /home/ajender/QemuV1/Docker/buildroot-2023.02.4/output/host/bin/arm-buildroot-linux-gnueabi-gcc --version >&5
arm-buildroot-linux-gnueabi-gcc.br_real (Buildroot -ga6cd16e-dirty) 11.4.0
Copyright (C) 2021 Free Software Foundation, Inc.
This is free software; see the source for copying conditions.  There is NO
warranty; not even for MERCHANTABILITY or FITNESS FOR A PARTICULAR PURPOSE.

configure:2738: $? = 0
configure:2727: /home/ajender/QemuV1/Docker/buildroot-2023.02.4/output/host/bin/arm-buildroot-linux-gnueabi-gcc -v >&5
Using built-in specs.
COLLECT_GCC=/home/ajender/QemuV1/Docker/buildroot-2023.02.4/output/host/bin/arm-buildroot-linux-gnueabi-gcc.br_real
COLLECT_LTO_WRAPPER=/home/ajender/QemuV1/Docker/buildroot-2023.02.4/output/host/libexec/gcc/arm-buildroot-linux-gnueabi/11.4.0/lto-wrapper
Target: arm-buildroot-linux-gnueabi
Configured with: ./configure --prefix=/home/ajender/QemuV1/Docker/buildroot-2023.02.4/output/host --sysconfdir=/home/ajender/QemuV1/Docker/buildroot-2023.02.4/output/host/etc --enable-static --target=arm-buildroot-linux-gnueabi --with-sysroot=/home/ajender/QemuV1/Docker/buildroot-2023.02.4/output/host/arm-buildroot-linux-gnueabi/sysroot --enable-__cxa_atexit --with-gnu-ld --disable-libssp --disable-multilib --disable-decimal-float --enable-plugins --enable-lto --with-gmp=/home/ajender/QemuV1/Docker/buildroot-2023.02.4/output/host --with-mpc=/home/ajender/QemuV1/Docker/buildroot-2023.02.4/output/host --with-mpfr=/home/ajender/QemuV1/Docker/buildroot-2023.02.4/output/host --with-pkgversion='Buildroot -ga6cd16e-dirty' --with-bugurl=http://bugs.buildroot.net/ --without-zstd --disable-libquadmath --disable-libquadmath-support --enable-tls --enable-threads --without-isl --without-cloog --with-float=soft --with-abi=aapcs-linux --with-cpu=arm926ej-s --with-float=soft --with-mode=arm --enable-languages=c --with-build-time-tools=/home/ajender/QemuV1/Docker/buildroot-2023.02.4/output/host/arm-buildroot-linux-gnueabi/bin --enable-shared --disable-libgomp
Thread model: posix
Supported LTO compression algorithms: zlib
gcc version 11.4.0 (Buildroot -ga6cd16e-dirty) 
COMPILER_PATH=/home/ajender/QemuV1/Docker/buildroot-2023.02.4/output/host/libexec/gcc/arm-buildroot-linux-gnueabi/11.4.0/:/home/ajender/QemuV1/Docker/buildroot-2023.02.4/output/host/libexec/gcc/arm-buildroot-linux-gnueabi/11.4.0/:/home/ajender/QemuV1/Docker/buildroot-2023.02.4/output/host/libexec/gcc/arm-buildroot-linux-gnueabi/:/home/ajender/QemuV1/Docker/buildroot-2023.02.4/output/host/lib/gcc/arm-buildroot-linux-gnueabi/11.4.0/:/home/ajender/QemuV1/Docker/buildroot-2023.02.4/output/host/lib/gcc/arm-buildroot-linux-gnueabi/:/home/ajender/QemuV1/Docker/buildroot-2023.02.4/output/host/lib/gcc/arm-buildroot-linux-gnueabi/11.4.0/../../../../arm-buildroot-linux-gnueabi/bin/
LIBRARY_PATH=/home/ajender/QemuV1/Docker/buildroot-2023.02.4/output/host/lib/gcc/arm-buildroot-linux-gnueabi/11.4.0/:/home/ajender/QemuV1/Docker/buildroot-2023.02.4/output/host/lib/gcc/arm-buildroot-linux-gnueabi/11.4.0/../../../../arm-buildroot-linux-gnueabi/lib/:/home/ajender/QemuV1/Docker/buildroot-2023.02.4/output/host/arm-buildroot-linux-gnueabi/sysroot/lib/:/home/ajender/QemuV1/Docker/buildroot-2023.02.4/output/host/arm-buildroot-linux-gnueabi/sysroot/usr/lib/
... rest of stderr output deleted ...
configure:2738: $? = 1
configure:2727: /home/ajender/QemuV1/Docker/buildroot-2023.02.4/output/host/bin/arm-buildroot-linux-gnueabi-gcc -V >&5
arm-buildroot-linux-gnueabi-gcc.br_real: error: unrecognized command-line option '-V'
configure:2738: $? = 1
configure:2727: /home/ajender/QemuV1/Docker/buildroot-2023.02.4/output/host/bin/arm-buildroot-linux-gnueabi-gcc -qversion >&5
arm-buildroot-linux-gnueabi-gcc.br_real: error: unrecognized command-line option '-qversion'; did you mean '--version'?
configure:2738: $? = 1
configure:2758: checking whether the C compiler works
configure:2780: /home/ajender/QemuV1/Docker/buildroot-2023.02.4/output/host/bin/arm-buildroot-linux-gnueabi-gcc -D_LARGEFILE_SOURCE -D_LARGEFILE64_SOURCE -D_FILE_OFFSET_BITS=64  -Os -g0 -D_FORTIFY_SOURCE=1 -Wall -D_LARGEFILE_SOURCE -D_LARGEFILE64_SOURCE -D_FILE_OFFSET_BITS=64  conftest.c  >&5
configure:2784: $? = 0
configure:2832: result: yes
configure:2835: checking for C compiler default output file name
configure:2837: result: a.out
configure:2843: checking for suffix of executables
configure:2850: /home/ajender/QemuV1/Docker/buildroot-2023.02.4/output/host/bin/arm-buildroot-linux-gnueabi-gcc -o conftest -D_LARGEFILE_SOURCE -D_LARGEFILE64_SOURCE -D_FILE_OFFSET_BITS=64  -Os -g0 -D_FORTIFY_SOURCE=1 -Wall -D_LARGEFILE_SOURCE -D_LARGEFILE64_SOURCE -D_FILE_OFFSET_BITS=64  conftest.c  >&5
configure:2854: $? = 0
configure:2876: result: 
configure:2898: checking whether we are cross compiling
configure:2936: result: yes
configure:2941: checking for suffix of object files
configure:2963: /home/ajender/QemuV1/Docker/buildroot-2023.02.4/output/host/bin/arm-buildroot-linux-gnueabi-gcc -c -D_LARGEFILE_SOURCE -D_LARGEFILE64_SOURCE -D_FILE_OFFSET_BITS=64  -Os -g0 -D_FORTIFY_SOURCE=1 -Wall -D_LARGEFILE_SOURCE -D_LARGEFILE64_SOURCE -D_FILE_OFFSET_BITS=64 conftest.c >&5
configure:2967: $? = 0
configure:2988: result: o
configure:2992: checking whether we are using the GNU C compiler
configure:3011: /home/ajender/QemuV1/Docker/buildroot-2023.02.4/output/host/bin/arm-buildroot-linux-gnueabi-gcc -c -D_LARGEFILE_SOURCE -D_LARGEFILE64_SOURCE -D_FILE_OFFSET_BITS=64  -Os -g0 -D_FORTIFY_SOURCE=1 -Wall -D_LARGEFILE_SOURCE -D_LARGEFILE64_SOURCE -D_FILE_OFFSET_BITS=64 conftest.c >&5
configure:3011: $? = 0
configure:3020: result: yes
configure:3029: checking whether /home/ajender/QemuV1/Docker/buildroot-2023.02.4/output/host/bin/arm-buildroot-linux-gnueabi-gcc accepts -g
configure:3049: /home/ajender/QemuV1/Docker/buildroot-2023.02.4/output/host/bin/arm-buildroot-linux-gnueabi-gcc -c -g -D_LARGEFILE_SOURCE -D_LARGEFILE64_SOURCE -D_FILE_OFFSET_BITS=64 conftest.c >&5
configure:3049: $? = 0
configure:3090: result: yes
configure:3107: checking for /home/ajender/QemuV1/Docker/buildroot-2023.02.4/output/host/bin/arm-buildroot-linux-gnueabi-gcc option to accept ISO C89
configure:3170: /home/ajender/QemuV1/Docker/buildroot-2023.02.4/output/host/bin/arm-buildroot-linux-gnueabi-gcc  -c -D_LARGEFILE_SOURCE -D_LARGEFILE64_SOURCE -D_FILE_OFFSET_BITS=64  -Os -g0 -D_FORTIFY_SOURCE=1 -Wall -D_LARGEFILE_SOURCE -D_LARGEFILE64_SOURCE -D_FILE_OFFSET_BITS=64 conftest.c >&5
configure:3170: $? = 0
configure:3183: result: none needed
configure:3211: checking whether /home/ajender/QemuV1/Docker/buildroot-2023.02.4/output/host/bin/arm-buildroot-linux-gnueabi-gcc understands -c and -o together
configure:3233: /home/ajender/QemuV1/Docker/buildroot-2023.02.4/output/host/bin/arm-buildroot-linux-gnueabi-gcc -c conftest.c -o conftest2.o
configure:3236: $? = 0
configure:3233: /home/ajender/QemuV1/Docker/buildroot-2023.02.4/output/host/bin/arm-buildroot-linux-gnueabi-gcc -c conftest.c -o conftest2.o
configure:3236: $? = 0
configure:3248: result: yes
configure:3311: checking how to print strings
configure:3338: result: printf
configure:3359: checking for a sed that does not truncate output
configure:3423: result: /usr/bin/sed
configure:3441: checking for grep that handles long lines and -e
configure:3499: result: /usr/bin/grep
configure:3504: checking for egrep
configure:3566: result: /usr/bin/grep -E
configure:3571: checking for fgrep
configure:3633: result: /usr/bin/grep -F
configure:3668: checking for ld used by /home/ajender/QemuV1/Docker/buildroot-2023.02.4/output/host/bin/arm-buildroot-linux-gnueabi-gcc
configure:3735: result: /home/ajender/QemuV1/Docker/buildroot-2023.02.4/output/host/bin/arm-buildroot-linux-gnueabi-ld
configure:3742: checking if the linker (/home/ajender/QemuV1/Docker/buildroot-2023.02.4/output/host/bin/arm-buildroot-linux-gnueabi-ld) is GNU ld
configure:3757: result: yes
configure:3769: checking for BSD- or MS-compatible name lister (nm)
configure:3823: result: /home/ajender/QemuV1/Docker/buildroot-2023.02.4/output/host/bin/arm-buildroot-linux-gnueabi-gcc-nm
configure:3953: checking the name lister (/home/ajender/QemuV1/Docker/buildroot-2023.02.4/output/host/bin/arm-buildroot-linux-gnueabi-gcc-nm) interface
configure:3960: /home/ajender/QemuV1/Docker/buildroot-2023.02.4/output/host/bin/arm-buildroot-linux-gnueabi-gcc -c -D_LARGEFILE_SOURCE -D_LARGEFILE64_SOURCE -D_FILE_OFFSET_BITS=64  -Os -g0 -D_FORTIFY_SOURCE=1 -Wall -D_LARGEFILE_SOURCE -D_LARGEFILE64_SOURCE -D_FILE_OFFSET_BITS=64 conftest.c >&5
configure:3963: /home/ajender/QemuV1/Docker/buildroot-2023.02.4/output/host/bin/arm-buildroot-linux-gnueabi-gcc-nm "conftest.o"
configure:3966: output
00000000 B some_variable
configure:3973: result: BSD nm
configure:3976: checking whether ln -s works
configure:3980: result: yes
configure:3988: checking the maximum length of command line arguments
configure:4119: result: 1572864
configure:4167: checking how to convert x86_64-pc-linux-gnu file names to arm-buildroot-linux-gnueabi format
configure:4207: result: func_convert_file_noop
configure:4214: checking how to convert x86_64-pc-linux-gnu file names to toolchain format
configure:4234: result: func_convert_file_noop
configure:4241: checking for /home/ajender/QemuV1/Docker/buildroot-2023.02.4/output/host/bin/arm-buildroot-linux-gnueabi-ld option to reload object files
configure:4248: result: -r
configure:4282: checking for arm-buildroot-linux-gnueabi-objdump
configure:4309: result: /home/ajender/QemuV1/Docker/buildroot-2023.02.4/output/host/bin/arm-buildroot-linux-gnueabi-objdump
configure:4378: checking how to recognize dependent libraries
configure:4578: result: pass_all
configure:4623: checking for arm-buildroot-linux-gnueabi-dlltool
configure:4653: result: no
configure:4663: checking for dlltool
configure:4693: result: no
configure:4720: checking how to associate runtime and link libraries
configure:4747: result: printf %s\n
configure:4764: checking for arm-buildroot-linux-gnueabi-ar
configure:4791: result: /home/ajender/QemuV1/Docker/buildroot-2023.02.4/output/host/bin/arm-buildroot-linux-gnueabi-gcc-ar
configure:4872: checking for archiver @FILE support
configure:4889: /home/ajender/QemuV1/Docker/buildroot-2023.02.4/output/host/bin/arm-buildroot-linux-gnueabi-gcc -c -D_LARGEFILE_SOURCE -D_LARGEFILE64_SOURCE -D_FILE_OFFSET_BITS=64  -Os -g0 -D_FORTIFY_SOURCE=1 -Wall -D_LARGEFILE_SOURCE -D_LARGEFILE64_SOURCE -D_FILE_OFFSET_BITS=64 conftest.c >&5
configure:4889: $? = 0
configure:4892: /home/ajender/QemuV1/Docker/buildroot-2023.02.4/output/host/bin/arm-buildroot-linux-gnueabi-gcc-ar cr libconftest.a @conftest.lst >&5
configure:4895: $? = 0
configure:4900: /home/ajender/QemuV1/Docker/buildroot-2023.02.4/output/host/bin/arm-buildroot-linux-gnueabi-gcc-ar cr libconftest.a @conftest.lst >&5
/home/ajender/QemuV1/Docker/buildroot-2023.02.4/output/host/lib/gcc/arm-buildroot-linux-gnueabi/11.4.0/../../../../arm-buildroot-linux-gnueabi/bin/ar: conftest.o: No such file or directory
configure:4903: $? = 1
configure:4915: result: @
configure:4933: checking for arm-buildroot-linux-gnueabi-strip
configure:4960: result: /home/ajender/QemuV1/Docker/buildroot-2023.02.4/output/host/bin/arm-buildroot-linux-gnueabi-strip
configure:5032: checking for arm-buildroot-linux-gnueabi-ranlib
configure:5059: result: /home/ajender/QemuV1/Docker/buildroot-2023.02.4/output/host/bin/arm-buildroot-linux-gnueabi-gcc-ranlib
configure:5176: checking for gawk
configure:5192: found /home/ajender/QemuV1/Docker/buildroot-2023.02.4/output/host/bin/gawk
configure:5203: result: gawk
configure:5243: checking command to parse /home/ajender/QemuV1/Docker/buildroot-2023.02.4/output/host/bin/arm-buildroot-linux-gnueabi-gcc-nm output from /home/ajender/QemuV1/Docker/buildroot-2023.02.4/output/host/bin/arm-buildroot-linux-gnueabi-gcc object
configure:5396: /home/ajender/QemuV1/Docker/buildroot-2023.02.4/output/host/bin/arm-buildroot-linux-gnueabi-gcc -c -D_LARGEFILE_SOURCE -D_LARGEFILE64_SOURCE -D_FILE_OFFSET_BITS=64  -Os -g0 -D_FORTIFY_SOURCE=1 -Wall -D_LARGEFILE_SOURCE -D_LARGEFILE64_SOURCE -D_FILE_OFFSET_BITS=64 conftest.c >&5
configure:5399: $? = 0
configure:5403: /home/ajender/QemuV1/Docker/buildroot-2023.02.4/output/host/bin/arm-buildroot-linux-gnueabi-gcc-nm conftest.o | sed -n -e 's/^.*[	 ]\([ABCDGIRSTW][ABCDGIRSTW]*\)[	 ][	 ]*\([_A-Za-z][_A-Za-z0-9]*\)$/\1 \2 \2/p' | sed '/ __gnu_lto/d' > conftest.nm
configure:5469: /home/ajender/QemuV1/Docker/buildroot-2023.02.4/output/host/bin/arm-buildroot-linux-gnueabi-gcc -o conftest -D_LARGEFILE_SOURCE -D_LARGEFILE64_SOURCE -D_FILE_OFFSET_BITS=64  -Os -g0 -D_FORTIFY_SOURCE=1 -Wall -D_LARGEFILE_SOURCE -D_LARGEFILE64_SOURCE -D_FILE_OFFSET_BITS=64  conftest.c conftstm.o >&5
configure:5472: $? = 0
configure:5510: result: ok
configure:5557: checking for sysroot
configure:5587: result: no
configure:5594: checking for a working dd
configure:5632: result: /usr/bin/dd
configure:5636: checking how to truncate binary pipes
configure:5651: result: /usr/bin/dd bs=4096 count=1
configure:5940: checking for arm-buildroot-linux-gnueabi-mt
configure:5970: result: no
configure:5980: checking for mt
configure:5996: found /usr/bin/mt
configure:6007: result: mt
configure:6019: WARNING: using cross tools not prefixed with host triplet
configure:6030: checking if mt is a manifest tool
configure:6036: mt '-?'
configure:6044: result: no
configure:6721: checking how to run the C preprocessor
configure:6791: result: /home/ajender/QemuV1/Docker/buildroot-2023.02.4/output/host/bin/arm-buildroot-linux-gnueabi-cpp
configure:6811: /home/ajender/QemuV1/Docker/buildroot-2023.02.4/output/host/bin/arm-buildroot-linux-gnueabi-cpp -D_LARGEFILE_SOURCE -D_LARGEFILE64_SOURCE -D_FILE_OFFSET_BITS=64 conftest.c
configure:6811: $? = 0
configure:6825: /home/ajender/QemuV1/Docker/buildroot-2023.02.4/output/host/bin/arm-buildroot-linux-gnueabi-cpp -D_LARGEFILE_SOURCE -D_LARGEFILE64_SOURCE -D_FILE_OFFSET_BITS=64 conftest.c
conftest.c:9:10: fatal error: ac_nonexistent.h: No such file or directory
    9 | #include <ac_nonexistent.h>
      |          ^~~~~~~~~~~~~~~~~~
compilation terminated.
configure:6825: $? = 1
configure: failed program was:
| /* confdefs.h */
| #define PACKAGE_NAME "libsocketcan"
| #define PACKAGE_TARNAME "libsocketcan"
| #define PACKAGE_VERSION "0.0.12"
| #define PACKAGE_STRING "libsocketcan 0.0.12"
| #define PACKAGE_BUGREPORT "bugs@pengutronix.de"
| #define PACKAGE_URL ""
| /* end confdefs.h.  */
| #include <ac_nonexistent.h>
configure:6854: checking for ANSI C header files
configure:6874: /home/ajender/QemuV1/Docker/buildroot-2023.02.4/output/host/bin/arm-buildroot-linux-gnueabi-gcc -c -D_LARGEFILE_SOURCE -D_LARGEFILE64_SOURCE -D_FILE_OFFSET_BITS=64  -Os -g0 -D_FORTIFY_SOURCE=1 -Wall -D_LARGEFILE_SOURCE -D_LARGEFILE64_SOURCE -D_FILE_OFFSET_BITS=64 conftest.c >&5
configure:6874: $? = 0
configure:6958: result: yes
configure:6971: checking for sys/types.h
configure:6971: /home/ajender/QemuV1/Docker/buildroot-2023.02.4/output/host/bin/arm-buildroot-linux-gnueabi-gcc -c -D_LARGEFILE_SOURCE -D_LARGEFILE64_SOURCE -D_FILE_OFFSET_BITS=64  -Os -g0 -D_FORTIFY_SOURCE=1 -Wall -D_LARGEFILE_SOURCE -D_LARGEFILE64_SOURCE -D_FILE_OFFSET_BITS=64 conftest.c >&5
configure:6971: $? = 0
configure:6971: result: yes
configure:6971: checking for sys/stat.h
configure:6971: /home/ajender/QemuV1/Docker/buildroot-2023.02.4/output/host/bin/arm-buildroot-linux-gnueabi-gcc -c -D_LARGEFILE_SOURCE -D_LARGEFILE64_SOURCE -D_FILE_OFFSET_BITS=64  -Os -g0 -D_FORTIFY_SOURCE=1 -Wall -D_LARGEFILE_SOURCE -D_LARGEFILE64_SOURCE -D_FILE_OFFSET_BITS=64 conftest.c >&5
configure:6971: $? = 0
configure:6971: result: yes
configure:6971: checking for stdlib.h
configure:6971: /home/ajender/QemuV1/Docker/buildroot-2023.02.4/output/host/bin/arm-buildroot-linux-gnueabi-gcc -c -D_LARGEFILE_SOURCE -D_LARGEFILE64_SOURCE -D_FILE_OFFSET_BITS=64  -Os -g0 -D_FORTIFY_SOURCE=1 -Wall -D_LARGEFILE_SOURCE -D_LARGEFILE64_SOURCE -D_FILE_OFFSET_BITS=64 conftest.c >&5
configure:6971: $? = 0
configure:6971: result: yes
configure:6971: checking for string.h
configure:6971: /home/ajender/QemuV1/Docker/buildroot-2023.02.4/output/host/bin/arm-buildroot-linux-gnueabi-gcc -c -D_LARGEFILE_SOURCE -D_LARGEFILE64_SOURCE -D_FILE_OFFSET_BITS=64  -Os -g0 -D_FORTIFY_SOURCE=1 -Wall -D_LARGEFILE_SOURCE -D_LARGEFILE64_SOURCE -D_FILE_OFFSET_BITS=64 conftest.c >&5
configure:6971: $? = 0
configure:6971: result: yes
configure:6971: checking for memory.h
configure:6971: /home/ajender/QemuV1/Docker/buildroot-2023.02.4/output/host/bin/arm-buildroot-linux-gnueabi-gcc -c -D_LARGEFILE_SOURCE -D_LARGEFILE64_SOURCE -D_FILE_OFFSET_BITS=64  -Os -g0 -D_FORTIFY_SOURCE=1 -Wall -D_LARGEFILE_SOURCE -D_LARGEFILE64_SOURCE -D_FILE_OFFSET_BITS=64 conftest.c >&5
configure:6971: $? = 0
configure:6971: result: yes
configure:6971: checking for strings.h
configure:6971: /home/ajender/QemuV1/Docker/buildroot-2023.02.4/output/host/bin/arm-buildroot-linux-gnueabi-gcc -c -D_LARGEFILE_SOURCE -D_LARGEFILE64_SOURCE -D_FILE_OFFSET_BITS=64  -Os -g0 -D_FORTIFY_SOURCE=1 -Wall -D_LARGEFILE_SOURCE -D_LARGEFILE64_SOURCE -D_FILE_OFFSET_BITS=64 conftest.c >&5
configure:6971: $? = 0
configure:6971: result: yes
configure:6971: checking for inttypes.h
configure:6971: /home/ajender/QemuV1/Docker/buildroot-2023.02.4/output/host/bin/arm-buildroot-linux-gnueabi-gcc -c -D_LARGEFILE_SOURCE -D_LARGEFILE64_SOURCE -D_FILE_OFFSET_BITS=64  -Os -g0 -D_FORTIFY_SOURCE=1 -Wall -D_LARGEFILE_SOURCE -D_LARGEFILE64_SOURCE -D_FILE_OFFSET_BITS=64 conftest.c >&5
configure:6971: $? = 0
configure:6971: result: yes
configure:6971: checking for stdint.h
configure:6971: /home/ajender/QemuV1/Docker/buildroot-2023.02.4/output/host/bin/arm-buildroot-linux-gnueabi-gcc -c -D_LARGEFILE_SOURCE -D_LARGEFILE64_SOURCE -D_FILE_OFFSET_BITS=64  -Os -g0 -D_FORTIFY_SOURCE=1 -Wall -D_LARGEFILE_SOURCE -D_LARGEFILE64_SOURCE -D_FILE_OFFSET_BITS=64 conftest.c >&5
configure:6971: $? = 0
configure:6971: result: yes
configure:6971: checking for unistd.h
configure:6971: /home/ajender/QemuV1/Docker/buildroot-2023.02.4/output/host/bin/arm-buildroot-linux-gnueabi-gcc -c -D_LARGEFILE_SOURCE -D_LARGEFILE64_SOURCE -D_FILE_OFFSET_BITS=64  -Os -g0 -D_FORTIFY_SOURCE=1 -Wall -D_LARGEFILE_SOURCE -D_LARGEFILE64_SOURCE -D_FILE_OFFSET_BITS=64 conftest.c >&5
configure:6971: $? = 0
configure:6971: result: yes
configure:6985: checking for dlfcn.h
configure:6985: /home/ajender/QemuV1/Docker/buildroot-2023.02.4/output/host/bin/arm-buildroot-linux-gnueabi-gcc -c -D_LARGEFILE_SOURCE -D_LARGEFILE64_SOURCE -D_FILE_OFFSET_BITS=64  -Os -g0 -D_FORTIFY_SOURCE=1 -Wall -D_LARGEFILE_SOURCE -D_LARGEFILE64_SOURCE -D_FILE_OFFSET_BITS=64 conftest.c >&5
configure:6985: $? = 0
configure:6985: result: yes
configure:7539: checking for objdir
configure:7554: result: .libs
configure:7818: checking if /home/ajender/QemuV1/Docker/buildroot-2023.02.4/output/host/bin/arm-buildroot-linux-gnueabi-gcc supports -fno-rtti -fno-exceptions
configure:7836: /home/ajender/QemuV1/Docker/buildroot-2023.02.4/output/host/bin/arm-buildroot-linux-gnueabi-gcc -c -D_LARGEFILE_SOURCE -D_LARGEFILE64_SOURCE -D_FILE_OFFSET_BITS=64  -Os -g0 -D_FORTIFY_SOURCE=1 -Wall -D_LARGEFILE_SOURCE -D_LARGEFILE64_SOURCE -D_FILE_OFFSET_BITS=64 -fno-rtti -fno-exceptions conftest.c >&5
cc1: warning: command-line option '-fno-rtti' is valid for C++/D/ObjC++ but not for C
configure:7840: $? = 0
configure:7853: result: no
configure:8217: checking for /home/ajender/QemuV1/Docker/buildroot-2023.02.4/output/host/bin/arm-buildroot-linux-gnueabi-gcc option to produce PIC
configure:8224: result: -fPIC -DPIC
configure:8232: checking if /home/ajender/QemuV1/Docker/buildroot-2023.02.4/output/host/bin/arm-buildroot-linux-gnueabi-gcc PIC flag -fPIC -DPIC works
configure:8250: /home/ajender/QemuV1/Docker/buildroot-2023.02.4/output/host/bin/arm-buildroot-linux-gnueabi-gcc -c -D_LARGEFILE_SOURCE -D_LARGEFILE64_SOURCE -D_FILE_OFFSET_BITS=64  -Os -g0 -D_FORTIFY_SOURCE=1 -Wall -D_LARGEFILE_SOURCE -D_LARGEFILE64_SOURCE -D_FILE_OFFSET_BITS=64 -fPIC -DPIC -DPIC conftest.c >&5
configure:8254: $? = 0
configure:8267: result: yes
configure:8296: checking if /home/ajender/QemuV1/Docker/buildroot-2023.02.4/output/host/bin/arm-buildroot-linux-gnueabi-gcc static flag -static works
configure:8324: result: yes
configure:8339: checking if /home/ajender/QemuV1/Docker/buildroot-2023.02.4/output/host/bin/arm-buildroot-linux-gnueabi-gcc supports -c -o file.o
configure:8360: /home/ajender/QemuV1/Docker/buildroot-2023.02.4/output/host/bin/arm-buildroot-linux-gnueabi-gcc -c -D_LARGEFILE_SOURCE -D_LARGEFILE64_SOURCE -D_FILE_OFFSET_BITS=64  -Os -g0 -D_FORTIFY_SOURCE=1 -Wall -D_LARGEFILE_SOURCE -D_LARGEFILE64_SOURCE -D_FILE_OFFSET_BITS=64 -o out/conftest2.o conftest.c >&5
configure:8364: $? = 0
configure:8386: result: yes
configure:8394: checking if /home/ajender/QemuV1/Docker/buildroot-2023.02.4/output/host/bin/arm-buildroot-linux-gnueabi-gcc supports -c -o file.o
configure:8441: result: yes
configure:8474: checking whether the /home/ajender/QemuV1/Docker/buildroot-2023.02.4/output/host/bin/arm-buildroot-linux-gnueabi-gcc linker (/home/ajender/QemuV1/Docker/buildroot-2023.02.4/output/host/bin/arm-buildroot-linux-gnueabi-ld) supports shared libraries
configure:9737: result: yes
configure:9774: checking whether -lc should be explicitly linked in
configure:9782: /home/ajender/QemuV1/Docker/buildroot-2023.02.4/output/host/bin/arm-buildroot-linux-gnueabi-gcc -c -D_LARGEFILE_SOURCE -D_LARGEFILE64_SOURCE -D_FILE_OFFSET_BITS=64  -Os -g0 -D_FORTIFY_SOURCE=1 -Wall -D_LARGEFILE_SOURCE -D_LARGEFILE64_SOURCE -D_FILE_OFFSET_BITS=64 conftest.c >&5
configure:9785: $? = 0
configure:9800: /home/ajender/QemuV1/Docker/buildroot-2023.02.4/output/host/bin/arm-buildroot-linux-gnueabi-gcc -shared  -fPIC -DPIC conftest.o  -v -Wl,-soname -Wl,conftest -o conftest 2\>\&1 \| /usr/bin/grep  -lc  \>/dev/null 2\>\&1
configure:9803: $? = 0
configure:9817: result: no
configure:9977: checking dynamic linker characteristics
configure:10558: /home/ajender/QemuV1/Docker/buildroot-2023.02.4/output/host/bin/arm-buildroot-linux-gnueabi-gcc -o conftest -D_LARGEFILE_SOURCE -D_LARGEFILE64_SOURCE -D_FILE_OFFSET_BITS=64  -Os -g0 -D_FORTIFY_SOURCE=1 -Wall -D_LARGEFILE_SOURCE -D_LARGEFILE64_SOURCE -D_FILE_OFFSET_BITS=64  -Wl,-rpath -Wl,/foo conftest.c  >&5
configure:10558: $? = 0
configure:10807: result: GNU/Linux ld.so
configure:10929: checking how to hardcode library paths into programs
configure:10954: result: immediate
configure:11502: checking whether stripping libraries is possible
configure:11507: result: yes
configure:11542: checking if libtool supports shared libraries
configure:11544: result: yes
configure:11547: checking whether to build shared libraries
configure:11572: result: yes
configure:11575: checking whether to build static libraries
configure:11579: result: no
configure:11633: checking for a BSD-compatible install
configure:11701: result: /usr/bin/install -c
configure:11712: checking whether build environment is sane
configure:11767: result: yes
configure:11823: checking for arm-buildroot-linux-gnueabi-strip
configure:11850: result: /home/ajender/QemuV1/Docker/buildroot-2023.02.4/output/host/bin/arm-buildroot-linux-gnueabi-strip
configure:11915: checking for a thread-safe mkdir -p
configure:11954: result: /usr/bin/mkdir -p
configure:11957: checking whether make sets $(MAKE)
configure:11979: result: yes
configure:12001: checking whether make supports the include directive
configure:12016: make -f confmf.GNU && cat confinc.out
make[1]: Entering directory '/home/ajender/QemuV1/Docker/buildroot-2023.02.4/output/build/libsocketcan-0.0.12'
make[1]: Leaving directory '/home/ajender/QemuV1/Docker/buildroot-2023.02.4/output/build/libsocketcan-0.0.12'
this is the am__doit target
configure:12019: $? = 0
configure:12038: result: yes (GNU style)
configure:12071: checking whether make supports nested variables
configure:12088: result: yes
configure:12173: checking dependency style of /home/ajender/QemuV1/Docker/buildroot-2023.02.4/output/host/bin/arm-buildroot-linux-gnueabi-gcc
configure:12284: result: none
configure:12353: checking whether make supports nested variables
configure:12370: result: yes
configure:12390: checking for dirent.h that defines DIR
configure:12409: /home/ajender/QemuV1/Docker/buildroot-2023.02.4/output/host/bin/arm-buildroot-linux-gnueabi-gcc -c -D_LARGEFILE_SOURCE -D_LARGEFILE64_SOURCE -D_FILE_OFFSET_BITS=64  -Os -g0 -D_FORTIFY_SOURCE=1 -Wall -D_LARGEFILE_SOURCE -D_LARGEFILE64_SOURCE -D_FILE_OFFSET_BITS=64 conftest.c >&5
configure:12409: $? = 0
configure:12417: result: yes
configure:12430: checking for library containing opendir
configure:12461: /home/ajender/QemuV1/Docker/buildroot-2023.02.4/output/host/bin/arm-buildroot-linux-gnueabi-gcc -o conftest -D_LARGEFILE_SOURCE -D_LARGEFILE64_SOURCE -D_FILE_OFFSET_BITS=64  -Os -g0 -D_FORTIFY_SOURCE=1 -Wall -D_LARGEFILE_SOURCE -D_LARGEFILE64_SOURCE -D_FILE_OFFSET_BITS=64  conftest.c  >&5
configure:12461: $? = 0
configure:12478: result: none required
configure:12545: checking for ANSI C header files
configure:12649: result: yes
configure:12657: checking for sys/wait.h that is POSIX.1 compatible
configure:12683: /home/ajender/QemuV1/Docker/buildroot-2023.02.4/output/host/bin/arm-buildroot-linux-gnueabi-gcc -c -D_LARGEFILE_SOURCE -D_LARGEFILE64_SOURCE -D_FILE_OFFSET_BITS=64  -Os -g0 -D_FORTIFY_SOURCE=1 -Wall -D_LARGEFILE_SOURCE -D_LARGEFILE64_SOURCE -D_FILE_OFFSET_BITS=64 conftest.c >&5
configure:12683: $? = 0
configure:12690: result: yes
configure:12716: checking arpa/inet.h usability
configure:12716: /home/ajender/QemuV1/Docker/buildroot-2023.02.4/output/host/bin/arm-buildroot-linux-gnueabi-gcc -c -D_LARGEFILE_SOURCE -D_LARGEFILE64_SOURCE -D_FILE_OFFSET_BITS=64  -Os -g0 -D_FORTIFY_SOURCE=1 -Wall -D_LARGEFILE_SOURCE -D_LARGEFILE64_SOURCE -D_FILE_OFFSET_BITS=64 conftest.c >&5
configure:12716: $? = 0
configure:12716: result: yes
configure:12716: checking arpa/inet.h presence
configure:12716: /home/ajender/QemuV1/Docker/buildroot-2023.02.4/output/host/bin/arm-buildroot-linux-gnueabi-cpp -D_LARGEFILE_SOURCE -D_LARGEFILE64_SOURCE -D_FILE_OFFSET_BITS=64 conftest.c
configure:12716: $? = 0
configure:12716: result: yes
configure:12716: checking for arpa/inet.h
configure:12716: result: yes
configure:12716: checking limits.h usability
configure:12716: /home/ajender/QemuV1/Docker/buildroot-2023.02.4/output/host/bin/arm-buildroot-linux-gnueabi-gcc -c -D_LARGEFILE_SOURCE -D_LARGEFILE64_SOURCE -D_FILE_OFFSET_BITS=64  -Os -g0 -D_FORTIFY_SOURCE=1 -Wall -D_LARGEFILE_SOURCE -D_LARGEFILE64_SOURCE -D_FILE_OFFSET_BITS=64 conftest.c >&5
configure:12716: $? = 0
configure:12716: result: yes
configure:12716: checking limits.h presence
configure:12716: /home/ajender/QemuV1/Docker/buildroot-2023.02.4/output/host/bin/arm-buildroot-linux-gnueabi-cpp -D_LARGEFILE_SOURCE -D_LARGEFILE64_SOURCE -D_FILE_OFFSET_BITS=64 conftest.c
configure:12716: $? = 0
configure:12716: result: yes
configure:12716: checking for limits.h
configure:12716: result: yes
configure:12716: checking netdb.h usability
configure:12716: /home/ajender/QemuV1/Docker/buildroot-2023.02.4/output/host/bin/arm-buildroot-linux-gnueabi-gcc -c -D_LARGEFILE_SOURCE -D_LARGEFILE64_SOURCE -D_FILE_OFFSET_BITS=64  -Os -g0 -D_FORTIFY_SOURCE=1 -Wall -D_LARGEFILE_SOURCE -D_LARGEFILE64_SOURCE -D_FILE_OFFSET_BITS=64 conftest.c >&5
configure:12716: $? = 0
configure:12716: result: yes
configure:12716: checking netdb.h presence
configure:12716: /home/ajender/QemuV1/Docker/buildroot-2023.02.4/output/host/bin/arm-buildroot-linux-gnueabi-cpp -D_LARGEFILE_SOURCE -D_LARGEFILE64_SOURCE -D_FILE_OFFSET_BITS=64 conftest.c
configure:12716: $? = 0
configure:12716: result: yes
configure:12716: checking for netdb.h
configure:12716: result: yes
configure:12716: checking netinet/in.h usability
configure:12716: /home/ajender/QemuV1/Docker/buildroot-2023.02.4/output/host/bin/arm-buildroot-linux-gnueabi-gcc -c -D_LARGEFILE_SOURCE -D_LARGEFILE64_SOURCE -D_FILE_OFFSET_BITS=64  -Os -g0 -D_FORTIFY_SOURCE=1 -Wall -D_LARGEFILE_SOURCE -D_LARGEFILE64_SOURCE -D_FILE_OFFSET_BITS=64 conftest.c >&5
configure:12716: $? = 0
configure:12716: result: yes
configure:12716: checking netinet/in.h presence
configure:12716: /home/ajender/QemuV1/Docker/buildroot-2023.02.4/output/host/bin/arm-buildroot-linux-gnueabi-cpp -D_LARGEFILE_SOURCE -D_LARGEFILE64_SOURCE -D_FILE_OFFSET_BITS=64 conftest.c
configure:12716: $? = 0
configure:12716: result: yes
configure:12716: checking for netinet/in.h
configure:12716: result: yes
configure:12716: checking stddef.h usability
configure:12716: /home/ajender/QemuV1/Docker/buildroot-2023.02.4/output/host/bin/arm-buildroot-linux-gnueabi-gcc -c -D_LARGEFILE_SOURCE -D_LARGEFILE64_SOURCE -D_FILE_OFFSET_BITS=64  -Os -g0 -D_FORTIFY_SOURCE=1 -Wall -D_LARGEFILE_SOURCE -D_LARGEFILE64_SOURCE -D_FILE_OFFSET_BITS=64 conftest.c >&5
configure:12716: $? = 0
configure:12716: result: yes
configure:12716: checking stddef.h presence
configure:12716: /home/ajender/QemuV1/Docker/buildroot-2023.02.4/output/host/bin/arm-buildroot-linux-gnueabi-cpp -D_LARGEFILE_SOURCE -D_LARGEFILE64_SOURCE -D_FILE_OFFSET_BITS=64 conftest.c
configure:12716: $? = 0
configure:12716: result: yes
configure:12716: checking for stddef.h
configure:12716: result: yes
configure:12716: checking for stdlib.h
configure:12716: result: yes
configure:12716: checking for string.h
configure:12716: result: yes
configure:12716: checking sys/param.h usability
configure:12716: /home/ajender/QemuV1/Docker/buildroot-2023.02.4/output/host/bin/arm-buildroot-linux-gnueabi-gcc -c -D_LARGEFILE_SOURCE -D_LARGEFILE64_SOURCE -D_FILE_OFFSET_BITS=64  -Os -g0 -D_FORTIFY_SOURCE=1 -Wall -D_LARGEFILE_SOURCE -D_LARGEFILE64_SOURCE -D_FILE_OFFSET_BITS=64 conftest.c >&5
configure:12716: $? = 0
configure:12716: result: yes
configure:12716: checking sys/param.h presence
configure:12716: /home/ajender/QemuV1/Docker/buildroot-2023.02.4/output/host/bin/arm-buildroot-linux-gnueabi-cpp -D_LARGEFILE_SOURCE -D_LARGEFILE64_SOURCE -D_FILE_OFFSET_BITS=64 conftest.c
configure:12716: $? = 0
configure:12716: result: yes
configure:12716: checking for sys/param.h
configure:12716: result: yes
configure:12716: checking sys/socket.h usability
configure:12716: /home/ajender/QemuV1/Docker/buildroot-2023.02.4/output/host/bin/arm-buildroot-linux-gnueabi-gcc -c -D_LARGEFILE_SOURCE -D_LARGEFILE64_SOURCE -D_FILE_OFFSET_BITS=64  -Os -g0 -D_FORTIFY_SOURCE=1 -Wall -D_LARGEFILE_SOURCE -D_LARGEFILE64_SOURCE -D_FILE_OFFSET_BITS=64 conftest.c >&5
configure:12716: $? = 0
configure:12716: result: yes
configure:12716: checking sys/socket.h presence
configure:12716: /home/ajender/QemuV1/Docker/buildroot-2023.02.4/output/host/bin/arm-buildroot-linux-gnueabi-cpp -D_LARGEFILE_SOURCE -D_LARGEFILE64_SOURCE -D_FILE_OFFSET_BITS=64 conftest.c
configure:12716: $? = 0
configure:12716: result: yes
configure:12716: checking for sys/socket.h
configure:12716: result: yes
configure:12716: checking sys/time.h usability
configure:12716: /home/ajender/QemuV1/Docker/buildroot-2023.02.4/output/host/bin/arm-buildroot-linux-gnueabi-gcc -c -D_LARGEFILE_SOURCE -D_LARGEFILE64_SOURCE -D_FILE_OFFSET_BITS=64  -Os -g0 -D_FORTIFY_SOURCE=1 -Wall -D_LARGEFILE_SOURCE -D_LARGEFILE64_SOURCE -D_FILE_OFFSET_BITS=64 conftest.c >&5
configure:12716: $? = 0
configure:12716: result: yes
configure:12716: checking sys/time.h presence
configure:12716: /home/ajender/QemuV1/Docker/buildroot-2023.02.4/output/host/bin/arm-buildroot-linux-gnueabi-cpp -D_LARGEFILE_SOURCE -D_LARGEFILE64_SOURCE -D_FILE_OFFSET_BITS=64 conftest.c
configure:12716: $? = 0
configure:12716: result: yes
configure:12716: checking for sys/time.h
configure:12716: result: yes
configure:12716: checking sys/un.h usability
configure:12716: /home/ajender/QemuV1/Docker/buildroot-2023.02.4/output/host/bin/arm-buildroot-linux-gnueabi-gcc -c -D_LARGEFILE_SOURCE -D_LARGEFILE64_SOURCE -D_FILE_OFFSET_BITS=64  -Os -g0 -D_FORTIFY_SOURCE=1 -Wall -D_LARGEFILE_SOURCE -D_LARGEFILE64_SOURCE -D_FILE_OFFSET_BITS=64 conftest.c >&5
configure:12716: $? = 0
configure:12716: result: yes
configure:12716: checking sys/un.h presence
configure:12716: /home/ajender/QemuV1/Docker/buildroot-2023.02.4/output/host/bin/arm-buildroot-linux-gnueabi-cpp -D_LARGEFILE_SOURCE -D_LARGEFILE64_SOURCE -D_FILE_OFFSET_BITS=64 conftest.c
configure:12716: $? = 0
configure:12716: result: yes
configure:12716: checking for sys/un.h
configure:12716: result: yes
configure:12716: checking for unistd.h
configure:12716: result: yes
configure:12716: checking utime.h usability
configure:12716: /home/ajender/QemuV1/Docker/buildroot-2023.02.4/output/host/bin/arm-buildroot-linux-gnueabi-gcc -c -D_LARGEFILE_SOURCE -D_LARGEFILE64_SOURCE -D_FILE_OFFSET_BITS=64  -Os -g0 -D_FORTIFY_SOURCE=1 -Wall -D_LARGEFILE_SOURCE -D_LARGEFILE64_SOURCE -D_FILE_OFFSET_BITS=64 conftest.c >&5
configure:12716: $? = 0
configure:12716: result: yes
configure:12716: checking utime.h presence
configure:12716: /home/ajender/QemuV1/Docker/buildroot-2023.02.4/output/host/bin/arm-buildroot-linux-gnueabi-cpp -D_LARGEFILE_SOURCE -D_LARGEFILE64_SOURCE -D_FILE_OFFSET_BITS=64 conftest.c
configure:12716: $? = 0
configure:12716: result: yes
configure:12716: checking for utime.h
configure:12716: result: yes
configure:12716: checking net/if.h usability
configure:12716: /home/ajender/QemuV1/Docker/buildroot-2023.02.4/output/host/bin/arm-buildroot-linux-gnueabi-gcc -c -D_LARGEFILE_SOURCE -D_LARGEFILE64_SOURCE -D_FILE_OFFSET_BITS=64  -Os -g0 -D_FORTIFY_SOURCE=1 -Wall -D_LARGEFILE_SOURCE -D_LARGEFILE64_SOURCE -D_FILE_OFFSET_BITS=64 conftest.c >&5
configure:12716: $? = 0
configure:12716: result: yes
configure:12716: checking net/if.h presence
configure:12716: /home/ajender/QemuV1/Docker/buildroot-2023.02.4/output/host/bin/arm-buildroot-linux-gnueabi-cpp -D_LARGEFILE_SOURCE -D_LARGEFILE64_SOURCE -D_FILE_OFFSET_BITS=64 conftest.c
configure:12716: $? = 0
configure:12716: result: yes
configure:12716: checking for net/if.h
configure:12716: result: yes
configure:12730: checking for an ANSI C-conforming const
configure:12796: /home/ajender/QemuV1/Docker/buildroot-2023.02.4/output/host/bin/arm-buildroot-linux-gnueabi-gcc -c -D_LARGEFILE_SOURCE -D_LARGEFILE64_SOURCE -D_FILE_OFFSET_BITS=64  -Os -g0 -D_FORTIFY_SOURCE=1 -Wall -D_LARGEFILE_SOURCE -D_LARGEFILE64_SOURCE -D_FILE_OFFSET_BITS=64 conftest.c >&5
configure:12796: $? = 0
configure:12803: result: yes
configure:12811: checking for inline
configure:12827: /home/ajender/QemuV1/Docker/buildroot-2023.02.4/output/host/bin/arm-buildroot-linux-gnueabi-gcc -c -D_LARGEFILE_SOURCE -D_LARGEFILE64_SOURCE -D_FILE_OFFSET_BITS=64  -Os -g0 -D_FORTIFY_SOURCE=1 -Wall -D_LARGEFILE_SOURCE -D_LARGEFILE64_SOURCE -D_FILE_OFFSET_BITS=64 conftest.c >&5
configure:12827: $? = 0
configure:12835: result: inline
configure:12853: checking for size_t
configure:12853: /home/ajender/QemuV1/Docker/buildroot-2023.02.4/output/host/bin/arm-buildroot-linux-gnueabi-gcc -c -D_LARGEFILE_SOURCE -D_LARGEFILE64_SOURCE -D_FILE_OFFSET_BITS=64  -Os -g0 -D_FORTIFY_SOURCE=1 -Wall -D_LARGEFILE_SOURCE -D_LARGEFILE64_SOURCE -D_FILE_OFFSET_BITS=64 conftest.c >&5
configure:12853: $? = 0
configure:12853: /home/ajender/QemuV1/Docker/buildroot-2023.02.4/output/host/bin/arm-buildroot-linux-gnueabi-gcc -c -D_LARGEFILE_SOURCE -D_LARGEFILE64_SOURCE -D_FILE_OFFSET_BITS=64  -Os -g0 -D_FORTIFY_SOURCE=1 -Wall -D_LARGEFILE_SOURCE -D_LARGEFILE64_SOURCE -D_FILE_OFFSET_BITS=64 conftest.c >&5
conftest.c: In function 'main':
conftest.c:76:21: error: expected expression before ')' token
   76 | if (sizeof ((size_t)))
      |                     ^
configure:12853: $? = 1
configure: failed program was:
| /* confdefs.h */
| #define PACKAGE_NAME "libsocketcan"
| #define PACKAGE_TARNAME "libsocketcan"
| #define PACKAGE_VERSION "0.0.12"
| #define PACKAGE_STRING "libsocketcan 0.0.12"
| #define PACKAGE_BUGREPORT "bugs@pengutronix.de"
| #define PACKAGE_URL ""
| #define STDC_HEADERS 1
| #define HAVE_SYS_TYPES_H 1
| #define HAVE_SYS_STAT_H 1
| #define HAVE_STDLIB_H 1
| #define HAVE_STRING_H 1
| #define HAVE_MEMORY_H 1
| #define HAVE_STRINGS_H 1
| #define HAVE_INTTYPES_H 1
| #define HAVE_STDINT_H 1
| #define HAVE_UNISTD_H 1
| #define HAVE_DLFCN_H 1
| #define LT_OBJDIR ".libs/"
| #define PACKAGE "libsocketcan"
| #define VERSION "0.0.12"
| #define HAVE_DIRENT_H 1
| #define STDC_HEADERS 1
| #define HAVE_SYS_WAIT_H 1
| #define HAVE_ARPA_INET_H 1
| #define HAVE_LIMITS_H 1
| #define HAVE_NETDB_H 1
| #define HAVE_NETINET_IN_H 1
| #define HAVE_STDDEF_H 1
| #define HAVE_STDLIB_H 1
| #define HAVE_STRING_H 1
| #define HAVE_SYS_PARAM_H 1
| #define HAVE_SYS_SOCKET_H 1
| #define HAVE_SYS_TIME_H 1
| #define HAVE_SYS_UN_H 1
| #define HAVE_UNISTD_H 1
| #define HAVE_UTIME_H 1
| #define HAVE_NET_IF_H 1
| /* end confdefs.h.  */
| #include <stdio.h>
| #ifdef HAVE_SYS_TYPES_H
| # include <sys/types.h>
| #endif
| #ifdef HAVE_SYS_STAT_H
| # include <sys/stat.h>
| #endif
| #ifdef STDC_HEADERS
| # include <stdlib.h>
| # include <stddef.h>
| #else
| # ifdef HAVE_STDLIB_H
| #  include <stdlib.h>
| # endif
| #endif
| #ifdef HAVE_STRING_H
| # if !defined STDC_HEADERS && defined HAVE_MEMORY_H
| #  include <memory.h>
| # endif
| # include <string.h>
| #endif
| #ifdef HAVE_STRINGS_H
| # include <strings.h>
| #endif
| #ifdef HAVE_INTTYPES_H
| # include <inttypes.h>
| #endif
| #ifdef HAVE_STDINT_H
| # include <stdint.h>
| #endif
| #ifdef HAVE_UNISTD_H
| # include <unistd.h>
| #endif
| int
| main ()
| {
| if (sizeof ((size_t)))
| 	    return 0;
|   ;
|   return 0;
| }
configure:12853: result: yes
configure:12864: checking whether time.h and sys/time.h may both be included
configure:12884: /home/ajender/QemuV1/Docker/buildroot-2023.02.4/output/host/bin/arm-buildroot-linux-gnueabi-gcc -c -D_LARGEFILE_SOURCE -D_LARGEFILE64_SOURCE -D_FILE_OFFSET_BITS=64  -Os -g0 -D_FORTIFY_SOURCE=1 -Wall -D_LARGEFILE_SOURCE -D_LARGEFILE64_SOURCE -D_FILE_OFFSET_BITS=64 conftest.c >&5
configure:12884: $? = 0
configure:12891: result: yes
configure:12904: checking for working memcmp
configure:12957: result: yes
configure:12966: checking whether lstat correctly handles trailing slash
configure:13009: result: no
configure:13028: checking whether stat accepts an empty string
configure:13058: result: yes
configure:13080: checking for utime.h
configure:13080: result: yes
configure:13094: checking whether utime accepts a null argument
configure:13133: result: guessing yes
configure:13146: checking for gethostbyaddr
configure:13146: /home/ajender/QemuV1/Docker/buildroot-2023.02.4/output/host/bin/arm-buildroot-linux-gnueabi-gcc -o conftest -D_LARGEFILE_SOURCE -D_LARGEFILE64_SOURCE -D_FILE_OFFSET_BITS=64  -Os -g0 -D_FORTIFY_SOURCE=1 -Wall -D_LARGEFILE_SOURCE -D_LARGEFILE64_SOURCE -D_FILE_OFFSET_BITS=64  conftest.c  >&5
configure:13146: $? = 0
configure:13146: result: yes
configure:13146: checking for gethostbyname
configure:13146: /home/ajender/QemuV1/Docker/buildroot-2023.02.4/output/host/bin/arm-buildroot-linux-gnueabi-gcc -o conftest -D_LARGEFILE_SOURCE -D_LARGEFILE64_SOURCE -D_FILE_OFFSET_BITS=64  -Os -g0 -D_FORTIFY_SOURCE=1 -Wall -D_LARGEFILE_SOURCE -D_LARGEFILE64_SOURCE -D_FILE_OFFSET_BITS=64  conftest.c  >&5
configure:13146: $? = 0
configure:13146: result: yes
configure:13146: checking for gethostname
configure:13146: /home/ajender/QemuV1/Docker/buildroot-2023.02.4/output/host/bin/arm-buildroot-linux-gnueabi-gcc -o conftest -D_LARGEFILE_SOURCE -D_LARGEFILE64_SOURCE -D_FILE_OFFSET_BITS=64  -Os -g0 -D_FORTIFY_SOURCE=1 -Wall -D_LARGEFILE_SOURCE -D_LARGEFILE64_SOURCE -D_FILE_OFFSET_BITS=64  conftest.c  >&5
configure:13146: $? = 0
configure:13146: result: yes
configure:13146: checking for gettimeofday
configure:13146: /home/ajender/QemuV1/Docker/buildroot-2023.02.4/output/host/bin/arm-buildroot-linux-gnueabi-gcc -o conftest -D_LARGEFILE_SOURCE -D_LARGEFILE64_SOURCE -D_FILE_OFFSET_BITS=64  -Os -g0 -D_FORTIFY_SOURCE=1 -Wall -D_LARGEFILE_SOURCE -D_LARGEFILE64_SOURCE -D_FILE_OFFSET_BITS=64  conftest.c  >&5
configure:13146: $? = 0
configure:13146: result: yes
configure:13146: checking for memset
configure:13146: /home/ajender/QemuV1/Docker/buildroot-2023.02.4/output/host/bin/arm-buildroot-linux-gnueabi-gcc -o conftest -D_LARGEFILE_SOURCE -D_LARGEFILE64_SOURCE -D_FILE_OFFSET_BITS=64  -Os -g0 -D_FORTIFY_SOURCE=1 -Wall -D_LARGEFILE_SOURCE -D_LARGEFILE64_SOURCE -D_FILE_OFFSET_BITS=64  conftest.c  >&5
conftest.c:71:6: warning: conflicting types for built-in function 'memset'; expected 'void *(void *, int,  unsigned int)' [-Wbuiltin-declaration-mismatch]
   71 | char memset ();
      |      ^~~~~~
conftest.c:59:1: note: 'memset' is declared in header '<string.h>'
   58 | # include <limits.h>
   59 | #else
configure:13146: $? = 0
configure:13146: result: yes
configure:13146: checking for mkdir
configure:13146: /home/ajender/QemuV1/Docker/buildroot-2023.02.4/output/host/bin/arm-buildroot-linux-gnueabi-gcc -o conftest -D_LARGEFILE_SOURCE -D_LARGEFILE64_SOURCE -D_FILE_OFFSET_BITS=64  -Os -g0 -D_FORTIFY_SOURCE=1 -Wall -D_LARGEFILE_SOURCE -D_LARGEFILE64_SOURCE -D_FILE_OFFSET_BITS=64  conftest.c  >&5
configure:13146: $? = 0
configure:13146: result: yes
configure:13146: checking for socket
configure:13146: /home/ajender/QemuV1/Docker/buildroot-2023.02.4/output/host/bin/arm-buildroot-linux-gnueabi-gcc -o conftest -D_LARGEFILE_SOURCE -D_LARGEFILE64_SOURCE -D_FILE_OFFSET_BITS=64  -Os -g0 -D_FORTIFY_SOURCE=1 -Wall -D_LARGEFILE_SOURCE -D_LARGEFILE64_SOURCE -D_FILE_OFFSET_BITS=64  conftest.c  >&5
configure:13146: $? = 0
configure:13146: result: yes
configure:13146: checking for utime
configure:13146: /home/ajender/QemuV1/Docker/buildroot-2023.02.4/output/host/bin/arm-buildroot-linux-gnueabi-gcc -o conftest -D_LARGEFILE_SOURCE -D_LARGEFILE64_SOURCE -D_FILE_OFFSET_BITS=64  -Os -g0 -D_FORTIFY_SOURCE=1 -Wall -D_LARGEFILE_SOURCE -D_LARGEFILE64_SOURCE -D_FILE_OFFSET_BITS=64  conftest.c  >&5
configure:13146: $? = 0
configure:13146: result: yes
configure:13160: checking whether to enable debugging
configure:13172: result: no
configure:13187: checking whether to enable error logging
configure:13199: result: yes
configure:13311: checking that generated files are newer than configure
configure:13317: result: done
configure:13340: creating ./config.status

## ---------------------- ##
## Running config.status. ##
## ---------------------- ##

This file was extended by libsocketcan config.status 0.0.12, which was
generated by GNU Autoconf 2.69.  Invocation command line was

  CONFIG_FILES    = 
  CONFIG_HEADERS  = 
  CONFIG_LINKS    = 
  CONFIG_COMMANDS = 
  $ ./config.status 

on LIB-CO-HQKXZZ2

config.status:1122: creating GNUmakefile
config.status:1122: creating config/libsocketcan.pc
config.status:1122: creating config/GNUmakefile
config.status:1122: creating include/GNUmakefile
config.status:1122: creating src/GNUmakefile
config.status:1122: creating include/libsocketcan_config.h
config.status:1351: executing libtool commands
config.status:1351: executing depfiles commands
configure:15490: WARNING: unrecognized options: --disable-gtk-doc, --disable-gtk-doc-html, --disable-doc, --disable-docs, --disable-documentation, --with-xmlto, --with-fop, --enable-ipv6, --disable-nls

## ---------------- ##
## Cache variables. ##
## ---------------- ##

ac_cv_build=x86_64-pc-linux-gnu
ac_cv_c_bigendian=no
ac_cv_c_compiler_gnu=yes
ac_cv_c_const=yes
ac_cv_c_inline=inline
ac_cv_env_CC_set=set
ac_cv_env_CC_value=/home/ajender/QemuV1/Docker/buildroot-2023.02.4/output/host/bin/arm-buildroot-linux-gnueabi-gcc
ac_cv_env_CFLAGS_set=set
ac_cv_env_CFLAGS_value='-D_LARGEFILE_SOURCE -D_LARGEFILE64_SOURCE -D_FILE_OFFSET_BITS=64  -Os -g0 -D_FORTIFY_SOURCE=1'
ac_cv_env_CPPFLAGS_set=set
ac_cv_env_CPPFLAGS_value='-D_LARGEFILE_SOURCE -D_LARGEFILE64_SOURCE -D_FILE_OFFSET_BITS=64'
ac_cv_env_CPP_set=set
ac_cv_env_CPP_value=/home/ajender/QemuV1/Docker/buildroot-2023.02.4/output/host/bin/arm-buildroot-linux-gnueabi-cpp
ac_cv_env_LDFLAGS_set=set
ac_cv_env_LDFLAGS_value=
ac_cv_env_LIBS_set=
ac_cv_env_LIBS_value=
ac_cv_env_LT_SYS_LIBRARY_PATH_set=
ac_cv_env_LT_SYS_LIBRARY_PATH_value=
ac_cv_env_build_alias_set=set
ac_cv_env_build_alias_value=x86_64-pc-linux-gnu
ac_cv_env_host_alias_set=set
ac_cv_env_host_alias_value=arm-buildroot-linux-gnueabi
ac_cv_env_target_alias_set=set
ac_cv_env_target_alias_value=arm-buildroot-linux-gnueabi
ac_cv_func_calloc_0_nonnull=yes
ac_cv_func_gethostbyaddr=yes
ac_cv_func_gethostbyname=yes
ac_cv_func_gethostname=yes
ac_cv_func_gettimeofday=yes
ac_cv_func_lstat_dereferences_slashed_symlink=no
ac_cv_func_malloc_0_nonnull=yes
ac_cv_func_memcmp_working=yes
ac_cv_func_memset=yes
ac_cv_func_mkdir=yes
ac_cv_func_mmap_fixed_mapped=yes
ac_cv_func_realloc_0_nonnull=yes
ac_cv_func_socket=yes
ac_cv_func_stat_empty_string_bug=yes
ac_cv_func_utime=yes
ac_cv_func_utime_null=yes
ac_cv_have_decl_malloc=yes
ac_cv_header_arpa_inet_h=yes
ac_cv_header_dirent_dirent_h=yes
ac_cv_header_dlfcn_h=yes
ac_cv_header_inttypes_h=yes
ac_cv_header_limits_h=yes
ac_cv_header_memory_h=yes
ac_cv_header_net_if_h=yes
ac_cv_header_netdb_h=yes
ac_cv_header_netinet_in_h=yes
ac_cv_header_stdc=yes
ac_cv_header_stddef_h=yes
ac_cv_header_stdint_h=yes
ac_cv_header_stdlib_h=yes
ac_cv_header_string_h=yes
ac_cv_header_strings_h=yes
ac_cv_header_sys_param_h=yes
ac_cv_header_sys_socket_h=yes
ac_cv_header_sys_stat_h=yes
ac_cv_header_sys_time_h=yes
ac_cv_header_sys_types_h=yes
ac_cv_header_sys_un_h=yes
ac_cv_header_sys_wait_h=yes
ac_cv_header_time=yes
ac_cv_header_unistd_h=yes
ac_cv_header_utime_h=yes
ac_cv_host=arm-buildroot-linux-gnueabi
ac_cv_lbl_unaligned_fail=yes
ac_cv_objext=o
ac_cv_path_EGREP='/usr/bin/grep -E'
ac_cv_path_FGREP='/usr/bin/grep -F'
ac_cv_path_GREP=/usr/bin/grep
ac_cv_path_SED=/usr/bin/sed
ac_cv_path_install='/usr/bin/install -c'
ac_cv_path_lt_DD=/usr/bin/dd
ac_cv_path_mkdir=/usr/bin/mkdir
ac_cv_prog_AR=/home/ajender/QemuV1/Docker/buildroot-2023.02.4/output/host/bin/arm-buildroot-linux-gnueabi-gcc-ar
ac_cv_prog_AWK=gawk
ac_cv_prog_CC=/home/ajender/QemuV1/Docker/buildroot-2023.02.4/output/host/bin/arm-buildroot-linux-gnueabi-gcc
ac_cv_prog_CPP=/home/ajender/QemuV1/Docker/buildroot-2023.02.4/output/host/bin/arm-buildroot-linux-gnueabi-cpp
ac_cv_prog_OBJDUMP=/home/ajender/QemuV1/Docker/buildroot-2023.02.4/output/host/bin/arm-buildroot-linux-gnueabi-objdump
ac_cv_prog_RANLIB=/home/ajender/QemuV1/Docker/buildroot-2023.02.4/output/host/bin/arm-buildroot-linux-gnueabi-gcc-ranlib
ac_cv_prog_STRIP=/home/ajender/QemuV1/Docker/buildroot-2023.02.4/output/host/bin/arm-buildroot-linux-gnueabi-strip
ac_cv_prog_ac_ct_MANIFEST_TOOL=mt
ac_cv_prog_cc_c89=
ac_cv_prog_cc_g=yes
ac_cv_prog_make_make_set=yes
ac_cv_search_opendir='none required'
ac_cv_type_size_t=yes
am_cv_CC_dependencies_compiler_type=none
am_cv_make_support_nested_variables=yes
am_cv_prog_cc_c_o=yes
gl_cv_func_malloc_0_nonnull=yes
lt_cv_ar_at_file=@
lt_cv_archive_cmds_need_lc=no
lt_cv_deplibs_check_method=pass_all
lt_cv_file_magic_cmd='$MAGIC_CMD'
lt_cv_file_magic_test_file=
lt_cv_ld_reload_flag=-r
lt_cv_nm_interface='BSD nm'
lt_cv_objdir=.libs
lt_cv_path_LD=/home/ajender/QemuV1/Docker/buildroot-2023.02.4/output/host/bin/arm-buildroot-linux-gnueabi-ld
lt_cv_path_NM=/home/ajender/QemuV1/Docker/buildroot-2023.02.4/output/host/bin/arm-buildroot-linux-gnueabi-gcc-nm
lt_cv_path_mainfest_tool=no
lt_cv_prog_compiler_c_o=yes
lt_cv_prog_compiler_pic='-fPIC -DPIC'
lt_cv_prog_compiler_pic_works=yes
lt_cv_prog_compiler_rtti_exceptions=no
lt_cv_prog_compiler_static_works=yes
lt_cv_prog_gnu_ld=yes
lt_cv_sharedlib_from_linklib_cmd='printf %s\n'
lt_cv_shlibpath_overrides_runpath=no
lt_cv_sys_global_symbol_pipe='sed -n -e '\''s/^.*[	 ]\([ABCDGIRSTW][ABCDGIRSTW]*\)[	 ][	 ]*\([_A-Za-z][_A-Za-z0-9]*\)$/\1 \2 \2/p'\'' | sed '\''/ __gnu_lto/d'\'''
lt_cv_sys_global_symbol_to_c_name_address='sed -n -e '\''s/^: \(.*\) .*$/  {"\1", (void *) 0},/p'\'' -e '\''s/^[ABCDGIRSTW][ABCDGIRSTW]* .* \(.*\)$/  {"\1", (void *) \&\1},/p'\'''
lt_cv_sys_global_symbol_to_c_name_address_lib_prefix='sed -n -e '\''s/^: \(.*\) .*$/  {"\1", (void *) 0},/p'\'' -e '\''s/^[ABCDGIRSTW][ABCDGIRSTW]* .* \(lib.*\)$/  {"\1", (void *) \&\1},/p'\'' -e '\''s/^[ABCDGIRSTW][ABCDGIRSTW]* .* \(.*\)$/  {"lib\1", (void *) \&\1},/p'\'''
lt_cv_sys_global_symbol_to_cdecl='sed -n -e '\''s/^T .* \(.*\)$/extern int \1();/p'\'' -e '\''s/^[ABCDGIRSTW][ABCDGIRSTW]* .* \(.*\)$/extern char \1;/p'\'''
lt_cv_sys_global_symbol_to_import=
lt_cv_sys_lib_search_path_spec=
lt_cv_sys_max_cmd_len=1572864
lt_cv_to_host_file_cmd=func_convert_file_noop
lt_cv_to_tool_file_cmd=func_convert_file_noop
lt_cv_truncate_bin='/usr/bin/dd bs=4096 count=1'

## ----------------- ##
## Output variables. ##
## ----------------- ##

ACLOCAL='${SHELL} /home/ajender/QemuV1/Docker/buildroot-2023.02.4/output/build/libsocketcan-0.0.12/config/autoconf/missing aclocal-1.16'
AMDEPBACKSLASH=''
AMDEP_FALSE=''
AMDEP_TRUE='#'
AMTAR='$${TAR-tar}'
AM_BACKSLASH='\'
AM_DEFAULT_V='$(AM_DEFAULT_VERBOSITY)'
AM_DEFAULT_VERBOSITY='0'
AM_V='$(V)'
AR='/home/ajender/QemuV1/Docker/buildroot-2023.02.4/output/host/bin/arm-buildroot-linux-gnueabi-gcc-ar'
AS='/home/ajender/QemuV1/Docker/buildroot-2023.02.4/output/host/bin/arm-buildroot-linux-gnueabi-as'
AUTOCONF='${SHELL} /home/ajender/QemuV1/Docker/buildroot-2023.02.4/output/build/libsocketcan-0.0.12/config/autoconf/missing autoconf'
AUTOHEADER='${SHELL} /home/ajender/QemuV1/Docker/buildroot-2023.02.4/output/build/libsocketcan-0.0.12/config/autoconf/missing autoheader'
AUTOMAKE='${SHELL} /home/ajender/QemuV1/Docker/buildroot-2023.02.4/output/build/libsocketcan-0.0.12/config/autoconf/missing automake-1.16'
AWK='gawk'
CC='/home/ajender/QemuV1/Docker/buildroot-2023.02.4/output/host/bin/arm-buildroot-linux-gnueabi-gcc'
CCDEPMODE='depmode=none'
CFLAGS='-D_LARGEFILE_SOURCE -D_LARGEFILE64_SOURCE -D_FILE_OFFSET_BITS=64  -Os -g0 -D_FORTIFY_SOURCE=1 -Wall -O2'
CPP='/home/ajender/QemuV1/Docker/buildroot-2023.02.4/output/host/bin/arm-buildroot-linux-gnueabi-cpp'
CPPFLAGS='-D_LARGEFILE_SOURCE -D_LARGEFILE64_SOURCE -D_FILE_OFFSET_BITS=64'
CYGPATH_W='echo'
DEFS='-DHAVE_CONFIG_H'
DEPDIR='.deps'
DLLTOOL='false'
DSYMUTIL=''
DUMPBIN=''
ECHO_C=''
ECHO_N='-n'
ECHO_T=''
EGREP='/usr/bin/grep -E'
EXEEXT=''
FGREP='/usr/bin/grep -F'
GREP='/usr/bin/grep'
INSTALL_DATA='${INSTALL} -m 644'
INSTALL_PROGRAM='${INSTALL}'
INSTALL_SCRIPT='${INSTALL}'
INSTALL_STRIP_PROGRAM='$(install_sh) -c -s'
LD='/home/ajender/QemuV1/Docker/buildroot-2023.02.4/output/host/bin/arm-buildroot-linux-gnueabi-ld'
LDFLAGS=''
LIBOBJS=' ${LIBOBJDIR}lstat$U.o ${LIBOBJDIR}stat$U.o'
LIBS=''
LIBTOOL='$(SHELL) $(top_builddir)/libtool'
LIPO=''
LN_S='ln -s'
LTLIBOBJS=' ${LIBOBJDIR}lstat$U.lo ${LIBOBJDIR}stat$U.lo'
LT_AGE='3'
LT_CURRENT='5'
LT_REVISION='1'
LT_SYS_LIBRARY_PATH=''
MAKEINFO='${SHELL} /home/ajender/QemuV1/Docker/buildroot-2023.02.4/output/build/libsocketcan-0.0.12/config/autoconf/missing makeinfo'
MANIFEST_TOOL=':'
MKDIR_P='/usr/bin/mkdir -p'
NM='/home/ajender/QemuV1/Docker/buildroot-2023.02.4/output/host/bin/arm-buildroot-linux-gnueabi-gcc-nm'
NMEDIT=''
OBJDUMP='/home/ajender/QemuV1/Docker/buildroot-2023.02.4/output/host/bin/arm-buildroot-linux-gnueabi-objdump'
OBJEXT='o'
OTOOL64=''
OTOOL=''
PACKAGE='libsocketcan'
PACKAGE_BUGREPORT='bugs@pengutronix.de'
PACKAGE_NAME='libsocketcan'
PACKAGE_STRING='libsocketcan 0.0.12'
PACKAGE_TARNAME='libsocketcan'
PACKAGE_URL=''
PACKAGE_VERSION='0.0.12'
PATH_SEPARATOR=':'
RANLIB='/home/ajender/QemuV1/Docker/buildroot-2023.02.4/output/host/bin/arm-buildroot-linux-gnueabi-gcc-ranlib'
SED='/usr/bin/sed'
SET_MAKE=''
SHELL='/bin/bash'
STRIP='/home/ajender/QemuV1/Docker/buildroot-2023.02.4/output/host/bin/arm-buildroot-linux-gnueabi-strip'
VERSION='0.0.12'
ac_ct_AR=''
ac_ct_CC=''
ac_ct_DUMPBIN=''
am__EXEEXT_FALSE=''
am__EXEEXT_TRUE='#'
am__fastdepCC_FALSE=''
am__fastdepCC_TRUE='#'
am__include='include'
am__isrc=''
am__leading_dot='.'
am__nodep=''
am__quote=''
am__tar='$${TAR-tar} chof - "$$tardir"'
am__untar='$${TAR-tar} xf -'
bindir='${exec_prefix}/bin'
build='x86_64-pc-linux-gnu'
build_alias='x86_64-pc-linux-gnu'
build_cpu='x86_64'
build_os='linux-gnu'
build_vendor='pc'
datadir='${datarootdir}'
datarootdir='${prefix}/share'
docdir='${datarootdir}/doc/${PACKAGE_TARNAME}'
dvidir='${docdir}'
exec_prefix='/usr'
host='arm-buildroot-linux-gnueabi'
host_alias='arm-buildroot-linux-gnueabi'
host_cpu='arm'
host_os='linux-gnueabi'
host_vendor='buildroot'
htmldir='${docdir}'
includedir='${prefix}/include'
infodir='${datarootdir}/info'
install_sh='${SHELL} /home/ajender/QemuV1/Docker/buildroot-2023.02.4/output/build/libsocketcan-0.0.12/config/autoconf/install-sh'
libdir='${exec_prefix}/lib'
libexecdir='${exec_prefix}/libexec'
localedir='${datarootdir}/locale'
localstatedir='/var'
mandir='${datarootdir}/man'
mkdir_p='$(MKDIR_P)'
oldincludedir='/usr/include'
pdfdir='${docdir}'
prefix='/usr'
program_transform_name='s&^&&'
psdir='${docdir}'
runstatedir='${localstatedir}/run'
sbindir='${exec_prefix}/sbin'
sharedstatedir='${prefix}/com'
sysconfdir='/etc'
target_alias='arm-buildroot-linux-gnueabi'

## ----------- ##
## confdefs.h. ##
## ----------- ##

/* confdefs.h */
#define PACKAGE_NAME "libsocketcan"
#define PACKAGE_TARNAME "libsocketcan"
#define PACKAGE_VERSION "0.0.12"
#define PACKAGE_STRING "libsocketcan 0.0.12"
#define PACKAGE_BUGREPORT "bugs@pengutronix.de"
#define PACKAGE_URL ""
#define STDC_HEADERS 1
#define HAVE_SYS_TYPES_H 1
#define HAVE_SYS_STAT_H 1
#define HAVE_STDLIB_H 1
#define HAVE_STRING_H 1
#define HAVE_MEMORY_H 1
#define HAVE_STRINGS_H 1
#define HAVE_INTTYPES_H 1
#define HAVE_STDINT_H 1
#define HAVE_UNISTD_H 1
#define HAVE_DLFCN_H 1
#define LT_OBJDIR ".libs/"
#define PACKAGE "libsocketcan"
#define VERSION "0.0.12"
#define HAVE_DIRENT_H 1
#define STDC_HEADERS 1
#define HAVE_SYS_WAIT_H 1
#define HAVE_ARPA_INET_H 1
#define HAVE_LIMITS_H 1
#define HAVE_NETDB_H 1
#define HAVE_NETINET_IN_H 1
#define HAVE_STDDEF_H 1
#define HAVE_STDLIB_H 1
#define HAVE_STRING_H 1
#define HAVE_SYS_PARAM_H 1
#define HAVE_SYS_SOCKET_H 1
#define HAVE_SYS_TIME_H 1
#define HAVE_SYS_UN_H 1
#define HAVE_UNISTD_H 1
#define HAVE_UTIME_H 1
#define HAVE_NET_IF_H 1
#define TIME_WITH_SYS_TIME 1
#define HAVE_STAT_EMPTY_STRING_BUG 1
#define HAVE_UTIME_H 1
#define HAVE_UTIME_NULL 1
#define HAVE_GETHOSTBYADDR 1
#define HAVE_GETHOSTBYNAME 1
#define HAVE_GETHOSTNAME 1
#define HAVE_GETTIMEOFDAY 1
#define HAVE_MEMSET 1
#define HAVE_MKDIR 1
#define HAVE_SOCKET 1
#define HAVE_UTIME 1

configure: exit 0
