This file contains any messages produced by compilers while
running configure, to aid debugging if configure makes a mistake.

It was created by configure, which was
generated by GNU Autoconf 2.69.  Invocation command line was

  $ ./configure --prefix=/home/ajender/QemuV1/Docker/buildroot-2023.02.4/output/host --sysconfdir=/home/ajender/QemuV1/Docker/buildroot-2023.02.4/output/host/etc --localstatedir=/home/ajender/QemuV1/Docker/buildroot-2023.02.4/output/host/var --enable-shared --disable-static --disable-gtk-doc --disable-gtk-doc-html --disable-doc --disable-docs --disable-documentation --disable-debug --with-xmlto=no --with-fop=no --disable-nls --disable-dependency-tracking --target=arm-buildroot-linux-gnueabi --with-sysroot=/home/ajender/QemuV1/Docker/buildroot-2023.02.4/output/host/arm-buildroot-linux-gnueabi/sysroot --enable-__cxa_atexit --with-gnu-ld --disable-libssp --disable-multilib --disable-decimal-float --enable-plugins --enable-lto --with-gmp=/home/ajender/QemuV1/Docker/buildroot-2023.02.4/output/host --with-mpc=/home/ajender/QemuV1/Docker/buildroot-2023.02.4/output/host --with-mpfr=/home/ajender/QemuV1/Docker/buildroot-2023.02.4/output/host --with-pkgversion=Buildroot -ga6cd16e-dirty --with-bugurl=http://bugs.buildroot.net/ --without-zstd --disable-libquadmath --disable-libquadmath-support --enable-tls --enable-threads --without-isl --without-cloog --with-float=soft --with-abi=aapcs-linux --with-cpu=arm926ej-s --with-float=soft --with-mode=arm --enable-languages=c --disable-shared --without-headers --disable-threads --with-newlib --disable-largefile

## --------- ##
## Platform. ##
## --------- ##

hostname = LIB-CO-HQKXZZ2
uname -m = x86_64
uname -r = 5.10.102.1-microsoft-standard-WSL2
uname -s = Linux
uname -v = #1 SMP Wed Mar 2 00:30:59 UTC 2022

/usr/bin/uname -p = x86_64
/bin/uname -X     = unknown

/bin/arch              = x86_64
/usr/bin/arch -k       = unknown
/usr/convex/getsysinfo = unknown
/usr/bin/hostinfo      = unknown
/bin/machine           = unknown
/usr/bin/oslevel       = unknown
/bin/universe          = unknown

PATH: /home/ajender/QemuV1/Docker/buildroot-2023.02.4/output/host/bin
PATH: /home/ajender/QemuV1/Docker/buildroot-2023.02.4/output/host/sbin
PATH: /home/ajender/.vscode-server/bin/6c3e3dba23e8fadc360aed75ce363ba185c49794/bin/remote-cli
PATH: /usr/local/sbin
PATH: /usr/local/bin
PATH: /usr/sbin
PATH: /usr/bin
PATH: /sbin
PATH: /bin
PATH: /usr/games
PATH: /usr/local/games
PATH: /usr/lib/wsl/lib


## ----------- ##
## Core tests. ##
## ----------- ##

configure:2366: checking build system type
configure:2380: result: x86_64-pc-linux-gnu
configure:2427: checking host system type
configure:2440: result: x86_64-pc-linux-gnu
configure:2460: checking target system type
configure:2473: result: arm-buildroot-linux-gnueabi
configure:2527: checking for a BSD-compatible install
configure:2595: result: /usr/bin/install -c
configure:2606: checking whether ln works
configure:2628: result: yes
configure:2632: checking whether ln -s works
configure:2636: result: yes
configure:2643: checking for a sed that does not truncate output
configure:2707: result: /usr/bin/sed
configure:2716: checking for gawk
configure:2732: found /home/ajender/QemuV1/Docker/buildroot-2023.02.4/output/host/bin/gawk
configure:2743: result: gawk
configure:3237: checking for libatomic support
configure:3247: result: yes
configure:3275: checking for libitm support
configure:3285: result: yes
configure:3294: checking for libsanitizer support
configure:3304: result: yes
configure:3313: checking for libvtv support
configure:3323: result: yes
configure:3333: checking for libhsail-rt support
configure:3339: result: no
configure:3466: checking for libphobos support
configure:3476: result: yes
configure:4179: checking for gcc
configure:4206: result: /usr/bin/gcc
configure:4435: checking for C compiler version
configure:4444: /usr/bin/gcc --version >&5
gcc (Ubuntu 11.4.0-1ubuntu1~22.04) 11.4.0
Copyright (C) 2021 Free Software Foundation, Inc.
This is free software; see the source for copying conditions.  There is NO
warranty; not even for MERCHANTABILITY or FITNESS FOR A PARTICULAR PURPOSE.

configure:4455: $? = 0
configure:4444: /usr/bin/gcc -v >&5
Using built-in specs.
COLLECT_GCC=/usr/bin/gcc
COLLECT_LTO_WRAPPER=/usr/lib/gcc/x86_64-linux-gnu/11/lto-wrapper
OFFLOAD_TARGET_NAMES=nvptx-none:amdgcn-amdhsa
OFFLOAD_TARGET_DEFAULT=1
Target: x86_64-linux-gnu
Configured with: ../src/configure -v --with-pkgversion='Ubuntu 11.4.0-1ubuntu1~22.04' --with-bugurl=file:///usr/share/doc/gcc-11/README.Bugs --enable-languages=c,ada,c++,go,brig,d,fortran,objc,obj-c++,m2 --prefix=/usr --with-gcc-major-version-only --program-suffix=-11 --program-prefix=x86_64-linux-gnu- --enable-shared --enable-linker-build-id --libexecdir=/usr/lib --without-included-gettext --enable-threads=posix --libdir=/usr/lib --enable-nls --enable-bootstrap --enable-clocale=gnu --enable-libstdcxx-debug --enable-libstdcxx-time=yes --with-default-libstdcxx-abi=new --enable-gnu-unique-object --disable-vtable-verify --enable-plugin --enable-default-pie --with-system-zlib --enable-libphobos-checking=release --with-target-system-zlib=auto --enable-objc-gc=auto --enable-multiarch --disable-werror --enable-cet --with-arch-32=i686 --with-abi=m64 --with-multilib-list=m32,m64,mx32 --enable-multilib --with-tune=generic --enable-offload-targets=nvptx-none=/build/gcc-11-XeT9lY/gcc-11-11.4.0/debian/tmp-nvptx/usr,amdgcn-amdhsa=/build/gcc-11-XeT9lY/gcc-11-11.4.0/debian/tmp-gcn/usr --without-cuda-driver --enable-checking=release --build=x86_64-linux-gnu --host=x86_64-linux-gnu --target=x86_64-linux-gnu --with-build-config=bootstrap-lto-lean --enable-link-serialization=2
Thread model: posix
Supported LTO compression algorithms: zlib zstd
gcc version 11.4.0 (Ubuntu 11.4.0-1ubuntu1~22.04) 
... rest of stderr output deleted ...
configure:4455: $? = 0
configure:4444: /usr/bin/gcc -V >&5
gcc: error: unrecognized command-line option '-V'
gcc: fatal error: no input files
compilation terminated.
configure:4455: $? = 1
configure:4444: /usr/bin/gcc -qversion >&5
gcc: error: unrecognized command-line option '-qversion'; did you mean '--version'?
gcc: fatal error: no input files
compilation terminated.
configure:4455: $? = 1
configure:4475: checking whether the C compiler works
configure:4497: /usr/bin/gcc -O2 -I/home/ajender/QemuV1/Docker/buildroot-2023.02.4/output/host/include -I/home/ajender/QemuV1/Docker/buildroot-2023.02.4/output/host/include -L/home/ajender/QemuV1/Docker/buildroot-2023.02.4/output/host/lib -Wl,-rpath,/home/ajender/QemuV1/Docker/buildroot-2023.02.4/output/host/lib conftest.c  >&5
configure:4501: $? = 0
configure:4549: result: yes
configure:4552: checking for C compiler default output file name
configure:4554: result: a.out
configure:4560: checking for suffix of executables
configure:4567: /usr/bin/gcc -o conftest -O2 -I/home/ajender/QemuV1/Docker/buildroot-2023.02.4/output/host/include -I/home/ajender/QemuV1/Docker/buildroot-2023.02.4/output/host/include -L/home/ajender/QemuV1/Docker/buildroot-2023.02.4/output/host/lib -Wl,-rpath,/home/ajender/QemuV1/Docker/buildroot-2023.02.4/output/host/lib conftest.c  >&5
configure:4571: $? = 0
configure:4593: result: 
configure:4615: checking whether we are cross compiling
configure:4623: /usr/bin/gcc -o conftest -O2 -I/home/ajender/QemuV1/Docker/buildroot-2023.02.4/output/host/include -I/home/ajender/QemuV1/Docker/buildroot-2023.02.4/output/host/include -L/home/ajender/QemuV1/Docker/buildroot-2023.02.4/output/host/lib -Wl,-rpath,/home/ajender/QemuV1/Docker/buildroot-2023.02.4/output/host/lib conftest.c  >&5
configure:4627: $? = 0
configure:4634: ./conftest
configure:4638: $? = 0
configure:4653: result: no
configure:4658: checking for suffix of object files
configure:4680: /usr/bin/gcc -c -O2 -I/home/ajender/QemuV1/Docker/buildroot-2023.02.4/output/host/include -I/home/ajender/QemuV1/Docker/buildroot-2023.02.4/output/host/include conftest.c >&5
configure:4684: $? = 0
configure:4705: result: o
configure:4709: checking whether we are using the GNU C compiler
configure:4728: /usr/bin/gcc -c -O2 -I/home/ajender/QemuV1/Docker/buildroot-2023.02.4/output/host/include -I/home/ajender/QemuV1/Docker/buildroot-2023.02.4/output/host/include conftest.c >&5
configure:4728: $? = 0
configure:4737: result: yes
configure:4746: checking whether /usr/bin/gcc accepts -g
configure:4766: /usr/bin/gcc -c -g -I/home/ajender/QemuV1/Docker/buildroot-2023.02.4/output/host/include conftest.c >&5
configure:4766: $? = 0
configure:4807: result: yes
configure:4824: checking for /usr/bin/gcc option to accept ISO C89
configure:4887: /usr/bin/gcc  -c -O2 -I/home/ajender/QemuV1/Docker/buildroot-2023.02.4/output/host/include -I/home/ajender/QemuV1/Docker/buildroot-2023.02.4/output/host/include conftest.c >&5
configure:4887: $? = 0
configure:4900: result: none needed
configure:5032: checking for C++ compiler version
configure:5041: /usr/bin/g++ --version >&5
g++ (Ubuntu 11.4.0-1ubuntu1~22.04) 11.4.0
Copyright (C) 2021 Free Software Foundation, Inc.
This is free software; see the source for copying conditions.  There is NO
warranty; not even for MERCHANTABILITY or FITNESS FOR A PARTICULAR PURPOSE.

configure:5052: $? = 0
configure:5041: /usr/bin/g++ -v >&5
Using built-in specs.
COLLECT_GCC=/usr/bin/g++
COLLECT_LTO_WRAPPER=/usr/lib/gcc/x86_64-linux-gnu/11/lto-wrapper
OFFLOAD_TARGET_NAMES=nvptx-none:amdgcn-amdhsa
OFFLOAD_TARGET_DEFAULT=1
Target: x86_64-linux-gnu
Configured with: ../src/configure -v --with-pkgversion='Ubuntu 11.4.0-1ubuntu1~22.04' --with-bugurl=file:///usr/share/doc/gcc-11/README.Bugs --enable-languages=c,ada,c++,go,brig,d,fortran,objc,obj-c++,m2 --prefix=/usr --with-gcc-major-version-only --program-suffix=-11 --program-prefix=x86_64-linux-gnu- --enable-shared --enable-linker-build-id --libexecdir=/usr/lib --without-included-gettext --enable-threads=posix --libdir=/usr/lib --enable-nls --enable-bootstrap --enable-clocale=gnu --enable-libstdcxx-debug --enable-libstdcxx-time=yes --with-default-libstdcxx-abi=new --enable-gnu-unique-object --disable-vtable-verify --enable-plugin --enable-default-pie --with-system-zlib --enable-libphobos-checking=release --with-target-system-zlib=auto --enable-objc-gc=auto --enable-multiarch --disable-werror --enable-cet --with-arch-32=i686 --with-abi=m64 --with-multilib-list=m32,m64,mx32 --enable-multilib --with-tune=generic --enable-offload-targets=nvptx-none=/build/gcc-11-XeT9lY/gcc-11-11.4.0/debian/tmp-nvptx/usr,amdgcn-amdhsa=/build/gcc-11-XeT9lY/gcc-11-11.4.0/debian/tmp-gcn/usr --without-cuda-driver --enable-checking=release --build=x86_64-linux-gnu --host=x86_64-linux-gnu --target=x86_64-linux-gnu --with-build-config=bootstrap-lto-lean --enable-link-serialization=2
Thread model: posix
Supported LTO compression algorithms: zlib zstd
gcc version 11.4.0 (Ubuntu 11.4.0-1ubuntu1~22.04) 
... rest of stderr output deleted ...
configure:5052: $? = 0
configure:5041: /usr/bin/g++ -V >&5
g++: error: unrecognized command-line option '-V'
g++: fatal error: no input files
compilation terminated.
configure:5052: $? = 1
configure:5041: /usr/bin/g++ -qversion >&5
g++: error: unrecognized command-line option '-qversion'; did you mean '--version'?
g++: fatal error: no input files
compilation terminated.
configure:5052: $? = 1
configure:5056: checking whether we are using the GNU C++ compiler
configure:5075: /usr/bin/g++ -c -O2 -I/home/ajender/QemuV1/Docker/buildroot-2023.02.4/output/host/include -I/home/ajender/QemuV1/Docker/buildroot-2023.02.4/output/host/include conftest.cpp >&5
configure:5075: $? = 0
configure:5084: result: yes
configure:5093: checking whether /usr/bin/g++ accepts -g
configure:5113: /usr/bin/g++ -c -g -I/home/ajender/QemuV1/Docker/buildroot-2023.02.4/output/host/include conftest.cpp >&5
configure:5113: $? = 0
configure:5154: result: yes
configure:5203: checking whether g++ accepts -static-libstdc++ -static-libgcc
configure:5220: /usr/bin/g++ -o conftest -O2 -I/home/ajender/QemuV1/Docker/buildroot-2023.02.4/output/host/include -I/home/ajender/QemuV1/Docker/buildroot-2023.02.4/output/host/include -L/home/ajender/QemuV1/Docker/buildroot-2023.02.4/output/host/lib -Wl,-rpath,/home/ajender/QemuV1/Docker/buildroot-2023.02.4/output/host/lib -static-libstdc++ -static-libgcc conftest.cpp  >&5
configure:5220: $? = 0
configure:5221: result: yes
configure:5285: checking for gnatbind
configure:5315: result: no
configure:5377: checking for gnatmake
configure:5407: result: no
configure:5426: checking whether compiler driver understands Ada
configure:5449: result: no
configure:5458: checking how to compare bootstrapped objects
configure:5483: result: cmp --ignore-initial=16 $$f1 $$f2
configure:5550: checking whether /usr/bin/g++ supports C++11 features by default
configure:5846: /usr/bin/g++ -c -O2 -I/home/ajender/QemuV1/Docker/buildroot-2023.02.4/output/host/include -I/home/ajender/QemuV1/Docker/buildroot-2023.02.4/output/host/include conftest.cpp >&5
configure:5846: $? = 0
configure:5853: result: yes
configure:7542: checking for objdir
configure:7557: result: .libs
configure:7728: checking for the correct version of gmp.h
configure:7748: /usr/bin/gcc -c -O2 -I/home/ajender/QemuV1/Docker/buildroot-2023.02.4/output/host/include -I/home/ajender/QemuV1/Docker/buildroot-2023.02.4/output/host/include -I/home/ajender/QemuV1/Docker/buildroot-2023.02.4/output/host/include -I/home/ajender/QemuV1/Docker/buildroot-2023.02.4/output/host/include  -I/home/ajender/QemuV1/Docker/buildroot-2023.02.4/output/host/include conftest.c >&5
configure:7748: $? = 0
configure:7766: /usr/bin/gcc -c -O2 -I/home/ajender/QemuV1/Docker/buildroot-2023.02.4/output/host/include -I/home/ajender/QemuV1/Docker/buildroot-2023.02.4/output/host/include -I/home/ajender/QemuV1/Docker/buildroot-2023.02.4/output/host/include -I/home/ajender/QemuV1/Docker/buildroot-2023.02.4/output/host/include  -I/home/ajender/QemuV1/Docker/buildroot-2023.02.4/output/host/include conftest.c >&5
configure:7766: $? = 0
configure:7767: result: yes
configure:7783: checking for the correct version of mpfr.h
configure:7801: /usr/bin/gcc -c -O2 -I/home/ajender/QemuV1/Docker/buildroot-2023.02.4/output/host/include -I/home/ajender/QemuV1/Docker/buildroot-2023.02.4/output/host/include -I/home/ajender/QemuV1/Docker/buildroot-2023.02.4/output/host/include -I/home/ajender/QemuV1/Docker/buildroot-2023.02.4/output/host/include  -I/home/ajender/QemuV1/Docker/buildroot-2023.02.4/output/host/include conftest.c >&5
configure:7801: $? = 0
configure:7818: /usr/bin/gcc -c -O2 -I/home/ajender/QemuV1/Docker/buildroot-2023.02.4/output/host/include -I/home/ajender/QemuV1/Docker/buildroot-2023.02.4/output/host/include -I/home/ajender/QemuV1/Docker/buildroot-2023.02.4/output/host/include -I/home/ajender/QemuV1/Docker/buildroot-2023.02.4/output/host/include  -I/home/ajender/QemuV1/Docker/buildroot-2023.02.4/output/host/include conftest.c >&5
configure:7818: $? = 0
configure:7819: result: yes
configure:7836: checking for the correct version of mpc.h
configure:7853: /usr/bin/gcc -c -O2 -I/home/ajender/QemuV1/Docker/buildroot-2023.02.4/output/host/include -I/home/ajender/QemuV1/Docker/buildroot-2023.02.4/output/host/include -I/home/ajender/QemuV1/Docker/buildroot-2023.02.4/output/host/include -I/home/ajender/QemuV1/Docker/buildroot-2023.02.4/output/host/include  -I/home/ajender/QemuV1/Docker/buildroot-2023.02.4/output/host/include conftest.c >&5
configure:7853: $? = 0
configure:7869: /usr/bin/gcc -c -O2 -I/home/ajender/QemuV1/Docker/buildroot-2023.02.4/output/host/include -I/home/ajender/QemuV1/Docker/buildroot-2023.02.4/output/host/include -I/home/ajender/QemuV1/Docker/buildroot-2023.02.4/output/host/include -I/home/ajender/QemuV1/Docker/buildroot-2023.02.4/output/host/include  -I/home/ajender/QemuV1/Docker/buildroot-2023.02.4/output/host/include conftest.c >&5
configure:7869: $? = 0
configure:7870: result: yes
configure:7888: checking for the correct version of the gmp/mpfr/mpc libraries
configure:7919: /usr/bin/gcc -o conftest -O2 -I/home/ajender/QemuV1/Docker/buildroot-2023.02.4/output/host/include -I/home/ajender/QemuV1/Docker/buildroot-2023.02.4/output/host/include -I/home/ajender/QemuV1/Docker/buildroot-2023.02.4/output/host/include -I/home/ajender/QemuV1/Docker/buildroot-2023.02.4/output/host/include  -I/home/ajender/QemuV1/Docker/buildroot-2023.02.4/output/host/include -L/home/ajender/QemuV1/Docker/buildroot-2023.02.4/output/host/lib -Wl,-rpath,/home/ajender/QemuV1/Docker/buildroot-2023.02.4/output/host/lib conftest.c  -L/home/ajender/QemuV1/Docker/buildroot-2023.02.4/output/host/lib -L/home/ajender/QemuV1/Docker/buildroot-2023.02.4/output/host/lib -L/home/ajender/QemuV1/Docker/buildroot-2023.02.4/output/host/lib -lmpc -lmpfr -lgmp >&5
configure:7919: $? = 0
configure:7920: result: yes
configure:9259: checking for default BUILD_CONFIG
configure:9291: result: 
configure:9296: checking for --enable-vtable-verify
configure:9309: result: no
configure:9925: checking for bison
configure:9941: found /home/ajender/QemuV1/Docker/buildroot-2023.02.4/output/host/bin/bison
configure:9952: result: bison -y
configure:9972: checking for bison
configure:9988: found /home/ajender/QemuV1/Docker/buildroot-2023.02.4/output/host/bin/bison
configure:9999: result: bison
configure:10019: checking for gm4
configure:10049: result: no
configure:10019: checking for gnum4
configure:10049: result: no
configure:10019: checking for m4
configure:10035: found /home/ajender/QemuV1/Docker/buildroot-2023.02.4/output/host/bin/m4
configure:10046: result: m4
configure:10066: checking for flex
configure:10082: found /usr/bin/flex
configure:10093: result: flex
configure:10114: checking for flex
configure:10130: found /usr/bin/flex
configure:10141: result: flex
configure:10161: checking for makeinfo
configure:10188: result: missing
configure:10222: checking for expect
configure:10252: result: no
configure:10271: checking for runtest
configure:10301: result: no
configure:10335: checking for ar
configure:10362: result: /usr/bin/ar
configure:10476: checking for as
configure:10503: result: /usr/bin/as
configure:10698: checking for dlltool
configure:10728: result: no
configure:10839: checking for dsymutil
configure:10869: result: no
configure:10899: checking for ld
configure:10926: result: /usr/bin/ld
configure:11121: checking for lipo
configure:11151: result: no
configure:11181: checking for nm
configure:11208: result: /usr/bin/nm
configure:11322: checking for ranlib
configure:11349: result: /usr/bin/ranlib
configure:11539: checking for strip
configure:11555: found /usr/bin/strip
configure:11566: result: strip
configure:11675: checking for windres
configure:11705: result: no
configure:11816: checking for windmc
configure:11846: result: no
configure:11876: checking for objcopy
configure:11903: result: /usr/bin/objcopy
configure:12098: checking for objdump
configure:12114: found /usr/bin/objdump
configure:12125: result: objdump
configure:12239: checking for otool
configure:12269: result: no
configure:12380: checking for readelf
configure:12396: found /usr/bin/readelf
configure:12407: result: readelf
configure:12521: checking for arm-buildroot-linux-gnueabi-cc
configure:12551: result: no
configure:12521: checking for arm-buildroot-linux-gnueabi-gcc
configure:12551: result: no
configure:12682: checking for arm-buildroot-linux-gnueabi-c++
configure:12712: result: no
configure:12682: checking for arm-buildroot-linux-gnueabi-g++
configure:12712: result: no
configure:12682: checking for arm-buildroot-linux-gnueabi-cxx
configure:12712: result: no
configure:12682: checking for arm-buildroot-linux-gnueabi-gxx
configure:12712: result: no
configure:12843: checking for arm-buildroot-linux-gnueabi-gcc
configure:12873: result: no
configure:12999: checking for arm-buildroot-linux-gnueabi-gfortran
configure:13029: result: no
configure:13160: checking for arm-buildroot-linux-gnueabi-gccgo
configure:13190: result: no
configure:13321: checking for arm-buildroot-linux-gnueabi-gdc
configure:13351: result: no
configure:13451: checking for ar
configure:13469: found /home/ajender/QemuV1/Docker/buildroot-2023.02.4/output/host/arm-buildroot-linux-gnueabi/bin/ar
configure:13481: result: /home/ajender/QemuV1/Docker/buildroot-2023.02.4/output/host/arm-buildroot-linux-gnueabi/bin/ar
configure:13681: checking for as
configure:13699: found /home/ajender/QemuV1/Docker/buildroot-2023.02.4/output/host/arm-buildroot-linux-gnueabi/bin/as
configure:13711: result: /home/ajender/QemuV1/Docker/buildroot-2023.02.4/output/host/arm-buildroot-linux-gnueabi/bin/as
configure:13911: checking for dlltool
configure:13944: result: no
configure:14022: checking for arm-buildroot-linux-gnueabi-dlltool
configure:14052: result: no
configure:14141: checking for dsymutil
configure:14174: result: no
configure:14252: checking for arm-buildroot-linux-gnueabi-dsymutil
configure:14282: result: no
configure:14371: checking for ld
configure:14389: found /home/ajender/QemuV1/Docker/buildroot-2023.02.4/output/host/arm-buildroot-linux-gnueabi/bin/ld
configure:14401: result: /home/ajender/QemuV1/Docker/buildroot-2023.02.4/output/host/arm-buildroot-linux-gnueabi/bin/ld
configure:14601: checking for lipo
configure:14634: result: no
configure:14712: checking for arm-buildroot-linux-gnueabi-lipo
configure:14742: result: no
configure:14831: checking for nm
configure:14849: found /home/ajender/QemuV1/Docker/buildroot-2023.02.4/output/host/arm-buildroot-linux-gnueabi/bin/nm
configure:14861: result: /home/ajender/QemuV1/Docker/buildroot-2023.02.4/output/host/arm-buildroot-linux-gnueabi/bin/nm
configure:15061: checking for objcopy
configure:15079: found /home/ajender/QemuV1/Docker/buildroot-2023.02.4/output/host/arm-buildroot-linux-gnueabi/bin/objcopy
configure:15091: result: /home/ajender/QemuV1/Docker/buildroot-2023.02.4/output/host/arm-buildroot-linux-gnueabi/bin/objcopy
configure:15291: checking for objdump
configure:15309: found /home/ajender/QemuV1/Docker/buildroot-2023.02.4/output/host/arm-buildroot-linux-gnueabi/bin/objdump
configure:15321: result: /home/ajender/QemuV1/Docker/buildroot-2023.02.4/output/host/arm-buildroot-linux-gnueabi/bin/objdump
configure:15521: checking for otool
configure:15554: result: no
configure:15632: checking for arm-buildroot-linux-gnueabi-otool
configure:15662: result: no
configure:15751: checking for ranlib
configure:15769: found /home/ajender/QemuV1/Docker/buildroot-2023.02.4/output/host/arm-buildroot-linux-gnueabi/bin/ranlib
configure:15781: result: /home/ajender/QemuV1/Docker/buildroot-2023.02.4/output/host/arm-buildroot-linux-gnueabi/bin/ranlib
configure:15981: checking for readelf
configure:15999: found /home/ajender/QemuV1/Docker/buildroot-2023.02.4/output/host/arm-buildroot-linux-gnueabi/bin/readelf
configure:16011: result: /home/ajender/QemuV1/Docker/buildroot-2023.02.4/output/host/arm-buildroot-linux-gnueabi/bin/readelf
configure:16211: checking for strip
configure:16229: found /home/ajender/QemuV1/Docker/buildroot-2023.02.4/output/host/arm-buildroot-linux-gnueabi/bin/strip
configure:16241: result: /home/ajender/QemuV1/Docker/buildroot-2023.02.4/output/host/arm-buildroot-linux-gnueabi/bin/strip
configure:16441: checking for windres
configure:16474: result: no
configure:16552: checking for arm-buildroot-linux-gnueabi-windres
configure:16582: result: no
configure:16671: checking for windmc
configure:16704: result: no
configure:16782: checking for arm-buildroot-linux-gnueabi-windmc
configure:16812: result: no
configure:16879: checking where to find the target ar
configure:16907: result: pre-installed in /home/ajender/QemuV1/Docker/buildroot-2023.02.4/output/host/arm-buildroot-linux-gnueabi/bin
configure:16921: checking where to find the target as
configure:16949: result: pre-installed in /home/ajender/QemuV1/Docker/buildroot-2023.02.4/output/host/arm-buildroot-linux-gnueabi/bin
configure:16963: checking where to find the target cc
configure:16986: result: just compiled
configure:17005: checking where to find the target c++
configure:17045: result: pre-installed
configure:17050: checking where to find the target c++ for libstdc++
configure:17090: result: pre-installed
configure:17095: checking where to find the target dlltool
configure:17132: result: pre-installed
configure:17137: checking where to find the target dsymutil
configure:17163: result: pre-installed
configure:17168: checking where to find the target gcc
configure:17191: result: just compiled
configure:17210: checking where to find the target gfortran
configure:17250: result: pre-installed
configure:17255: checking where to find the target gccgo
configure:17295: result: pre-installed
configure:17300: checking where to find the target gdc
configure:17340: result: pre-installed
configure:17345: checking where to find the target ld
configure:17373: result: pre-installed in /home/ajender/QemuV1/Docker/buildroot-2023.02.4/output/host/arm-buildroot-linux-gnueabi/bin
configure:17387: checking where to find the target lipo
configure:17413: result: pre-installed
configure:17418: checking where to find the target nm
configure:17446: result: pre-installed in /home/ajender/QemuV1/Docker/buildroot-2023.02.4/output/host/arm-buildroot-linux-gnueabi/bin
configure:17460: checking where to find the target objcopy
configure:17488: result: pre-installed in /home/ajender/QemuV1/Docker/buildroot-2023.02.4/output/host/arm-buildroot-linux-gnueabi/bin
configure:17502: checking where to find the target objdump
configure:17530: result: pre-installed in /home/ajender/QemuV1/Docker/buildroot-2023.02.4/output/host/arm-buildroot-linux-gnueabi/bin
configure:17544: checking where to find the target otool
configure:17570: result: pre-installed
configure:17575: checking where to find the target ranlib
configure:17603: result: pre-installed in /home/ajender/QemuV1/Docker/buildroot-2023.02.4/output/host/arm-buildroot-linux-gnueabi/bin
configure:17617: checking where to find the target readelf
configure:17645: result: pre-installed in /home/ajender/QemuV1/Docker/buildroot-2023.02.4/output/host/arm-buildroot-linux-gnueabi/bin
configure:17659: checking where to find the target strip
configure:17687: result: pre-installed in /home/ajender/QemuV1/Docker/buildroot-2023.02.4/output/host/arm-buildroot-linux-gnueabi/bin
configure:17701: checking where to find the target windres
configure:17738: result: pre-installed
configure:17743: checking where to find the target windmc
configure:17780: result: pre-installed
configure:17813: checking whether to enable maintainer-specific portions of Makefiles
configure:17822: result: no
configure:18057: creating ./config.status

## ---------------------- ##
## Running config.status. ##
## ---------------------- ##

This file was extended by config.status, which was
generated by GNU Autoconf 2.69.  Invocation command line was

  CONFIG_FILES    = 
  CONFIG_HEADERS  = 
  CONFIG_LINKS    = 
  CONFIG_COMMANDS = 
  $ ./config.status 

on LIB-CO-HQKXZZ2

config.status:1055: creating Makefile

## ---------------- ##
## Cache variables. ##
## ---------------- ##

ac_cv_build=x86_64-pc-linux-gnu
ac_cv_c_compiler_gnu=yes
ac_cv_cxx_compiler_gnu=yes
ac_cv_env_AR_FOR_TARGET_set=set
ac_cv_env_AR_FOR_TARGET_value=gcc-ar
ac_cv_env_AR_set=set
ac_cv_env_AR_value=/usr/bin/ar
ac_cv_env_AS_FOR_TARGET_set=
ac_cv_env_AS_FOR_TARGET_value=
ac_cv_env_AS_set=set
ac_cv_env_AS_value=/usr/bin/as
ac_cv_env_CCC_set=
ac_cv_env_CCC_value=
ac_cv_env_CC_FOR_TARGET_set=
ac_cv_env_CC_FOR_TARGET_value=
ac_cv_env_CC_set=set
ac_cv_env_CC_value=/usr/bin/gcc
ac_cv_env_CFLAGS_set=set
ac_cv_env_CFLAGS_value='-O2 -I/home/ajender/QemuV1/Docker/buildroot-2023.02.4/output/host/include'
ac_cv_env_CPPFLAGS_set=set
ac_cv_env_CPPFLAGS_value=-I/home/ajender/QemuV1/Docker/buildroot-2023.02.4/output/host/include
ac_cv_env_CXXFLAGS_set=set
ac_cv_env_CXXFLAGS_value='-O2 -I/home/ajender/QemuV1/Docker/buildroot-2023.02.4/output/host/include'
ac_cv_env_CXX_FOR_TARGET_set=
ac_cv_env_CXX_FOR_TARGET_value=
ac_cv_env_CXX_set=set
ac_cv_env_CXX_value=/usr/bin/g++
ac_cv_env_DLLTOOL_FOR_TARGET_set=
ac_cv_env_DLLTOOL_FOR_TARGET_value=
ac_cv_env_DLLTOOL_set=
ac_cv_env_DLLTOOL_value=
ac_cv_env_DSYMUTIL_FOR_TARGET_set=
ac_cv_env_DSYMUTIL_FOR_TARGET_value=
ac_cv_env_DSYMUTIL_set=
ac_cv_env_DSYMUTIL_value=
ac_cv_env_GCC_FOR_TARGET_set=
ac_cv_env_GCC_FOR_TARGET_value=
ac_cv_env_GDC_FOR_TARGET_set=
ac_cv_env_GDC_FOR_TARGET_value=
ac_cv_env_GFORTRAN_FOR_TARGET_set=
ac_cv_env_GFORTRAN_FOR_TARGET_value=
ac_cv_env_GOC_FOR_TARGET_set=
ac_cv_env_GOC_FOR_TARGET_value=
ac_cv_env_LDFLAGS_set=set
ac_cv_env_LDFLAGS_value='-L/home/ajender/QemuV1/Docker/buildroot-2023.02.4/output/host/lib -Wl,-rpath,/home/ajender/QemuV1/Docker/buildroot-2023.02.4/output/host/lib'
ac_cv_env_LD_FOR_TARGET_set=
ac_cv_env_LD_FOR_TARGET_value=
ac_cv_env_LD_set=set
ac_cv_env_LD_value=/usr/bin/ld
ac_cv_env_LIBS_set=
ac_cv_env_LIBS_value=
ac_cv_env_LIPO_FOR_TARGET_set=
ac_cv_env_LIPO_FOR_TARGET_value=
ac_cv_env_LIPO_set=
ac_cv_env_LIPO_value=
ac_cv_env_NM_FOR_TARGET_set=set
ac_cv_env_NM_FOR_TARGET_value=gcc-nm
ac_cv_env_NM_set=set
ac_cv_env_NM_value=/usr/bin/nm
ac_cv_env_OBJCOPY_FOR_TARGET_set=
ac_cv_env_OBJCOPY_FOR_TARGET_value=
ac_cv_env_OBJCOPY_set=set
ac_cv_env_OBJCOPY_value=/usr/bin/objcopy
ac_cv_env_OBJDUMP_FOR_TARGET_set=
ac_cv_env_OBJDUMP_FOR_TARGET_value=
ac_cv_env_OBJDUMP_set=
ac_cv_env_OBJDUMP_value=
ac_cv_env_OTOOL_FOR_TARGET_set=
ac_cv_env_OTOOL_FOR_TARGET_value=
ac_cv_env_OTOOL_set=
ac_cv_env_OTOOL_value=
ac_cv_env_RANLIB_FOR_TARGET_set=set
ac_cv_env_RANLIB_FOR_TARGET_value=gcc-ranlib
ac_cv_env_RANLIB_set=set
ac_cv_env_RANLIB_value=/usr/bin/ranlib
ac_cv_env_READELF_FOR_TARGET_set=
ac_cv_env_READELF_FOR_TARGET_value=
ac_cv_env_READELF_set=
ac_cv_env_READELF_value=
ac_cv_env_STRIP_FOR_TARGET_set=
ac_cv_env_STRIP_FOR_TARGET_value=
ac_cv_env_STRIP_set=
ac_cv_env_STRIP_value=
ac_cv_env_WINDMC_FOR_TARGET_set=
ac_cv_env_WINDMC_FOR_TARGET_value=
ac_cv_env_WINDMC_set=
ac_cv_env_WINDMC_value=
ac_cv_env_WINDRES_FOR_TARGET_set=
ac_cv_env_WINDRES_FOR_TARGET_value=
ac_cv_env_WINDRES_set=
ac_cv_env_WINDRES_value=
ac_cv_env_build_alias_set=
ac_cv_env_build_alias_value=
ac_cv_env_build_configargs_set=
ac_cv_env_build_configargs_value=
ac_cv_env_host_alias_set=
ac_cv_env_host_alias_value=
ac_cv_env_host_configargs_set=
ac_cv_env_host_configargs_value=
ac_cv_env_target_alias_set=set
ac_cv_env_target_alias_value=arm-buildroot-linux-gnueabi
ac_cv_env_target_configargs_set=
ac_cv_env_target_configargs_value=
ac_cv_host=x86_64-pc-linux-gnu
ac_cv_objext=o
ac_cv_path_AR_FOR_TARGET=/home/ajender/QemuV1/Docker/buildroot-2023.02.4/output/host/arm-buildroot-linux-gnueabi/bin/ar
ac_cv_path_AS_FOR_TARGET=/home/ajender/QemuV1/Docker/buildroot-2023.02.4/output/host/arm-buildroot-linux-gnueabi/bin/as
ac_cv_path_LD_FOR_TARGET=/home/ajender/QemuV1/Docker/buildroot-2023.02.4/output/host/arm-buildroot-linux-gnueabi/bin/ld
ac_cv_path_NM_FOR_TARGET=/home/ajender/QemuV1/Docker/buildroot-2023.02.4/output/host/arm-buildroot-linux-gnueabi/bin/nm
ac_cv_path_OBJCOPY_FOR_TARGET=/home/ajender/QemuV1/Docker/buildroot-2023.02.4/output/host/arm-buildroot-linux-gnueabi/bin/objcopy
ac_cv_path_OBJDUMP_FOR_TARGET=/home/ajender/QemuV1/Docker/buildroot-2023.02.4/output/host/arm-buildroot-linux-gnueabi/bin/objdump
ac_cv_path_RANLIB_FOR_TARGET=/home/ajender/QemuV1/Docker/buildroot-2023.02.4/output/host/arm-buildroot-linux-gnueabi/bin/ranlib
ac_cv_path_READELF_FOR_TARGET=/home/ajender/QemuV1/Docker/buildroot-2023.02.4/output/host/arm-buildroot-linux-gnueabi/bin/readelf
ac_cv_path_SED=/usr/bin/sed
ac_cv_path_STRIP_FOR_TARGET=/home/ajender/QemuV1/Docker/buildroot-2023.02.4/output/host/arm-buildroot-linux-gnueabi/bin/strip
ac_cv_path_install='/usr/bin/install -c'
ac_cv_prog_AR=/usr/bin/ar
ac_cv_prog_AS=/usr/bin/as
ac_cv_prog_AWK=gawk
ac_cv_prog_BISON=bison
ac_cv_prog_FLEX=flex
ac_cv_prog_LD=/usr/bin/ld
ac_cv_prog_LEX=flex
ac_cv_prog_M4=m4
ac_cv_prog_MAKEINFO=missing
ac_cv_prog_NM=/usr/bin/nm
ac_cv_prog_OBJCOPY=/usr/bin/objcopy
ac_cv_prog_OBJDUMP=objdump
ac_cv_prog_RANLIB=/usr/bin/ranlib
ac_cv_prog_READELF=readelf
ac_cv_prog_STRIP=strip
ac_cv_prog_YACC='bison -y'
ac_cv_prog_ac_ct_CC=/usr/bin/gcc
ac_cv_prog_cc_c89=
ac_cv_prog_cc_g=yes
ac_cv_prog_cxx_g=yes
ac_cv_target=arm-buildroot-linux-gnueabi
acx_cv_cc_gcc_supports_ada=no
acx_cv_prog_LN=ln
ax_cv_cxx_compile_cxx11=yes
gcc_cv_prog_cmp_skip='cmp --ignore-initial=16 $$f1 $$f2'
gcc_cv_tool_dirs=/home/ajender/QemuV1/Docker/buildroot-2023.02.4/output/host/libexec/gcc/arm-buildroot-linux-gnueabi/11.4.0:/home/ajender/QemuV1/Docker/buildroot-2023.02.4/output/host/libexec/gcc/arm-buildroot-linux-gnueabi:/usr/lib/gcc/arm-buildroot-linux-gnueabi/11.4.0:/usr/lib/gcc/arm-buildroot-linux-gnueabi:/home/ajender/QemuV1/Docker/buildroot-2023.02.4/output/host/arm-buildroot-linux-gnueabi/bin/arm-buildroot-linux-gnueabi/11.4.0:/home/ajender/QemuV1/Docker/buildroot-2023.02.4/output/host/arm-buildroot-linux-gnueabi/bin:
gcc_cv_tool_prefix=/home/ajender/QemuV1/Docker/buildroot-2023.02.4/output/host
lt_cv_objdir=.libs

## ----------------- ##
## Output variables. ##
## ----------------- ##

AR='/usr/bin/ar'
AR_FOR_BUILD='$(AR)'
AR_FOR_TARGET='/home/ajender/QemuV1/Docker/buildroot-2023.02.4/output/host/arm-buildroot-linux-gnueabi/bin/ar'
AS='/usr/bin/as'
AS_FOR_BUILD='$(AS)'
AS_FOR_TARGET='/home/ajender/QemuV1/Docker/buildroot-2023.02.4/output/host/arm-buildroot-linux-gnueabi/bin/as'
AWK='gawk'
BISON='bison'
BUILD_CONFIG=''
CC='/usr/bin/gcc'
CC_FOR_BUILD='$(CC)'
CC_FOR_TARGET='$$r/$(HOST_SUBDIR)/gcc/xgcc -B$$r/$(HOST_SUBDIR)/gcc/'
CFLAGS='-O2 -I/home/ajender/QemuV1/Docker/buildroot-2023.02.4/output/host/include'
CFLAGS_FOR_BUILD='-O2 -I/home/ajender/QemuV1/Docker/buildroot-2023.02.4/output/host/include'
CFLAGS_FOR_TARGET='-D_LARGEFILE_SOURCE -D_LARGEFILE64_SOURCE -D_FILE_OFFSET_BITS=64  -Os -g0 -D_FORTIFY_SOURCE=1'
COMPILER_AS_FOR_TARGET='$$r/$(HOST_SUBDIR)/gcc/as'
COMPILER_LD_FOR_TARGET='$$r/$(HOST_SUBDIR)/gcc/collect-ld'
COMPILER_NM_FOR_TARGET='$$r/$(HOST_SUBDIR)/gcc/nm'
CONFIGURE_GDB_TK=''
CPPFLAGS='-I/home/ajender/QemuV1/Docker/buildroot-2023.02.4/output/host/include'
CXX='/usr/bin/g++'
CXXFLAGS='-O2 -I/home/ajender/QemuV1/Docker/buildroot-2023.02.4/output/host/include'
CXXFLAGS_FOR_BUILD='-O2 -I/home/ajender/QemuV1/Docker/buildroot-2023.02.4/output/host/include'
CXXFLAGS_FOR_TARGET='-D_LARGEFILE_SOURCE -D_LARGEFILE64_SOURCE -D_FILE_OFFSET_BITS=64  -Os -g0 -D_FORTIFY_SOURCE=1'
CXX_FOR_BUILD='$(CXX)'
CXX_FOR_TARGET='arm-buildroot-linux-gnueabi-c++'
DEBUG_PREFIX_CFLAGS_FOR_TARGET=''
DEFS='-DPACKAGE_NAME=\"\" -DPACKAGE_TARNAME=\"\" -DPACKAGE_VERSION=\"\" -DPACKAGE_STRING=\"\" -DPACKAGE_BUGREPORT=\"\" -DPACKAGE_URL=\"\" -DHAVE_CXX11=1 -DLT_OBJDIR=\".libs/\"'
DLLTOOL='dlltool'
DLLTOOL_FOR_BUILD='$(DLLTOOL)'
DLLTOOL_FOR_TARGET='arm-buildroot-linux-gnueabi-dlltool'
DSYMUTIL='dsymutil'
DSYMUTIL_FOR_BUILD='$(DSYMUTIL)'
DSYMUTIL_FOR_TARGET='arm-buildroot-linux-gnueabi-dsymutil'
ECHO_C=''
ECHO_N='-n'
ECHO_T=''
EXEEXT=''
EXPECT='expect'
FLAGS_FOR_TARGET=' -B$(build_tooldir)/bin/ -B$(build_tooldir)/lib/ -isystem $(build_tooldir)/include -isystem $(build_tooldir)/sys-include'
FLEX='flex'
GCC_FOR_TARGET='$$r/$(HOST_SUBDIR)/gcc/xgcc -B$$r/$(HOST_SUBDIR)/gcc/'
GCC_SHLIB_SUBDIR=''
GDB_TK=''
GDC_FOR_BUILD='$(GDC)'
GDC_FOR_TARGET='arm-buildroot-linux-gnueabi-gdc'
GFORTRAN_FOR_BUILD='$(GFORTRAN)'
GFORTRAN_FOR_TARGET='arm-buildroot-linux-gnueabi-gfortran'
GNATBIND='no'
GNATMAKE='no'
GOC_FOR_BUILD='$(GOC)'
GOC_FOR_TARGET='arm-buildroot-linux-gnueabi-gccgo'
HAVE_CXX11='1'
HAVE_CXX11_FOR_BUILD=''
INSTALL_DATA='${INSTALL} -m 644'
INSTALL_GDB_TK=''
INSTALL_PROGRAM='${INSTALL}'
INSTALL_SCRIPT='${INSTALL}'
LD='/usr/bin/ld'
LDFLAGS='-L/home/ajender/QemuV1/Docker/buildroot-2023.02.4/output/host/lib -Wl,-rpath,/home/ajender/QemuV1/Docker/buildroot-2023.02.4/output/host/lib'
LDFLAGS_FOR_BUILD='-L/home/ajender/QemuV1/Docker/buildroot-2023.02.4/output/host/lib -Wl,-rpath,/home/ajender/QemuV1/Docker/buildroot-2023.02.4/output/host/lib'
LDFLAGS_FOR_TARGET=''
LD_FOR_BUILD='$(LD)'
LD_FOR_TARGET='/home/ajender/QemuV1/Docker/buildroot-2023.02.4/output/host/arm-buildroot-linux-gnueabi/bin/ld'
LEX='flex'
LIBOBJS=''
LIBS=''
LIPO='lipo'
LIPO_FOR_TARGET='arm-buildroot-linux-gnueabi-lipo'
LN='ln'
LN_S='ln -s'
LTLIBOBJS=''
M4='m4'
MAINT='#'
MAINTAINER_MODE_FALSE=''
MAINTAINER_MODE_TRUE='#'
MAKEINFO='/home/ajender/QemuV1/Docker/buildroot-2023.02.4/output/build/host-gcc-initial-11.4.0/missing makeinfo'
NM='/usr/bin/nm'
NM_FOR_BUILD='$(NM)'
NM_FOR_TARGET='/home/ajender/QemuV1/Docker/buildroot-2023.02.4/output/host/arm-buildroot-linux-gnueabi/bin/nm'
OBJCOPY='/usr/bin/objcopy'
OBJCOPY_FOR_TARGET='/home/ajender/QemuV1/Docker/buildroot-2023.02.4/output/host/arm-buildroot-linux-gnueabi/bin/objcopy'
OBJDUMP='objdump'
OBJDUMP_FOR_TARGET='/home/ajender/QemuV1/Docker/buildroot-2023.02.4/output/host/arm-buildroot-linux-gnueabi/bin/objdump'
OBJEXT='o'
OTOOL='otool'
OTOOL_FOR_TARGET='arm-buildroot-linux-gnueabi-otool'
PACKAGE_BUGREPORT=''
PACKAGE_NAME=''
PACKAGE_STRING=''
PACKAGE_TARNAME=''
PACKAGE_URL=''
PACKAGE_VERSION=''
PATH_SEPARATOR=':'
RANLIB='/usr/bin/ranlib'
RANLIB_FOR_BUILD='$(RANLIB)'
RANLIB_FOR_TARGET='/home/ajender/QemuV1/Docker/buildroot-2023.02.4/output/host/arm-buildroot-linux-gnueabi/bin/ranlib'
RAW_CXX_FOR_TARGET='arm-buildroot-linux-gnueabi-c++'
READELF='readelf'
READELF_FOR_TARGET='/home/ajender/QemuV1/Docker/buildroot-2023.02.4/output/host/arm-buildroot-linux-gnueabi/bin/readelf'
RPATH_ENVVAR='LD_LIBRARY_PATH'
RUNTEST='runtest'
SED='/usr/bin/sed'
SHELL='/bin/bash'
STRIP='strip'
STRIP_FOR_TARGET='/home/ajender/QemuV1/Docker/buildroot-2023.02.4/output/host/arm-buildroot-linux-gnueabi/bin/strip'
SYSROOT_CFLAGS_FOR_TARGET=''
TOPLEVEL_CONFIGURE_ARGUMENTS='./configure --prefix=/home/ajender/QemuV1/Docker/buildroot-2023.02.4/output/host --sysconfdir=/home/ajender/QemuV1/Docker/buildroot-2023.02.4/output/host/etc --localstatedir=/home/ajender/QemuV1/Docker/buildroot-2023.02.4/output/host/var --enable-shared --disable-static --disable-gtk-doc --disable-gtk-doc-html --disable-doc --disable-docs --disable-documentation --disable-debug --with-xmlto=no --with-fop=no --disable-nls --disable-dependency-tracking --target=arm-buildroot-linux-gnueabi --with-sysroot=/home/ajender/QemuV1/Docker/buildroot-2023.02.4/output/host/arm-buildroot-linux-gnueabi/sysroot --enable-__cxa_atexit --with-gnu-ld --disable-libssp --disable-multilib --disable-decimal-float --enable-plugins --enable-lto --with-gmp=/home/ajender/QemuV1/Docker/buildroot-2023.02.4/output/host --with-mpc=/home/ajender/QemuV1/Docker/buildroot-2023.02.4/output/host --with-mpfr=/home/ajender/QemuV1/Docker/buildroot-2023.02.4/output/host --with-pkgversion='\''Buildroot -ga6cd16e-dirty'\'' --with-bugurl=http://bugs.buildroot.net/ --without-zstd --disable-libquadmath --disable-libquadmath-support --enable-tls --enable-threads --without-isl --without-cloog --with-float=soft --with-abi=aapcs-linux --with-cpu=arm926ej-s --with-float=soft --with-mode=arm --enable-languages=c --disable-shared --without-headers --disable-threads --with-newlib --disable-largefile'
WINDMC='windmc'
WINDMC_FOR_BUILD='$(WINDMC)'
WINDMC_FOR_TARGET='arm-buildroot-linux-gnueabi-windmc'
WINDRES='windres'
WINDRES_FOR_BUILD='$(WINDRES)'
WINDRES_FOR_TARGET='arm-buildroot-linux-gnueabi-windres'
YACC='bison -y'
ac_ct_CC='/usr/bin/gcc'
ac_ct_CXX=''
bindir='${exec_prefix}/bin'
build='x86_64-pc-linux-gnu'
build_alias=''
build_configargs=' --cache-file=./config.cache '\''--prefix=/home/ajender/QemuV1/Docker/buildroot-2023.02.4/output/host'\'' '\''--sysconfdir=/home/ajender/QemuV1/Docker/buildroot-2023.02.4/output/host/etc'\'' '\''--localstatedir=/home/ajender/QemuV1/Docker/buildroot-2023.02.4/output/host/var'\'' '\''--enable-shared'\'' '\''--disable-static'\'' '\''--disable-gtk-doc'\'' '\''--disable-gtk-doc-html'\'' '\''--disable-doc'\'' '\''--disable-docs'\'' '\''--disable-documentation'\'' '\''--disable-debug'\'' '\''--with-xmlto=no'\'' '\''--with-fop=no'\'' '\''--disable-nls'\'' '\''--disable-dependency-tracking'\'' '\''--with-sysroot=/home/ajender/QemuV1/Docker/buildroot-2023.02.4/output/host/arm-buildroot-linux-gnueabi/sysroot'\'' '\''--enable-__cxa_atexit'\'' '\''--with-gnu-ld'\'' '\''--disable-libssp'\'' '\''--disable-multilib'\'' '\''--disable-decimal-float'\'' '\''--enable-plugins'\'' '\''--enable-lto'\'' '\''--with-gmp=/home/ajender/QemuV1/Docker/buildroot-2023.02.4/output/host'\'' '\''--with-mpc=/home/ajender/QemuV1/Docker/buildroot-2023.02.4/output/host'\'' '\''--with-mpfr=/home/ajender/QemuV1/Docker/buildroot-2023.02.4/output/host'\'' '\''--with-pkgversion=Buildroot -ga6cd16e-dirty'\'' '\''--with-bugurl=http://bugs.buildroot.net/'\'' '\''--without-zstd'\'' '\''--disable-libquadmath'\'' '\''--disable-libquadmath-support'\'' '\''--enable-tls'\'' '\''--enable-threads'\'' '\''--without-isl'\'' '\''--without-cloog'\'' '\''--with-abi=aapcs-linux'\'' '\''--with-cpu=arm926ej-s'\'' '\''--with-float=soft'\'' '\''--with-mode=arm'\'' '\''--disable-shared'\'' '\''--without-headers'\'' '\''--disable-threads'\'' '\''--with-newlib'\'' '\''--disable-largefile'\'' '\''--enable-languages=c,lto'\'' --program-transform-name='\''s&^&arm-buildroot-linux-gnueabi-&'\'' --disable-option-checking'
build_configdirs=' libiberty libcpp fixincludes'
build_cpu='x86_64'
build_libsubdir='build-x86_64-pc-linux-gnu'
build_noncanonical='x86_64-pc-linux-gnu'
build_os='linux-gnu'
build_subdir='build-x86_64-pc-linux-gnu'
build_tooldir='${exec_prefix}/arm-buildroot-linux-gnueabi'
build_vendor='pc'
compare_exclusions='gcc/cc*-checksum$(objext) | gcc/ada/*tools/*'
configdirs=' intl libiberty zlib libbacktrace libcpp libcody libdecnumber fixincludes gcc libcc1 c++tools lto-plugin'
datadir='${datarootdir}'
datarootdir='${prefix}/share'
do_compare='cmp --ignore-initial=16 $$f1 $$f2'
docdir='${datarootdir}/doc/${PACKAGE}'
dvidir='${docdir}'
exec_prefix='${prefix}'
extra_host_libiberty_configure_flags='--enable-shared'
extra_host_zlib_configure_flags=''
extra_isl_gmp_configure_flags=''
extra_liboffloadmic_configure_flags=''
extra_linker_plugin_configure_flags=''
extra_linker_plugin_flags=''
extra_mpc_gmp_configure_flags=''
extra_mpc_mpfr_configure_flags=''
extra_mpfr_configure_flags=''
get_gcc_base_ver='cat'
gmpinc='-I/home/ajender/QemuV1/Docker/buildroot-2023.02.4/output/host/include -I/home/ajender/QemuV1/Docker/buildroot-2023.02.4/output/host/include -I/home/ajender/QemuV1/Docker/buildroot-2023.02.4/output/host/include '
gmplibs='-L/home/ajender/QemuV1/Docker/buildroot-2023.02.4/output/host/lib -L/home/ajender/QemuV1/Docker/buildroot-2023.02.4/output/host/lib -L/home/ajender/QemuV1/Docker/buildroot-2023.02.4/output/host/lib -lmpc -lmpfr -lgmp'
host='x86_64-pc-linux-gnu'
host_alias=''
host_configargs=' --cache-file=./config.cache  '\''--prefix=/home/ajender/QemuV1/Docker/buildroot-2023.02.4/output/host'\'' '\''--sysconfdir=/home/ajender/QemuV1/Docker/buildroot-2023.02.4/output/host/etc'\'' '\''--localstatedir=/home/ajender/QemuV1/Docker/buildroot-2023.02.4/output/host/var'\'' '\''--enable-shared'\'' '\''--disable-static'\'' '\''--disable-gtk-doc'\'' '\''--disable-gtk-doc-html'\'' '\''--disable-doc'\'' '\''--disable-docs'\'' '\''--disable-documentation'\'' '\''--disable-debug'\'' '\''--with-xmlto=no'\'' '\''--with-fop=no'\'' '\''--disable-nls'\'' '\''--disable-dependency-tracking'\'' '\''--with-sysroot=/home/ajender/QemuV1/Docker/buildroot-2023.02.4/output/host/arm-buildroot-linux-gnueabi/sysroot'\'' '\''--enable-__cxa_atexit'\'' '\''--with-gnu-ld'\'' '\''--disable-libssp'\'' '\''--disable-multilib'\'' '\''--disable-decimal-float'\'' '\''--enable-plugins'\'' '\''--enable-lto'\'' '\''--with-gmp=/home/ajender/QemuV1/Docker/buildroot-2023.02.4/output/host'\'' '\''--with-mpc=/home/ajender/QemuV1/Docker/buildroot-2023.02.4/output/host'\'' '\''--with-mpfr=/home/ajender/QemuV1/Docker/buildroot-2023.02.4/output/host'\'' '\''--with-pkgversion=Buildroot -ga6cd16e-dirty'\'' '\''--with-bugurl=http://bugs.buildroot.net/'\'' '\''--without-zstd'\'' '\''--disable-libquadmath'\'' '\''--disable-libquadmath-support'\'' '\''--enable-tls'\'' '\''--enable-threads'\'' '\''--without-isl'\'' '\''--without-cloog'\'' '\''--with-abi=aapcs-linux'\'' '\''--with-cpu=arm926ej-s'\'' '\''--with-float=soft'\'' '\''--with-mode=arm'\'' '\''--disable-shared'\'' '\''--without-headers'\'' '\''--disable-threads'\'' '\''--with-newlib'\'' '\''--disable-largefile'\'' '\''--enable-languages=c,lto'\'' --program-transform-name='\''s&^&arm-buildroot-linux-gnueabi-&'\'' --disable-option-checking'
host_cpu='x86_64'
host_noncanonical='x86_64-pc-linux-gnu'
host_os='linux-gnu'
host_shared='no'
host_subdir='.'
host_vendor='pc'
htmldir='${docdir}'
includedir='${prefix}/include'
infodir='${datarootdir}/info'
islinc=''
isllibs=''
libdir='${exec_prefix}/lib'
libexecdir='${exec_prefix}/libexec'
localedir='${datarootdir}/locale'
localstatedir='/home/ajender/QemuV1/Docker/buildroot-2023.02.4/output/host/var'
mandir='${datarootdir}/man'
oldincludedir='/usr/include'
pdfdir='${docdir}'
poststage1_ldflags='-static-libstdc++ -static-libgcc'
poststage1_libs=''
prefix='/home/ajender/QemuV1/Docker/buildroot-2023.02.4/output/host'
program_transform_name='s&^&arm-buildroot-linux-gnueabi-&'
psdir='${docdir}'
sbindir='${exec_prefix}/sbin'
sharedstatedir='${prefix}/com'
stage1_cflags='-g'
stage1_checking='--enable-checking=yes,types'
stage1_languages='c,lto'
stage1_ldflags='-static-libstdc++ -static-libgcc'
stage1_libs=''
stage2_werror_flag=''
sysconfdir='/home/ajender/QemuV1/Docker/buildroot-2023.02.4/output/host/etc'
target='arm-buildroot-linux-gnueabi'
target_alias='arm-buildroot-linux-gnueabi'
target_configargs='--cache-file=./config.cache --with-cross-host=x86_64-pc-linux-gnu   '\''--prefix=/home/ajender/QemuV1/Docker/buildroot-2023.02.4/output/host'\'' '\''--sysconfdir=/home/ajender/QemuV1/Docker/buildroot-2023.02.4/output/host/etc'\'' '\''--localstatedir=/home/ajender/QemuV1/Docker/buildroot-2023.02.4/output/host/var'\'' '\''--enable-shared'\'' '\''--disable-static'\'' '\''--disable-gtk-doc'\'' '\''--disable-gtk-doc-html'\'' '\''--disable-doc'\'' '\''--disable-docs'\'' '\''--disable-documentation'\'' '\''--disable-debug'\'' '\''--with-xmlto=no'\'' '\''--with-fop=no'\'' '\''--disable-nls'\'' '\''--disable-dependency-tracking'\'' '\''--with-sysroot=/home/ajender/QemuV1/Docker/buildroot-2023.02.4/output/host/arm-buildroot-linux-gnueabi/sysroot'\'' '\''--enable-__cxa_atexit'\'' '\''--with-gnu-ld'\'' '\''--disable-libssp'\'' '\''--disable-multilib'\'' '\''--disable-decimal-float'\'' '\''--enable-plugins'\'' '\''--enable-lto'\'' '\''--with-pkgversion=Buildroot -ga6cd16e-dirty'\'' '\''--with-bugurl=http://bugs.buildroot.net/'\'' '\''--without-zstd'\'' '\''--disable-libquadmath'\'' '\''--disable-libquadmath-support'\'' '\''--enable-tls'\'' '\''--enable-threads'\'' '\''--without-cloog'\'' '\''--with-abi=aapcs-linux'\'' '\''--with-cpu=arm926ej-s'\'' '\''--with-float=soft'\'' '\''--with-mode=arm'\'' '\''--disable-shared'\'' '\''--without-headers'\'' '\''--disable-threads'\'' '\''--with-newlib'\'' '\''--disable-largefile'\'' '\''--enable-languages=c,lto'\'' --program-transform-name='\''s&^&arm-buildroot-linux-gnueabi-&'\'' --disable-option-checking'
target_configdirs=' libgcc libgomp libatomic'
target_cpu='arm'
target_noncanonical='arm-buildroot-linux-gnueabi'
target_os='linux-gnueabi'
target_subdir='arm-buildroot-linux-gnueabi'
target_vendor='buildroot'
tooldir='${exec_prefix}/arm-buildroot-linux-gnueabi'

## ------------------- ##
## File substitutions. ##
## ------------------- ##

alphaieee_frag='/dev/null'
host_makefile_frag='/dev/null'
ospace_frag='/dev/null'
serialization_dependencies='serdep.tmp'
target_makefile_frag='../config/mt-gnu'

## ----------- ##
## confdefs.h. ##
## ----------- ##

/* confdefs.h */
#define PACKAGE_NAME ""
#define PACKAGE_TARNAME ""
#define PACKAGE_VERSION ""
#define PACKAGE_STRING ""
#define PACKAGE_BUGREPORT ""
#define PACKAGE_URL ""
#define HAVE_CXX11 1
#define LT_OBJDIR ".libs/"

configure: exit 0
