This file contains any messages produced by compilers while
running configure, to aid debugging if configure makes a mistake.

It was created by GNU C Runtime Library configure 1.0, which was
generated by GNU Autoconf 2.69.  Invocation command line was

  $ /home/ajender/QemuV1/Docker/buildroot-2023.02.4/output/build/host-gcc-final-11.4.0/libgcc/configure --srcdir=../../../libgcc --cache-file=./config.cache --with-cross-host=x86_64-pc-linux-gnu --prefix=/home/ajender/QemuV1/Docker/buildroot-2023.02.4/output/host --sysconfdir=/home/ajender/QemuV1/Docker/buildroot-2023.02.4/output/host/etc --enable-static --with-sysroot=/home/ajender/QemuV1/Docker/buildroot-2023.02.4/output/host/arm-buildroot-linux-gnueabi/sysroot --enable-__cxa_atexit --with-gnu-ld --disable-libssp --disable-multilib --disable-decimal-float --enable-plugins --enable-lto --with-pkgversion=Buildroot -ga6cd16e-dirty --with-bugurl=http://bugs.buildroot.net/ --without-zstd --disable-libquadmath --disable-libquadmath-support --enable-tls --enable-threads --without-cloog --with-abi=aapcs-linux --with-cpu=arm926ej-s --with-float=soft --with-mode=arm --with-build-time-tools=/home/ajender/QemuV1/Docker/buildroot-2023.02.4/output/host/arm-buildroot-linux-gnueabi/bin --enable-shared --disable-libgomp --enable-languages=c,lto --program-transform-name=s&^&arm-buildroot-linux-gnueabi-& --disable-option-checking --with-target-subdir=arm-buildroot-linux-gnueabi --build=x86_64-pc-linux-gnu --host=arm-buildroot-linux-gnueabi --target=arm-buildroot-linux-gnueabi

## --------- ##
## Platform. ##
## --------- ##

hostname = LIB-CO-HQKXZZ2
uname -m = x86_64
uname -r = 5.10.102.1-microsoft-standard-WSL2
uname -s = Linux
uname -v = #1 SMP Wed Mar 2 00:30:59 UTC 2022

/usr/bin/uname -p = x86_64
/bin/uname -X     = unknown

/bin/arch              = x86_64
/usr/bin/arch -k       = unknown
/usr/convex/getsysinfo = unknown
/usr/bin/hostinfo      = unknown
/bin/machine           = unknown
/usr/bin/oslevel       = unknown
/bin/universe          = unknown

PATH: /home/ajender/QemuV1/Docker/buildroot-2023.02.4/output/host/bin
PATH: /home/ajender/QemuV1/Docker/buildroot-2023.02.4/output/host/sbin
PATH: /home/ajender/.vscode-server/bin/6c3e3dba23e8fadc360aed75ce363ba185c49794/bin/remote-cli
PATH: /usr/local/sbin
PATH: /usr/local/bin
PATH: /usr/sbin
PATH: /usr/bin
PATH: /sbin
PATH: /bin
PATH: /usr/games
PATH: /usr/local/games
PATH: /usr/lib/wsl/lib


## ----------- ##
## Core tests. ##
## ----------- ##

configure:2083: creating cache ./config.cache
configure:2304: checking build system type
configure:2318: result: x86_64-pc-linux-gnu
configure:2338: checking host system type
configure:2351: result: arm-buildroot-linux-gnueabi
configure:2454: checking for --enable-version-specific-runtime-libs
configure:2467: result: no
configure:2538: checking for a BSD-compatible install
configure:2606: result: /usr/bin/install -c
configure:2622: checking for gawk
configure:2649: result: gawk
configure:2756: checking for arm-buildroot-linux-gnueabi-ar
configure:2783: result: /home/ajender/QemuV1/Docker/buildroot-2023.02.4/output/host/arm-buildroot-linux-gnueabi/bin/ar
configure:2848: checking for arm-buildroot-linux-gnueabi-lipo
configure:2875: result: arm-buildroot-linux-gnueabi-lipo
configure:2940: checking for arm-buildroot-linux-gnueabi-nm
configure:2967: result: /home/ajender/QemuV1/Docker/buildroot-2023.02.4/output/build/host-gcc-final-11.4.0/build/./gcc/nm
configure:3032: checking for arm-buildroot-linux-gnueabi-ranlib
configure:3059: result: /home/ajender/QemuV1/Docker/buildroot-2023.02.4/output/host/arm-buildroot-linux-gnueabi/bin/ranlib
configure:3124: checking for arm-buildroot-linux-gnueabi-strip
configure:3151: result: /home/ajender/QemuV1/Docker/buildroot-2023.02.4/output/host/arm-buildroot-linux-gnueabi/bin/strip
configure:3213: checking whether ln -s works
configure:3217: result: yes
configure:3234: checking for arm-buildroot-linux-gnueabi-gcc
configure:3261: result: /home/ajender/QemuV1/Docker/buildroot-2023.02.4/output/build/host-gcc-final-11.4.0/build/./gcc/xgcc -B/home/ajender/QemuV1/Docker/buildroot-2023.02.4/output/build/host-gcc-final-11.4.0/build/./gcc/ -B/home/ajender/QemuV1/Docker/buildroot-2023.02.4/output/host/arm-buildroot-linux-gnueabi/bin/ -B/home/ajender/QemuV1/Docker/buildroot-2023.02.4/output/host/arm-buildroot-linux-gnueabi/lib/ -isystem /home/ajender/QemuV1/Docker/buildroot-2023.02.4/output/host/arm-buildroot-linux-gnueabi/include -isystem /home/ajender/QemuV1/Docker/buildroot-2023.02.4/output/host/arm-buildroot-linux-gnueabi/sys-include   
configure:3530: checking for C compiler version
configure:3539: /home/ajender/QemuV1/Docker/buildroot-2023.02.4/output/build/host-gcc-final-11.4.0/build/./gcc/xgcc -B/home/ajender/QemuV1/Docker/buildroot-2023.02.4/output/build/host-gcc-final-11.4.0/build/./gcc/ -B/home/ajender/QemuV1/Docker/buildroot-2023.02.4/output/host/arm-buildroot-linux-gnueabi/bin/ -B/home/ajender/QemuV1/Docker/buildroot-2023.02.4/output/host/arm-buildroot-linux-gnueabi/lib/ -isystem /home/ajender/QemuV1/Docker/buildroot-2023.02.4/output/host/arm-buildroot-linux-gnueabi/include -isystem /home/ajender/QemuV1/Docker/buildroot-2023.02.4/output/host/arm-buildroot-linux-gnueabi/sys-include    --version >&5
xgcc (Buildroot -ga6cd16e-dirty) 11.4.0
Copyright (C) 2021 Free Software Foundation, Inc.
This is free software; see the source for copying conditions.  There is NO
warranty; not even for MERCHANTABILITY or FITNESS FOR A PARTICULAR PURPOSE.

configure:3550: $? = 0
configure:3539: /home/ajender/QemuV1/Docker/buildroot-2023.02.4/output/build/host-gcc-final-11.4.0/build/./gcc/xgcc -B/home/ajender/QemuV1/Docker/buildroot-2023.02.4/output/build/host-gcc-final-11.4.0/build/./gcc/ -B/home/ajender/QemuV1/Docker/buildroot-2023.02.4/output/host/arm-buildroot-linux-gnueabi/bin/ -B/home/ajender/QemuV1/Docker/buildroot-2023.02.4/output/host/arm-buildroot-linux-gnueabi/lib/ -isystem /home/ajender/QemuV1/Docker/buildroot-2023.02.4/output/host/arm-buildroot-linux-gnueabi/include -isystem /home/ajender/QemuV1/Docker/buildroot-2023.02.4/output/host/arm-buildroot-linux-gnueabi/sys-include    -v >&5
Reading specs from /home/ajender/QemuV1/Docker/buildroot-2023.02.4/output/build/host-gcc-final-11.4.0/build/./gcc/specs
COLLECT_GCC=/home/ajender/QemuV1/Docker/buildroot-2023.02.4/output/build/host-gcc-final-11.4.0/build/./gcc/xgcc
COLLECT_LTO_WRAPPER=/home/ajender/QemuV1/Docker/buildroot-2023.02.4/output/build/host-gcc-final-11.4.0/build/./gcc/lto-wrapper
Target: arm-buildroot-linux-gnueabi
Configured with: ./configure --prefix=/home/ajender/QemuV1/Docker/buildroot-2023.02.4/output/host --sysconfdir=/home/ajender/QemuV1/Docker/buildroot-2023.02.4/output/host/etc --enable-static --target=arm-buildroot-linux-gnueabi --with-sysroot=/home/ajender/QemuV1/Docker/buildroot-2023.02.4/output/host/arm-buildroot-linux-gnueabi/sysroot --enable-__cxa_atexit --with-gnu-ld --disable-libssp --disable-multilib --disable-decimal-float --enable-plugins --enable-lto --with-gmp=/home/ajender/QemuV1/Docker/buildroot-2023.02.4/output/host --with-mpc=/home/ajender/QemuV1/Docker/buildroot-2023.02.4/output/host --with-mpfr=/home/ajender/QemuV1/Docker/buildroot-2023.02.4/output/host --with-pkgversion='Buildroot -ga6cd16e-dirty' --with-bugurl=http://bugs.buildroot.net/ --without-zstd --disable-libquadmath --disable-libquadmath-support --enable-tls --enable-threads --without-isl --without-cloog --with-float=soft --with-abi=aapcs-linux --with-cpu=arm926ej-s --with-float=soft --with-mode=arm --enable-languages=c --with-build-time-tools=/home/ajender/QemuV1/Docker/buildroot-2023.02.4/output/host/arm-buildroot-linux-gnueabi/bin --enable-shared --disable-libgomp
Thread model: posix
Supported LTO compression algorithms: zlib
gcc version 11.4.0 (Buildroot -ga6cd16e-dirty) 
configure:3550: $? = 0
configure:3539: /home/ajender/QemuV1/Docker/buildroot-2023.02.4/output/build/host-gcc-final-11.4.0/build/./gcc/xgcc -B/home/ajender/QemuV1/Docker/buildroot-2023.02.4/output/build/host-gcc-final-11.4.0/build/./gcc/ -B/home/ajender/QemuV1/Docker/buildroot-2023.02.4/output/host/arm-buildroot-linux-gnueabi/bin/ -B/home/ajender/QemuV1/Docker/buildroot-2023.02.4/output/host/arm-buildroot-linux-gnueabi/lib/ -isystem /home/ajender/QemuV1/Docker/buildroot-2023.02.4/output/host/arm-buildroot-linux-gnueabi/include -isystem /home/ajender/QemuV1/Docker/buildroot-2023.02.4/output/host/arm-buildroot-linux-gnueabi/sys-include    -V >&5
xgcc: error: unrecognized command-line option '-V'
xgcc: fatal error: no input files
compilation terminated.
configure:3550: $? = 1
configure:3539: /home/ajender/QemuV1/Docker/buildroot-2023.02.4/output/build/host-gcc-final-11.4.0/build/./gcc/xgcc -B/home/ajender/QemuV1/Docker/buildroot-2023.02.4/output/build/host-gcc-final-11.4.0/build/./gcc/ -B/home/ajender/QemuV1/Docker/buildroot-2023.02.4/output/host/arm-buildroot-linux-gnueabi/bin/ -B/home/ajender/QemuV1/Docker/buildroot-2023.02.4/output/host/arm-buildroot-linux-gnueabi/lib/ -isystem /home/ajender/QemuV1/Docker/buildroot-2023.02.4/output/host/arm-buildroot-linux-gnueabi/include -isystem /home/ajender/QemuV1/Docker/buildroot-2023.02.4/output/host/arm-buildroot-linux-gnueabi/sys-include    -qversion >&5
xgcc: error: unrecognized command-line option '-qversion'; did you mean '--version'?
xgcc: fatal error: no input files
compilation terminated.
configure:3550: $? = 1
configure:3566: /home/ajender/QemuV1/Docker/buildroot-2023.02.4/output/build/host-gcc-final-11.4.0/build/./gcc/xgcc -B/home/ajender/QemuV1/Docker/buildroot-2023.02.4/output/build/host-gcc-final-11.4.0/build/./gcc/ -B/home/ajender/QemuV1/Docker/buildroot-2023.02.4/output/host/arm-buildroot-linux-gnueabi/bin/ -B/home/ajender/QemuV1/Docker/buildroot-2023.02.4/output/host/arm-buildroot-linux-gnueabi/lib/ -isystem /home/ajender/QemuV1/Docker/buildroot-2023.02.4/output/host/arm-buildroot-linux-gnueabi/include -isystem /home/ajender/QemuV1/Docker/buildroot-2023.02.4/output/host/arm-buildroot-linux-gnueabi/sys-include    -o conftest -D_LARGEFILE_SOURCE -D_LARGEFILE64_SOURCE -D_FILE_OFFSET_BITS=64  -Os -g0 -D_FORTIFY_SOURCE=1   conftest.c  >&5
/home/ajender/QemuV1/Docker/buildroot-2023.02.4/output/host/arm-buildroot-linux-gnueabi/bin/ld: cannot find crtbegin.o: No such file or directory
/home/ajender/QemuV1/Docker/buildroot-2023.02.4/output/host/arm-buildroot-linux-gnueabi/bin/ld: cannot find -lgcc: No such file or directory
/home/ajender/QemuV1/Docker/buildroot-2023.02.4/output/host/arm-buildroot-linux-gnueabi/bin/ld: cannot find -lgcc_s: No such file or directory
collect2: error: ld returned 1 exit status
configure:3569: $? = 1
configure:3782: checking for suffix of object files
configure:3804: /home/ajender/QemuV1/Docker/buildroot-2023.02.4/output/build/host-gcc-final-11.4.0/build/./gcc/xgcc -B/home/ajender/QemuV1/Docker/buildroot-2023.02.4/output/build/host-gcc-final-11.4.0/build/./gcc/ -B/home/ajender/QemuV1/Docker/buildroot-2023.02.4/output/host/arm-buildroot-linux-gnueabi/bin/ -B/home/ajender/QemuV1/Docker/buildroot-2023.02.4/output/host/arm-buildroot-linux-gnueabi/lib/ -isystem /home/ajender/QemuV1/Docker/buildroot-2023.02.4/output/host/arm-buildroot-linux-gnueabi/include -isystem /home/ajender/QemuV1/Docker/buildroot-2023.02.4/output/host/arm-buildroot-linux-gnueabi/sys-include    -c -D_LARGEFILE_SOURCE -D_LARGEFILE64_SOURCE -D_FILE_OFFSET_BITS=64  -Os -g0 -D_FORTIFY_SOURCE=1  conftest.c >&5
configure:3808: $? = 0
configure:3829: result: o
configure:3833: checking whether we are using the GNU C compiler
configure:3852: /home/ajender/QemuV1/Docker/buildroot-2023.02.4/output/build/host-gcc-final-11.4.0/build/./gcc/xgcc -B/home/ajender/QemuV1/Docker/buildroot-2023.02.4/output/build/host-gcc-final-11.4.0/build/./gcc/ -B/home/ajender/QemuV1/Docker/buildroot-2023.02.4/output/host/arm-buildroot-linux-gnueabi/bin/ -B/home/ajender/QemuV1/Docker/buildroot-2023.02.4/output/host/arm-buildroot-linux-gnueabi/lib/ -isystem /home/ajender/QemuV1/Docker/buildroot-2023.02.4/output/host/arm-buildroot-linux-gnueabi/include -isystem /home/ajender/QemuV1/Docker/buildroot-2023.02.4/output/host/arm-buildroot-linux-gnueabi/sys-include    -c -D_LARGEFILE_SOURCE -D_LARGEFILE64_SOURCE -D_FILE_OFFSET_BITS=64  -Os -g0 -D_FORTIFY_SOURCE=1  conftest.c >&5
configure:3852: $? = 0
configure:3861: result: yes
configure:3870: checking whether /home/ajender/QemuV1/Docker/buildroot-2023.02.4/output/build/host-gcc-final-11.4.0/build/./gcc/xgcc -B/home/ajender/QemuV1/Docker/buildroot-2023.02.4/output/build/host-gcc-final-11.4.0/build/./gcc/ -B/home/ajender/QemuV1/Docker/buildroot-2023.02.4/output/host/arm-buildroot-linux-gnueabi/bin/ -B/home/ajender/QemuV1/Docker/buildroot-2023.02.4/output/host/arm-buildroot-linux-gnueabi/lib/ -isystem /home/ajender/QemuV1/Docker/buildroot-2023.02.4/output/host/arm-buildroot-linux-gnueabi/include -isystem /home/ajender/QemuV1/Docker/buildroot-2023.02.4/output/host/arm-buildroot-linux-gnueabi/sys-include    accepts -g
configure:3890: /home/ajender/QemuV1/Docker/buildroot-2023.02.4/output/build/host-gcc-final-11.4.0/build/./gcc/xgcc -B/home/ajender/QemuV1/Docker/buildroot-2023.02.4/output/build/host-gcc-final-11.4.0/build/./gcc/ -B/home/ajender/QemuV1/Docker/buildroot-2023.02.4/output/host/arm-buildroot-linux-gnueabi/bin/ -B/home/ajender/QemuV1/Docker/buildroot-2023.02.4/output/host/arm-buildroot-linux-gnueabi/lib/ -isystem /home/ajender/QemuV1/Docker/buildroot-2023.02.4/output/host/arm-buildroot-linux-gnueabi/include -isystem /home/ajender/QemuV1/Docker/buildroot-2023.02.4/output/host/arm-buildroot-linux-gnueabi/sys-include    -c -g  conftest.c >&5
configure:3890: $? = 0
configure:3931: result: yes
configure:3948: checking for /home/ajender/QemuV1/Docker/buildroot-2023.02.4/output/build/host-gcc-final-11.4.0/build/./gcc/xgcc -B/home/ajender/QemuV1/Docker/buildroot-2023.02.4/output/build/host-gcc-final-11.4.0/build/./gcc/ -B/home/ajender/QemuV1/Docker/buildroot-2023.02.4/output/host/arm-buildroot-linux-gnueabi/bin/ -B/home/ajender/QemuV1/Docker/buildroot-2023.02.4/output/host/arm-buildroot-linux-gnueabi/lib/ -isystem /home/ajender/QemuV1/Docker/buildroot-2023.02.4/output/host/arm-buildroot-linux-gnueabi/include -isystem /home/ajender/QemuV1/Docker/buildroot-2023.02.4/output/host/arm-buildroot-linux-gnueabi/sys-include    option to accept ISO C89
configure:4011: /home/ajender/QemuV1/Docker/buildroot-2023.02.4/output/build/host-gcc-final-11.4.0/build/./gcc/xgcc -B/home/ajender/QemuV1/Docker/buildroot-2023.02.4/output/build/host-gcc-final-11.4.0/build/./gcc/ -B/home/ajender/QemuV1/Docker/buildroot-2023.02.4/output/host/arm-buildroot-linux-gnueabi/bin/ -B/home/ajender/QemuV1/Docker/buildroot-2023.02.4/output/host/arm-buildroot-linux-gnueabi/lib/ -isystem /home/ajender/QemuV1/Docker/buildroot-2023.02.4/output/host/arm-buildroot-linux-gnueabi/include -isystem /home/ajender/QemuV1/Docker/buildroot-2023.02.4/output/host/arm-buildroot-linux-gnueabi/sys-include     -c -D_LARGEFILE_SOURCE -D_LARGEFILE64_SOURCE -D_FILE_OFFSET_BITS=64  -Os -g0 -D_FORTIFY_SOURCE=1  conftest.c >&5
configure:4011: $? = 0
configure:4024: result: none needed
configure:4049: checking how to run the C preprocessor
configure:4080: /home/ajender/QemuV1/Docker/buildroot-2023.02.4/output/build/host-gcc-final-11.4.0/build/./gcc/xgcc -B/home/ajender/QemuV1/Docker/buildroot-2023.02.4/output/build/host-gcc-final-11.4.0/build/./gcc/ -B/home/ajender/QemuV1/Docker/buildroot-2023.02.4/output/host/arm-buildroot-linux-gnueabi/bin/ -B/home/ajender/QemuV1/Docker/buildroot-2023.02.4/output/host/arm-buildroot-linux-gnueabi/lib/ -isystem /home/ajender/QemuV1/Docker/buildroot-2023.02.4/output/host/arm-buildroot-linux-gnueabi/include -isystem /home/ajender/QemuV1/Docker/buildroot-2023.02.4/output/host/arm-buildroot-linux-gnueabi/sys-include    -E  conftest.c
configure:4080: $? = 0
configure:4094: /home/ajender/QemuV1/Docker/buildroot-2023.02.4/output/build/host-gcc-final-11.4.0/build/./gcc/xgcc -B/home/ajender/QemuV1/Docker/buildroot-2023.02.4/output/build/host-gcc-final-11.4.0/build/./gcc/ -B/home/ajender/QemuV1/Docker/buildroot-2023.02.4/output/host/arm-buildroot-linux-gnueabi/bin/ -B/home/ajender/QemuV1/Docker/buildroot-2023.02.4/output/host/arm-buildroot-linux-gnueabi/lib/ -isystem /home/ajender/QemuV1/Docker/buildroot-2023.02.4/output/host/arm-buildroot-linux-gnueabi/include -isystem /home/ajender/QemuV1/Docker/buildroot-2023.02.4/output/host/arm-buildroot-linux-gnueabi/sys-include    -E  conftest.c
conftest.c:9:10: fatal error: ac_nonexistent.h: No such file or directory
    9 | #include <ac_nonexistent.h>
      |          ^~~~~~~~~~~~~~~~~~
compilation terminated.
configure:4094: $? = 1
configure: failed program was:
| /* confdefs.h */
| #define PACKAGE_NAME "GNU C Runtime Library"
| #define PACKAGE_TARNAME "libgcc"
| #define PACKAGE_VERSION "1.0"
| #define PACKAGE_STRING "GNU C Runtime Library 1.0"
| #define PACKAGE_BUGREPORT ""
| #define PACKAGE_URL "http://www.gnu.org/software/libgcc/"
| /* end confdefs.h.  */
| #include <ac_nonexistent.h>
configure:4119: result: /home/ajender/QemuV1/Docker/buildroot-2023.02.4/output/build/host-gcc-final-11.4.0/build/./gcc/xgcc -B/home/ajender/QemuV1/Docker/buildroot-2023.02.4/output/build/host-gcc-final-11.4.0/build/./gcc/ -B/home/ajender/QemuV1/Docker/buildroot-2023.02.4/output/host/arm-buildroot-linux-gnueabi/bin/ -B/home/ajender/QemuV1/Docker/buildroot-2023.02.4/output/host/arm-buildroot-linux-gnueabi/lib/ -isystem /home/ajender/QemuV1/Docker/buildroot-2023.02.4/output/host/arm-buildroot-linux-gnueabi/include -isystem /home/ajender/QemuV1/Docker/buildroot-2023.02.4/output/host/arm-buildroot-linux-gnueabi/sys-include    -E
configure:4139: /home/ajender/QemuV1/Docker/buildroot-2023.02.4/output/build/host-gcc-final-11.4.0/build/./gcc/xgcc -B/home/ajender/QemuV1/Docker/buildroot-2023.02.4/output/build/host-gcc-final-11.4.0/build/./gcc/ -B/home/ajender/QemuV1/Docker/buildroot-2023.02.4/output/host/arm-buildroot-linux-gnueabi/bin/ -B/home/ajender/QemuV1/Docker/buildroot-2023.02.4/output/host/arm-buildroot-linux-gnueabi/lib/ -isystem /home/ajender/QemuV1/Docker/buildroot-2023.02.4/output/host/arm-buildroot-linux-gnueabi/include -isystem /home/ajender/QemuV1/Docker/buildroot-2023.02.4/output/host/arm-buildroot-linux-gnueabi/sys-include    -E  conftest.c
configure:4139: $? = 0
configure:4153: /home/ajender/QemuV1/Docker/buildroot-2023.02.4/output/build/host-gcc-final-11.4.0/build/./gcc/xgcc -B/home/ajender/QemuV1/Docker/buildroot-2023.02.4/output/build/host-gcc-final-11.4.0/build/./gcc/ -B/home/ajender/QemuV1/Docker/buildroot-2023.02.4/output/host/arm-buildroot-linux-gnueabi/bin/ -B/home/ajender/QemuV1/Docker/buildroot-2023.02.4/output/host/arm-buildroot-linux-gnueabi/lib/ -isystem /home/ajender/QemuV1/Docker/buildroot-2023.02.4/output/host/arm-buildroot-linux-gnueabi/include -isystem /home/ajender/QemuV1/Docker/buildroot-2023.02.4/output/host/arm-buildroot-linux-gnueabi/sys-include    -E  conftest.c
conftest.c:9:10: fatal error: ac_nonexistent.h: No such file or directory
    9 | #include <ac_nonexistent.h>
      |          ^~~~~~~~~~~~~~~~~~
compilation terminated.
configure:4153: $? = 1
configure: failed program was:
| /* confdefs.h */
| #define PACKAGE_NAME "GNU C Runtime Library"
| #define PACKAGE_TARNAME "libgcc"
| #define PACKAGE_VERSION "1.0"
| #define PACKAGE_STRING "GNU C Runtime Library 1.0"
| #define PACKAGE_BUGREPORT ""
| #define PACKAGE_URL "http://www.gnu.org/software/libgcc/"
| /* end confdefs.h.  */
| #include <ac_nonexistent.h>
configure:4192: checking for special C compiler options needed for large files
configure:4237: result: no
configure:4243: checking for _FILE_OFFSET_BITS value needed for large files
configure:4268: /home/ajender/QemuV1/Docker/buildroot-2023.02.4/output/build/host-gcc-final-11.4.0/build/./gcc/xgcc -B/home/ajender/QemuV1/Docker/buildroot-2023.02.4/output/build/host-gcc-final-11.4.0/build/./gcc/ -B/home/ajender/QemuV1/Docker/buildroot-2023.02.4/output/host/arm-buildroot-linux-gnueabi/bin/ -B/home/ajender/QemuV1/Docker/buildroot-2023.02.4/output/host/arm-buildroot-linux-gnueabi/lib/ -isystem /home/ajender/QemuV1/Docker/buildroot-2023.02.4/output/host/arm-buildroot-linux-gnueabi/include -isystem /home/ajender/QemuV1/Docker/buildroot-2023.02.4/output/host/arm-buildroot-linux-gnueabi/sys-include    -c -D_LARGEFILE_SOURCE -D_LARGEFILE64_SOURCE -D_FILE_OFFSET_BITS=64  -Os -g0 -D_FORTIFY_SOURCE=1  conftest.c >&5
configure:4268: $? = 0
configure:4300: result: no
configure:4391: checking size of double
configure:4396: /home/ajender/QemuV1/Docker/buildroot-2023.02.4/output/build/host-gcc-final-11.4.0/build/./gcc/xgcc -B/home/ajender/QemuV1/Docker/buildroot-2023.02.4/output/build/host-gcc-final-11.4.0/build/./gcc/ -B/home/ajender/QemuV1/Docker/buildroot-2023.02.4/output/host/arm-buildroot-linux-gnueabi/bin/ -B/home/ajender/QemuV1/Docker/buildroot-2023.02.4/output/host/arm-buildroot-linux-gnueabi/lib/ -isystem /home/ajender/QemuV1/Docker/buildroot-2023.02.4/output/host/arm-buildroot-linux-gnueabi/include -isystem /home/ajender/QemuV1/Docker/buildroot-2023.02.4/output/host/arm-buildroot-linux-gnueabi/sys-include    -c -D_LARGEFILE_SOURCE -D_LARGEFILE64_SOURCE -D_FILE_OFFSET_BITS=64  -Os -g0 -D_FORTIFY_SOURCE=1  conftest.c >&5
configure:4396: $? = 0
configure:4396: /home/ajender/QemuV1/Docker/buildroot-2023.02.4/output/build/host-gcc-final-11.4.0/build/./gcc/xgcc -B/home/ajender/QemuV1/Docker/buildroot-2023.02.4/output/build/host-gcc-final-11.4.0/build/./gcc/ -B/home/ajender/QemuV1/Docker/buildroot-2023.02.4/output/host/arm-buildroot-linux-gnueabi/bin/ -B/home/ajender/QemuV1/Docker/buildroot-2023.02.4/output/host/arm-buildroot-linux-gnueabi/lib/ -isystem /home/ajender/QemuV1/Docker/buildroot-2023.02.4/output/host/arm-buildroot-linux-gnueabi/include -isystem /home/ajender/QemuV1/Docker/buildroot-2023.02.4/output/host/arm-buildroot-linux-gnueabi/sys-include    -c -D_LARGEFILE_SOURCE -D_LARGEFILE64_SOURCE -D_FILE_OFFSET_BITS=64  -Os -g0 -D_FORTIFY_SOURCE=1  conftest.c >&5
conftest.c: In function 'main':
conftest.c:13:12: error: size of array 'test_array' is negative
   13 | static int test_array [1 - 2 * !(((long int) (sizeof (double))) <= 0)];
      |            ^~~~~~~~~~
configure:4396: $? = 1
configure: failed program was:
| /* confdefs.h */
| #define PACKAGE_NAME "GNU C Runtime Library"
| #define PACKAGE_TARNAME "libgcc"
| #define PACKAGE_VERSION "1.0"
| #define PACKAGE_STRING "GNU C Runtime Library 1.0"
| #define PACKAGE_BUGREPORT ""
| #define PACKAGE_URL "http://www.gnu.org/software/libgcc/"
| /* end confdefs.h.  */
| /* none */
| int
| main ()
| {
| static int test_array [1 - 2 * !(((long int) (sizeof (double))) <= 0)];
| test_array [0] = 0;
| return test_array [0];
| 
|   ;
|   return 0;
| }
configure:4396: /home/ajender/QemuV1/Docker/buildroot-2023.02.4/output/build/host-gcc-final-11.4.0/build/./gcc/xgcc -B/home/ajender/QemuV1/Docker/buildroot-2023.02.4/output/build/host-gcc-final-11.4.0/build/./gcc/ -B/home/ajender/QemuV1/Docker/buildroot-2023.02.4/output/host/arm-buildroot-linux-gnueabi/bin/ -B/home/ajender/QemuV1/Docker/buildroot-2023.02.4/output/host/arm-buildroot-linux-gnueabi/lib/ -isystem /home/ajender/QemuV1/Docker/buildroot-2023.02.4/output/host/arm-buildroot-linux-gnueabi/include -isystem /home/ajender/QemuV1/Docker/buildroot-2023.02.4/output/host/arm-buildroot-linux-gnueabi/sys-include    -c -D_LARGEFILE_SOURCE -D_LARGEFILE64_SOURCE -D_FILE_OFFSET_BITS=64  -Os -g0 -D_FORTIFY_SOURCE=1  conftest.c >&5
conftest.c: In function 'main':
conftest.c:13:12: error: size of array 'test_array' is negative
   13 | static int test_array [1 - 2 * !(((long int) (sizeof (double))) <= 1)];
      |            ^~~~~~~~~~
configure:4396: $? = 1
configure: failed program was:
| /* confdefs.h */
| #define PACKAGE_NAME "GNU C Runtime Library"
| #define PACKAGE_TARNAME "libgcc"
| #define PACKAGE_VERSION "1.0"
| #define PACKAGE_STRING "GNU C Runtime Library 1.0"
| #define PACKAGE_BUGREPORT ""
| #define PACKAGE_URL "http://www.gnu.org/software/libgcc/"
| /* end confdefs.h.  */
| /* none */
| int
| main ()
| {
| static int test_array [1 - 2 * !(((long int) (sizeof (double))) <= 1)];
| test_array [0] = 0;
| return test_array [0];
| 
|   ;
|   return 0;
| }
configure:4396: /home/ajender/QemuV1/Docker/buildroot-2023.02.4/output/build/host-gcc-final-11.4.0/build/./gcc/xgcc -B/home/ajender/QemuV1/Docker/buildroot-2023.02.4/output/build/host-gcc-final-11.4.0/build/./gcc/ -B/home/ajender/QemuV1/Docker/buildroot-2023.02.4/output/host/arm-buildroot-linux-gnueabi/bin/ -B/home/ajender/QemuV1/Docker/buildroot-2023.02.4/output/host/arm-buildroot-linux-gnueabi/lib/ -isystem /home/ajender/QemuV1/Docker/buildroot-2023.02.4/output/host/arm-buildroot-linux-gnueabi/include -isystem /home/ajender/QemuV1/Docker/buildroot-2023.02.4/output/host/arm-buildroot-linux-gnueabi/sys-include    -c -D_LARGEFILE_SOURCE -D_LARGEFILE64_SOURCE -D_FILE_OFFSET_BITS=64  -Os -g0 -D_FORTIFY_SOURCE=1  conftest.c >&5
conftest.c: In function 'main':
conftest.c:13:12: error: size of array 'test_array' is negative
   13 | static int test_array [1 - 2 * !(((long int) (sizeof (double))) <= 3)];
      |            ^~~~~~~~~~
configure:4396: $? = 1
configure: failed program was:
| /* confdefs.h */
| #define PACKAGE_NAME "GNU C Runtime Library"
| #define PACKAGE_TARNAME "libgcc"
| #define PACKAGE_VERSION "1.0"
| #define PACKAGE_STRING "GNU C Runtime Library 1.0"
| #define PACKAGE_BUGREPORT ""
| #define PACKAGE_URL "http://www.gnu.org/software/libgcc/"
| /* end confdefs.h.  */
| /* none */
| int
| main ()
| {
| static int test_array [1 - 2 * !(((long int) (sizeof (double))) <= 3)];
| test_array [0] = 0;
| return test_array [0];
| 
|   ;
|   return 0;
| }
configure:4396: /home/ajender/QemuV1/Docker/buildroot-2023.02.4/output/build/host-gcc-final-11.4.0/build/./gcc/xgcc -B/home/ajender/QemuV1/Docker/buildroot-2023.02.4/output/build/host-gcc-final-11.4.0/build/./gcc/ -B/home/ajender/QemuV1/Docker/buildroot-2023.02.4/output/host/arm-buildroot-linux-gnueabi/bin/ -B/home/ajender/QemuV1/Docker/buildroot-2023.02.4/output/host/arm-buildroot-linux-gnueabi/lib/ -isystem /home/ajender/QemuV1/Docker/buildroot-2023.02.4/output/host/arm-buildroot-linux-gnueabi/include -isystem /home/ajender/QemuV1/Docker/buildroot-2023.02.4/output/host/arm-buildroot-linux-gnueabi/sys-include    -c -D_LARGEFILE_SOURCE -D_LARGEFILE64_SOURCE -D_FILE_OFFSET_BITS=64  -Os -g0 -D_FORTIFY_SOURCE=1  conftest.c >&5
conftest.c: In function 'main':
conftest.c:13:12: error: size of array 'test_array' is negative
   13 | static int test_array [1 - 2 * !(((long int) (sizeof (double))) <= 7)];
      |            ^~~~~~~~~~
configure:4396: $? = 1
configure: failed program was:
| /* confdefs.h */
| #define PACKAGE_NAME "GNU C Runtime Library"
| #define PACKAGE_TARNAME "libgcc"
| #define PACKAGE_VERSION "1.0"
| #define PACKAGE_STRING "GNU C Runtime Library 1.0"
| #define PACKAGE_BUGREPORT ""
| #define PACKAGE_URL "http://www.gnu.org/software/libgcc/"
| /* end confdefs.h.  */
| /* none */
| int
| main ()
| {
| static int test_array [1 - 2 * !(((long int) (sizeof (double))) <= 7)];
| test_array [0] = 0;
| return test_array [0];
| 
|   ;
|   return 0;
| }
configure:4396: /home/ajender/QemuV1/Docker/buildroot-2023.02.4/output/build/host-gcc-final-11.4.0/build/./gcc/xgcc -B/home/ajender/QemuV1/Docker/buildroot-2023.02.4/output/build/host-gcc-final-11.4.0/build/./gcc/ -B/home/ajender/QemuV1/Docker/buildroot-2023.02.4/output/host/arm-buildroot-linux-gnueabi/bin/ -B/home/ajender/QemuV1/Docker/buildroot-2023.02.4/output/host/arm-buildroot-linux-gnueabi/lib/ -isystem /home/ajender/QemuV1/Docker/buildroot-2023.02.4/output/host/arm-buildroot-linux-gnueabi/include -isystem /home/ajender/QemuV1/Docker/buildroot-2023.02.4/output/host/arm-buildroot-linux-gnueabi/sys-include    -c -D_LARGEFILE_SOURCE -D_LARGEFILE64_SOURCE -D_FILE_OFFSET_BITS=64  -Os -g0 -D_FORTIFY_SOURCE=1  conftest.c >&5
configure:4396: $? = 0
configure:4396: /home/ajender/QemuV1/Docker/buildroot-2023.02.4/output/build/host-gcc-final-11.4.0/build/./gcc/xgcc -B/home/ajender/QemuV1/Docker/buildroot-2023.02.4/output/build/host-gcc-final-11.4.0/build/./gcc/ -B/home/ajender/QemuV1/Docker/buildroot-2023.02.4/output/host/arm-buildroot-linux-gnueabi/bin/ -B/home/ajender/QemuV1/Docker/buildroot-2023.02.4/output/host/arm-buildroot-linux-gnueabi/lib/ -isystem /home/ajender/QemuV1/Docker/buildroot-2023.02.4/output/host/arm-buildroot-linux-gnueabi/include -isystem /home/ajender/QemuV1/Docker/buildroot-2023.02.4/output/host/arm-buildroot-linux-gnueabi/sys-include    -c -D_LARGEFILE_SOURCE -D_LARGEFILE64_SOURCE -D_FILE_OFFSET_BITS=64  -Os -g0 -D_FORTIFY_SOURCE=1  conftest.c >&5
configure:4396: $? = 0
configure:4396: /home/ajender/QemuV1/Docker/buildroot-2023.02.4/output/build/host-gcc-final-11.4.0/build/./gcc/xgcc -B/home/ajender/QemuV1/Docker/buildroot-2023.02.4/output/build/host-gcc-final-11.4.0/build/./gcc/ -B/home/ajender/QemuV1/Docker/buildroot-2023.02.4/output/host/arm-buildroot-linux-gnueabi/bin/ -B/home/ajender/QemuV1/Docker/buildroot-2023.02.4/output/host/arm-buildroot-linux-gnueabi/lib/ -isystem /home/ajender/QemuV1/Docker/buildroot-2023.02.4/output/host/arm-buildroot-linux-gnueabi/include -isystem /home/ajender/QemuV1/Docker/buildroot-2023.02.4/output/host/arm-buildroot-linux-gnueabi/sys-include    -c -D_LARGEFILE_SOURCE -D_LARGEFILE64_SOURCE -D_FILE_OFFSET_BITS=64  -Os -g0 -D_FORTIFY_SOURCE=1  conftest.c >&5
configure:4396: $? = 0
configure:4396: /home/ajender/QemuV1/Docker/buildroot-2023.02.4/output/build/host-gcc-final-11.4.0/build/./gcc/xgcc -B/home/ajender/QemuV1/Docker/buildroot-2023.02.4/output/build/host-gcc-final-11.4.0/build/./gcc/ -B/home/ajender/QemuV1/Docker/buildroot-2023.02.4/output/host/arm-buildroot-linux-gnueabi/bin/ -B/home/ajender/QemuV1/Docker/buildroot-2023.02.4/output/host/arm-buildroot-linux-gnueabi/lib/ -isystem /home/ajender/QemuV1/Docker/buildroot-2023.02.4/output/host/arm-buildroot-linux-gnueabi/include -isystem /home/ajender/QemuV1/Docker/buildroot-2023.02.4/output/host/arm-buildroot-linux-gnueabi/sys-include    -c -D_LARGEFILE_SOURCE -D_LARGEFILE64_SOURCE -D_FILE_OFFSET_BITS=64  -Os -g0 -D_FORTIFY_SOURCE=1  conftest.c >&5
configure:4396: $? = 0
configure:4410: result: 8
configure:4424: checking size of long double
configure:4429: /home/ajender/QemuV1/Docker/buildroot-2023.02.4/output/build/host-gcc-final-11.4.0/build/./gcc/xgcc -B/home/ajender/QemuV1/Docker/buildroot-2023.02.4/output/build/host-gcc-final-11.4.0/build/./gcc/ -B/home/ajender/QemuV1/Docker/buildroot-2023.02.4/output/host/arm-buildroot-linux-gnueabi/bin/ -B/home/ajender/QemuV1/Docker/buildroot-2023.02.4/output/host/arm-buildroot-linux-gnueabi/lib/ -isystem /home/ajender/QemuV1/Docker/buildroot-2023.02.4/output/host/arm-buildroot-linux-gnueabi/include -isystem /home/ajender/QemuV1/Docker/buildroot-2023.02.4/output/host/arm-buildroot-linux-gnueabi/sys-include    -c -D_LARGEFILE_SOURCE -D_LARGEFILE64_SOURCE -D_FILE_OFFSET_BITS=64  -Os -g0 -D_FORTIFY_SOURCE=1  conftest.c >&5
configure:4429: $? = 0
configure:4429: /home/ajender/QemuV1/Docker/buildroot-2023.02.4/output/build/host-gcc-final-11.4.0/build/./gcc/xgcc -B/home/ajender/QemuV1/Docker/buildroot-2023.02.4/output/build/host-gcc-final-11.4.0/build/./gcc/ -B/home/ajender/QemuV1/Docker/buildroot-2023.02.4/output/host/arm-buildroot-linux-gnueabi/bin/ -B/home/ajender/QemuV1/Docker/buildroot-2023.02.4/output/host/arm-buildroot-linux-gnueabi/lib/ -isystem /home/ajender/QemuV1/Docker/buildroot-2023.02.4/output/host/arm-buildroot-linux-gnueabi/include -isystem /home/ajender/QemuV1/Docker/buildroot-2023.02.4/output/host/arm-buildroot-linux-gnueabi/sys-include    -c -D_LARGEFILE_SOURCE -D_LARGEFILE64_SOURCE -D_FILE_OFFSET_BITS=64  -Os -g0 -D_FORTIFY_SOURCE=1  conftest.c >&5
conftest.c: In function 'main':
conftest.c:14:12: error: size of array 'test_array' is negative
   14 | static int test_array [1 - 2 * !(((long int) (sizeof (long double))) <= 0)];
      |            ^~~~~~~~~~
configure:4429: $? = 1
configure: failed program was:
| /* confdefs.h */
| #define PACKAGE_NAME "GNU C Runtime Library"
| #define PACKAGE_TARNAME "libgcc"
| #define PACKAGE_VERSION "1.0"
| #define PACKAGE_STRING "GNU C Runtime Library 1.0"
| #define PACKAGE_BUGREPORT ""
| #define PACKAGE_URL "http://www.gnu.org/software/libgcc/"
| #define SIZEOF_DOUBLE 8
| /* end confdefs.h.  */
| /* none */
| int
| main ()
| {
| static int test_array [1 - 2 * !(((long int) (sizeof (long double))) <= 0)];
| test_array [0] = 0;
| return test_array [0];
| 
|   ;
|   return 0;
| }
configure:4429: /home/ajender/QemuV1/Docker/buildroot-2023.02.4/output/build/host-gcc-final-11.4.0/build/./gcc/xgcc -B/home/ajender/QemuV1/Docker/buildroot-2023.02.4/output/build/host-gcc-final-11.4.0/build/./gcc/ -B/home/ajender/QemuV1/Docker/buildroot-2023.02.4/output/host/arm-buildroot-linux-gnueabi/bin/ -B/home/ajender/QemuV1/Docker/buildroot-2023.02.4/output/host/arm-buildroot-linux-gnueabi/lib/ -isystem /home/ajender/QemuV1/Docker/buildroot-2023.02.4/output/host/arm-buildroot-linux-gnueabi/include -isystem /home/ajender/QemuV1/Docker/buildroot-2023.02.4/output/host/arm-buildroot-linux-gnueabi/sys-include    -c -D_LARGEFILE_SOURCE -D_LARGEFILE64_SOURCE -D_FILE_OFFSET_BITS=64  -Os -g0 -D_FORTIFY_SOURCE=1  conftest.c >&5
conftest.c: In function 'main':
conftest.c:14:12: error: size of array 'test_array' is negative
   14 | static int test_array [1 - 2 * !(((long int) (sizeof (long double))) <= 1)];
      |            ^~~~~~~~~~
configure:4429: $? = 1
configure: failed program was:
| /* confdefs.h */
| #define PACKAGE_NAME "GNU C Runtime Library"
| #define PACKAGE_TARNAME "libgcc"
| #define PACKAGE_VERSION "1.0"
| #define PACKAGE_STRING "GNU C Runtime Library 1.0"
| #define PACKAGE_BUGREPORT ""
| #define PACKAGE_URL "http://www.gnu.org/software/libgcc/"
| #define SIZEOF_DOUBLE 8
| /* end confdefs.h.  */
| /* none */
| int
| main ()
| {
| static int test_array [1 - 2 * !(((long int) (sizeof (long double))) <= 1)];
| test_array [0] = 0;
| return test_array [0];
| 
|   ;
|   return 0;
| }
configure:4429: /home/ajender/QemuV1/Docker/buildroot-2023.02.4/output/build/host-gcc-final-11.4.0/build/./gcc/xgcc -B/home/ajender/QemuV1/Docker/buildroot-2023.02.4/output/build/host-gcc-final-11.4.0/build/./gcc/ -B/home/ajender/QemuV1/Docker/buildroot-2023.02.4/output/host/arm-buildroot-linux-gnueabi/bin/ -B/home/ajender/QemuV1/Docker/buildroot-2023.02.4/output/host/arm-buildroot-linux-gnueabi/lib/ -isystem /home/ajender/QemuV1/Docker/buildroot-2023.02.4/output/host/arm-buildroot-linux-gnueabi/include -isystem /home/ajender/QemuV1/Docker/buildroot-2023.02.4/output/host/arm-buildroot-linux-gnueabi/sys-include    -c -D_LARGEFILE_SOURCE -D_LARGEFILE64_SOURCE -D_FILE_OFFSET_BITS=64  -Os -g0 -D_FORTIFY_SOURCE=1  conftest.c >&5
conftest.c: In function 'main':
conftest.c:14:12: error: size of array 'test_array' is negative
   14 | static int test_array [1 - 2 * !(((long int) (sizeof (long double))) <= 3)];
      |            ^~~~~~~~~~
configure:4429: $? = 1
configure: failed program was:
| /* confdefs.h */
| #define PACKAGE_NAME "GNU C Runtime Library"
| #define PACKAGE_TARNAME "libgcc"
| #define PACKAGE_VERSION "1.0"
| #define PACKAGE_STRING "GNU C Runtime Library 1.0"
| #define PACKAGE_BUGREPORT ""
| #define PACKAGE_URL "http://www.gnu.org/software/libgcc/"
| #define SIZEOF_DOUBLE 8
| /* end confdefs.h.  */
| /* none */
| int
| main ()
| {
| static int test_array [1 - 2 * !(((long int) (sizeof (long double))) <= 3)];
| test_array [0] = 0;
| return test_array [0];
| 
|   ;
|   return 0;
| }
configure:4429: /home/ajender/QemuV1/Docker/buildroot-2023.02.4/output/build/host-gcc-final-11.4.0/build/./gcc/xgcc -B/home/ajender/QemuV1/Docker/buildroot-2023.02.4/output/build/host-gcc-final-11.4.0/build/./gcc/ -B/home/ajender/QemuV1/Docker/buildroot-2023.02.4/output/host/arm-buildroot-linux-gnueabi/bin/ -B/home/ajender/QemuV1/Docker/buildroot-2023.02.4/output/host/arm-buildroot-linux-gnueabi/lib/ -isystem /home/ajender/QemuV1/Docker/buildroot-2023.02.4/output/host/arm-buildroot-linux-gnueabi/include -isystem /home/ajender/QemuV1/Docker/buildroot-2023.02.4/output/host/arm-buildroot-linux-gnueabi/sys-include    -c -D_LARGEFILE_SOURCE -D_LARGEFILE64_SOURCE -D_FILE_OFFSET_BITS=64  -Os -g0 -D_FORTIFY_SOURCE=1  conftest.c >&5
conftest.c: In function 'main':
conftest.c:14:12: error: size of array 'test_array' is negative
   14 | static int test_array [1 - 2 * !(((long int) (sizeof (long double))) <= 7)];
      |            ^~~~~~~~~~
configure:4429: $? = 1
configure: failed program was:
| /* confdefs.h */
| #define PACKAGE_NAME "GNU C Runtime Library"
| #define PACKAGE_TARNAME "libgcc"
| #define PACKAGE_VERSION "1.0"
| #define PACKAGE_STRING "GNU C Runtime Library 1.0"
| #define PACKAGE_BUGREPORT ""
| #define PACKAGE_URL "http://www.gnu.org/software/libgcc/"
| #define SIZEOF_DOUBLE 8
| /* end confdefs.h.  */
| /* none */
| int
| main ()
| {
| static int test_array [1 - 2 * !(((long int) (sizeof (long double))) <= 7)];
| test_array [0] = 0;
| return test_array [0];
| 
|   ;
|   return 0;
| }
configure:4429: /home/ajender/QemuV1/Docker/buildroot-2023.02.4/output/build/host-gcc-final-11.4.0/build/./gcc/xgcc -B/home/ajender/QemuV1/Docker/buildroot-2023.02.4/output/build/host-gcc-final-11.4.0/build/./gcc/ -B/home/ajender/QemuV1/Docker/buildroot-2023.02.4/output/host/arm-buildroot-linux-gnueabi/bin/ -B/home/ajender/QemuV1/Docker/buildroot-2023.02.4/output/host/arm-buildroot-linux-gnueabi/lib/ -isystem /home/ajender/QemuV1/Docker/buildroot-2023.02.4/output/host/arm-buildroot-linux-gnueabi/include -isystem /home/ajender/QemuV1/Docker/buildroot-2023.02.4/output/host/arm-buildroot-linux-gnueabi/sys-include    -c -D_LARGEFILE_SOURCE -D_LARGEFILE64_SOURCE -D_FILE_OFFSET_BITS=64  -Os -g0 -D_FORTIFY_SOURCE=1  conftest.c >&5
configure:4429: $? = 0
configure:4429: /home/ajender/QemuV1/Docker/buildroot-2023.02.4/output/build/host-gcc-final-11.4.0/build/./gcc/xgcc -B/home/ajender/QemuV1/Docker/buildroot-2023.02.4/output/build/host-gcc-final-11.4.0/build/./gcc/ -B/home/ajender/QemuV1/Docker/buildroot-2023.02.4/output/host/arm-buildroot-linux-gnueabi/bin/ -B/home/ajender/QemuV1/Docker/buildroot-2023.02.4/output/host/arm-buildroot-linux-gnueabi/lib/ -isystem /home/ajender/QemuV1/Docker/buildroot-2023.02.4/output/host/arm-buildroot-linux-gnueabi/include -isystem /home/ajender/QemuV1/Docker/buildroot-2023.02.4/output/host/arm-buildroot-linux-gnueabi/sys-include    -c -D_LARGEFILE_SOURCE -D_LARGEFILE64_SOURCE -D_FILE_OFFSET_BITS=64  -Os -g0 -D_FORTIFY_SOURCE=1  conftest.c >&5
configure:4429: $? = 0
configure:4429: /home/ajender/QemuV1/Docker/buildroot-2023.02.4/output/build/host-gcc-final-11.4.0/build/./gcc/xgcc -B/home/ajender/QemuV1/Docker/buildroot-2023.02.4/output/build/host-gcc-final-11.4.0/build/./gcc/ -B/home/ajender/QemuV1/Docker/buildroot-2023.02.4/output/host/arm-buildroot-linux-gnueabi/bin/ -B/home/ajender/QemuV1/Docker/buildroot-2023.02.4/output/host/arm-buildroot-linux-gnueabi/lib/ -isystem /home/ajender/QemuV1/Docker/buildroot-2023.02.4/output/host/arm-buildroot-linux-gnueabi/include -isystem /home/ajender/QemuV1/Docker/buildroot-2023.02.4/output/host/arm-buildroot-linux-gnueabi/sys-include    -c -D_LARGEFILE_SOURCE -D_LARGEFILE64_SOURCE -D_FILE_OFFSET_BITS=64  -Os -g0 -D_FORTIFY_SOURCE=1  conftest.c >&5
configure:4429: $? = 0
configure:4429: /home/ajender/QemuV1/Docker/buildroot-2023.02.4/output/build/host-gcc-final-11.4.0/build/./gcc/xgcc -B/home/ajender/QemuV1/Docker/buildroot-2023.02.4/output/build/host-gcc-final-11.4.0/build/./gcc/ -B/home/ajender/QemuV1/Docker/buildroot-2023.02.4/output/host/arm-buildroot-linux-gnueabi/bin/ -B/home/ajender/QemuV1/Docker/buildroot-2023.02.4/output/host/arm-buildroot-linux-gnueabi/lib/ -isystem /home/ajender/QemuV1/Docker/buildroot-2023.02.4/output/host/arm-buildroot-linux-gnueabi/include -isystem /home/ajender/QemuV1/Docker/buildroot-2023.02.4/output/host/arm-buildroot-linux-gnueabi/sys-include    -c -D_LARGEFILE_SOURCE -D_LARGEFILE64_SOURCE -D_FILE_OFFSET_BITS=64  -Os -g0 -D_FORTIFY_SOURCE=1  conftest.c >&5
configure:4429: $? = 0
configure:4443: result: 8
configure:4464: checking for inttypes.h
configure:4464: /home/ajender/QemuV1/Docker/buildroot-2023.02.4/output/build/host-gcc-final-11.4.0/build/./gcc/xgcc -B/home/ajender/QemuV1/Docker/buildroot-2023.02.4/output/build/host-gcc-final-11.4.0/build/./gcc/ -B/home/ajender/QemuV1/Docker/buildroot-2023.02.4/output/host/arm-buildroot-linux-gnueabi/bin/ -B/home/ajender/QemuV1/Docker/buildroot-2023.02.4/output/host/arm-buildroot-linux-gnueabi/lib/ -isystem /home/ajender/QemuV1/Docker/buildroot-2023.02.4/output/host/arm-buildroot-linux-gnueabi/include -isystem /home/ajender/QemuV1/Docker/buildroot-2023.02.4/output/host/arm-buildroot-linux-gnueabi/sys-include    -E  conftest.c
configure:4464: $? = 0
configure:4464: result: yes
configure:4464: checking for stdint.h
configure:4464: /home/ajender/QemuV1/Docker/buildroot-2023.02.4/output/build/host-gcc-final-11.4.0/build/./gcc/xgcc -B/home/ajender/QemuV1/Docker/buildroot-2023.02.4/output/build/host-gcc-final-11.4.0/build/./gcc/ -B/home/ajender/QemuV1/Docker/buildroot-2023.02.4/output/host/arm-buildroot-linux-gnueabi/bin/ -B/home/ajender/QemuV1/Docker/buildroot-2023.02.4/output/host/arm-buildroot-linux-gnueabi/lib/ -isystem /home/ajender/QemuV1/Docker/buildroot-2023.02.4/output/host/arm-buildroot-linux-gnueabi/include -isystem /home/ajender/QemuV1/Docker/buildroot-2023.02.4/output/host/arm-buildroot-linux-gnueabi/sys-include    -E  conftest.c
configure:4464: $? = 0
configure:4464: result: yes
configure:4464: checking for stdlib.h
configure:4464: /home/ajender/QemuV1/Docker/buildroot-2023.02.4/output/build/host-gcc-final-11.4.0/build/./gcc/xgcc -B/home/ajender/QemuV1/Docker/buildroot-2023.02.4/output/build/host-gcc-final-11.4.0/build/./gcc/ -B/home/ajender/QemuV1/Docker/buildroot-2023.02.4/output/host/arm-buildroot-linux-gnueabi/bin/ -B/home/ajender/QemuV1/Docker/buildroot-2023.02.4/output/host/arm-buildroot-linux-gnueabi/lib/ -isystem /home/ajender/QemuV1/Docker/buildroot-2023.02.4/output/host/arm-buildroot-linux-gnueabi/include -isystem /home/ajender/QemuV1/Docker/buildroot-2023.02.4/output/host/arm-buildroot-linux-gnueabi/sys-include    -E  conftest.c
configure:4464: $? = 0
configure:4464: result: yes
configure:4464: checking for ftw.h
configure:4464: /home/ajender/QemuV1/Docker/buildroot-2023.02.4/output/build/host-gcc-final-11.4.0/build/./gcc/xgcc -B/home/ajender/QemuV1/Docker/buildroot-2023.02.4/output/build/host-gcc-final-11.4.0/build/./gcc/ -B/home/ajender/QemuV1/Docker/buildroot-2023.02.4/output/host/arm-buildroot-linux-gnueabi/bin/ -B/home/ajender/QemuV1/Docker/buildroot-2023.02.4/output/host/arm-buildroot-linux-gnueabi/lib/ -isystem /home/ajender/QemuV1/Docker/buildroot-2023.02.4/output/host/arm-buildroot-linux-gnueabi/include -isystem /home/ajender/QemuV1/Docker/buildroot-2023.02.4/output/host/arm-buildroot-linux-gnueabi/sys-include    -E  conftest.c
configure:4464: $? = 0
configure:4464: result: yes
configure:4464: checking for unistd.h
configure:4464: /home/ajender/QemuV1/Docker/buildroot-2023.02.4/output/build/host-gcc-final-11.4.0/build/./gcc/xgcc -B/home/ajender/QemuV1/Docker/buildroot-2023.02.4/output/build/host-gcc-final-11.4.0/build/./gcc/ -B/home/ajender/QemuV1/Docker/buildroot-2023.02.4/output/host/arm-buildroot-linux-gnueabi/bin/ -B/home/ajender/QemuV1/Docker/buildroot-2023.02.4/output/host/arm-buildroot-linux-gnueabi/lib/ -isystem /home/ajender/QemuV1/Docker/buildroot-2023.02.4/output/host/arm-buildroot-linux-gnueabi/include -isystem /home/ajender/QemuV1/Docker/buildroot-2023.02.4/output/host/arm-buildroot-linux-gnueabi/sys-include    -E  conftest.c
configure:4464: $? = 0
configure:4464: result: yes
configure:4464: checking for sys/stat.h
configure:4464: /home/ajender/QemuV1/Docker/buildroot-2023.02.4/output/build/host-gcc-final-11.4.0/build/./gcc/xgcc -B/home/ajender/QemuV1/Docker/buildroot-2023.02.4/output/build/host-gcc-final-11.4.0/build/./gcc/ -B/home/ajender/QemuV1/Docker/buildroot-2023.02.4/output/host/arm-buildroot-linux-gnueabi/bin/ -B/home/ajender/QemuV1/Docker/buildroot-2023.02.4/output/host/arm-buildroot-linux-gnueabi/lib/ -isystem /home/ajender/QemuV1/Docker/buildroot-2023.02.4/output/host/arm-buildroot-linux-gnueabi/include -isystem /home/ajender/QemuV1/Docker/buildroot-2023.02.4/output/host/arm-buildroot-linux-gnueabi/sys-include    -E  conftest.c
configure:4464: $? = 0
configure:4464: result: yes
configure:4464: checking for sys/types.h
configure:4464: /home/ajender/QemuV1/Docker/buildroot-2023.02.4/output/build/host-gcc-final-11.4.0/build/./gcc/xgcc -B/home/ajender/QemuV1/Docker/buildroot-2023.02.4/output/build/host-gcc-final-11.4.0/build/./gcc/ -B/home/ajender/QemuV1/Docker/buildroot-2023.02.4/output/host/arm-buildroot-linux-gnueabi/bin/ -B/home/ajender/QemuV1/Docker/buildroot-2023.02.4/output/host/arm-buildroot-linux-gnueabi/lib/ -isystem /home/ajender/QemuV1/Docker/buildroot-2023.02.4/output/host/arm-buildroot-linux-gnueabi/include -isystem /home/ajender/QemuV1/Docker/buildroot-2023.02.4/output/host/arm-buildroot-linux-gnueabi/sys-include    -E  conftest.c
configure:4464: $? = 0
configure:4464: result: yes
configure:4464: checking for string.h
configure:4464: /home/ajender/QemuV1/Docker/buildroot-2023.02.4/output/build/host-gcc-final-11.4.0/build/./gcc/xgcc -B/home/ajender/QemuV1/Docker/buildroot-2023.02.4/output/build/host-gcc-final-11.4.0/build/./gcc/ -B/home/ajender/QemuV1/Docker/buildroot-2023.02.4/output/host/arm-buildroot-linux-gnueabi/bin/ -B/home/ajender/QemuV1/Docker/buildroot-2023.02.4/output/host/arm-buildroot-linux-gnueabi/lib/ -isystem /home/ajender/QemuV1/Docker/buildroot-2023.02.4/output/host/arm-buildroot-linux-gnueabi/include -isystem /home/ajender/QemuV1/Docker/buildroot-2023.02.4/output/host/arm-buildroot-linux-gnueabi/sys-include    -E  conftest.c
configure:4464: $? = 0
configure:4464: result: yes
configure:4464: checking for strings.h
configure:4464: /home/ajender/QemuV1/Docker/buildroot-2023.02.4/output/build/host-gcc-final-11.4.0/build/./gcc/xgcc -B/home/ajender/QemuV1/Docker/buildroot-2023.02.4/output/build/host-gcc-final-11.4.0/build/./gcc/ -B/home/ajender/QemuV1/Docker/buildroot-2023.02.4/output/host/arm-buildroot-linux-gnueabi/bin/ -B/home/ajender/QemuV1/Docker/buildroot-2023.02.4/output/host/arm-buildroot-linux-gnueabi/lib/ -isystem /home/ajender/QemuV1/Docker/buildroot-2023.02.4/output/host/arm-buildroot-linux-gnueabi/include -isystem /home/ajender/QemuV1/Docker/buildroot-2023.02.4/output/host/arm-buildroot-linux-gnueabi/sys-include    -E  conftest.c
configure:4464: $? = 0
configure:4464: result: yes
configure:4464: checking for memory.h
configure:4464: /home/ajender/QemuV1/Docker/buildroot-2023.02.4/output/build/host-gcc-final-11.4.0/build/./gcc/xgcc -B/home/ajender/QemuV1/Docker/buildroot-2023.02.4/output/build/host-gcc-final-11.4.0/build/./gcc/ -B/home/ajender/QemuV1/Docker/buildroot-2023.02.4/output/host/arm-buildroot-linux-gnueabi/bin/ -B/home/ajender/QemuV1/Docker/buildroot-2023.02.4/output/host/arm-buildroot-linux-gnueabi/lib/ -isystem /home/ajender/QemuV1/Docker/buildroot-2023.02.4/output/host/arm-buildroot-linux-gnueabi/include -isystem /home/ajender/QemuV1/Docker/buildroot-2023.02.4/output/host/arm-buildroot-linux-gnueabi/sys-include    -E  conftest.c
configure:4464: $? = 0
configure:4464: result: yes
configure:4464: checking for sys/auxv.h
configure:4464: /home/ajender/QemuV1/Docker/buildroot-2023.02.4/output/build/host-gcc-final-11.4.0/build/./gcc/xgcc -B/home/ajender/QemuV1/Docker/buildroot-2023.02.4/output/build/host-gcc-final-11.4.0/build/./gcc/ -B/home/ajender/QemuV1/Docker/buildroot-2023.02.4/output/host/arm-buildroot-linux-gnueabi/bin/ -B/home/ajender/QemuV1/Docker/buildroot-2023.02.4/output/host/arm-buildroot-linux-gnueabi/lib/ -isystem /home/ajender/QemuV1/Docker/buildroot-2023.02.4/output/host/arm-buildroot-linux-gnueabi/include -isystem /home/ajender/QemuV1/Docker/buildroot-2023.02.4/output/host/arm-buildroot-linux-gnueabi/sys-include    -E  conftest.c
configure:4464: $? = 0
configure:4464: result: yes
configure:4464: checking for sys/mman.h
configure:4464: /home/ajender/QemuV1/Docker/buildroot-2023.02.4/output/build/host-gcc-final-11.4.0/build/./gcc/xgcc -B/home/ajender/QemuV1/Docker/buildroot-2023.02.4/output/build/host-gcc-final-11.4.0/build/./gcc/ -B/home/ajender/QemuV1/Docker/buildroot-2023.02.4/output/host/arm-buildroot-linux-gnueabi/bin/ -B/home/ajender/QemuV1/Docker/buildroot-2023.02.4/output/host/arm-buildroot-linux-gnueabi/lib/ -isystem /home/ajender/QemuV1/Docker/buildroot-2023.02.4/output/host/arm-buildroot-linux-gnueabi/include -isystem /home/ajender/QemuV1/Docker/buildroot-2023.02.4/output/host/arm-buildroot-linux-gnueabi/sys-include    -E  conftest.c
configure:4464: $? = 0
configure:4464: result: yes
configure:4473: checking for grep that handles long lines and -e
configure:4531: result: /usr/bin/grep
configure:4536: checking for egrep
configure:4598: result: /usr/bin/grep -E
configure:4603: checking for ANSI C header files
configure:4623: /home/ajender/QemuV1/Docker/buildroot-2023.02.4/output/build/host-gcc-final-11.4.0/build/./gcc/xgcc -B/home/ajender/QemuV1/Docker/buildroot-2023.02.4/output/build/host-gcc-final-11.4.0/build/./gcc/ -B/home/ajender/QemuV1/Docker/buildroot-2023.02.4/output/host/arm-buildroot-linux-gnueabi/bin/ -B/home/ajender/QemuV1/Docker/buildroot-2023.02.4/output/host/arm-buildroot-linux-gnueabi/lib/ -isystem /home/ajender/QemuV1/Docker/buildroot-2023.02.4/output/host/arm-buildroot-linux-gnueabi/include -isystem /home/ajender/QemuV1/Docker/buildroot-2023.02.4/output/host/arm-buildroot-linux-gnueabi/sys-include    -c -D_LARGEFILE_SOURCE -D_LARGEFILE64_SOURCE -D_FILE_OFFSET_BITS=64  -Os -g0 -D_FORTIFY_SOURCE=1  conftest.c >&5
configure:4623: $? = 0
configure:4707: result: yes
configure:4717: checking whether decimal floating point is supported
configure:4739: /home/ajender/QemuV1/Docker/buildroot-2023.02.4/output/build/host-gcc-final-11.4.0/build/./gcc/xgcc -B/home/ajender/QemuV1/Docker/buildroot-2023.02.4/output/build/host-gcc-final-11.4.0/build/./gcc/ -B/home/ajender/QemuV1/Docker/buildroot-2023.02.4/output/host/arm-buildroot-linux-gnueabi/bin/ -B/home/ajender/QemuV1/Docker/buildroot-2023.02.4/output/host/arm-buildroot-linux-gnueabi/lib/ -isystem /home/ajender/QemuV1/Docker/buildroot-2023.02.4/output/host/arm-buildroot-linux-gnueabi/include -isystem /home/ajender/QemuV1/Docker/buildroot-2023.02.4/output/host/arm-buildroot-linux-gnueabi/sys-include    -c -D_LARGEFILE_SOURCE -D_LARGEFILE64_SOURCE -D_FILE_OFFSET_BITS=64  -Os -g0 -D_FORTIFY_SOURCE=1  conftest.c >&5
conftest.c: In function 'main':
conftest.c:31:1: error: decimal floating-point not supported for this target
   31 | _Decimal32 x;
      | ^~~~~~~~~~
configure:4739: $? = 1
configure: failed program was:
| /* confdefs.h */
| #define PACKAGE_NAME "GNU C Runtime Library"
| #define PACKAGE_TARNAME "libgcc"
| #define PACKAGE_VERSION "1.0"
| #define PACKAGE_STRING "GNU C Runtime Library 1.0"
| #define PACKAGE_BUGREPORT ""
| #define PACKAGE_URL "http://www.gnu.org/software/libgcc/"
| #define SIZEOF_DOUBLE 8
| #define SIZEOF_LONG_DOUBLE 8
| #define HAVE_INTTYPES_H 1
| #define HAVE_STDINT_H 1
| #define HAVE_STDLIB_H 1
| #define HAVE_FTW_H 1
| #define HAVE_UNISTD_H 1
| #define HAVE_SYS_STAT_H 1
| #define HAVE_SYS_TYPES_H 1
| #define HAVE_STRING_H 1
| #define HAVE_STRINGS_H 1
| #define HAVE_MEMORY_H 1
| #define HAVE_SYS_AUXV_H 1
| #define HAVE_SYS_MMAN_H 1
| #define STDC_HEADERS 1
| /* end confdefs.h.  */
| 
| #include <fenv.h>
| 
| int
| main ()
| {
| 
| _Decimal32 x;
| int fe_except =
|   FE_INVALID|FE_DIVBYZERO|FE_OVERFLOW|FE_UNDERFLOW|FE_INEXACT;
| 
|   ;
|   return 0;
| }
configure:4746: result: no
configure:4804: checking whether fixed-point is supported
configure:4813: /home/ajender/QemuV1/Docker/buildroot-2023.02.4/output/build/host-gcc-final-11.4.0/build/./gcc/xgcc -B/home/ajender/QemuV1/Docker/buildroot-2023.02.4/output/build/host-gcc-final-11.4.0/build/./gcc/ -B/home/ajender/QemuV1/Docker/buildroot-2023.02.4/output/host/arm-buildroot-linux-gnueabi/bin/ -B/home/ajender/QemuV1/Docker/buildroot-2023.02.4/output/host/arm-buildroot-linux-gnueabi/lib/ -isystem /home/ajender/QemuV1/Docker/buildroot-2023.02.4/output/host/arm-buildroot-linux-gnueabi/include -isystem /home/ajender/QemuV1/Docker/buildroot-2023.02.4/output/host/arm-buildroot-linux-gnueabi/sys-include    -c -D_LARGEFILE_SOURCE -D_LARGEFILE64_SOURCE -D_FILE_OFFSET_BITS=64  -Os -g0 -D_FORTIFY_SOURCE=1  conftest.c >&5
configure:4813: $? = 0
configure:4820: result: yes
configure:4866: checking whether the compiler is configured for setjmp/longjmp exceptions
configure:4884: /home/ajender/QemuV1/Docker/buildroot-2023.02.4/output/build/host-gcc-final-11.4.0/build/./gcc/xgcc -B/home/ajender/QemuV1/Docker/buildroot-2023.02.4/output/build/host-gcc-final-11.4.0/build/./gcc/ -B/home/ajender/QemuV1/Docker/buildroot-2023.02.4/output/host/arm-buildroot-linux-gnueabi/bin/ -B/home/ajender/QemuV1/Docker/buildroot-2023.02.4/output/host/arm-buildroot-linux-gnueabi/lib/ -isystem /home/ajender/QemuV1/Docker/buildroot-2023.02.4/output/host/arm-buildroot-linux-gnueabi/include -isystem /home/ajender/QemuV1/Docker/buildroot-2023.02.4/output/host/arm-buildroot-linux-gnueabi/sys-include    -c -D_LARGEFILE_SOURCE -D_LARGEFILE64_SOURCE -D_FILE_OFFSET_BITS=64  -Os -g0 -D_FORTIFY_SOURCE=1  conftest.c >&5
configure:4884: $? = 0
configure:4891: result: no
configure:4907: checking for CET support
configure:4975: result: no
configure:5018: checking if the linker (/home/ajender/QemuV1/Docker/buildroot-2023.02.4/output/build/host-gcc-final-11.4.0/build/./gcc/collect-ld) is GNU ld
GNU ld (GNU Binutils) 2.38
configure:5030: result: yes
configure:5035: checking for thread model used by GCC
configure:5038: result: posix
configure:5042: checking whether assembler supports CFI directives
configure:5055: /home/ajender/QemuV1/Docker/buildroot-2023.02.4/output/build/host-gcc-final-11.4.0/build/./gcc/xgcc -B/home/ajender/QemuV1/Docker/buildroot-2023.02.4/output/build/host-gcc-final-11.4.0/build/./gcc/ -B/home/ajender/QemuV1/Docker/buildroot-2023.02.4/output/host/arm-buildroot-linux-gnueabi/bin/ -B/home/ajender/QemuV1/Docker/buildroot-2023.02.4/output/host/arm-buildroot-linux-gnueabi/lib/ -isystem /home/ajender/QemuV1/Docker/buildroot-2023.02.4/output/host/arm-buildroot-linux-gnueabi/include -isystem /home/ajender/QemuV1/Docker/buildroot-2023.02.4/output/host/arm-buildroot-linux-gnueabi/sys-include    -c -D_LARGEFILE_SOURCE -D_LARGEFILE64_SOURCE -D_FILE_OFFSET_BITS=64  -Os -g0 -D_FORTIFY_SOURCE=1  conftest.c >&5
configure:5055: $? = 0
configure:5062: result: yes
configure:5136: checking for target glibc version
configure:5150: /home/ajender/QemuV1/Docker/buildroot-2023.02.4/output/build/host-gcc-final-11.4.0/build/./gcc/xgcc -B/home/ajender/QemuV1/Docker/buildroot-2023.02.4/output/build/host-gcc-final-11.4.0/build/./gcc/ -B/home/ajender/QemuV1/Docker/buildroot-2023.02.4/output/host/arm-buildroot-linux-gnueabi/bin/ -B/home/ajender/QemuV1/Docker/buildroot-2023.02.4/output/host/arm-buildroot-linux-gnueabi/lib/ -isystem /home/ajender/QemuV1/Docker/buildroot-2023.02.4/output/host/arm-buildroot-linux-gnueabi/include -isystem /home/ajender/QemuV1/Docker/buildroot-2023.02.4/output/host/arm-buildroot-linux-gnueabi/sys-include    -c -D_LARGEFILE_SOURCE -D_LARGEFILE64_SOURCE -D_FILE_OFFSET_BITS=64  -Os -g0 -D_FORTIFY_SOURCE=1  conftest.c >&5
configure:5150: $? = 0
configure:5150: /home/ajender/QemuV1/Docker/buildroot-2023.02.4/output/build/host-gcc-final-11.4.0/build/./gcc/xgcc -B/home/ajender/QemuV1/Docker/buildroot-2023.02.4/output/build/host-gcc-final-11.4.0/build/./gcc/ -B/home/ajender/QemuV1/Docker/buildroot-2023.02.4/output/host/arm-buildroot-linux-gnueabi/bin/ -B/home/ajender/QemuV1/Docker/buildroot-2023.02.4/output/host/arm-buildroot-linux-gnueabi/lib/ -isystem /home/ajender/QemuV1/Docker/buildroot-2023.02.4/output/host/arm-buildroot-linux-gnueabi/include -isystem /home/ajender/QemuV1/Docker/buildroot-2023.02.4/output/host/arm-buildroot-linux-gnueabi/sys-include    -c -D_LARGEFILE_SOURCE -D_LARGEFILE64_SOURCE -D_FILE_OFFSET_BITS=64  -Os -g0 -D_FORTIFY_SOURCE=1  conftest.c >&5
conftest.c: In function 'main':
conftest.c:29:12: error: size of array 'test_array' is negative
   29 | static int test_array [1 - 2 * !((__GLIBC__) <= 0)];
      |            ^~~~~~~~~~
configure:5150: $? = 1
configure: failed program was:
| /* confdefs.h */
| #define PACKAGE_NAME "GNU C Runtime Library"
| #define PACKAGE_TARNAME "libgcc"
| #define PACKAGE_VERSION "1.0"
| #define PACKAGE_STRING "GNU C Runtime Library 1.0"
| #define PACKAGE_BUGREPORT ""
| #define PACKAGE_URL "http://www.gnu.org/software/libgcc/"
| #define SIZEOF_DOUBLE 8
| #define SIZEOF_LONG_DOUBLE 8
| #define HAVE_INTTYPES_H 1
| #define HAVE_STDINT_H 1
| #define HAVE_STDLIB_H 1
| #define HAVE_FTW_H 1
| #define HAVE_UNISTD_H 1
| #define HAVE_SYS_STAT_H 1
| #define HAVE_SYS_TYPES_H 1
| #define HAVE_STRING_H 1
| #define HAVE_STRINGS_H 1
| #define HAVE_MEMORY_H 1
| #define HAVE_SYS_AUXV_H 1
| #define HAVE_SYS_MMAN_H 1
| #define STDC_HEADERS 1
| #define HAVE_GETIPINFO 1
| /* end confdefs.h.  */
| #include <features.h>
| int
| main ()
| {
| static int test_array [1 - 2 * !((__GLIBC__) <= 0)];
| test_array [0] = 0;
| return test_array [0];
| 
|   ;
|   return 0;
| }
configure:5150: /home/ajender/QemuV1/Docker/buildroot-2023.02.4/output/build/host-gcc-final-11.4.0/build/./gcc/xgcc -B/home/ajender/QemuV1/Docker/buildroot-2023.02.4/output/build/host-gcc-final-11.4.0/build/./gcc/ -B/home/ajender/QemuV1/Docker/buildroot-2023.02.4/output/host/arm-buildroot-linux-gnueabi/bin/ -B/home/ajender/QemuV1/Docker/buildroot-2023.02.4/output/host/arm-buildroot-linux-gnueabi/lib/ -isystem /home/ajender/QemuV1/Docker/buildroot-2023.02.4/output/host/arm-buildroot-linux-gnueabi/include -isystem /home/ajender/QemuV1/Docker/buildroot-2023.02.4/output/host/arm-buildroot-linux-gnueabi/sys-include    -c -D_LARGEFILE_SOURCE -D_LARGEFILE64_SOURCE -D_FILE_OFFSET_BITS=64  -Os -g0 -D_FORTIFY_SOURCE=1  conftest.c >&5
conftest.c: In function 'main':
conftest.c:29:12: error: size of array 'test_array' is negative
   29 | static int test_array [1 - 2 * !((__GLIBC__) <= 1)];
      |            ^~~~~~~~~~
configure:5150: $? = 1
configure: failed program was:
| /* confdefs.h */
| #define PACKAGE_NAME "GNU C Runtime Library"
| #define PACKAGE_TARNAME "libgcc"
| #define PACKAGE_VERSION "1.0"
| #define PACKAGE_STRING "GNU C Runtime Library 1.0"
| #define PACKAGE_BUGREPORT ""
| #define PACKAGE_URL "http://www.gnu.org/software/libgcc/"
| #define SIZEOF_DOUBLE 8
| #define SIZEOF_LONG_DOUBLE 8
| #define HAVE_INTTYPES_H 1
| #define HAVE_STDINT_H 1
| #define HAVE_STDLIB_H 1
| #define HAVE_FTW_H 1
| #define HAVE_UNISTD_H 1
| #define HAVE_SYS_STAT_H 1
| #define HAVE_SYS_TYPES_H 1
| #define HAVE_STRING_H 1
| #define HAVE_STRINGS_H 1
| #define HAVE_MEMORY_H 1
| #define HAVE_SYS_AUXV_H 1
| #define HAVE_SYS_MMAN_H 1
| #define STDC_HEADERS 1
| #define HAVE_GETIPINFO 1
| /* end confdefs.h.  */
| #include <features.h>
| int
| main ()
| {
| static int test_array [1 - 2 * !((__GLIBC__) <= 1)];
| test_array [0] = 0;
| return test_array [0];
| 
|   ;
|   return 0;
| }
configure:5150: /home/ajender/QemuV1/Docker/buildroot-2023.02.4/output/build/host-gcc-final-11.4.0/build/./gcc/xgcc -B/home/ajender/QemuV1/Docker/buildroot-2023.02.4/output/build/host-gcc-final-11.4.0/build/./gcc/ -B/home/ajender/QemuV1/Docker/buildroot-2023.02.4/output/host/arm-buildroot-linux-gnueabi/bin/ -B/home/ajender/QemuV1/Docker/buildroot-2023.02.4/output/host/arm-buildroot-linux-gnueabi/lib/ -isystem /home/ajender/QemuV1/Docker/buildroot-2023.02.4/output/host/arm-buildroot-linux-gnueabi/include -isystem /home/ajender/QemuV1/Docker/buildroot-2023.02.4/output/host/arm-buildroot-linux-gnueabi/sys-include    -c -D_LARGEFILE_SOURCE -D_LARGEFILE64_SOURCE -D_FILE_OFFSET_BITS=64  -Os -g0 -D_FORTIFY_SOURCE=1  conftest.c >&5
configure:5150: $? = 0
configure:5150: /home/ajender/QemuV1/Docker/buildroot-2023.02.4/output/build/host-gcc-final-11.4.0/build/./gcc/xgcc -B/home/ajender/QemuV1/Docker/buildroot-2023.02.4/output/build/host-gcc-final-11.4.0/build/./gcc/ -B/home/ajender/QemuV1/Docker/buildroot-2023.02.4/output/host/arm-buildroot-linux-gnueabi/bin/ -B/home/ajender/QemuV1/Docker/buildroot-2023.02.4/output/host/arm-buildroot-linux-gnueabi/lib/ -isystem /home/ajender/QemuV1/Docker/buildroot-2023.02.4/output/host/arm-buildroot-linux-gnueabi/include -isystem /home/ajender/QemuV1/Docker/buildroot-2023.02.4/output/host/arm-buildroot-linux-gnueabi/sys-include    -c -D_LARGEFILE_SOURCE -D_LARGEFILE64_SOURCE -D_FILE_OFFSET_BITS=64  -Os -g0 -D_FORTIFY_SOURCE=1  conftest.c >&5
configure:5150: $? = 0
configure:5156: /home/ajender/QemuV1/Docker/buildroot-2023.02.4/output/build/host-gcc-final-11.4.0/build/./gcc/xgcc -B/home/ajender/QemuV1/Docker/buildroot-2023.02.4/output/build/host-gcc-final-11.4.0/build/./gcc/ -B/home/ajender/QemuV1/Docker/buildroot-2023.02.4/output/host/arm-buildroot-linux-gnueabi/bin/ -B/home/ajender/QemuV1/Docker/buildroot-2023.02.4/output/host/arm-buildroot-linux-gnueabi/lib/ -isystem /home/ajender/QemuV1/Docker/buildroot-2023.02.4/output/host/arm-buildroot-linux-gnueabi/include -isystem /home/ajender/QemuV1/Docker/buildroot-2023.02.4/output/host/arm-buildroot-linux-gnueabi/sys-include    -c -D_LARGEFILE_SOURCE -D_LARGEFILE64_SOURCE -D_FILE_OFFSET_BITS=64  -Os -g0 -D_FORTIFY_SOURCE=1  conftest.c >&5
configure:5156: $? = 0
configure:5156: /home/ajender/QemuV1/Docker/buildroot-2023.02.4/output/build/host-gcc-final-11.4.0/build/./gcc/xgcc -B/home/ajender/QemuV1/Docker/buildroot-2023.02.4/output/build/host-gcc-final-11.4.0/build/./gcc/ -B/home/ajender/QemuV1/Docker/buildroot-2023.02.4/output/host/arm-buildroot-linux-gnueabi/bin/ -B/home/ajender/QemuV1/Docker/buildroot-2023.02.4/output/host/arm-buildroot-linux-gnueabi/lib/ -isystem /home/ajender/QemuV1/Docker/buildroot-2023.02.4/output/host/arm-buildroot-linux-gnueabi/include -isystem /home/ajender/QemuV1/Docker/buildroot-2023.02.4/output/host/arm-buildroot-linux-gnueabi/sys-include    -c -D_LARGEFILE_SOURCE -D_LARGEFILE64_SOURCE -D_FILE_OFFSET_BITS=64  -Os -g0 -D_FORTIFY_SOURCE=1  conftest.c >&5
conftest.c: In function 'main':
conftest.c:29:12: error: size of array 'test_array' is negative
   29 | static int test_array [1 - 2 * !((__GLIBC_MINOR__) <= 0)];
      |            ^~~~~~~~~~
configure:5156: $? = 1
configure: failed program was:
| /* confdefs.h */
| #define PACKAGE_NAME "GNU C Runtime Library"
| #define PACKAGE_TARNAME "libgcc"
| #define PACKAGE_VERSION "1.0"
| #define PACKAGE_STRING "GNU C Runtime Library 1.0"
| #define PACKAGE_BUGREPORT ""
| #define PACKAGE_URL "http://www.gnu.org/software/libgcc/"
| #define SIZEOF_DOUBLE 8
| #define SIZEOF_LONG_DOUBLE 8
| #define HAVE_INTTYPES_H 1
| #define HAVE_STDINT_H 1
| #define HAVE_STDLIB_H 1
| #define HAVE_FTW_H 1
| #define HAVE_UNISTD_H 1
| #define HAVE_SYS_STAT_H 1
| #define HAVE_SYS_TYPES_H 1
| #define HAVE_STRING_H 1
| #define HAVE_STRINGS_H 1
| #define HAVE_MEMORY_H 1
| #define HAVE_SYS_AUXV_H 1
| #define HAVE_SYS_MMAN_H 1
| #define STDC_HEADERS 1
| #define HAVE_GETIPINFO 1
| /* end confdefs.h.  */
| #include <features.h>
| int
| main ()
| {
| static int test_array [1 - 2 * !((__GLIBC_MINOR__) <= 0)];
| test_array [0] = 0;
| return test_array [0];
| 
|   ;
|   return 0;
| }
configure:5156: /home/ajender/QemuV1/Docker/buildroot-2023.02.4/output/build/host-gcc-final-11.4.0/build/./gcc/xgcc -B/home/ajender/QemuV1/Docker/buildroot-2023.02.4/output/build/host-gcc-final-11.4.0/build/./gcc/ -B/home/ajender/QemuV1/Docker/buildroot-2023.02.4/output/host/arm-buildroot-linux-gnueabi/bin/ -B/home/ajender/QemuV1/Docker/buildroot-2023.02.4/output/host/arm-buildroot-linux-gnueabi/lib/ -isystem /home/ajender/QemuV1/Docker/buildroot-2023.02.4/output/host/arm-buildroot-linux-gnueabi/include -isystem /home/ajender/QemuV1/Docker/buildroot-2023.02.4/output/host/arm-buildroot-linux-gnueabi/sys-include    -c -D_LARGEFILE_SOURCE -D_LARGEFILE64_SOURCE -D_FILE_OFFSET_BITS=64  -Os -g0 -D_FORTIFY_SOURCE=1  conftest.c >&5
conftest.c: In function 'main':
conftest.c:29:12: error: size of array 'test_array' is negative
   29 | static int test_array [1 - 2 * !((__GLIBC_MINOR__) <= 1)];
      |            ^~~~~~~~~~
configure:5156: $? = 1
configure: failed program was:
| /* confdefs.h */
| #define PACKAGE_NAME "GNU C Runtime Library"
| #define PACKAGE_TARNAME "libgcc"
| #define PACKAGE_VERSION "1.0"
| #define PACKAGE_STRING "GNU C Runtime Library 1.0"
| #define PACKAGE_BUGREPORT ""
| #define PACKAGE_URL "http://www.gnu.org/software/libgcc/"
| #define SIZEOF_DOUBLE 8
| #define SIZEOF_LONG_DOUBLE 8
| #define HAVE_INTTYPES_H 1
| #define HAVE_STDINT_H 1
| #define HAVE_STDLIB_H 1
| #define HAVE_FTW_H 1
| #define HAVE_UNISTD_H 1
| #define HAVE_SYS_STAT_H 1
| #define HAVE_SYS_TYPES_H 1
| #define HAVE_STRING_H 1
| #define HAVE_STRINGS_H 1
| #define HAVE_MEMORY_H 1
| #define HAVE_SYS_AUXV_H 1
| #define HAVE_SYS_MMAN_H 1
| #define STDC_HEADERS 1
| #define HAVE_GETIPINFO 1
| /* end confdefs.h.  */
| #include <features.h>
| int
| main ()
| {
| static int test_array [1 - 2 * !((__GLIBC_MINOR__) <= 1)];
| test_array [0] = 0;
| return test_array [0];
| 
|   ;
|   return 0;
| }
configure:5156: /home/ajender/QemuV1/Docker/buildroot-2023.02.4/output/build/host-gcc-final-11.4.0/build/./gcc/xgcc -B/home/ajender/QemuV1/Docker/buildroot-2023.02.4/output/build/host-gcc-final-11.4.0/build/./gcc/ -B/home/ajender/QemuV1/Docker/buildroot-2023.02.4/output/host/arm-buildroot-linux-gnueabi/bin/ -B/home/ajender/QemuV1/Docker/buildroot-2023.02.4/output/host/arm-buildroot-linux-gnueabi/lib/ -isystem /home/ajender/QemuV1/Docker/buildroot-2023.02.4/output/host/arm-buildroot-linux-gnueabi/include -isystem /home/ajender/QemuV1/Docker/buildroot-2023.02.4/output/host/arm-buildroot-linux-gnueabi/sys-include    -c -D_LARGEFILE_SOURCE -D_LARGEFILE64_SOURCE -D_FILE_OFFSET_BITS=64  -Os -g0 -D_FORTIFY_SOURCE=1  conftest.c >&5
conftest.c: In function 'main':
conftest.c:29:12: error: size of array 'test_array' is negative
   29 | static int test_array [1 - 2 * !((__GLIBC_MINOR__) <= 3)];
      |            ^~~~~~~~~~
configure:5156: $? = 1
configure: failed program was:
| /* confdefs.h */
| #define PACKAGE_NAME "GNU C Runtime Library"
| #define PACKAGE_TARNAME "libgcc"
| #define PACKAGE_VERSION "1.0"
| #define PACKAGE_STRING "GNU C Runtime Library 1.0"
| #define PACKAGE_BUGREPORT ""
| #define PACKAGE_URL "http://www.gnu.org/software/libgcc/"
| #define SIZEOF_DOUBLE 8
| #define SIZEOF_LONG_DOUBLE 8
| #define HAVE_INTTYPES_H 1
| #define HAVE_STDINT_H 1
| #define HAVE_STDLIB_H 1
| #define HAVE_FTW_H 1
| #define HAVE_UNISTD_H 1
| #define HAVE_SYS_STAT_H 1
| #define HAVE_SYS_TYPES_H 1
| #define HAVE_STRING_H 1
| #define HAVE_STRINGS_H 1
| #define HAVE_MEMORY_H 1
| #define HAVE_SYS_AUXV_H 1
| #define HAVE_SYS_MMAN_H 1
| #define STDC_HEADERS 1
| #define HAVE_GETIPINFO 1
| /* end confdefs.h.  */
| #include <features.h>
| int
| main ()
| {
| static int test_array [1 - 2 * !((__GLIBC_MINOR__) <= 3)];
| test_array [0] = 0;
| return test_array [0];
| 
|   ;
|   return 0;
| }
configure:5156: /home/ajender/QemuV1/Docker/buildroot-2023.02.4/output/build/host-gcc-final-11.4.0/build/./gcc/xgcc -B/home/ajender/QemuV1/Docker/buildroot-2023.02.4/output/build/host-gcc-final-11.4.0/build/./gcc/ -B/home/ajender/QemuV1/Docker/buildroot-2023.02.4/output/host/arm-buildroot-linux-gnueabi/bin/ -B/home/ajender/QemuV1/Docker/buildroot-2023.02.4/output/host/arm-buildroot-linux-gnueabi/lib/ -isystem /home/ajender/QemuV1/Docker/buildroot-2023.02.4/output/host/arm-buildroot-linux-gnueabi/include -isystem /home/ajender/QemuV1/Docker/buildroot-2023.02.4/output/host/arm-buildroot-linux-gnueabi/sys-include    -c -D_LARGEFILE_SOURCE -D_LARGEFILE64_SOURCE -D_FILE_OFFSET_BITS=64  -Os -g0 -D_FORTIFY_SOURCE=1  conftest.c >&5
conftest.c: In function 'main':
conftest.c:29:12: error: size of array 'test_array' is negative
   29 | static int test_array [1 - 2 * !((__GLIBC_MINOR__) <= 7)];
      |            ^~~~~~~~~~
configure:5156: $? = 1
configure: failed program was:
| /* confdefs.h */
| #define PACKAGE_NAME "GNU C Runtime Library"
| #define PACKAGE_TARNAME "libgcc"
| #define PACKAGE_VERSION "1.0"
| #define PACKAGE_STRING "GNU C Runtime Library 1.0"
| #define PACKAGE_BUGREPORT ""
| #define PACKAGE_URL "http://www.gnu.org/software/libgcc/"
| #define SIZEOF_DOUBLE 8
| #define SIZEOF_LONG_DOUBLE 8
| #define HAVE_INTTYPES_H 1
| #define HAVE_STDINT_H 1
| #define HAVE_STDLIB_H 1
| #define HAVE_FTW_H 1
| #define HAVE_UNISTD_H 1
| #define HAVE_SYS_STAT_H 1
| #define HAVE_SYS_TYPES_H 1
| #define HAVE_STRING_H 1
| #define HAVE_STRINGS_H 1
| #define HAVE_MEMORY_H 1
| #define HAVE_SYS_AUXV_H 1
| #define HAVE_SYS_MMAN_H 1
| #define STDC_HEADERS 1
| #define HAVE_GETIPINFO 1
| /* end confdefs.h.  */
| #include <features.h>
| int
| main ()
| {
| static int test_array [1 - 2 * !((__GLIBC_MINOR__) <= 7)];
| test_array [0] = 0;
| return test_array [0];
| 
|   ;
|   return 0;
| }
configure:5156: /home/ajender/QemuV1/Docker/buildroot-2023.02.4/output/build/host-gcc-final-11.4.0/build/./gcc/xgcc -B/home/ajender/QemuV1/Docker/buildroot-2023.02.4/output/build/host-gcc-final-11.4.0/build/./gcc/ -B/home/ajender/QemuV1/Docker/buildroot-2023.02.4/output/host/arm-buildroot-linux-gnueabi/bin/ -B/home/ajender/QemuV1/Docker/buildroot-2023.02.4/output/host/arm-buildroot-linux-gnueabi/lib/ -isystem /home/ajender/QemuV1/Docker/buildroot-2023.02.4/output/host/arm-buildroot-linux-gnueabi/include -isystem /home/ajender/QemuV1/Docker/buildroot-2023.02.4/output/host/arm-buildroot-linux-gnueabi/sys-include    -c -D_LARGEFILE_SOURCE -D_LARGEFILE64_SOURCE -D_FILE_OFFSET_BITS=64  -Os -g0 -D_FORTIFY_SOURCE=1  conftest.c >&5
conftest.c: In function 'main':
conftest.c:29:12: error: size of array 'test_array' is negative
   29 | static int test_array [1 - 2 * !((__GLIBC_MINOR__) <= 15)];
      |            ^~~~~~~~~~
configure:5156: $? = 1
configure: failed program was:
| /* confdefs.h */
| #define PACKAGE_NAME "GNU C Runtime Library"
| #define PACKAGE_TARNAME "libgcc"
| #define PACKAGE_VERSION "1.0"
| #define PACKAGE_STRING "GNU C Runtime Library 1.0"
| #define PACKAGE_BUGREPORT ""
| #define PACKAGE_URL "http://www.gnu.org/software/libgcc/"
| #define SIZEOF_DOUBLE 8
| #define SIZEOF_LONG_DOUBLE 8
| #define HAVE_INTTYPES_H 1
| #define HAVE_STDINT_H 1
| #define HAVE_STDLIB_H 1
| #define HAVE_FTW_H 1
| #define HAVE_UNISTD_H 1
| #define HAVE_SYS_STAT_H 1
| #define HAVE_SYS_TYPES_H 1
| #define HAVE_STRING_H 1
| #define HAVE_STRINGS_H 1
| #define HAVE_MEMORY_H 1
| #define HAVE_SYS_AUXV_H 1
| #define HAVE_SYS_MMAN_H 1
| #define STDC_HEADERS 1
| #define HAVE_GETIPINFO 1
| /* end confdefs.h.  */
| #include <features.h>
| int
| main ()
| {
| static int test_array [1 - 2 * !((__GLIBC_MINOR__) <= 15)];
| test_array [0] = 0;
| return test_array [0];
| 
|   ;
|   return 0;
| }
configure:5156: /home/ajender/QemuV1/Docker/buildroot-2023.02.4/output/build/host-gcc-final-11.4.0/build/./gcc/xgcc -B/home/ajender/QemuV1/Docker/buildroot-2023.02.4/output/build/host-gcc-final-11.4.0/build/./gcc/ -B/home/ajender/QemuV1/Docker/buildroot-2023.02.4/output/host/arm-buildroot-linux-gnueabi/bin/ -B/home/ajender/QemuV1/Docker/buildroot-2023.02.4/output/host/arm-buildroot-linux-gnueabi/lib/ -isystem /home/ajender/QemuV1/Docker/buildroot-2023.02.4/output/host/arm-buildroot-linux-gnueabi/include -isystem /home/ajender/QemuV1/Docker/buildroot-2023.02.4/output/host/arm-buildroot-linux-gnueabi/sys-include    -c -D_LARGEFILE_SOURCE -D_LARGEFILE64_SOURCE -D_FILE_OFFSET_BITS=64  -Os -g0 -D_FORTIFY_SOURCE=1  conftest.c >&5
conftest.c: In function 'main':
conftest.c:29:12: error: size of array 'test_array' is negative
   29 | static int test_array [1 - 2 * !((__GLIBC_MINOR__) <= 31)];
      |            ^~~~~~~~~~
configure:5156: $? = 1
configure: failed program was:
| /* confdefs.h */
| #define PACKAGE_NAME "GNU C Runtime Library"
| #define PACKAGE_TARNAME "libgcc"
| #define PACKAGE_VERSION "1.0"
| #define PACKAGE_STRING "GNU C Runtime Library 1.0"
| #define PACKAGE_BUGREPORT ""
| #define PACKAGE_URL "http://www.gnu.org/software/libgcc/"
| #define SIZEOF_DOUBLE 8
| #define SIZEOF_LONG_DOUBLE 8
| #define HAVE_INTTYPES_H 1
| #define HAVE_STDINT_H 1
| #define HAVE_STDLIB_H 1
| #define HAVE_FTW_H 1
| #define HAVE_UNISTD_H 1
| #define HAVE_SYS_STAT_H 1
| #define HAVE_SYS_TYPES_H 1
| #define HAVE_STRING_H 1
| #define HAVE_STRINGS_H 1
| #define HAVE_MEMORY_H 1
| #define HAVE_SYS_AUXV_H 1
| #define HAVE_SYS_MMAN_H 1
| #define STDC_HEADERS 1
| #define HAVE_GETIPINFO 1
| /* end confdefs.h.  */
| #include <features.h>
| int
| main ()
| {
| static int test_array [1 - 2 * !((__GLIBC_MINOR__) <= 31)];
| test_array [0] = 0;
| return test_array [0];
| 
|   ;
|   return 0;
| }
configure:5156: /home/ajender/QemuV1/Docker/buildroot-2023.02.4/output/build/host-gcc-final-11.4.0/build/./gcc/xgcc -B/home/ajender/QemuV1/Docker/buildroot-2023.02.4/output/build/host-gcc-final-11.4.0/build/./gcc/ -B/home/ajender/QemuV1/Docker/buildroot-2023.02.4/output/host/arm-buildroot-linux-gnueabi/bin/ -B/home/ajender/QemuV1/Docker/buildroot-2023.02.4/output/host/arm-buildroot-linux-gnueabi/lib/ -isystem /home/ajender/QemuV1/Docker/buildroot-2023.02.4/output/host/arm-buildroot-linux-gnueabi/include -isystem /home/ajender/QemuV1/Docker/buildroot-2023.02.4/output/host/arm-buildroot-linux-gnueabi/sys-include    -c -D_LARGEFILE_SOURCE -D_LARGEFILE64_SOURCE -D_FILE_OFFSET_BITS=64  -Os -g0 -D_FORTIFY_SOURCE=1  conftest.c >&5
configure:5156: $? = 0
configure:5156: /home/ajender/QemuV1/Docker/buildroot-2023.02.4/output/build/host-gcc-final-11.4.0/build/./gcc/xgcc -B/home/ajender/QemuV1/Docker/buildroot-2023.02.4/output/build/host-gcc-final-11.4.0/build/./gcc/ -B/home/ajender/QemuV1/Docker/buildroot-2023.02.4/output/host/arm-buildroot-linux-gnueabi/bin/ -B/home/ajender/QemuV1/Docker/buildroot-2023.02.4/output/host/arm-buildroot-linux-gnueabi/lib/ -isystem /home/ajender/QemuV1/Docker/buildroot-2023.02.4/output/host/arm-buildroot-linux-gnueabi/include -isystem /home/ajender/QemuV1/Docker/buildroot-2023.02.4/output/host/arm-buildroot-linux-gnueabi/sys-include    -c -D_LARGEFILE_SOURCE -D_LARGEFILE64_SOURCE -D_FILE_OFFSET_BITS=64  -Os -g0 -D_FORTIFY_SOURCE=1  conftest.c >&5
configure:5156: $? = 0
configure:5156: /home/ajender/QemuV1/Docker/buildroot-2023.02.4/output/build/host-gcc-final-11.4.0/build/./gcc/xgcc -B/home/ajender/QemuV1/Docker/buildroot-2023.02.4/output/build/host-gcc-final-11.4.0/build/./gcc/ -B/home/ajender/QemuV1/Docker/buildroot-2023.02.4/output/host/arm-buildroot-linux-gnueabi/bin/ -B/home/ajender/QemuV1/Docker/buildroot-2023.02.4/output/host/arm-buildroot-linux-gnueabi/lib/ -isystem /home/ajender/QemuV1/Docker/buildroot-2023.02.4/output/host/arm-buildroot-linux-gnueabi/include -isystem /home/ajender/QemuV1/Docker/buildroot-2023.02.4/output/host/arm-buildroot-linux-gnueabi/sys-include    -c -D_LARGEFILE_SOURCE -D_LARGEFILE64_SOURCE -D_FILE_OFFSET_BITS=64  -Os -g0 -D_FORTIFY_SOURCE=1  conftest.c >&5
configure:5156: $? = 0
configure:5156: /home/ajender/QemuV1/Docker/buildroot-2023.02.4/output/build/host-gcc-final-11.4.0/build/./gcc/xgcc -B/home/ajender/QemuV1/Docker/buildroot-2023.02.4/output/build/host-gcc-final-11.4.0/build/./gcc/ -B/home/ajender/QemuV1/Docker/buildroot-2023.02.4/output/host/arm-buildroot-linux-gnueabi/bin/ -B/home/ajender/QemuV1/Docker/buildroot-2023.02.4/output/host/arm-buildroot-linux-gnueabi/lib/ -isystem /home/ajender/QemuV1/Docker/buildroot-2023.02.4/output/host/arm-buildroot-linux-gnueabi/include -isystem /home/ajender/QemuV1/Docker/buildroot-2023.02.4/output/host/arm-buildroot-linux-gnueabi/sys-include    -c -D_LARGEFILE_SOURCE -D_LARGEFILE64_SOURCE -D_FILE_OFFSET_BITS=64  -Os -g0 -D_FORTIFY_SOURCE=1  conftest.c >&5
conftest.c: In function 'main':
conftest.c:29:12: error: size of array 'test_array' is negative
   29 | static int test_array [1 - 2 * !((__GLIBC_MINOR__) <= 35)];
      |            ^~~~~~~~~~
configure:5156: $? = 1
configure: failed program was:
| /* confdefs.h */
| #define PACKAGE_NAME "GNU C Runtime Library"
| #define PACKAGE_TARNAME "libgcc"
| #define PACKAGE_VERSION "1.0"
| #define PACKAGE_STRING "GNU C Runtime Library 1.0"
| #define PACKAGE_BUGREPORT ""
| #define PACKAGE_URL "http://www.gnu.org/software/libgcc/"
| #define SIZEOF_DOUBLE 8
| #define SIZEOF_LONG_DOUBLE 8
| #define HAVE_INTTYPES_H 1
| #define HAVE_STDINT_H 1
| #define HAVE_STDLIB_H 1
| #define HAVE_FTW_H 1
| #define HAVE_UNISTD_H 1
| #define HAVE_SYS_STAT_H 1
| #define HAVE_SYS_TYPES_H 1
| #define HAVE_STRING_H 1
| #define HAVE_STRINGS_H 1
| #define HAVE_MEMORY_H 1
| #define HAVE_SYS_AUXV_H 1
| #define HAVE_SYS_MMAN_H 1
| #define STDC_HEADERS 1
| #define HAVE_GETIPINFO 1
| /* end confdefs.h.  */
| #include <features.h>
| int
| main ()
| {
| static int test_array [1 - 2 * !((__GLIBC_MINOR__) <= 35)];
| test_array [0] = 0;
| return test_array [0];
| 
|   ;
|   return 0;
| }
configure:5156: /home/ajender/QemuV1/Docker/buildroot-2023.02.4/output/build/host-gcc-final-11.4.0/build/./gcc/xgcc -B/home/ajender/QemuV1/Docker/buildroot-2023.02.4/output/build/host-gcc-final-11.4.0/build/./gcc/ -B/home/ajender/QemuV1/Docker/buildroot-2023.02.4/output/host/arm-buildroot-linux-gnueabi/bin/ -B/home/ajender/QemuV1/Docker/buildroot-2023.02.4/output/host/arm-buildroot-linux-gnueabi/lib/ -isystem /home/ajender/QemuV1/Docker/buildroot-2023.02.4/output/host/arm-buildroot-linux-gnueabi/include -isystem /home/ajender/QemuV1/Docker/buildroot-2023.02.4/output/host/arm-buildroot-linux-gnueabi/sys-include    -c -D_LARGEFILE_SOURCE -D_LARGEFILE64_SOURCE -D_FILE_OFFSET_BITS=64  -Os -g0 -D_FORTIFY_SOURCE=1  conftest.c >&5
configure:5156: $? = 0
configure:5156: /home/ajender/QemuV1/Docker/buildroot-2023.02.4/output/build/host-gcc-final-11.4.0/build/./gcc/xgcc -B/home/ajender/QemuV1/Docker/buildroot-2023.02.4/output/build/host-gcc-final-11.4.0/build/./gcc/ -B/home/ajender/QemuV1/Docker/buildroot-2023.02.4/output/host/arm-buildroot-linux-gnueabi/bin/ -B/home/ajender/QemuV1/Docker/buildroot-2023.02.4/output/host/arm-buildroot-linux-gnueabi/lib/ -isystem /home/ajender/QemuV1/Docker/buildroot-2023.02.4/output/host/arm-buildroot-linux-gnueabi/include -isystem /home/ajender/QemuV1/Docker/buildroot-2023.02.4/output/host/arm-buildroot-linux-gnueabi/sys-include    -c -D_LARGEFILE_SOURCE -D_LARGEFILE64_SOURCE -D_FILE_OFFSET_BITS=64  -Os -g0 -D_FORTIFY_SOURCE=1  conftest.c >&5
configure:5156: $? = 0
configure:5164: result: 2.36
configure:5386: checking for __attribute__((visibility("hidden")))
configure:5395: /home/ajender/QemuV1/Docker/buildroot-2023.02.4/output/build/host-gcc-final-11.4.0/build/./gcc/xgcc -B/home/ajender/QemuV1/Docker/buildroot-2023.02.4/output/build/host-gcc-final-11.4.0/build/./gcc/ -B/home/ajender/QemuV1/Docker/buildroot-2023.02.4/output/host/arm-buildroot-linux-gnueabi/bin/ -B/home/ajender/QemuV1/Docker/buildroot-2023.02.4/output/host/arm-buildroot-linux-gnueabi/lib/ -isystem /home/ajender/QemuV1/Docker/buildroot-2023.02.4/output/host/arm-buildroot-linux-gnueabi/include -isystem /home/ajender/QemuV1/Docker/buildroot-2023.02.4/output/host/arm-buildroot-linux-gnueabi/sys-include    -Werror -S conftest.c -o conftest.s 1>&5
configure:5398: $? = 0
configure:5407: result: yes
configure:5423: checking for .cfi_sections .debug_frame
configure:5433: /home/ajender/QemuV1/Docker/buildroot-2023.02.4/output/build/host-gcc-final-11.4.0/build/./gcc/xgcc -B/home/ajender/QemuV1/Docker/buildroot-2023.02.4/output/build/host-gcc-final-11.4.0/build/./gcc/ -B/home/ajender/QemuV1/Docker/buildroot-2023.02.4/output/host/arm-buildroot-linux-gnueabi/bin/ -B/home/ajender/QemuV1/Docker/buildroot-2023.02.4/output/host/arm-buildroot-linux-gnueabi/lib/ -isystem /home/ajender/QemuV1/Docker/buildroot-2023.02.4/output/host/arm-buildroot-linux-gnueabi/include -isystem /home/ajender/QemuV1/Docker/buildroot-2023.02.4/output/host/arm-buildroot-linux-gnueabi/sys-include    -Werror -g -fno-asynchronous-unwind-tables -fno-unwind-tables -fno-exceptions -S conftest.c -o conftest.s 1>&5
configure:5436: $? = 0
configure:5445: result: yes
configure:5471: checking whether the target assembler supports thread-local storage
configure:5481: /home/ajender/QemuV1/Docker/buildroot-2023.02.4/output/build/host-gcc-final-11.4.0/build/./gcc/xgcc -B/home/ajender/QemuV1/Docker/buildroot-2023.02.4/output/build/host-gcc-final-11.4.0/build/./gcc/ -B/home/ajender/QemuV1/Docker/buildroot-2023.02.4/output/host/arm-buildroot-linux-gnueabi/bin/ -B/home/ajender/QemuV1/Docker/buildroot-2023.02.4/output/host/arm-buildroot-linux-gnueabi/lib/ -isystem /home/ajender/QemuV1/Docker/buildroot-2023.02.4/output/host/arm-buildroot-linux-gnueabi/include -isystem /home/ajender/QemuV1/Docker/buildroot-2023.02.4/output/host/arm-buildroot-linux-gnueabi/sys-include    -c -D_LARGEFILE_SOURCE -D_LARGEFILE64_SOURCE -D_FILE_OFFSET_BITS=64  -Os -g0 -D_FORTIFY_SOURCE=1  conftest.c >&5
configure:5481: $? = 0
configure:5489: result: yes
configure:5499: checking whether the thread-local storage support is from emutls
configure:5508: /home/ajender/QemuV1/Docker/buildroot-2023.02.4/output/build/host-gcc-final-11.4.0/build/./gcc/xgcc -B/home/ajender/QemuV1/Docker/buildroot-2023.02.4/output/build/host-gcc-final-11.4.0/build/./gcc/ -B/home/ajender/QemuV1/Docker/buildroot-2023.02.4/output/host/arm-buildroot-linux-gnueabi/bin/ -B/home/ajender/QemuV1/Docker/buildroot-2023.02.4/output/host/arm-buildroot-linux-gnueabi/lib/ -isystem /home/ajender/QemuV1/Docker/buildroot-2023.02.4/output/host/arm-buildroot-linux-gnueabi/include -isystem /home/ajender/QemuV1/Docker/buildroot-2023.02.4/output/host/arm-buildroot-linux-gnueabi/sys-include    -Werror -S -o conftest.s conftest.c 1>&5
configure:5511: $? = 0
configure:5520: result: no
configure:5612: checking for init priority support
configure:5629: /home/ajender/QemuV1/Docker/buildroot-2023.02.4/output/build/host-gcc-final-11.4.0/build/./gcc/xgcc -B/home/ajender/QemuV1/Docker/buildroot-2023.02.4/output/build/host-gcc-final-11.4.0/build/./gcc/ -B/home/ajender/QemuV1/Docker/buildroot-2023.02.4/output/host/arm-buildroot-linux-gnueabi/bin/ -B/home/ajender/QemuV1/Docker/buildroot-2023.02.4/output/host/arm-buildroot-linux-gnueabi/lib/ -isystem /home/ajender/QemuV1/Docker/buildroot-2023.02.4/output/host/arm-buildroot-linux-gnueabi/include -isystem /home/ajender/QemuV1/Docker/buildroot-2023.02.4/output/host/arm-buildroot-linux-gnueabi/sys-include    -c -D_LARGEFILE_SOURCE -D_LARGEFILE64_SOURCE -D_FILE_OFFSET_BITS=64  -Os -g0 -D_FORTIFY_SOURCE=1  conftest.c >&5
conftest.c: In function 'main':
conftest.c:31:1: warning: constructor priorities from 0 to 100 are reserved for the implementation [-Wprio-ctor-dtor]
   31 | void ip (void) __attribute__ ((constructor (1)));
      | ^~~~
configure:5629: $? = 0
configure:5636: result: yes
configure:5782: updating cache ./config.cache
configure:5831: creating ./config.status

## ---------------------- ##
## Running config.status. ##
## ---------------------- ##

This file was extended by GNU C Runtime Library config.status 1.0, which was
generated by GNU Autoconf 2.69.  Invocation command line was

  CONFIG_FILES    = 
  CONFIG_HEADERS  = 
  CONFIG_LINKS    = 
  CONFIG_COMMANDS = 
  $ ./config.status 

on LIB-CO-HQKXZZ2

config.status:900: creating Makefile
config.status:900: creating auto-target.h
config.status:1074: executing default commands

## ---------------- ##
## Cache variables. ##
## ---------------- ##

ac_cv_build=x86_64-pc-linux-gnu
ac_cv_c_compiler_gnu=yes
ac_cv_env_CC_set=set
ac_cv_env_CC_value='/home/ajender/QemuV1/Docker/buildroot-2023.02.4/output/build/host-gcc-final-11.4.0/build/./gcc/xgcc -B/home/ajender/QemuV1/Docker/buildroot-2023.02.4/output/build/host-gcc-final-11.4.0/build/./gcc/ -B/home/ajender/QemuV1/Docker/buildroot-2023.02.4/output/host/arm-buildroot-linux-gnueabi/bin/ -B/home/ajender/QemuV1/Docker/buildroot-2023.02.4/output/host/arm-buildroot-linux-gnueabi/lib/ -isystem /home/ajender/QemuV1/Docker/buildroot-2023.02.4/output/host/arm-buildroot-linux-gnueabi/include -isystem /home/ajender/QemuV1/Docker/buildroot-2023.02.4/output/host/arm-buildroot-linux-gnueabi/sys-include   '
ac_cv_env_CFLAGS_set=set
ac_cv_env_CFLAGS_value='-D_LARGEFILE_SOURCE -D_LARGEFILE64_SOURCE -D_FILE_OFFSET_BITS=64  -Os -g0 -D_FORTIFY_SOURCE=1'
ac_cv_env_CPPFLAGS_set=set
ac_cv_env_CPPFLAGS_value=
ac_cv_env_CPP_set=
ac_cv_env_CPP_value=
ac_cv_env_LDFLAGS_set=set
ac_cv_env_LDFLAGS_value=
ac_cv_env_LIBS_set=
ac_cv_env_LIBS_value=
ac_cv_env_build_alias_set=set
ac_cv_env_build_alias_value=x86_64-pc-linux-gnu
ac_cv_env_host_alias_set=set
ac_cv_env_host_alias_value=arm-buildroot-linux-gnueabi
ac_cv_env_target_alias_set=set
ac_cv_env_target_alias_value=arm-buildroot-linux-gnueabi
ac_cv_header_ftw_h=yes
ac_cv_header_inttypes_h=yes
ac_cv_header_memory_h=yes
ac_cv_header_stdc=yes
ac_cv_header_stdint_h=yes
ac_cv_header_stdlib_h=yes
ac_cv_header_string_h=yes
ac_cv_header_strings_h=yes
ac_cv_header_sys_auxv_h=yes
ac_cv_header_sys_mman_h=yes
ac_cv_header_sys_stat_h=yes
ac_cv_header_sys_types_h=yes
ac_cv_header_unistd_h=yes
ac_cv_host=arm-buildroot-linux-gnueabi
ac_cv_objext=o
ac_cv_path_EGREP='/usr/bin/grep -E'
ac_cv_path_GREP=/usr/bin/grep
ac_cv_prog_AR=/home/ajender/QemuV1/Docker/buildroot-2023.02.4/output/host/arm-buildroot-linux-gnueabi/bin/ar
ac_cv_prog_AWK=gawk
ac_cv_prog_CC='/home/ajender/QemuV1/Docker/buildroot-2023.02.4/output/build/host-gcc-final-11.4.0/build/./gcc/xgcc -B/home/ajender/QemuV1/Docker/buildroot-2023.02.4/output/build/host-gcc-final-11.4.0/build/./gcc/ -B/home/ajender/QemuV1/Docker/buildroot-2023.02.4/output/host/arm-buildroot-linux-gnueabi/bin/ -B/home/ajender/QemuV1/Docker/buildroot-2023.02.4/output/host/arm-buildroot-linux-gnueabi/lib/ -isystem /home/ajender/QemuV1/Docker/buildroot-2023.02.4/output/host/arm-buildroot-linux-gnueabi/include -isystem /home/ajender/QemuV1/Docker/buildroot-2023.02.4/output/host/arm-buildroot-linux-gnueabi/sys-include   '
ac_cv_prog_CPP='/home/ajender/QemuV1/Docker/buildroot-2023.02.4/output/build/host-gcc-final-11.4.0/build/./gcc/xgcc -B/home/ajender/QemuV1/Docker/buildroot-2023.02.4/output/build/host-gcc-final-11.4.0/build/./gcc/ -B/home/ajender/QemuV1/Docker/buildroot-2023.02.4/output/host/arm-buildroot-linux-gnueabi/bin/ -B/home/ajender/QemuV1/Docker/buildroot-2023.02.4/output/host/arm-buildroot-linux-gnueabi/lib/ -isystem /home/ajender/QemuV1/Docker/buildroot-2023.02.4/output/host/arm-buildroot-linux-gnueabi/include -isystem /home/ajender/QemuV1/Docker/buildroot-2023.02.4/output/host/arm-buildroot-linux-gnueabi/sys-include    -E'
ac_cv_prog_LIPO=arm-buildroot-linux-gnueabi-lipo
ac_cv_prog_NM=/home/ajender/QemuV1/Docker/buildroot-2023.02.4/output/build/host-gcc-final-11.4.0/build/./gcc/nm
ac_cv_prog_RANLIB=/home/ajender/QemuV1/Docker/buildroot-2023.02.4/output/host/arm-buildroot-linux-gnueabi/bin/ranlib
ac_cv_prog_STRIP=/home/ajender/QemuV1/Docker/buildroot-2023.02.4/output/host/arm-buildroot-linux-gnueabi/bin/strip
ac_cv_prog_cc_c89=
ac_cv_prog_cc_g=yes
ac_cv_sizeof_double=8
ac_cv_sizeof_long_double=8
ac_cv_sjlj_exceptions=no
ac_cv_sys_file_offset_bits=no
ac_cv_sys_largefile_CC=no
acl_cv_prog_gnu_ld=yes
gcc_cv_have_cc_tls=yes
gcc_cv_libc_provides_ssp=yes
gcc_cv_use_emutls=no
libgcc_cv_cfi=yes
libgcc_cv_cfi_sections_directive=yes
libgcc_cv_dfp=no
libgcc_cv_fixed_point=yes
libgcc_cv_hidden_visibility_attribute=yes
libgcc_cv_init_priority=yes

## ----------------- ##
## Output variables. ##
## ----------------- ##

AR='/home/ajender/QemuV1/Docker/buildroot-2023.02.4/output/host/arm-buildroot-linux-gnueabi/bin/ar'
AWK='gawk'
CC='/home/ajender/QemuV1/Docker/buildroot-2023.02.4/output/build/host-gcc-final-11.4.0/build/./gcc/xgcc -B/home/ajender/QemuV1/Docker/buildroot-2023.02.4/output/build/host-gcc-final-11.4.0/build/./gcc/ -B/home/ajender/QemuV1/Docker/buildroot-2023.02.4/output/host/arm-buildroot-linux-gnueabi/bin/ -B/home/ajender/QemuV1/Docker/buildroot-2023.02.4/output/host/arm-buildroot-linux-gnueabi/lib/ -isystem /home/ajender/QemuV1/Docker/buildroot-2023.02.4/output/host/arm-buildroot-linux-gnueabi/include -isystem /home/ajender/QemuV1/Docker/buildroot-2023.02.4/output/host/arm-buildroot-linux-gnueabi/sys-include   '
CET_FLAGS=''
CFLAGS='-D_LARGEFILE_SOURCE -D_LARGEFILE64_SOURCE -D_FILE_OFFSET_BITS=64  -Os -g0 -D_FORTIFY_SOURCE=1'
CPP='/home/ajender/QemuV1/Docker/buildroot-2023.02.4/output/build/host-gcc-final-11.4.0/build/./gcc/xgcc -B/home/ajender/QemuV1/Docker/buildroot-2023.02.4/output/build/host-gcc-final-11.4.0/build/./gcc/ -B/home/ajender/QemuV1/Docker/buildroot-2023.02.4/output/host/arm-buildroot-linux-gnueabi/bin/ -B/home/ajender/QemuV1/Docker/buildroot-2023.02.4/output/host/arm-buildroot-linux-gnueabi/lib/ -isystem /home/ajender/QemuV1/Docker/buildroot-2023.02.4/output/host/arm-buildroot-linux-gnueabi/include -isystem /home/ajender/QemuV1/Docker/buildroot-2023.02.4/output/host/arm-buildroot-linux-gnueabi/sys-include    -E'
CPPFLAGS=''
DEFS='-DHAVE_CONFIG_H'
ECHO_C=''
ECHO_N='-n'
ECHO_T=''
EGREP='/usr/bin/grep -E'
EXEEXT=''
GREP='/usr/bin/grep'
INSTALL_DATA='/usr/bin/install -c -m 644'
INSTALL_PROGRAM='/usr/bin/install -c'
INSTALL_SCRIPT='/usr/bin/install -c'
LDFLAGS=''
LIBOBJS=''
LIBS=''
LIPO='arm-buildroot-linux-gnueabi-lipo'
LN_S='ln -s'
LTLIBOBJS=''
MAINT='#'
NM='/home/ajender/QemuV1/Docker/buildroot-2023.02.4/output/build/host-gcc-final-11.4.0/build/./gcc/nm'
OBJEXT='o'
PACKAGE_BUGREPORT=''
PACKAGE_NAME='GNU C Runtime Library'
PACKAGE_STRING='GNU C Runtime Library 1.0'
PACKAGE_TARNAME='libgcc'
PACKAGE_URL='http://www.gnu.org/software/libgcc/'
PACKAGE_VERSION='1.0'
PATH_SEPARATOR=':'
PICFLAG='-fPIC'
RANLIB='/home/ajender/QemuV1/Docker/buildroot-2023.02.4/output/host/arm-buildroot-linux-gnueabi/bin/ranlib'
SHELL='/bin/bash'
STRIP='/home/ajender/QemuV1/Docker/buildroot-2023.02.4/output/host/arm-buildroot-linux-gnueabi/bin/strip'
ac_ct_CC=''
accel_dir_suffix=''
asm_hidden_op='.hidden'
bindir='${exec_prefix}/bin'
build='x86_64-pc-linux-gnu'
build_alias='x86_64-pc-linux-gnu'
build_cpu='x86_64'
build_libsubdir='build-x86_64-pc-linux-gnu'
build_os='linux-gnu'
build_subdir='build-x86_64-pc-linux-gnu'
build_vendor='pc'
cpu_type='arm'
datadir='${datarootdir}'
datarootdir='${prefix}/share'
decimal_float='no'
docdir='${datarootdir}/doc/${PACKAGE_TARNAME}'
double_type_size='64'
dvidir='${docdir}'
enable_decimal_float='no'
enable_execute_stack='enable-execute-stack-empty.c'
enable_gcov='yes'
enable_shared='yes'
enable_vtable_verify='no'
exec_prefix='${prefix}'
extra_parts='crtbegin.o crtbeginS.o crtbeginT.o crtend.o crtendS.o crtfastmath.o'
fixed_point='yes'
force_explicit_eh_registry=''
get_gcc_base_ver='cat'
host='arm-buildroot-linux-gnueabi'
host_alias='arm-buildroot-linux-gnueabi'
host_cpu='arm'
host_noncanonical='arm-buildroot-linux-gnueabi'
host_os='linux-gnueabi'
host_subdir='.'
host_vendor='buildroot'
htmldir='${docdir}'
includedir='${prefix}/include'
infodir='${datarootdir}/info'
libdir='${exec_prefix}/lib'
libexecdir='${exec_prefix}/libexec'
libgcc_topdir='../../../libgcc/..'
localedir='${datarootdir}/locale'
localstatedir='${prefix}/var'
long_double_type_size='64'
mandir='${datarootdir}/man'
md_unwind_header='no-unwind.h'
oldincludedir='/usr/include'
pdfdir='${docdir}'
prefix='/home/ajender/QemuV1/Docker/buildroot-2023.02.4/output/host'
program_transform_name='s&^&arm-buildroot-linux-gnueabi-&'
psdir='${docdir}'
real_host_noncanonical='arm-buildroot-linux-gnueabi'
sbindir='${exec_prefix}/sbin'
set_have_cc_tls='-DHAVE_CC_TLS'
set_use_emutls=''
sfp_machine_header='arm/sfp-machine.h'
sharedstatedir='${prefix}/com'
slibdir='$(exec_prefix)/$(host_noncanonical)/lib'
solaris_ld_v2_maps=''
sysconfdir='/home/ajender/QemuV1/Docker/buildroot-2023.02.4/output/host/etc'
target_alias='arm-buildroot-linux-gnueabi'
target_noncanonical='arm-buildroot-linux-gnueabi'
target_subdir='arm-buildroot-linux-gnueabi'
thread_header='gthr-posix.h'
tm_defines=''
tm_file=' $(srcdir)/config/arm/bpabi-lib.h'
tmake_file=' $(srcdir)/config/t-crtstuff-pic $(srcdir)/config/t-libgcc-pic $(srcdir)/config/t-eh-dw2-dip $(srcdir)/config/t-slibgcc $(srcdir)/config/t-slibgcc-gld $(srcdir)/config/t-slibgcc-elf-ver $(srcdir)/config/t-linux $(srcdir)/config/arm/t-arm $(srcdir)/config/t-fixedpoint-gnu-prefix $(srcdir)/config/t-crtfm $(srcdir)/config/arm/t-elf $(srcdir)/config/arm/t-bpabi $(srcdir)/config/arm/t-linux-eabi $(srcdir)/config/t-slibgcc-libgcc $(srcdir)/config/t-softfp-sfdf $(srcdir)/config/t-softfp-excl $(srcdir)/config/arm/t-softfp $(srcdir)/config/t-softfp'
toolexecdir='$(exec_prefix)/$(target_noncanonical)'
toolexeclibdir='$(toolexecdir)/lib'
unwind_header='config/arm/unwind-arm.h'
use_tm_clone_registry=''
vis_hide='-fvisibility=hidden -DHIDE_EXPORTS'
with_aix_soname='aix'

## ----------- ##
## confdefs.h. ##
## ----------- ##

/* confdefs.h */
#define PACKAGE_NAME "GNU C Runtime Library"
#define PACKAGE_TARNAME "libgcc"
#define PACKAGE_VERSION "1.0"
#define PACKAGE_STRING "GNU C Runtime Library 1.0"
#define PACKAGE_BUGREPORT ""
#define PACKAGE_URL "http://www.gnu.org/software/libgcc/"
#define SIZEOF_DOUBLE 8
#define SIZEOF_LONG_DOUBLE 8
#define HAVE_INTTYPES_H 1
#define HAVE_STDINT_H 1
#define HAVE_STDLIB_H 1
#define HAVE_FTW_H 1
#define HAVE_UNISTD_H 1
#define HAVE_SYS_STAT_H 1
#define HAVE_SYS_TYPES_H 1
#define HAVE_STRING_H 1
#define HAVE_STRINGS_H 1
#define HAVE_MEMORY_H 1
#define HAVE_SYS_AUXV_H 1
#define HAVE_SYS_MMAN_H 1
#define STDC_HEADERS 1
#define HAVE_GETIPINFO 1
#define AS_HIDDEN_DIRECTIVE .hidden
#define HAVE_AS_CFI_SECTIONS 1
#define HAVE_INIT_PRIORITY 1

configure: exit 0
