This file contains any messages produced by compilers while
running configure, to aid debugging if configure makes a mistake.

It was created by libffi configure 3.4.4, which was
generated by GNU Autoconf 2.71.  Invocation command line was

  $ .././configure --srcdir=.. --enable-builddir=x86_64-pc-linux-gnu --prefix=/home/ajender/QemuV1/Docker/buildroot-2023.02.4/output/host --sysconfdir=/home/ajender/QemuV1/Docker/buildroot-2023.02.4/output/host/etc --localstatedir=/home/ajender/QemuV1/Docker/buildroot-2023.02.4/output/host/var --enable-shared --disable-static --disable-gtk-doc --disable-gtk-doc-html --disable-doc --disable-docs --disable-documentation --disable-debug --with-xmlto=no --with-fop=no --disable-nls --disable-dependency-tracking CPPFLAGS=-I/home/ajender/QemuV1/Docker/buildroot-2023.02.4/output/host/include

## --------- ##
## Platform. ##
## --------- ##

hostname = LIB-CO-HQKXZZ2
uname -m = x86_64
uname -r = 5.10.102.1-microsoft-standard-WSL2
uname -s = Linux
uname -v = #1 SMP Wed Mar 2 00:30:59 UTC 2022

/usr/bin/uname -p = x86_64
/bin/uname -X     = unknown

/bin/arch              = x86_64
/usr/bin/arch -k       = unknown
/usr/convex/getsysinfo = unknown
/usr/bin/hostinfo      = unknown
/bin/machine           = unknown
/usr/bin/oslevel       = unknown
/bin/universe          = unknown

PATH: /home/ajender/QemuV1/Docker/buildroot-2023.02.4/output/host/bin/
PATH: /home/ajender/QemuV1/Docker/buildroot-2023.02.4/output/host/sbin/
PATH: /home/ajender/.vscode-server/bin/6c3e3dba23e8fadc360aed75ce363ba185c49794/bin/remote-cli/
PATH: /usr/local/sbin/
PATH: /usr/local/bin/
PATH: /usr/sbin/
PATH: /usr/bin/
PATH: /sbin/
PATH: /bin/
PATH: /usr/games/
PATH: /usr/local/games/
PATH: /usr/lib/wsl/lib/


## ----------- ##
## Core tests. ##
## ----------- ##

configure:3072: looking for aux files: ltmain.sh compile missing install-sh config.guess config.sub
configure:3085:  trying ../
configure:3114:   ../ltmain.sh found
configure:3114:   ../compile found
configure:3114:   ../missing found
configure:3096:   ../install-sh found
configure:3114:   ../config.guess found
configure:3114:   ../config.sub found
configure:3235: checking build system type
configure:3250: result: x86_64-pc-linux-gnu
configure:3270: checking host system type
configure:3284: result: x86_64-pc-linux-gnu
configure:3304: checking target system type
configure:3318: result: x86_64-pc-linux-gnu
configure:3416: checking for gsed
configure:3452: result: sed
configure:3481: checking for a BSD-compatible install
configure:3554: result: /usr/bin/install -c
configure:3565: checking whether build environment is sane
configure:3620: result: yes
configure:3775: checking for a race-free mkdir -p
configure:3819: result: /usr/bin/mkdir -p
configure:3826: checking for gawk
configure:3847: found /home/ajender/QemuV1/Docker/buildroot-2023.02.4/output/host/bin/gawk
configure:3858: result: gawk
configure:3869: checking whether make sets $(MAKE)
configure:3892: result: yes
configure:3922: checking whether make supports nested variables
configure:3940: result: yes
configure:4149: checking for gcc
configure:4181: result: /usr/bin/gcc
configure:4534: checking for C compiler version
configure:4543: /usr/bin/gcc --version >&5
gcc (Ubuntu 11.4.0-1ubuntu1~22.04) 11.4.0
Copyright (C) 2021 Free Software Foundation, Inc.
This is free software; see the source for copying conditions.  There is NO
warranty; not even for MERCHANTABILITY or FITNESS FOR A PARTICULAR PURPOSE.

configure:4554: $? = 0
configure:4543: /usr/bin/gcc -v >&5
Using built-in specs.
COLLECT_GCC=/usr/bin/gcc
COLLECT_LTO_WRAPPER=/usr/lib/gcc/x86_64-linux-gnu/11/lto-wrapper
OFFLOAD_TARGET_NAMES=nvptx-none:amdgcn-amdhsa
OFFLOAD_TARGET_DEFAULT=1
Target: x86_64-linux-gnu
Configured with: ../src/configure -v --with-pkgversion='Ubuntu 11.4.0-1ubuntu1~22.04' --with-bugurl=file:///usr/share/doc/gcc-11/README.Bugs --enable-languages=c,ada,c++,go,brig,d,fortran,objc,obj-c++,m2 --prefix=/usr --with-gcc-major-version-only --program-suffix=-11 --program-prefix=x86_64-linux-gnu- --enable-shared --enable-linker-build-id --libexecdir=/usr/lib --without-included-gettext --enable-threads=posix --libdir=/usr/lib --enable-nls --enable-bootstrap --enable-clocale=gnu --enable-libstdcxx-debug --enable-libstdcxx-time=yes --with-default-libstdcxx-abi=new --enable-gnu-unique-object --disable-vtable-verify --enable-plugin --enable-default-pie --with-system-zlib --enable-libphobos-checking=release --with-target-system-zlib=auto --enable-objc-gc=auto --enable-multiarch --disable-werror --enable-cet --with-arch-32=i686 --with-abi=m64 --with-multilib-list=m32,m64,mx32 --enable-multilib --with-tune=generic --enable-offload-targets=nvptx-none=/build/gcc-11-XeT9lY/gcc-11-11.4.0/debian/tmp-nvptx/usr,amdgcn-amdhsa=/build/gcc-11-XeT9lY/gcc-11-11.4.0/debian/tmp-gcn/usr --without-cuda-driver --enable-checking=release --build=x86_64-linux-gnu --host=x86_64-linux-gnu --target=x86_64-linux-gnu --with-build-config=bootstrap-lto-lean --enable-link-serialization=2
Thread model: posix
Supported LTO compression algorithms: zlib zstd
gcc version 11.4.0 (Ubuntu 11.4.0-1ubuntu1~22.04) 
... rest of stderr output deleted ...
configure:4554: $? = 0
configure:4543: /usr/bin/gcc -V >&5
gcc: error: unrecognized command-line option '-V'
gcc: fatal error: no input files
compilation terminated.
configure:4554: $? = 1
configure:4543: /usr/bin/gcc -qversion >&5
gcc: error: unrecognized command-line option '-qversion'; did you mean '--version'?
gcc: fatal error: no input files
compilation terminated.
configure:4554: $? = 1
configure:4543: /usr/bin/gcc -version >&5
gcc: error: unrecognized command-line option '-version'
gcc: fatal error: no input files
compilation terminated.
configure:4554: $? = 1
configure:4574: checking whether the C compiler works
configure:4596: /usr/bin/gcc -O2 -I/home/ajender/QemuV1/Docker/buildroot-2023.02.4/output/host/include -I/home/ajender/QemuV1/Docker/buildroot-2023.02.4/output/host/include -L/home/ajender/QemuV1/Docker/buildroot-2023.02.4/output/host/lib -Wl,-rpath,/home/ajender/QemuV1/Docker/buildroot-2023.02.4/output/host/lib conftest.c  >&5
configure:4600: $? = 0
configure:4650: result: yes
configure:4653: checking for C compiler default output file name
configure:4655: result: a.out
configure:4661: checking for suffix of executables
configure:4668: /usr/bin/gcc -o conftest -O2 -I/home/ajender/QemuV1/Docker/buildroot-2023.02.4/output/host/include -I/home/ajender/QemuV1/Docker/buildroot-2023.02.4/output/host/include -L/home/ajender/QemuV1/Docker/buildroot-2023.02.4/output/host/lib -Wl,-rpath,/home/ajender/QemuV1/Docker/buildroot-2023.02.4/output/host/lib conftest.c  >&5
configure:4672: $? = 0
configure:4695: result: 
configure:4717: checking whether we are cross compiling
configure:4725: /usr/bin/gcc -o conftest -O2 -I/home/ajender/QemuV1/Docker/buildroot-2023.02.4/output/host/include -I/home/ajender/QemuV1/Docker/buildroot-2023.02.4/output/host/include -L/home/ajender/QemuV1/Docker/buildroot-2023.02.4/output/host/lib -Wl,-rpath,/home/ajender/QemuV1/Docker/buildroot-2023.02.4/output/host/lib conftest.c  >&5
configure:4729: $? = 0
configure:4736: ./conftest
configure:4740: $? = 0
configure:4755: result: no
configure:4760: checking for suffix of object files
configure:4783: /usr/bin/gcc -c -O2 -I/home/ajender/QemuV1/Docker/buildroot-2023.02.4/output/host/include -I/home/ajender/QemuV1/Docker/buildroot-2023.02.4/output/host/include conftest.c >&5
configure:4787: $? = 0
configure:4809: result: o
configure:4813: checking whether the compiler supports GNU C
configure:4833: /usr/bin/gcc -c -O2 -I/home/ajender/QemuV1/Docker/buildroot-2023.02.4/output/host/include -I/home/ajender/QemuV1/Docker/buildroot-2023.02.4/output/host/include conftest.c >&5
configure:4833: $? = 0
configure:4843: result: yes
configure:4854: checking whether /usr/bin/gcc accepts -g
configure:4875: /usr/bin/gcc -c -g -I/home/ajender/QemuV1/Docker/buildroot-2023.02.4/output/host/include conftest.c >&5
configure:4875: $? = 0
configure:4919: result: yes
configure:4939: checking for /usr/bin/gcc option to enable C11 features
configure:4954: /usr/bin/gcc  -c -O2 -I/home/ajender/QemuV1/Docker/buildroot-2023.02.4/output/host/include -I/home/ajender/QemuV1/Docker/buildroot-2023.02.4/output/host/include conftest.c >&5
configure:4954: $? = 0
configure:4972: result: none needed
configure:5088: checking whether /usr/bin/gcc understands -c and -o together
configure:5111: /usr/bin/gcc -c conftest.c -o conftest2.o
configure:5114: $? = 0
configure:5111: /usr/bin/gcc -c conftest.c -o conftest2.o
configure:5114: $? = 0
configure:5126: result: yes
configure:5146: checking whether make supports the include directive
configure:5161: make -f confmf.GNU && cat confinc.out
make[1]: Entering directory '/home/ajender/QemuV1/Docker/buildroot-2023.02.4/output/build/host-libffi-3.4.4/x86_64-pc-linux-gnu'
make[1]: Leaving directory '/home/ajender/QemuV1/Docker/buildroot-2023.02.4/output/build/host-libffi-3.4.4/x86_64-pc-linux-gnu'
this is the am__doit target
configure:5164: $? = 0
configure:5183: result: yes (GNU style)
configure:5209: checking dependency style of /usr/bin/gcc
configure:5321: result: none
configure:5464: checking for C++ compiler version
configure:5473: /usr/bin/g++ --version >&5
g++ (Ubuntu 11.4.0-1ubuntu1~22.04) 11.4.0
Copyright (C) 2021 Free Software Foundation, Inc.
This is free software; see the source for copying conditions.  There is NO
warranty; not even for MERCHANTABILITY or FITNESS FOR A PARTICULAR PURPOSE.

configure:5484: $? = 0
configure:5473: /usr/bin/g++ -v >&5
Using built-in specs.
COLLECT_GCC=/usr/bin/g++
COLLECT_LTO_WRAPPER=/usr/lib/gcc/x86_64-linux-gnu/11/lto-wrapper
OFFLOAD_TARGET_NAMES=nvptx-none:amdgcn-amdhsa
OFFLOAD_TARGET_DEFAULT=1
Target: x86_64-linux-gnu
Configured with: ../src/configure -v --with-pkgversion='Ubuntu 11.4.0-1ubuntu1~22.04' --with-bugurl=file:///usr/share/doc/gcc-11/README.Bugs --enable-languages=c,ada,c++,go,brig,d,fortran,objc,obj-c++,m2 --prefix=/usr --with-gcc-major-version-only --program-suffix=-11 --program-prefix=x86_64-linux-gnu- --enable-shared --enable-linker-build-id --libexecdir=/usr/lib --without-included-gettext --enable-threads=posix --libdir=/usr/lib --enable-nls --enable-bootstrap --enable-clocale=gnu --enable-libstdcxx-debug --enable-libstdcxx-time=yes --with-default-libstdcxx-abi=new --enable-gnu-unique-object --disable-vtable-verify --enable-plugin --enable-default-pie --with-system-zlib --enable-libphobos-checking=release --with-target-system-zlib=auto --enable-objc-gc=auto --enable-multiarch --disable-werror --enable-cet --with-arch-32=i686 --with-abi=m64 --with-multilib-list=m32,m64,mx32 --enable-multilib --with-tune=generic --enable-offload-targets=nvptx-none=/build/gcc-11-XeT9lY/gcc-11-11.4.0/debian/tmp-nvptx/usr,amdgcn-amdhsa=/build/gcc-11-XeT9lY/gcc-11-11.4.0/debian/tmp-gcn/usr --without-cuda-driver --enable-checking=release --build=x86_64-linux-gnu --host=x86_64-linux-gnu --target=x86_64-linux-gnu --with-build-config=bootstrap-lto-lean --enable-link-serialization=2
Thread model: posix
Supported LTO compression algorithms: zlib zstd
gcc version 11.4.0 (Ubuntu 11.4.0-1ubuntu1~22.04) 
... rest of stderr output deleted ...
configure:5484: $? = 0
configure:5473: /usr/bin/g++ -V >&5
g++: error: unrecognized command-line option '-V'
g++: fatal error: no input files
compilation terminated.
configure:5484: $? = 1
configure:5473: /usr/bin/g++ -qversion >&5
g++: error: unrecognized command-line option '-qversion'; did you mean '--version'?
g++: fatal error: no input files
compilation terminated.
configure:5484: $? = 1
configure:5488: checking whether the compiler supports GNU C++
configure:5508: /usr/bin/g++ -c -O2 -I/home/ajender/QemuV1/Docker/buildroot-2023.02.4/output/host/include -I/home/ajender/QemuV1/Docker/buildroot-2023.02.4/output/host/include conftest.cpp >&5
configure:5508: $? = 0
configure:5518: result: yes
configure:5529: checking whether /usr/bin/g++ accepts -g
configure:5550: /usr/bin/g++ -c -g -I/home/ajender/QemuV1/Docker/buildroot-2023.02.4/output/host/include conftest.cpp >&5
configure:5550: $? = 0
configure:5594: result: yes
configure:5614: checking for /usr/bin/g++ option to enable C++11 features
configure:5629: /usr/bin/g++  -c -O2 -I/home/ajender/QemuV1/Docker/buildroot-2023.02.4/output/host/include -I/home/ajender/QemuV1/Docker/buildroot-2023.02.4/output/host/include conftest.cpp >&5
conftest.cpp: In function 'int main(int, char**)':
conftest.cpp:177:25: warning: empty parentheses were disambiguated as a function declaration [-Wvexing-parse]
  177 |   cxx11test::delegate d2();
      |                         ^~
conftest.cpp:177:25: note: remove parentheses to default-initialize a variable
  177 |   cxx11test::delegate d2();
      |                         ^~
      |                         --
conftest.cpp:177:25: note: or replace parentheses with braces to value-initialize a variable
configure:5629: $? = 0
configure:5647: result: none needed
configure:5713: checking dependency style of /usr/bin/g++
configure:5825: result: none
configure:5855: checking dependency style of /usr/bin/gcc
configure:5965: result: none
configure:5981: checking for grep that handles long lines and -e
configure:6045: result: /usr/bin/grep
configure:6050: checking for egrep
configure:6118: result: /usr/bin/grep -E
configure:6170: checking how to print strings
configure:6197: result: printf
configure:6218: checking for a sed that does not truncate output
configure:6288: result: /usr/bin/sed
configure:6306: checking for fgrep
configure:6374: result: /usr/bin/grep -F
configure:6410: checking for ld used by /usr/bin/gcc
configure:6478: result: /usr/bin/ld
configure:6485: checking if the linker (/usr/bin/ld) is GNU ld
configure:6501: result: yes
configure:6513: checking for BSD- or MS-compatible name lister (nm)
configure:6568: result: /usr/bin/nm
configure:6708: checking the name lister (/usr/bin/nm) interface
configure:6716: /usr/bin/gcc -c -O2 -I/home/ajender/QemuV1/Docker/buildroot-2023.02.4/output/host/include -I/home/ajender/QemuV1/Docker/buildroot-2023.02.4/output/host/include conftest.c >&5
configure:6719: /usr/bin/nm "conftest.o"
configure:6722: output
0000000000000000 B some_variable
configure:6729: result: BSD nm
configure:6732: checking whether ln -s works
configure:6736: result: yes
configure:6744: checking the maximum length of command line arguments
configure:6876: result: 1572864
configure:6924: checking how to convert x86_64-pc-linux-gnu file names to x86_64-pc-linux-gnu format
configure:6965: result: func_convert_file_noop
configure:6972: checking how to convert x86_64-pc-linux-gnu file names to toolchain format
configure:6993: result: func_convert_file_noop
configure:7000: checking for /usr/bin/ld option to reload object files
configure:7008: result: -r
configure:7087: checking for objdump
configure:7108: found /usr/bin/objdump
configure:7119: result: objdump
configure:7151: checking how to recognize dependent libraries
configure:7352: result: pass_all
configure:7442: checking for dlltool
configure:7477: result: no
configure:7507: checking how to associate runtime and link libraries
configure:7535: result: printf %s\n
configure:7670: checking for archiver @FILE support
configure:7688: /usr/bin/gcc -c -O2 -I/home/ajender/QemuV1/Docker/buildroot-2023.02.4/output/host/include -I/home/ajender/QemuV1/Docker/buildroot-2023.02.4/output/host/include conftest.c >&5
configure:7688: $? = 0
configure:7692: /usr/bin/ar cru libconftest.a @conftest.lst >&5
/usr/bin/ar: `u' modifier ignored since `D' is the default (see `U')
configure:7695: $? = 0
configure:7700: /usr/bin/ar cru libconftest.a @conftest.lst >&5
/usr/bin/ar: `u' modifier ignored since `D' is the default (see `U')
/usr/bin/ar: conftest.o: No such file or directory
configure:7703: $? = 1
configure:7715: result: @
configure:7778: checking for strip
configure:7799: found /usr/bin/strip
configure:7810: result: strip
configure:7887: checking for ranlib
configure:7919: result: /usr/bin/ranlib
configure:8021: checking command to parse /usr/bin/nm output from /usr/bin/gcc object
configure:8175: /usr/bin/gcc -c -O2 -I/home/ajender/QemuV1/Docker/buildroot-2023.02.4/output/host/include -I/home/ajender/QemuV1/Docker/buildroot-2023.02.4/output/host/include conftest.c >&5
configure:8178: $? = 0
configure:8182: /usr/bin/nm conftest.o \| sed -n -e 's/^.*[ ]\([ABCDGIRSTW][ABCDGIRSTW]*\)[ ][ ]*\([_A-Za-z][_A-Za-z0-9]*\)$/\1 \2 \2/p' | sed '/ __gnu_lto/d' \> conftest.nm
configure:8185: $? = 0
configure:8251: /usr/bin/gcc -o conftest -O2 -I/home/ajender/QemuV1/Docker/buildroot-2023.02.4/output/host/include -I/home/ajender/QemuV1/Docker/buildroot-2023.02.4/output/host/include -L/home/ajender/QemuV1/Docker/buildroot-2023.02.4/output/host/lib -Wl,-rpath,/home/ajender/QemuV1/Docker/buildroot-2023.02.4/output/host/lib conftest.c conftstm.o >&5
configure:8254: $? = 0
configure:8292: result: ok
configure:8339: checking for sysroot
configure:8370: result: no
configure:8377: checking for a working dd
configure:8421: result: /usr/bin/dd
configure:8425: checking how to truncate binary pipes
configure:8441: result: /usr/bin/dd bs=4096 count=1
configure:8578: /usr/bin/gcc -c -O2 -I/home/ajender/QemuV1/Docker/buildroot-2023.02.4/output/host/include -I/home/ajender/QemuV1/Docker/buildroot-2023.02.4/output/host/include conftest.c >&5
configure:8581: $? = 0
configure:8778: checking for mt
configure:8799: found /usr/bin/mt
configure:8810: result: mt
configure:8833: checking if mt is a manifest tool
configure:8840: mt '-?'
configure:8848: result: no
configure:9578: checking for stdio.h
configure:9578: /usr/bin/gcc -c -O2 -I/home/ajender/QemuV1/Docker/buildroot-2023.02.4/output/host/include -I/home/ajender/QemuV1/Docker/buildroot-2023.02.4/output/host/include conftest.c >&5
configure:9578: $? = 0
configure:9578: result: yes
configure:9578: checking for stdlib.h
configure:9578: /usr/bin/gcc -c -O2 -I/home/ajender/QemuV1/Docker/buildroot-2023.02.4/output/host/include -I/home/ajender/QemuV1/Docker/buildroot-2023.02.4/output/host/include conftest.c >&5
configure:9578: $? = 0
configure:9578: result: yes
configure:9578: checking for string.h
configure:9578: /usr/bin/gcc -c -O2 -I/home/ajender/QemuV1/Docker/buildroot-2023.02.4/output/host/include -I/home/ajender/QemuV1/Docker/buildroot-2023.02.4/output/host/include conftest.c >&5
configure:9578: $? = 0
configure:9578: result: yes
configure:9578: checking for inttypes.h
configure:9578: /usr/bin/gcc -c -O2 -I/home/ajender/QemuV1/Docker/buildroot-2023.02.4/output/host/include -I/home/ajender/QemuV1/Docker/buildroot-2023.02.4/output/host/include conftest.c >&5
configure:9578: $? = 0
configure:9578: result: yes
configure:9578: checking for stdint.h
configure:9578: /usr/bin/gcc -c -O2 -I/home/ajender/QemuV1/Docker/buildroot-2023.02.4/output/host/include -I/home/ajender/QemuV1/Docker/buildroot-2023.02.4/output/host/include conftest.c >&5
configure:9578: $? = 0
configure:9578: result: yes
configure:9578: checking for strings.h
configure:9578: /usr/bin/gcc -c -O2 -I/home/ajender/QemuV1/Docker/buildroot-2023.02.4/output/host/include -I/home/ajender/QemuV1/Docker/buildroot-2023.02.4/output/host/include conftest.c >&5
configure:9578: $? = 0
configure:9578: result: yes
configure:9578: checking for sys/stat.h
configure:9578: /usr/bin/gcc -c -O2 -I/home/ajender/QemuV1/Docker/buildroot-2023.02.4/output/host/include -I/home/ajender/QemuV1/Docker/buildroot-2023.02.4/output/host/include conftest.c >&5
configure:9578: $? = 0
configure:9578: result: yes
configure:9578: checking for sys/types.h
configure:9578: /usr/bin/gcc -c -O2 -I/home/ajender/QemuV1/Docker/buildroot-2023.02.4/output/host/include -I/home/ajender/QemuV1/Docker/buildroot-2023.02.4/output/host/include conftest.c >&5
configure:9578: $? = 0
configure:9578: result: yes
configure:9578: checking for unistd.h
configure:9578: /usr/bin/gcc -c -O2 -I/home/ajender/QemuV1/Docker/buildroot-2023.02.4/output/host/include -I/home/ajender/QemuV1/Docker/buildroot-2023.02.4/output/host/include conftest.c >&5
configure:9578: $? = 0
configure:9578: result: yes
configure:9603: checking for dlfcn.h
configure:9603: /usr/bin/gcc -c -O2 -I/home/ajender/QemuV1/Docker/buildroot-2023.02.4/output/host/include -I/home/ajender/QemuV1/Docker/buildroot-2023.02.4/output/host/include conftest.c >&5
configure:9603: $? = 0
configure:9603: result: yes
configure:9873: checking for objdir
configure:9889: result: .libs
configure:10153: checking if /usr/bin/gcc supports -fno-rtti -fno-exceptions
configure:10172: /usr/bin/gcc -c -O2 -I/home/ajender/QemuV1/Docker/buildroot-2023.02.4/output/host/include -I/home/ajender/QemuV1/Docker/buildroot-2023.02.4/output/host/include -fno-rtti -fno-exceptions conftest.c >&5
cc1: warning: command-line option '-fno-rtti' is valid for C++/D/ObjC++ but not for C
configure:10176: $? = 0
configure:10189: result: no
configure:10547: checking for /usr/bin/gcc option to produce PIC
configure:10555: result: -fPIC -DPIC
configure:10563: checking if /usr/bin/gcc PIC flag -fPIC -DPIC works
configure:10582: /usr/bin/gcc -c -O2 -I/home/ajender/QemuV1/Docker/buildroot-2023.02.4/output/host/include -I/home/ajender/QemuV1/Docker/buildroot-2023.02.4/output/host/include -fPIC -DPIC -DPIC conftest.c >&5
configure:10586: $? = 0
configure:10599: result: yes
configure:10628: checking if /usr/bin/gcc static flag -static works
configure:10657: result: yes
configure:10672: checking if /usr/bin/gcc supports -c -o file.o
configure:10694: /usr/bin/gcc -c -O2 -I/home/ajender/QemuV1/Docker/buildroot-2023.02.4/output/host/include -I/home/ajender/QemuV1/Docker/buildroot-2023.02.4/output/host/include -o out/conftest2.o conftest.c >&5
configure:10698: $? = 0
configure:10720: result: yes
configure:10728: checking if /usr/bin/gcc supports -c -o file.o
configure:10776: result: yes
configure:10809: checking whether the /usr/bin/gcc linker (/usr/bin/ld -m elf_x86_64) supports shared libraries
configure:12075: result: yes
configure:12112: checking whether -lc should be explicitly linked in
configure:12121: /usr/bin/gcc -c -O2 -I/home/ajender/QemuV1/Docker/buildroot-2023.02.4/output/host/include -I/home/ajender/QemuV1/Docker/buildroot-2023.02.4/output/host/include conftest.c >&5
configure:12124: $? = 0
configure:12139: /usr/bin/gcc -shared  -fPIC -DPIC conftest.o  -v -Wl,-soname -Wl,conftest -o conftest 2\>\&1 \| /usr/bin/grep  -lc  \>/dev/null 2\>\&1
configure:12142: $? = 0
configure:12156: result: no
configure:12316: checking dynamic linker characteristics
configure:12898: /usr/bin/gcc -o conftest -O2 -I/home/ajender/QemuV1/Docker/buildroot-2023.02.4/output/host/include -I/home/ajender/QemuV1/Docker/buildroot-2023.02.4/output/host/include -L/home/ajender/QemuV1/Docker/buildroot-2023.02.4/output/host/lib -Wl,-rpath,/home/ajender/QemuV1/Docker/buildroot-2023.02.4/output/host/lib -Wl,-rpath -Wl,/foo conftest.c  >&5
configure:12898: $? = 0
configure:13137: result: GNU/Linux ld.so
configure:13259: checking how to hardcode library paths into programs
configure:13284: result: immediate
configure:13836: checking whether stripping libraries is possible
configure:13841: result: yes
configure:13876: checking if libtool supports shared libraries
configure:13878: result: yes
configure:13881: checking whether to build shared libraries
configure:13906: result: yes
configure:13909: checking whether to build static libraries
configure:13913: result: no
configure:13936: checking how to run the C++ preprocessor
configure:13958: /usr/bin/g++ -E -I/home/ajender/QemuV1/Docker/buildroot-2023.02.4/output/host/include conftest.cpp
configure:13958: $? = 0
configure:13973: /usr/bin/g++ -E -I/home/ajender/QemuV1/Docker/buildroot-2023.02.4/output/host/include conftest.cpp
conftest.cpp:23:10: fatal error: ac_nonexistent.h: No such file or directory
   23 | #include <ac_nonexistent.h>
      |          ^~~~~~~~~~~~~~~~~~
compilation terminated.
configure:13973: $? = 1
configure: failed program was:
| /* confdefs.h */
| #define PACKAGE_NAME "libffi"
| #define PACKAGE_TARNAME "libffi"
| #define PACKAGE_VERSION "3.4.4"
| #define PACKAGE_STRING "libffi 3.4.4"
| #define PACKAGE_BUGREPORT "http://github.com/libffi/libffi/issues"
| #define PACKAGE_URL ""
| #define PACKAGE "libffi"
| #define VERSION "3.4.4"
| #define HAVE_STDIO_H 1
| #define HAVE_STDLIB_H 1
| #define HAVE_STRING_H 1
| #define HAVE_INTTYPES_H 1
| #define HAVE_STDINT_H 1
| #define HAVE_STRINGS_H 1
| #define HAVE_SYS_STAT_H 1
| #define HAVE_SYS_TYPES_H 1
| #define HAVE_UNISTD_H 1
| #define STDC_HEADERS 1
| #define HAVE_DLFCN_H 1
| #define LT_OBJDIR ".libs/"
| /* end confdefs.h.  */
| #include <ac_nonexistent.h>
configure:14000: result: /usr/bin/g++ -E
configure:14014: /usr/bin/g++ -E -I/home/ajender/QemuV1/Docker/buildroot-2023.02.4/output/host/include conftest.cpp
configure:14014: $? = 0
configure:14029: /usr/bin/g++ -E -I/home/ajender/QemuV1/Docker/buildroot-2023.02.4/output/host/include conftest.cpp
conftest.cpp:23:10: fatal error: ac_nonexistent.h: No such file or directory
   23 | #include <ac_nonexistent.h>
      |          ^~~~~~~~~~~~~~~~~~
compilation terminated.
configure:14029: $? = 1
configure: failed program was:
| /* confdefs.h */
| #define PACKAGE_NAME "libffi"
| #define PACKAGE_TARNAME "libffi"
| #define PACKAGE_VERSION "3.4.4"
| #define PACKAGE_STRING "libffi 3.4.4"
| #define PACKAGE_BUGREPORT "http://github.com/libffi/libffi/issues"
| #define PACKAGE_URL ""
| #define PACKAGE "libffi"
| #define VERSION "3.4.4"
| #define HAVE_STDIO_H 1
| #define HAVE_STDLIB_H 1
| #define HAVE_STRING_H 1
| #define HAVE_INTTYPES_H 1
| #define HAVE_STDINT_H 1
| #define HAVE_STRINGS_H 1
| #define HAVE_SYS_STAT_H 1
| #define HAVE_SYS_TYPES_H 1
| #define HAVE_UNISTD_H 1
| #define STDC_HEADERS 1
| #define HAVE_DLFCN_H 1
| #define LT_OBJDIR ".libs/"
| /* end confdefs.h.  */
| #include <ac_nonexistent.h>
configure:14194: checking for ld used by /usr/bin/g++
configure:14262: result: /usr/bin/ld -m elf_x86_64
configure:14269: checking if the linker (/usr/bin/ld -m elf_x86_64) is GNU ld
configure:14285: result: yes
configure:14340: checking whether the /usr/bin/g++ linker (/usr/bin/ld -m elf_x86_64) supports shared libraries
configure:15417: result: yes
configure:15453: /usr/bin/g++ -c -O2 -I/home/ajender/QemuV1/Docker/buildroot-2023.02.4/output/host/include -I/home/ajender/QemuV1/Docker/buildroot-2023.02.4/output/host/include conftest.cpp >&5
configure:15456: $? = 0
configure:15937: checking for /usr/bin/g++ option to produce PIC
configure:15945: result: -fPIC -DPIC
configure:15953: checking if /usr/bin/g++ PIC flag -fPIC -DPIC works
configure:15972: /usr/bin/g++ -c -O2 -I/home/ajender/QemuV1/Docker/buildroot-2023.02.4/output/host/include -I/home/ajender/QemuV1/Docker/buildroot-2023.02.4/output/host/include -fPIC -DPIC -DPIC conftest.cpp >&5
configure:15976: $? = 0
configure:15989: result: yes
configure:16012: checking if /usr/bin/g++ static flag -static works
configure:16041: result: yes
configure:16053: checking if /usr/bin/g++ supports -c -o file.o
configure:16075: /usr/bin/g++ -c -O2 -I/home/ajender/QemuV1/Docker/buildroot-2023.02.4/output/host/include -I/home/ajender/QemuV1/Docker/buildroot-2023.02.4/output/host/include -o out/conftest2.o conftest.cpp >&5
configure:16079: $? = 0
configure:16101: result: yes
configure:16106: checking if /usr/bin/g++ supports -c -o file.o
configure:16154: result: yes
configure:16184: checking whether the /usr/bin/g++ linker (/usr/bin/ld -m elf_x86_64) supports shared libraries
configure:16224: result: yes
configure:16366: checking dynamic linker characteristics
configure:17114: result: GNU/Linux ld.so
configure:17179: checking how to hardcode library paths into programs
configure:17204: result: immediate
configure:17315: checking for readelf
configure:17336: found /usr/bin/readelf
configure:17347: result: readelf
configure:17375: checking size of size_t
configure:17381: /usr/bin/gcc -o conftest -O2 -I/home/ajender/QemuV1/Docker/buildroot-2023.02.4/output/host/include -I/home/ajender/QemuV1/Docker/buildroot-2023.02.4/output/host/include -L/home/ajender/QemuV1/Docker/buildroot-2023.02.4/output/host/lib -Wl,-rpath,/home/ajender/QemuV1/Docker/buildroot-2023.02.4/output/host/lib conftest.c  >&5
configure:17381: $? = 0
configure:17381: ./conftest
configure:17381: $? = 0
configure:17396: result: 8
configure:17405: checking for C compiler vendor
configure:17464: /usr/bin/gcc -c -O2 -I/home/ajender/QemuV1/Docker/buildroot-2023.02.4/output/host/include -I/home/ajender/QemuV1/Docker/buildroot-2023.02.4/output/host/include conftest.c >&5
conftest.c: In function 'main':
conftest.c:30:7: error: 'thisisanerror' undeclared (first use in this function)
   30 |       thisisanerror;
      |       ^~~~~~~~~~~~~
conftest.c:30:7: note: each undeclared identifier is reported only once for each function it appears in
configure:17464: $? = 1
configure: failed program was:
| /* confdefs.h */
| #define PACKAGE_NAME "libffi"
| #define PACKAGE_TARNAME "libffi"
| #define PACKAGE_VERSION "3.4.4"
| #define PACKAGE_STRING "libffi 3.4.4"
| #define PACKAGE_BUGREPORT "http://github.com/libffi/libffi/issues"
| #define PACKAGE_URL ""
| #define PACKAGE "libffi"
| #define VERSION "3.4.4"
| #define HAVE_STDIO_H 1
| #define HAVE_STDLIB_H 1
| #define HAVE_STRING_H 1
| #define HAVE_INTTYPES_H 1
| #define HAVE_STDINT_H 1
| #define HAVE_STRINGS_H 1
| #define HAVE_SYS_STAT_H 1
| #define HAVE_SYS_TYPES_H 1
| #define HAVE_UNISTD_H 1
| #define STDC_HEADERS 1
| #define HAVE_DLFCN_H 1
| #define LT_OBJDIR ".libs/"
| #define SIZEOF_SIZE_T 8
| /* end confdefs.h.  */
| 
| int
| main (void)
| {
| 
| #if !(defined(__ICC) || defined(__ECC) || defined(__INTEL_COMPILER))
|       thisisanerror;
| #endif
| 
|   ;
|   return 0;
| }
configure:17464: /usr/bin/gcc -c -O2 -I/home/ajender/QemuV1/Docker/buildroot-2023.02.4/output/host/include -I/home/ajender/QemuV1/Docker/buildroot-2023.02.4/output/host/include conftest.c >&5
conftest.c: In function 'main':
conftest.c:30:7: error: 'thisisanerror' undeclared (first use in this function)
   30 |       thisisanerror;
      |       ^~~~~~~~~~~~~
conftest.c:30:7: note: each undeclared identifier is reported only once for each function it appears in
configure:17464: $? = 1
configure: failed program was:
| /* confdefs.h */
| #define PACKAGE_NAME "libffi"
| #define PACKAGE_TARNAME "libffi"
| #define PACKAGE_VERSION "3.4.4"
| #define PACKAGE_STRING "libffi 3.4.4"
| #define PACKAGE_BUGREPORT "http://github.com/libffi/libffi/issues"
| #define PACKAGE_URL ""
| #define PACKAGE "libffi"
| #define VERSION "3.4.4"
| #define HAVE_STDIO_H 1
| #define HAVE_STDLIB_H 1
| #define HAVE_STRING_H 1
| #define HAVE_INTTYPES_H 1
| #define HAVE_STDINT_H 1
| #define HAVE_STRINGS_H 1
| #define HAVE_SYS_STAT_H 1
| #define HAVE_SYS_TYPES_H 1
| #define HAVE_UNISTD_H 1
| #define STDC_HEADERS 1
| #define HAVE_DLFCN_H 1
| #define LT_OBJDIR ".libs/"
| #define SIZEOF_SIZE_T 8
| /* end confdefs.h.  */
| 
| int
| main (void)
| {
| 
| #if !(defined(__xlc__) || defined(__xlC__) || defined(__IBMC__) || defined(__IBMCPP__) || defined(__ibmxl__))
|       thisisanerror;
| #endif
| 
|   ;
|   return 0;
| }
configure:17464: /usr/bin/gcc -c -O2 -I/home/ajender/QemuV1/Docker/buildroot-2023.02.4/output/host/include -I/home/ajender/QemuV1/Docker/buildroot-2023.02.4/output/host/include conftest.c >&5
conftest.c: In function 'main':
conftest.c:30:7: error: 'thisisanerror' undeclared (first use in this function)
   30 |       thisisanerror;
      |       ^~~~~~~~~~~~~
conftest.c:30:7: note: each undeclared identifier is reported only once for each function it appears in
configure:17464: $? = 1
configure: failed program was:
| /* confdefs.h */
| #define PACKAGE_NAME "libffi"
| #define PACKAGE_TARNAME "libffi"
| #define PACKAGE_VERSION "3.4.4"
| #define PACKAGE_STRING "libffi 3.4.4"
| #define PACKAGE_BUGREPORT "http://github.com/libffi/libffi/issues"
| #define PACKAGE_URL ""
| #define PACKAGE "libffi"
| #define VERSION "3.4.4"
| #define HAVE_STDIO_H 1
| #define HAVE_STDLIB_H 1
| #define HAVE_STRING_H 1
| #define HAVE_INTTYPES_H 1
| #define HAVE_STDINT_H 1
| #define HAVE_STRINGS_H 1
| #define HAVE_SYS_STAT_H 1
| #define HAVE_SYS_TYPES_H 1
| #define HAVE_UNISTD_H 1
| #define STDC_HEADERS 1
| #define HAVE_DLFCN_H 1
| #define LT_OBJDIR ".libs/"
| #define SIZEOF_SIZE_T 8
| /* end confdefs.h.  */
| 
| int
| main (void)
| {
| 
| #if !(defined(__PATHCC__) || defined(__PATHSCALE__))
|       thisisanerror;
| #endif
| 
|   ;
|   return 0;
| }
configure:17464: /usr/bin/gcc -c -O2 -I/home/ajender/QemuV1/Docker/buildroot-2023.02.4/output/host/include -I/home/ajender/QemuV1/Docker/buildroot-2023.02.4/output/host/include conftest.c >&5
conftest.c: In function 'main':
conftest.c:30:7: error: 'thisisanerror' undeclared (first use in this function)
   30 |       thisisanerror;
      |       ^~~~~~~~~~~~~
conftest.c:30:7: note: each undeclared identifier is reported only once for each function it appears in
configure:17464: $? = 1
configure: failed program was:
| /* confdefs.h */
| #define PACKAGE_NAME "libffi"
| #define PACKAGE_TARNAME "libffi"
| #define PACKAGE_VERSION "3.4.4"
| #define PACKAGE_STRING "libffi 3.4.4"
| #define PACKAGE_BUGREPORT "http://github.com/libffi/libffi/issues"
| #define PACKAGE_URL ""
| #define PACKAGE "libffi"
| #define VERSION "3.4.4"
| #define HAVE_STDIO_H 1
| #define HAVE_STDLIB_H 1
| #define HAVE_STRING_H 1
| #define HAVE_INTTYPES_H 1
| #define HAVE_STDINT_H 1
| #define HAVE_STRINGS_H 1
| #define HAVE_SYS_STAT_H 1
| #define HAVE_SYS_TYPES_H 1
| #define HAVE_UNISTD_H 1
| #define STDC_HEADERS 1
| #define HAVE_DLFCN_H 1
| #define LT_OBJDIR ".libs/"
| #define SIZEOF_SIZE_T 8
| /* end confdefs.h.  */
| 
| int
| main (void)
| {
| 
| #if !(defined(__clang__))
|       thisisanerror;
| #endif
| 
|   ;
|   return 0;
| }
configure:17464: /usr/bin/gcc -c -O2 -I/home/ajender/QemuV1/Docker/buildroot-2023.02.4/output/host/include -I/home/ajender/QemuV1/Docker/buildroot-2023.02.4/output/host/include conftest.c >&5
conftest.c: In function 'main':
conftest.c:30:7: error: 'thisisanerror' undeclared (first use in this function)
   30 |       thisisanerror;
      |       ^~~~~~~~~~~~~
conftest.c:30:7: note: each undeclared identifier is reported only once for each function it appears in
configure:17464: $? = 1
configure: failed program was:
| /* confdefs.h */
| #define PACKAGE_NAME "libffi"
| #define PACKAGE_TARNAME "libffi"
| #define PACKAGE_VERSION "3.4.4"
| #define PACKAGE_STRING "libffi 3.4.4"
| #define PACKAGE_BUGREPORT "http://github.com/libffi/libffi/issues"
| #define PACKAGE_URL ""
| #define PACKAGE "libffi"
| #define VERSION "3.4.4"
| #define HAVE_STDIO_H 1
| #define HAVE_STDLIB_H 1
| #define HAVE_STRING_H 1
| #define HAVE_INTTYPES_H 1
| #define HAVE_STDINT_H 1
| #define HAVE_STRINGS_H 1
| #define HAVE_SYS_STAT_H 1
| #define HAVE_SYS_TYPES_H 1
| #define HAVE_UNISTD_H 1
| #define STDC_HEADERS 1
| #define HAVE_DLFCN_H 1
| #define LT_OBJDIR ".libs/"
| #define SIZEOF_SIZE_T 8
| /* end confdefs.h.  */
| 
| int
| main (void)
| {
| 
| #if !(defined(_CRAYC))
|       thisisanerror;
| #endif
| 
|   ;
|   return 0;
| }
configure:17464: /usr/bin/gcc -c -O2 -I/home/ajender/QemuV1/Docker/buildroot-2023.02.4/output/host/include -I/home/ajender/QemuV1/Docker/buildroot-2023.02.4/output/host/include conftest.c >&5
conftest.c: In function 'main':
conftest.c:30:7: error: 'thisisanerror' undeclared (first use in this function)
   30 |       thisisanerror;
      |       ^~~~~~~~~~~~~
conftest.c:30:7: note: each undeclared identifier is reported only once for each function it appears in
configure:17464: $? = 1
configure: failed program was:
| /* confdefs.h */
| #define PACKAGE_NAME "libffi"
| #define PACKAGE_TARNAME "libffi"
| #define PACKAGE_VERSION "3.4.4"
| #define PACKAGE_STRING "libffi 3.4.4"
| #define PACKAGE_BUGREPORT "http://github.com/libffi/libffi/issues"
| #define PACKAGE_URL ""
| #define PACKAGE "libffi"
| #define VERSION "3.4.4"
| #define HAVE_STDIO_H 1
| #define HAVE_STDLIB_H 1
| #define HAVE_STRING_H 1
| #define HAVE_INTTYPES_H 1
| #define HAVE_STDINT_H 1
| #define HAVE_STRINGS_H 1
| #define HAVE_SYS_STAT_H 1
| #define HAVE_SYS_TYPES_H 1
| #define HAVE_UNISTD_H 1
| #define STDC_HEADERS 1
| #define HAVE_DLFCN_H 1
| #define LT_OBJDIR ".libs/"
| #define SIZEOF_SIZE_T 8
| /* end confdefs.h.  */
| 
| int
| main (void)
| {
| 
| #if !(defined(__FUJITSU))
|       thisisanerror;
| #endif
| 
|   ;
|   return 0;
| }
configure:17464: /usr/bin/gcc -c -O2 -I/home/ajender/QemuV1/Docker/buildroot-2023.02.4/output/host/include -I/home/ajender/QemuV1/Docker/buildroot-2023.02.4/output/host/include conftest.c >&5
conftest.c: In function 'main':
conftest.c:30:7: error: 'thisisanerror' undeclared (first use in this function)
   30 |       thisisanerror;
      |       ^~~~~~~~~~~~~
conftest.c:30:7: note: each undeclared identifier is reported only once for each function it appears in
configure:17464: $? = 1
configure: failed program was:
| /* confdefs.h */
| #define PACKAGE_NAME "libffi"
| #define PACKAGE_TARNAME "libffi"
| #define PACKAGE_VERSION "3.4.4"
| #define PACKAGE_STRING "libffi 3.4.4"
| #define PACKAGE_BUGREPORT "http://github.com/libffi/libffi/issues"
| #define PACKAGE_URL ""
| #define PACKAGE "libffi"
| #define VERSION "3.4.4"
| #define HAVE_STDIO_H 1
| #define HAVE_STDLIB_H 1
| #define HAVE_STRING_H 1
| #define HAVE_INTTYPES_H 1
| #define HAVE_STDINT_H 1
| #define HAVE_STRINGS_H 1
| #define HAVE_SYS_STAT_H 1
| #define HAVE_SYS_TYPES_H 1
| #define HAVE_UNISTD_H 1
| #define STDC_HEADERS 1
| #define HAVE_DLFCN_H 1
| #define LT_OBJDIR ".libs/"
| #define SIZEOF_SIZE_T 8
| /* end confdefs.h.  */
| 
| int
| main (void)
| {
| 
| #if !(defined(SDCC) || defined(__SDCC))
|       thisisanerror;
| #endif
| 
|   ;
|   return 0;
| }
configure:17464: /usr/bin/gcc -c -O2 -I/home/ajender/QemuV1/Docker/buildroot-2023.02.4/output/host/include -I/home/ajender/QemuV1/Docker/buildroot-2023.02.4/output/host/include conftest.c >&5
conftest.c: In function 'main':
conftest.c:30:7: error: 'thisisanerror' undeclared (first use in this function)
   30 |       thisisanerror;
      |       ^~~~~~~~~~~~~
conftest.c:30:7: note: each undeclared identifier is reported only once for each function it appears in
configure:17464: $? = 1
configure: failed program was:
| /* confdefs.h */
| #define PACKAGE_NAME "libffi"
| #define PACKAGE_TARNAME "libffi"
| #define PACKAGE_VERSION "3.4.4"
| #define PACKAGE_STRING "libffi 3.4.4"
| #define PACKAGE_BUGREPORT "http://github.com/libffi/libffi/issues"
| #define PACKAGE_URL ""
| #define PACKAGE "libffi"
| #define VERSION "3.4.4"
| #define HAVE_STDIO_H 1
| #define HAVE_STDLIB_H 1
| #define HAVE_STRING_H 1
| #define HAVE_INTTYPES_H 1
| #define HAVE_STDINT_H 1
| #define HAVE_STRINGS_H 1
| #define HAVE_SYS_STAT_H 1
| #define HAVE_SYS_TYPES_H 1
| #define HAVE_UNISTD_H 1
| #define STDC_HEADERS 1
| #define HAVE_DLFCN_H 1
| #define LT_OBJDIR ".libs/"
| #define SIZEOF_SIZE_T 8
| /* end confdefs.h.  */
| 
| int
| main (void)
| {
| 
| #if !(defined(_SX))
|       thisisanerror;
| #endif
| 
|   ;
|   return 0;
| }
configure:17464: /usr/bin/gcc -c -O2 -I/home/ajender/QemuV1/Docker/buildroot-2023.02.4/output/host/include -I/home/ajender/QemuV1/Docker/buildroot-2023.02.4/output/host/include conftest.c >&5
conftest.c: In function 'main':
conftest.c:30:7: error: 'thisisanerror' undeclared (first use in this function)
   30 |       thisisanerror;
      |       ^~~~~~~~~~~~~
conftest.c:30:7: note: each undeclared identifier is reported only once for each function it appears in
configure:17464: $? = 1
configure: failed program was:
| /* confdefs.h */
| #define PACKAGE_NAME "libffi"
| #define PACKAGE_TARNAME "libffi"
| #define PACKAGE_VERSION "3.4.4"
| #define PACKAGE_STRING "libffi 3.4.4"
| #define PACKAGE_BUGREPORT "http://github.com/libffi/libffi/issues"
| #define PACKAGE_URL ""
| #define PACKAGE "libffi"
| #define VERSION "3.4.4"
| #define HAVE_STDIO_H 1
| #define HAVE_STDLIB_H 1
| #define HAVE_STRING_H 1
| #define HAVE_INTTYPES_H 1
| #define HAVE_STDINT_H 1
| #define HAVE_STRINGS_H 1
| #define HAVE_SYS_STAT_H 1
| #define HAVE_SYS_TYPES_H 1
| #define HAVE_UNISTD_H 1
| #define STDC_HEADERS 1
| #define HAVE_DLFCN_H 1
| #define LT_OBJDIR ".libs/"
| #define SIZEOF_SIZE_T 8
| /* end confdefs.h.  */
| 
| int
| main (void)
| {
| 
| #if !(defined(__NVCOMPILER))
|       thisisanerror;
| #endif
| 
|   ;
|   return 0;
| }
configure:17464: /usr/bin/gcc -c -O2 -I/home/ajender/QemuV1/Docker/buildroot-2023.02.4/output/host/include -I/home/ajender/QemuV1/Docker/buildroot-2023.02.4/output/host/include conftest.c >&5
conftest.c: In function 'main':
conftest.c:30:7: error: 'thisisanerror' undeclared (first use in this function)
   30 |       thisisanerror;
      |       ^~~~~~~~~~~~~
conftest.c:30:7: note: each undeclared identifier is reported only once for each function it appears in
configure:17464: $? = 1
configure: failed program was:
| /* confdefs.h */
| #define PACKAGE_NAME "libffi"
| #define PACKAGE_TARNAME "libffi"
| #define PACKAGE_VERSION "3.4.4"
| #define PACKAGE_STRING "libffi 3.4.4"
| #define PACKAGE_BUGREPORT "http://github.com/libffi/libffi/issues"
| #define PACKAGE_URL ""
| #define PACKAGE "libffi"
| #define VERSION "3.4.4"
| #define HAVE_STDIO_H 1
| #define HAVE_STDLIB_H 1
| #define HAVE_STRING_H 1
| #define HAVE_INTTYPES_H 1
| #define HAVE_STDINT_H 1
| #define HAVE_STRINGS_H 1
| #define HAVE_SYS_STAT_H 1
| #define HAVE_SYS_TYPES_H 1
| #define HAVE_UNISTD_H 1
| #define STDC_HEADERS 1
| #define HAVE_DLFCN_H 1
| #define LT_OBJDIR ".libs/"
| #define SIZEOF_SIZE_T 8
| /* end confdefs.h.  */
| 
| int
| main (void)
| {
| 
| #if !(defined(__PGI))
|       thisisanerror;
| #endif
| 
|   ;
|   return 0;
| }
configure:17464: /usr/bin/gcc -c -O2 -I/home/ajender/QemuV1/Docker/buildroot-2023.02.4/output/host/include -I/home/ajender/QemuV1/Docker/buildroot-2023.02.4/output/host/include conftest.c >&5
configure:17464: $? = 0
configure:17474: result: gnu
configure:18365: checking CFLAGS for most reasonable warnings
configure:18452: : CFLAGS="$CFLAGS"
configure:18455: $? = 0
configure:18478: result: -Wall
configure:18501: checking whether to enable maintainer-specific portions of Makefiles
configure:18511: result: no
configure:18525: checking for sys/memfd.h
configure:18525: /usr/bin/gcc -c -Wall -O2 -I/home/ajender/QemuV1/Docker/buildroot-2023.02.4/output/host/include -fexceptions -I/home/ajender/QemuV1/Docker/buildroot-2023.02.4/output/host/include conftest.c >&5
conftest.c:52:10: fatal error: sys/memfd.h: No such file or directory
   52 | #include <sys/memfd.h>
      |          ^~~~~~~~~~~~~
compilation terminated.
configure:18525: $? = 1
configure: failed program was:
| /* confdefs.h */
| #define PACKAGE_NAME "libffi"
| #define PACKAGE_TARNAME "libffi"
| #define PACKAGE_VERSION "3.4.4"
| #define PACKAGE_STRING "libffi 3.4.4"
| #define PACKAGE_BUGREPORT "http://github.com/libffi/libffi/issues"
| #define PACKAGE_URL ""
| #define PACKAGE "libffi"
| #define VERSION "3.4.4"
| #define HAVE_STDIO_H 1
| #define HAVE_STDLIB_H 1
| #define HAVE_STRING_H 1
| #define HAVE_INTTYPES_H 1
| #define HAVE_STDINT_H 1
| #define HAVE_STRINGS_H 1
| #define HAVE_SYS_STAT_H 1
| #define HAVE_SYS_TYPES_H 1
| #define HAVE_UNISTD_H 1
| #define STDC_HEADERS 1
| #define HAVE_DLFCN_H 1
| #define LT_OBJDIR ".libs/"
| #define SIZEOF_SIZE_T 8
| /* end confdefs.h.  */
| #include <stddef.h>
| #ifdef HAVE_STDIO_H
| # include <stdio.h>
| #endif
| #ifdef HAVE_STDLIB_H
| # include <stdlib.h>
| #endif
| #ifdef HAVE_STRING_H
| # include <string.h>
| #endif
| #ifdef HAVE_INTTYPES_H
| # include <inttypes.h>
| #endif
| #ifdef HAVE_STDINT_H
| # include <stdint.h>
| #endif
| #ifdef HAVE_STRINGS_H
| # include <strings.h>
| #endif
| #ifdef HAVE_SYS_TYPES_H
| # include <sys/types.h>
| #endif
| #ifdef HAVE_SYS_STAT_H
| # include <sys/stat.h>
| #endif
| #ifdef HAVE_UNISTD_H
| # include <unistd.h>
| #endif
| #include <sys/memfd.h>
configure:18525: result: no
configure:18532: checking for memfd_create
configure:18532: /usr/bin/gcc -o conftest -Wall -O2 -I/home/ajender/QemuV1/Docker/buildroot-2023.02.4/output/host/include -fexceptions -I/home/ajender/QemuV1/Docker/buildroot-2023.02.4/output/host/include -L/home/ajender/QemuV1/Docker/buildroot-2023.02.4/output/host/lib -Wl,-rpath,/home/ajender/QemuV1/Docker/buildroot-2023.02.4/output/host/lib conftest.c  >&5
configure:18532: $? = 0
configure:18532: result: yes
configure:18540: checking for sys/mman.h
configure:18540: /usr/bin/gcc -c -Wall -O2 -I/home/ajender/QemuV1/Docker/buildroot-2023.02.4/output/host/include -fexceptions -I/home/ajender/QemuV1/Docker/buildroot-2023.02.4/output/host/include conftest.c >&5
configure:18540: $? = 0
configure:18540: result: yes
configure:18547: checking for mmap
configure:18547: /usr/bin/gcc -o conftest -Wall -O2 -I/home/ajender/QemuV1/Docker/buildroot-2023.02.4/output/host/include -fexceptions -I/home/ajender/QemuV1/Docker/buildroot-2023.02.4/output/host/include -L/home/ajender/QemuV1/Docker/buildroot-2023.02.4/output/host/lib -Wl,-rpath,/home/ajender/QemuV1/Docker/buildroot-2023.02.4/output/host/lib conftest.c  >&5
configure:18547: $? = 0
configure:18547: result: yes
configure:18553: checking for mkostemp
configure:18553: /usr/bin/gcc -o conftest -Wall -O2 -I/home/ajender/QemuV1/Docker/buildroot-2023.02.4/output/host/include -fexceptions -I/home/ajender/QemuV1/Docker/buildroot-2023.02.4/output/host/include -L/home/ajender/QemuV1/Docker/buildroot-2023.02.4/output/host/lib -Wl,-rpath,/home/ajender/QemuV1/Docker/buildroot-2023.02.4/output/host/lib conftest.c  >&5
configure:18553: $? = 0
configure:18553: result: yes
configure:18559: checking for mkstemp
configure:18559: /usr/bin/gcc -o conftest -Wall -O2 -I/home/ajender/QemuV1/Docker/buildroot-2023.02.4/output/host/include -fexceptions -I/home/ajender/QemuV1/Docker/buildroot-2023.02.4/output/host/include -L/home/ajender/QemuV1/Docker/buildroot-2023.02.4/output/host/lib -Wl,-rpath,/home/ajender/QemuV1/Docker/buildroot-2023.02.4/output/host/lib conftest.c  >&5
configure:18559: $? = 0
configure:18559: result: yes
configure:18567: checking for sys/mman.h
configure:18567: result: yes
configure:18575: checking for mmap
configure:18575: result: yes
configure:18589: checking whether read-only mmap of a plain file works
configure:18607: result: yes
configure:18609: checking whether mmap from /dev/zero works
configure:18632: result: yes
configure:18636: checking for MAP_ANON(YMOUS)
configure:18660: /usr/bin/gcc -c -Wall -O2 -I/home/ajender/QemuV1/Docker/buildroot-2023.02.4/output/host/include -fexceptions -I/home/ajender/QemuV1/Docker/buildroot-2023.02.4/output/host/include conftest.c >&5
conftest.c: In function 'main':
conftest.c:40:5: warning: unused variable 'n' [-Wunused-variable]
   40 | int n = MAP_ANONYMOUS;
      |     ^
configure:18660: $? = 0
configure:18668: result: yes
configure:18674: checking whether mmap with MAP_ANON(YMOUS) works
configure:18692: result: yes
configure:18738: checking for egrep
configure:18806: result: /usr/bin/grep -E
configure:18812: checking for memcpy
configure:18812: /usr/bin/gcc -o conftest -Wall -O2 -I/home/ajender/QemuV1/Docker/buildroot-2023.02.4/output/host/include -fexceptions -I/home/ajender/QemuV1/Docker/buildroot-2023.02.4/output/host/include -L/home/ajender/QemuV1/Docker/buildroot-2023.02.4/output/host/lib -Wl,-rpath,/home/ajender/QemuV1/Docker/buildroot-2023.02.4/output/host/lib conftest.c  >&5
conftest.c:48:6: warning: conflicting types for built-in function 'memcpy'; expected 'void *(void *, const void *, long unsigned int)' [-Wbuiltin-declaration-mismatch]
   48 | char memcpy ();
      |      ^~~~~~
conftest.c:40:1: note: 'memcpy' is declared in header '<string.h>'
   39 | #include <limits.h>
   40 | #undef memcpy
configure:18812: $? = 0
configure:18812: result: yes
configure:18819: checking for size_t
configure:18819: /usr/bin/gcc -c -Wall -O2 -I/home/ajender/QemuV1/Docker/buildroot-2023.02.4/output/host/include -fexceptions -I/home/ajender/QemuV1/Docker/buildroot-2023.02.4/output/host/include conftest.c >&5
configure:18819: $? = 0
configure:18819: /usr/bin/gcc -c -Wall -O2 -I/home/ajender/QemuV1/Docker/buildroot-2023.02.4/output/host/include -fexceptions -I/home/ajender/QemuV1/Docker/buildroot-2023.02.4/output/host/include conftest.c >&5
conftest.c: In function 'main':
conftest.c:64:21: error: expected expression before ')' token
   64 | if (sizeof ((size_t)))
      |                     ^
configure:18819: $? = 1
configure: failed program was:
| /* confdefs.h */
| #define PACKAGE_NAME "libffi"
| #define PACKAGE_TARNAME "libffi"
| #define PACKAGE_VERSION "3.4.4"
| #define PACKAGE_STRING "libffi 3.4.4"
| #define PACKAGE_BUGREPORT "http://github.com/libffi/libffi/issues"
| #define PACKAGE_URL ""
| #define PACKAGE "libffi"
| #define VERSION "3.4.4"
| #define HAVE_STDIO_H 1
| #define HAVE_STDLIB_H 1
| #define HAVE_STRING_H 1
| #define HAVE_INTTYPES_H 1
| #define HAVE_STDINT_H 1
| #define HAVE_STRINGS_H 1
| #define HAVE_SYS_STAT_H 1
| #define HAVE_SYS_TYPES_H 1
| #define HAVE_UNISTD_H 1
| #define STDC_HEADERS 1
| #define HAVE_DLFCN_H 1
| #define LT_OBJDIR ".libs/"
| #define SIZEOF_SIZE_T 8
| #define HAVE_MEMFD_CREATE 1
| #define HAVE_SYS_MMAN_H 1
| #define HAVE_MMAP 1
| #define HAVE_MKOSTEMP 1
| #define HAVE_MKSTEMP 1
| #define HAVE_MMAP_FILE 1
| #define HAVE_MMAP_DEV_ZERO 1
| #define HAVE_MMAP_ANON 1
| #define HAVE_MEMCPY 1
| /* end confdefs.h.  */
| #include <stddef.h>
| #ifdef HAVE_STDIO_H
| # include <stdio.h>
| #endif
| #ifdef HAVE_STDLIB_H
| # include <stdlib.h>
| #endif
| #ifdef HAVE_STRING_H
| # include <string.h>
| #endif
| #ifdef HAVE_INTTYPES_H
| # include <inttypes.h>
| #endif
| #ifdef HAVE_STDINT_H
| # include <stdint.h>
| #endif
| #ifdef HAVE_STRINGS_H
| # include <strings.h>
| #endif
| #ifdef HAVE_SYS_TYPES_H
| # include <sys/types.h>
| #endif
| #ifdef HAVE_SYS_STAT_H
| # include <sys/stat.h>
| #endif
| #ifdef HAVE_UNISTD_H
| # include <unistd.h>
| #endif
| int
| main (void)
| {
| if (sizeof ((size_t)))
| 	    return 0;
|   ;
|   return 0;
| }
configure:18819: result: yes
configure:18831: checking for working alloca.h
configure:18849: /usr/bin/gcc -o conftest -Wall -O2 -I/home/ajender/QemuV1/Docker/buildroot-2023.02.4/output/host/include -fexceptions -I/home/ajender/QemuV1/Docker/buildroot-2023.02.4/output/host/include -L/home/ajender/QemuV1/Docker/buildroot-2023.02.4/output/host/lib -Wl,-rpath,/home/ajender/QemuV1/Docker/buildroot-2023.02.4/output/host/lib conftest.c  >&5
configure:18849: $? = 0
configure:18858: result: yes
configure:18866: checking for alloca
configure:18911: result: yes
configure:18983: checking size of double
configure:18989: /usr/bin/gcc -o conftest -Wall -O2 -I/home/ajender/QemuV1/Docker/buildroot-2023.02.4/output/host/include -fexceptions -I/home/ajender/QemuV1/Docker/buildroot-2023.02.4/output/host/include -L/home/ajender/QemuV1/Docker/buildroot-2023.02.4/output/host/lib -Wl,-rpath,/home/ajender/QemuV1/Docker/buildroot-2023.02.4/output/host/lib conftest.c  >&5
configure:18989: $? = 0
configure:18989: ./conftest
configure:18989: $? = 0
configure:19004: result: 8
configure:19016: checking size of long double
configure:19022: /usr/bin/gcc -o conftest -Wall -O2 -I/home/ajender/QemuV1/Docker/buildroot-2023.02.4/output/host/include -fexceptions -I/home/ajender/QemuV1/Docker/buildroot-2023.02.4/output/host/include -L/home/ajender/QemuV1/Docker/buildroot-2023.02.4/output/host/lib -Wl,-rpath,/home/ajender/QemuV1/Docker/buildroot-2023.02.4/output/host/lib conftest.c  >&5
configure:19022: $? = 0
configure:19022: ./conftest
configure:19022: $? = 0
configure:19037: result: 16
configure:19068: checking whether byte ordering is bigendian
configure:19084: /usr/bin/gcc -c -Wall -O2 -I/home/ajender/QemuV1/Docker/buildroot-2023.02.4/output/host/include -fexceptions -I/home/ajender/QemuV1/Docker/buildroot-2023.02.4/output/host/include conftest.c >&5
conftest.c:39:16: error: unknown type name 'not'
   39 |                not a universal capable compiler
      |                ^~~
conftest.c:39:22: error: expected '=', ',', ';', 'asm' or '__attribute__' before 'universal'
   39 |                not a universal capable compiler
      |                      ^~~~~~~~~
conftest.c:39:22: error: unknown type name 'universal'
configure:19084: $? = 1
configure: failed program was:
| /* confdefs.h */
| #define PACKAGE_NAME "libffi"
| #define PACKAGE_TARNAME "libffi"
| #define PACKAGE_VERSION "3.4.4"
| #define PACKAGE_STRING "libffi 3.4.4"
| #define PACKAGE_BUGREPORT "http://github.com/libffi/libffi/issues"
| #define PACKAGE_URL ""
| #define PACKAGE "libffi"
| #define VERSION "3.4.4"
| #define HAVE_STDIO_H 1
| #define HAVE_STDLIB_H 1
| #define HAVE_STRING_H 1
| #define HAVE_INTTYPES_H 1
| #define HAVE_STDINT_H 1
| #define HAVE_STRINGS_H 1
| #define HAVE_SYS_STAT_H 1
| #define HAVE_SYS_TYPES_H 1
| #define HAVE_UNISTD_H 1
| #define STDC_HEADERS 1
| #define HAVE_DLFCN_H 1
| #define LT_OBJDIR ".libs/"
| #define SIZEOF_SIZE_T 8
| #define HAVE_MEMFD_CREATE 1
| #define HAVE_SYS_MMAN_H 1
| #define HAVE_MMAP 1
| #define HAVE_MKOSTEMP 1
| #define HAVE_MKSTEMP 1
| #define HAVE_MMAP_FILE 1
| #define HAVE_MMAP_DEV_ZERO 1
| #define HAVE_MMAP_ANON 1
| #define HAVE_MEMCPY 1
| #define HAVE_ALLOCA_H 1
| #define HAVE_ALLOCA 1
| #define SIZEOF_DOUBLE 8
| #define SIZEOF_LONG_DOUBLE 16
| #define HAVE_LONG_DOUBLE 1
| /* end confdefs.h.  */
| #ifndef __APPLE_CC__
| 	       not a universal capable compiler
| 	     #endif
| 	     typedef int dummy;
| 
configure:19130: /usr/bin/gcc -c -Wall -O2 -I/home/ajender/QemuV1/Docker/buildroot-2023.02.4/output/host/include -fexceptions -I/home/ajender/QemuV1/Docker/buildroot-2023.02.4/output/host/include conftest.c >&5
configure:19130: $? = 0
configure:19149: /usr/bin/gcc -c -Wall -O2 -I/home/ajender/QemuV1/Docker/buildroot-2023.02.4/output/host/include -fexceptions -I/home/ajender/QemuV1/Docker/buildroot-2023.02.4/output/host/include conftest.c >&5
conftest.c: In function 'main':
conftest.c:45:18: error: unknown type name 'not'; did you mean 'ino_t'?
   45 |                  not big endian
      |                  ^~~
      |                  ino_t
conftest.c:45:26: error: expected '=', ',', ';', 'asm' or '__attribute__' before 'endian'
   45 |                  not big endian
      |                          ^~~~~~
configure:19149: $? = 1
configure: failed program was:
| /* confdefs.h */
| #define PACKAGE_NAME "libffi"
| #define PACKAGE_TARNAME "libffi"
| #define PACKAGE_VERSION "3.4.4"
| #define PACKAGE_STRING "libffi 3.4.4"
| #define PACKAGE_BUGREPORT "http://github.com/libffi/libffi/issues"
| #define PACKAGE_URL ""
| #define PACKAGE "libffi"
| #define VERSION "3.4.4"
| #define HAVE_STDIO_H 1
| #define HAVE_STDLIB_H 1
| #define HAVE_STRING_H 1
| #define HAVE_INTTYPES_H 1
| #define HAVE_STDINT_H 1
| #define HAVE_STRINGS_H 1
| #define HAVE_SYS_STAT_H 1
| #define HAVE_SYS_TYPES_H 1
| #define HAVE_UNISTD_H 1
| #define STDC_HEADERS 1
| #define HAVE_DLFCN_H 1
| #define LT_OBJDIR ".libs/"
| #define SIZEOF_SIZE_T 8
| #define HAVE_MEMFD_CREATE 1
| #define HAVE_SYS_MMAN_H 1
| #define HAVE_MMAP 1
| #define HAVE_MKOSTEMP 1
| #define HAVE_MKSTEMP 1
| #define HAVE_MMAP_FILE 1
| #define HAVE_MMAP_DEV_ZERO 1
| #define HAVE_MMAP_ANON 1
| #define HAVE_MEMCPY 1
| #define HAVE_ALLOCA_H 1
| #define HAVE_ALLOCA 1
| #define SIZEOF_DOUBLE 8
| #define SIZEOF_LONG_DOUBLE 16
| #define HAVE_LONG_DOUBLE 1
| /* end confdefs.h.  */
| #include <sys/types.h>
| 		#include <sys/param.h>
| 
| int
| main (void)
| {
| #if BYTE_ORDER != BIG_ENDIAN
| 		 not big endian
| 		#endif
| 
|   ;
|   return 0;
| }
configure:19283: result: no
configure:19302: checking assembler .cfi pseudo-op support
configure:19321: /usr/bin/gcc -c -Wall -O2 -I/home/ajender/QemuV1/Docker/buildroot-2023.02.4/output/host/include -fexceptions -I/home/ajender/QemuV1/Docker/buildroot-2023.02.4/output/host/include conftest.c >&5
configure:19321: $? = 0
configure:19330: result: yes
configure:19421: checking assembler supports pc related relocs
configure:19435: result: yes
configure:19471: checking whether compiler supports pointer authentication
configure:19500: /usr/bin/gcc -c -Wall -O2 -I/home/ajender/QemuV1/Docker/buildroot-2023.02.4/output/host/include -fexceptions -I/home/ajender/QemuV1/Docker/buildroot-2023.02.4/output/host/include conftest.c >&5
conftest.c: In function 'main':
conftest.c:52:3: error: #error Pointer authentication not supported
   52 | # error Pointer authentication not supported
      |   ^~~~~
configure:19500: $? = 1
configure: failed program was:
| /* confdefs.h */
| #define PACKAGE_NAME "libffi"
| #define PACKAGE_TARNAME "libffi"
| #define PACKAGE_VERSION "3.4.4"
| #define PACKAGE_STRING "libffi 3.4.4"
| #define PACKAGE_BUGREPORT "http://github.com/libffi/libffi/issues"
| #define PACKAGE_URL ""
| #define PACKAGE "libffi"
| #define VERSION "3.4.4"
| #define HAVE_STDIO_H 1
| #define HAVE_STDLIB_H 1
| #define HAVE_STRING_H 1
| #define HAVE_INTTYPES_H 1
| #define HAVE_STDINT_H 1
| #define HAVE_STRINGS_H 1
| #define HAVE_SYS_STAT_H 1
| #define HAVE_SYS_TYPES_H 1
| #define HAVE_UNISTD_H 1
| #define STDC_HEADERS 1
| #define HAVE_DLFCN_H 1
| #define LT_OBJDIR ".libs/"
| #define SIZEOF_SIZE_T 8
| #define HAVE_MEMFD_CREATE 1
| #define HAVE_SYS_MMAN_H 1
| #define HAVE_MMAP 1
| #define HAVE_MKOSTEMP 1
| #define HAVE_MKSTEMP 1
| #define HAVE_MMAP_FILE 1
| #define HAVE_MMAP_DEV_ZERO 1
| #define HAVE_MMAP_ANON 1
| #define HAVE_MEMCPY 1
| #define HAVE_ALLOCA_H 1
| #define HAVE_ALLOCA 1
| #define SIZEOF_DOUBLE 8
| #define SIZEOF_LONG_DOUBLE 16
| #define HAVE_LONG_DOUBLE 1
| #define HAVE_AS_CFI_PSEUDO_OP 1
| #define HAVE_AS_X86_PCREL 1
| /* end confdefs.h.  */
| 
| int
| main (void)
| {
| 
| #ifdef __clang__
| # if __has_feature(ptrauth_calls)
| #  define HAVE_PTRAUTH 1
| # endif
| #endif
| 
| #ifndef HAVE_PTRAUTH
| # error Pointer authentication not supported
| #endif
| 
|   ;
|   return 0;
| }
configure:19509: result: no
configure:19535: checking for _ prefix in compiled symbols
configure:19546: /usr/bin/gcc -c -Wall -O2 -I/home/ajender/QemuV1/Docker/buildroot-2023.02.4/output/host/include -fexceptions -I/home/ajender/QemuV1/Docker/buildroot-2023.02.4/output/host/include conftest.c >&5
conftest.c: In function 'main':
conftest.c:2:12: warning: statement with no effect [-Wunused-value]
    2 | int main(){nm_test_func;return 0;}
      |            ^~~~~~~~~~~~
configure:19549: $? = 0
configure:19553: /usr/bin/nm conftest.o \| sed -n -e 's/^.*[	 ]\([ABCDGIRSTW][ABCDGIRSTW]*\)[	 ][	 ]*\([_A-Za-z][_A-Za-z0-9]*\)$/\1 \2 \2/p' | sed '/ __gnu_lto/d' \> conftest.nm
configure:19556: $? = 0
configure:19578: result: no
configure:19642: checking toolchain supports unwind section type
configure:19672: result: yes
configure:19682: checking whether C compiler accepts -fno-lto
configure:19702: /usr/bin/gcc -c -Wall -O2 -I/home/ajender/QemuV1/Docker/buildroot-2023.02.4/output/host/include -fexceptions  -fno-lto -I/home/ajender/QemuV1/Docker/buildroot-2023.02.4/output/host/include conftest.c >&5
configure:19702: $? = 0
configure:19711: result: yes
configure:19721: checking whether .eh_frame section should be read-only
configure:19738: result: yes
configure:19753: checking for __attribute__((visibility("hidden")))
configure:19763: /usr/bin/gcc -Werror -S conftest.c -o conftest.s 1>&5
configure:19766: $? = 0
configure:19775: result: yes
configure:20112: checking for shared libgcc
configure:20127: /usr/bin/gcc -o conftest  -lgcc_s -I/home/ajender/QemuV1/Docker/buildroot-2023.02.4/output/host/include -L/home/ajender/QemuV1/Docker/buildroot-2023.02.4/output/host/lib -Wl,-rpath,/home/ajender/QemuV1/Docker/buildroot-2023.02.4/output/host/lib conftest.c  >&5
configure:20127: $? = 0
configure:20167: result: yes
configure:20253: versioning on shared library symbols is gnu
configure:20366: checking that generated files are newer than configure
configure:20372: result: done
configure:20440: creating ./config.status

## ---------------------- ##
## Running config.status. ##
## ---------------------- ##

This file was extended by libffi config.status 3.4.4, which was
generated by GNU Autoconf 2.71.  Invocation command line was

  CONFIG_FILES    = 
  CONFIG_HEADERS  = 
  CONFIG_LINKS    = 
  CONFIG_COMMANDS = 
  $ ./config.status 

on LIB-CO-HQKXZZ2

config.status:1227: creating include/Makefile
config.status:1227: creating include/ffi.h
config.status:1227: creating Makefile
config.status:1227: creating testsuite/Makefile
config.status:1227: creating man/Makefile
config.status:1227: creating doc/Makefile
config.status:1227: creating libffi.pc
config.status:1227: creating fficonfig.h
config.status:1441: executing buildir commands
config.status:1471: create top_srcdir/Makefile guessed from local Makefile
config.status:1586: build in x86_64-pc-linux-gnu (HOST=)
config.status:1441: executing depfiles commands
config.status:1441: executing libtool commands
config.status:1441: executing include commands
config.status:1441: executing src commands
configure:23010: WARNING: unrecognized options: --disable-gtk-doc, --disable-gtk-doc-html, --disable-doc, --disable-documentation, --with-xmlto, --with-fop, --disable-nls

## ---------------- ##
## Cache variables. ##
## ---------------- ##

ac_cv_build=x86_64-pc-linux-gnu
ac_cv_c_bigendian=no
ac_cv_c_compiler_gnu=yes
ac_cv_cflags_warn_all=-Wall
ac_cv_cxx_compiler_gnu=yes
ac_cv_decl_map_anon=yes
ac_cv_env_CCASFLAGS_set=
ac_cv_env_CCASFLAGS_value=
ac_cv_env_CCAS_set=
ac_cv_env_CCAS_value=
ac_cv_env_CPPFLAGS_set=set
ac_cv_env_CPPFLAGS_value=-I/home/ajender/QemuV1/Docker/buildroot-2023.02.4/output/host/include
ac_cv_env_CXXCPP_set=
ac_cv_env_CXXCPP_value=
ac_cv_env_LT_SYS_LIBRARY_PATH_set=
ac_cv_env_LT_SYS_LIBRARY_PATH_value=
ac_cv_env_build_alias_set=
ac_cv_env_build_alias_value=
ac_cv_env_host_alias_set=
ac_cv_env_host_alias_value=
ac_cv_env_target_alias_set=
ac_cv_env_target_alias_value=
ac_cv_func_alloca_works=yes
ac_cv_func_memcpy=yes
ac_cv_func_memfd_create=yes
ac_cv_func_mkostemp=yes
ac_cv_func_mkstemp=yes
ac_cv_func_mmap=yes
ac_cv_func_mmap_anon=yes
ac_cv_func_mmap_dev_zero=yes
ac_cv_func_mmap_file=yes
ac_cv_header_dlfcn_h=yes
ac_cv_header_inttypes_h=yes
ac_cv_header_stdint_h=yes
ac_cv_header_stdio_h=yes
ac_cv_header_stdlib_h=yes
ac_cv_header_string_h=yes
ac_cv_header_strings_h=yes
ac_cv_header_sys_memfd_h=no
ac_cv_header_sys_mman_h=yes
ac_cv_header_sys_stat_h=yes
ac_cv_header_sys_types_h=yes
ac_cv_header_unistd_h=yes
ac_cv_host=x86_64-pc-linux-gnu
ac_cv_objext=o
ac_cv_path_EGREP='/usr/bin/grep -E'
ac_cv_path_FGREP='/usr/bin/grep -F'
ac_cv_path_GREP=/usr/bin/grep
ac_cv_path_SED=/usr/bin/sed
ac_cv_path_ax_enable_builddir_sed=sed
ac_cv_path_install='/usr/bin/install -c'
ac_cv_path_lt_DD=/usr/bin/dd
ac_cv_path_mkdir=/usr/bin/mkdir
ac_cv_prog_AWK=gawk
ac_cv_prog_CXXCPP='/usr/bin/g++ -E'
ac_cv_prog_ac_ct_CC=/usr/bin/gcc
ac_cv_prog_ac_ct_MANIFEST_TOOL=mt
ac_cv_prog_ac_ct_OBJDUMP=objdump
ac_cv_prog_ac_ct_RANLIB=/usr/bin/ranlib
ac_cv_prog_ac_ct_READELF=readelf
ac_cv_prog_ac_ct_STRIP=strip
ac_cv_prog_cc_c11=
ac_cv_prog_cc_g=yes
ac_cv_prog_cc_stdc=
ac_cv_prog_cxx_11=no
ac_cv_prog_cxx_cxx11=
ac_cv_prog_cxx_g=yes
ac_cv_prog_cxx_stdcxx=
ac_cv_prog_make_make_set=yes
ac_cv_sizeof_double=8
ac_cv_sizeof_long_double=16
ac_cv_sizeof_size_t=8
ac_cv_target=x86_64-pc-linux-gnu
ac_cv_type_size_t=yes
ac_cv_working_alloca_h=yes
am_cv_CCAS_dependencies_compiler_type=none
am_cv_CC_dependencies_compiler_type=none
am_cv_CXX_dependencies_compiler_type=none
am_cv_make_support_nested_variables=yes
am_cv_prog_cc_c_o=yes
ax_cv_c_compiler_vendor=gnu
ax_cv_check_cflags___fno_lto=yes
gcc_cv_as_cfi_pseudo_op=yes
libffi_cv_as_ptrauth=no
libffi_cv_as_x86_64_unwind_section_type=yes
libffi_cv_as_x86_pcrel=yes
libffi_cv_hidden_visibility_attribute=yes
libffi_cv_no_lto=-fno-lto
libffi_cv_ro_eh_frame=yes
lt_cv_ar_at_file=@
lt_cv_archive_cmds_need_lc=no
lt_cv_deplibs_check_method=pass_all
lt_cv_file_magic_cmd='$MAGIC_CMD'
lt_cv_file_magic_test_file=
lt_cv_ld_reload_flag=-r
lt_cv_nm_interface='BSD nm'
lt_cv_objdir=.libs
lt_cv_path_LD=/usr/bin/ld
lt_cv_path_LDCXX='/usr/bin/ld -m elf_x86_64'
lt_cv_path_NM=/usr/bin/nm
lt_cv_path_mainfest_tool=no
lt_cv_prog_compiler_c_o=yes
lt_cv_prog_compiler_c_o_CXX=yes
lt_cv_prog_compiler_pic='-fPIC -DPIC'
lt_cv_prog_compiler_pic_CXX='-fPIC -DPIC'
lt_cv_prog_compiler_pic_works=yes
lt_cv_prog_compiler_pic_works_CXX=yes
lt_cv_prog_compiler_rtti_exceptions=no
lt_cv_prog_compiler_static_works=yes
lt_cv_prog_compiler_static_works_CXX=yes
lt_cv_prog_gnu_ld=yes
lt_cv_prog_gnu_ldcxx=yes
lt_cv_sharedlib_from_linklib_cmd='printf %s\n'
lt_cv_shlibpath_overrides_runpath=yes
lt_cv_sys_global_symbol_pipe='sed -n -e '\''s/^.*[	 ]\([ABCDGIRSTW][ABCDGIRSTW]*\)[	 ][	 ]*\([_A-Za-z][_A-Za-z0-9]*\)$/\1 \2 \2/p'\'' | sed '\''/ __gnu_lto/d'\'''
lt_cv_sys_global_symbol_to_c_name_address='sed -n -e '\''s/^: \(.*\) .*$/  {"\1", (void *) 0},/p'\'' -e '\''s/^[ABCDGIRSTW][ABCDGIRSTW]* .* \(.*\)$/  {"\1", (void *) \&\1},/p'\'''
lt_cv_sys_global_symbol_to_c_name_address_lib_prefix='sed -n -e '\''s/^: \(.*\) .*$/  {"\1", (void *) 0},/p'\'' -e '\''s/^[ABCDGIRSTW][ABCDGIRSTW]* .* \(lib.*\)$/  {"\1", (void *) \&\1},/p'\'' -e '\''s/^[ABCDGIRSTW][ABCDGIRSTW]* .* \(.*\)$/  {"lib\1", (void *) \&\1},/p'\'''
lt_cv_sys_global_symbol_to_cdecl='sed -n -e '\''s/^T .* \(.*\)$/extern int \1();/p'\'' -e '\''s/^[ABCDGIRSTW][ABCDGIRSTW]* .* \(.*\)$/extern char \1;/p'\'''
lt_cv_sys_global_symbol_to_import=
lt_cv_sys_max_cmd_len=1572864
lt_cv_sys_symbol_underscore=no
lt_cv_to_host_file_cmd=func_convert_file_noop
lt_cv_to_tool_file_cmd=func_convert_file_noop
lt_cv_truncate_bin='/usr/bin/dd bs=4096 count=1'

## ----------------- ##
## Output variables. ##
## ----------------- ##

ACLOCAL='${SHELL} '\''/home/ajender/QemuV1/Docker/buildroot-2023.02.4/output/build/host-libffi-3.4.4/missing'\'' aclocal-1.16'
ALLOCA=''
AMDEPBACKSLASH=''
AMDEP_FALSE=''
AMDEP_TRUE='#'
AMTAR='$${TAR-tar}'
AM_BACKSLASH='\'
AM_DEFAULT_V='$(AM_DEFAULT_VERBOSITY)'
AM_DEFAULT_VERBOSITY='1'
AM_LTLDFLAGS=''
AM_RUNTESTFLAGS=''
AM_V='$(V)'
AR='/usr/bin/ar'
AUTOCONF='${SHELL} '\''/home/ajender/QemuV1/Docker/buildroot-2023.02.4/output/build/host-libffi-3.4.4/missing'\'' autoconf'
AUTOHEADER='${SHELL} '\''/home/ajender/QemuV1/Docker/buildroot-2023.02.4/output/build/host-libffi-3.4.4/missing'\'' autoheader'
AUTOMAKE='${SHELL} '\''/home/ajender/QemuV1/Docker/buildroot-2023.02.4/output/build/host-libffi-3.4.4/missing'\'' automake-1.16'
AWK='gawk'
BUILD_DOCS_FALSE=''
BUILD_DOCS_TRUE='#'
CC='/usr/bin/gcc'
CCAS='/usr/bin/gcc'
CCASDEPMODE='depmode=none'
CCASFLAGS='-O2 -I/home/ajender/QemuV1/Docker/buildroot-2023.02.4/output/host/include'
CCDEPMODE='depmode=none'
CFLAGS='-Wall -O2 -I/home/ajender/QemuV1/Docker/buildroot-2023.02.4/output/host/include -fexceptions'
CPPFLAGS='-I/home/ajender/QemuV1/Docker/buildroot-2023.02.4/output/host/include'
CSCOPE='cscope'
CTAGS='ctags'
CXX='/usr/bin/g++'
CXXCPP='/usr/bin/g++ -E'
CXXDEPMODE='depmode=none'
CXXFLAGS='-O2 -I/home/ajender/QemuV1/Docker/buildroot-2023.02.4/output/host/include'
CYGPATH_W='echo'
DEFS='-DHAVE_CONFIG_H'
DEPDIR='.deps'
DLLTOOL='false'
DSYMUTIL=''
DUMPBIN=''
ECHO_C=''
ECHO_N='-n'
ECHO_T=''
EGREP='/usr/bin/grep -E'
ETAGS='etags'
EXEEXT=''
FFI_DEBUG_FALSE=''
FFI_DEBUG_TRUE='#'
FFI_EXEC_TRAMPOLINE_TABLE='0'
FFI_EXEC_TRAMPOLINE_TABLE_FALSE=''
FFI_EXEC_TRAMPOLINE_TABLE_TRUE='#'
FGREP='/usr/bin/grep -F'
GREP='/usr/bin/grep'
HAVE_LONG_DOUBLE='1'
HAVE_LONG_DOUBLE_VARIANT='0'
INSTALL_DATA='${INSTALL} -m 644'
INSTALL_PROGRAM='${INSTALL}'
INSTALL_SCRIPT='${INSTALL}'
INSTALL_STRIP_PROGRAM='$(install_sh) -c -s'
LD='/usr/bin/ld -m elf_x86_64'
LDFLAGS='-L/home/ajender/QemuV1/Docker/buildroot-2023.02.4/output/host/lib -Wl,-rpath,/home/ajender/QemuV1/Docker/buildroot-2023.02.4/output/host/lib'
LIBFFI_BUILD_VERSIONED_SHLIB_FALSE='#'
LIBFFI_BUILD_VERSIONED_SHLIB_GNU_FALSE='#'
LIBFFI_BUILD_VERSIONED_SHLIB_GNU_TRUE=''
LIBFFI_BUILD_VERSIONED_SHLIB_SUN_FALSE=''
LIBFFI_BUILD_VERSIONED_SHLIB_SUN_TRUE='#'
LIBFFI_BUILD_VERSIONED_SHLIB_TRUE=''
LIBOBJS=''
LIBS=''
LIBTOOL='$(SHELL) $(top_builddir)/libtool'
LIPO=''
LN_S='ln -s'
LTLIBOBJS=''
LT_SYS_LIBRARY_PATH=''
MAINT='#'
MAINTAINER_MODE_FALSE=''
MAINTAINER_MODE_TRUE='#'
MAKEINFO='${SHELL} '\''/home/ajender/QemuV1/Docker/buildroot-2023.02.4/output/build/host-libffi-3.4.4/missing'\'' makeinfo'
MANIFEST_TOOL=':'
MKDIR_P='/usr/bin/mkdir -p'
NM='/usr/bin/nm'
NMEDIT=''
OBJDUMP='objdump'
OBJEXT='o'
OPT_LDFLAGS='-Wl,-O1 '
OTOOL64=''
OTOOL=''
PACKAGE='libffi'
PACKAGE_BUGREPORT='http://github.com/libffi/libffi/issues'
PACKAGE_NAME='libffi'
PACKAGE_STRING='libffi 3.4.4'
PACKAGE_TARNAME='libffi'
PACKAGE_URL=''
PACKAGE_VERSION='3.4.4'
PATH_SEPARATOR=':'
PRTDIAG=''
RANLIB='/usr/bin/ranlib'
READELF='readelf'
SECTION_LDFLAGS=''
SED='/usr/bin/sed'
SET_MAKE=''
SHELL='/bin/bash'
STRIP='strip'
TARGET='X86_64'
TARGETDIR='x86'
TARGET_OBJ=' src/x86/ffi64.lo src/x86/unix64.lo src/x86/ffiw64.lo src/x86/win64.lo'
TESTSUBDIR_FALSE='#'
TESTSUBDIR_TRUE=''
VERSION='3.4.4'
ac_ct_AR=''
ac_ct_CC='/usr/bin/gcc'
ac_ct_CXX=''
ac_ct_DUMPBIN=''
am__EXEEXT_FALSE=''
am__EXEEXT_TRUE='#'
am__fastdepCCAS_FALSE=''
am__fastdepCCAS_TRUE='#'
am__fastdepCC_FALSE=''
am__fastdepCC_TRUE='#'
am__fastdepCXX_FALSE=''
am__fastdepCXX_TRUE='#'
am__include='include'
am__isrc=' -I$(srcdir)'
am__leading_dot='.'
am__nodep=''
am__quote=''
am__tar='$${TAR-tar} chof - "$$tardir"'
am__untar='$${TAR-tar} xf -'
ax_enable_builddir_sed='sed'
bindir='${exec_prefix}/bin'
build='x86_64-pc-linux-gnu'
build_alias=''
build_cpu='x86_64'
build_os='linux-gnu'
build_vendor='pc'
datadir='${datarootdir}'
datarootdir='${prefix}/share'
docdir='${datarootdir}/doc/${PACKAGE_TARNAME}'
dvidir='${docdir}'
exec_prefix='${prefix}'
host='x86_64-pc-linux-gnu'
host_alias=''
host_cpu='x86_64'
host_os='linux-gnu'
host_vendor='pc'
htmldir='${docdir}'
includedir='${prefix}/include'
infodir='${datarootdir}/info'
install_sh='${SHELL} /home/ajender/QemuV1/Docker/buildroot-2023.02.4/output/build/host-libffi-3.4.4/install-sh'
libdir='${exec_prefix}/lib'
libexecdir='${exec_prefix}/libexec'
localedir='${datarootdir}/locale'
localstatedir='/home/ajender/QemuV1/Docker/buildroot-2023.02.4/output/host/var'
mandir='${datarootdir}/man'
mkdir_p='$(MKDIR_P)'
oldincludedir='/usr/include'
pdfdir='${docdir}'
prefix='/home/ajender/QemuV1/Docker/buildroot-2023.02.4/output/host'
program_transform_name='s,x,x,'
psdir='${docdir}'
runstatedir='${localstatedir}/run'
sbindir='${exec_prefix}/sbin'
sharedstatedir='${prefix}/com'
sys_symbol_underscore='no'
sysconfdir='/home/ajender/QemuV1/Docker/buildroot-2023.02.4/output/host/etc'
target='x86_64-pc-linux-gnu'
target_alias=''
target_cpu='x86_64'
target_os='linux-gnu'
target_vendor='pc'
tmake_file=''
toolexecdir='${libdir}/gcc-lib/$(target_alias)'
toolexeclibdir='${libdir}/../lib'

## ----------- ##
## confdefs.h. ##
## ----------- ##

/* confdefs.h */
#define PACKAGE_NAME "libffi"
#define PACKAGE_TARNAME "libffi"
#define PACKAGE_VERSION "3.4.4"
#define PACKAGE_STRING "libffi 3.4.4"
#define PACKAGE_BUGREPORT "http://github.com/libffi/libffi/issues"
#define PACKAGE_URL ""
#define PACKAGE "libffi"
#define VERSION "3.4.4"
#define HAVE_STDIO_H 1
#define HAVE_STDLIB_H 1
#define HAVE_STRING_H 1
#define HAVE_INTTYPES_H 1
#define HAVE_STDINT_H 1
#define HAVE_STRINGS_H 1
#define HAVE_SYS_STAT_H 1
#define HAVE_SYS_TYPES_H 1
#define HAVE_UNISTD_H 1
#define STDC_HEADERS 1
#define HAVE_DLFCN_H 1
#define LT_OBJDIR ".libs/"
#define SIZEOF_SIZE_T 8
#define HAVE_MEMFD_CREATE 1
#define HAVE_SYS_MMAN_H 1
#define HAVE_MMAP 1
#define HAVE_MKOSTEMP 1
#define HAVE_MKSTEMP 1
#define HAVE_MMAP_FILE 1
#define HAVE_MMAP_DEV_ZERO 1
#define HAVE_MMAP_ANON 1
#define HAVE_MEMCPY 1
#define HAVE_ALLOCA_H 1
#define HAVE_ALLOCA 1
#define SIZEOF_DOUBLE 8
#define SIZEOF_LONG_DOUBLE 16
#define HAVE_LONG_DOUBLE 1
#define HAVE_AS_CFI_PSEUDO_OP 1
#define HAVE_AS_X86_PCREL 1
#define HAVE_AS_X86_64_UNWIND_SECTION_TYPE 1
#define HAVE_RO_EH_FRAME 1
#define EH_FRAME_FLAGS "a"
#define HAVE_HIDDEN_VISIBILITY_ATTRIBUTE 1
#define FFI_EXEC_STATIC_TRAMP 1
#define LIBFFI_GNU_SYMBOL_VERSIONING 1

configure: exit 0

## ---------------- ##
## Cache variables. ##
## ---------------- ##

ac_cv_build=x86_64-pc-linux-gnu
ac_cv_env_CCASFLAGS_set=
ac_cv_env_CCASFLAGS_value=
ac_cv_env_CCAS_set=
ac_cv_env_CCAS_value=
ac_cv_env_CPPFLAGS_set=set
ac_cv_env_CPPFLAGS_value=-I/home/ajender/QemuV1/Docker/buildroot-2023.02.4/output/host/include
ac_cv_env_CXXCPP_set=
ac_cv_env_CXXCPP_value=
ac_cv_env_LT_SYS_LIBRARY_PATH_set=
ac_cv_env_LT_SYS_LIBRARY_PATH_value=
ac_cv_env_build_alias_set=
ac_cv_env_build_alias_value=
ac_cv_env_host_alias_set=
ac_cv_env_host_alias_value=
ac_cv_env_target_alias_set=
ac_cv_env_target_alias_value=
ac_cv_host=x86_64-pc-linux-gnu
ac_cv_target=x86_64-pc-linux-gnu

## ----------------- ##
## Output variables. ##
## ----------------- ##

ACLOCAL=''
ALLOCA=''
AMDEPBACKSLASH=''
AMDEP_FALSE=''
AMDEP_TRUE=''
AMTAR=''
AM_BACKSLASH=''
AM_DEFAULT_V=''
AM_DEFAULT_VERBOSITY=''
AM_LTLDFLAGS=''
AM_RUNTESTFLAGS=''
AM_V=''
AR='/usr/bin/ar'
AUTOCONF=''
AUTOHEADER=''
AUTOMAKE=''
AWK=''
BUILD_DOCS_FALSE=''
BUILD_DOCS_TRUE=''
CC='/usr/bin/gcc'
CCAS=''
CCASDEPMODE=''
CCASFLAGS=''
CCDEPMODE=''
CFLAGS='-O2 -I/home/ajender/QemuV1/Docker/buildroot-2023.02.4/output/host/include'
CPPFLAGS='-I/home/ajender/QemuV1/Docker/buildroot-2023.02.4/output/host/include'
CSCOPE=''
CTAGS=''
CXX='/usr/bin/g++'
CXXCPP=''
CXXDEPMODE=''
CXXFLAGS='-O2 -I/home/ajender/QemuV1/Docker/buildroot-2023.02.4/output/host/include'
CYGPATH_W=''
DEFS=''
DEPDIR=''
DLLTOOL=''
DSYMUTIL=''
DUMPBIN=''
ECHO_C=''
ECHO_N='-n'
ECHO_T=''
EGREP=''
ETAGS=''
EXEEXT=''
FFI_DEBUG_FALSE=''
FFI_DEBUG_TRUE=''
FFI_EXEC_TRAMPOLINE_TABLE=''
FFI_EXEC_TRAMPOLINE_TABLE_FALSE=''
FFI_EXEC_TRAMPOLINE_TABLE_TRUE=''
FGREP=''
GREP=''
HAVE_LONG_DOUBLE=''
HAVE_LONG_DOUBLE_VARIANT=''
INSTALL_DATA=''
INSTALL_PROGRAM=''
INSTALL_SCRIPT=''
INSTALL_STRIP_PROGRAM=''
LD='/usr/bin/ld'
LDFLAGS='-L/home/ajender/QemuV1/Docker/buildroot-2023.02.4/output/host/lib -Wl,-rpath,/home/ajender/QemuV1/Docker/buildroot-2023.02.4/output/host/lib'
LIBFFI_BUILD_VERSIONED_SHLIB_FALSE=''
LIBFFI_BUILD_VERSIONED_SHLIB_GNU_FALSE=''
LIBFFI_BUILD_VERSIONED_SHLIB_GNU_TRUE=''
LIBFFI_BUILD_VERSIONED_SHLIB_SUN_FALSE=''
LIBFFI_BUILD_VERSIONED_SHLIB_SUN_TRUE=''
LIBFFI_BUILD_VERSIONED_SHLIB_TRUE=''
LIBOBJS=''
LIBS=''
LIBTOOL=''
LIPO=''
LN_S=''
LTLIBOBJS=''
LT_SYS_LIBRARY_PATH=''
MAINT=''
MAINTAINER_MODE_FALSE=''
MAINTAINER_MODE_TRUE=''
MAKEINFO=''
MANIFEST_TOOL=''
MKDIR_P=''
NM='/usr/bin/nm'
NMEDIT=''
OBJDUMP=''
OBJEXT=''
OPT_LDFLAGS=''
OTOOL64=''
OTOOL=''
PACKAGE=''
PACKAGE_BUGREPORT='http://github.com/libffi/libffi/issues'
PACKAGE_NAME='libffi'
PACKAGE_STRING='libffi 3.4.4'
PACKAGE_TARNAME='libffi'
PACKAGE_URL=''
PACKAGE_VERSION='3.4.4'
PATH_SEPARATOR=':'
PRTDIAG=''
RANLIB='/usr/bin/ranlib'
READELF=''
SECTION_LDFLAGS=''
SED=''
SET_MAKE=''
SHELL='/bin/bash'
STRIP=''
TARGET='x86_64-pc-linux-gnu'
TARGETDIR=''
TARGET_OBJ=''
TESTSUBDIR_FALSE=''
TESTSUBDIR_TRUE=''
VERSION=''
ac_ct_AR=''
ac_ct_CC=''
ac_ct_CXX=''
ac_ct_DUMPBIN=''
am__EXEEXT_FALSE=''
am__EXEEXT_TRUE=''
am__fastdepCCAS_FALSE=''
am__fastdepCCAS_TRUE=''
am__fastdepCC_FALSE=''
am__fastdepCC_TRUE=''
am__fastdepCXX_FALSE=''
am__fastdepCXX_TRUE=''
am__include=''
am__isrc=''
am__leading_dot=''
am__nodep=''
am__quote=''
am__tar=''
am__untar=''
ax_enable_builddir_sed=''
bindir='${exec_prefix}/bin'
build='x86_64-pc-linux-gnu'
build_alias=''
build_cpu='x86_64'
build_os='linux-gnu'
build_vendor='pc'
datadir='${datarootdir}'
datarootdir='${prefix}/share'
docdir='${datarootdir}/doc/${PACKAGE_TARNAME}'
dvidir='${docdir}'
exec_prefix='NONE'
host='x86_64-pc-linux-gnu'
host_alias=''
host_cpu='x86_64'
host_os='linux-gnu'
host_vendor='pc'
htmldir='${docdir}'
includedir='${prefix}/include'
infodir='${datarootdir}/info'
install_sh=''
libdir='${exec_prefix}/lib'
libexecdir='${exec_prefix}/libexec'
localedir='${datarootdir}/locale'
localstatedir='/home/ajender/QemuV1/Docker/buildroot-2023.02.4/output/host/var'
mandir='${datarootdir}/man'
mkdir_p=''
oldincludedir='/usr/include'
pdfdir='${docdir}'
prefix='/home/ajender/QemuV1/Docker/buildroot-2023.02.4/output/host'
program_transform_name='s,x,x,'
psdir='${docdir}'
runstatedir='${localstatedir}/run'
sbindir='${exec_prefix}/sbin'
sharedstatedir='${prefix}/com'
sys_symbol_underscore=''
sysconfdir='/home/ajender/QemuV1/Docker/buildroot-2023.02.4/output/host/etc'
target='x86_64-pc-linux-gnu'
target_alias=''
target_cpu='x86_64'
target_os='linux-gnu'
target_vendor='pc'
tmake_file=''
toolexecdir=''
toolexeclibdir=''

configure: exit 0
